2018-04-17 16:15:24  can0  18FF1610#55 TX
2018-04-17 16:15:24  can0  18FF2500#297300540100FCFF RX
2018-04-17 16:15:24  can0  18FF1610#55 TX
2018-04-17 16:15:24  can0  18FF2400#4D0E0000F0FFFFFF RX
2018-04-17 16:15:24  can0  18FF1610#55 TX
2018-04-17 16:15:25  can0  18FF2500#297300540100FCFF RX
2018-04-17 16:15:25  can0  18FF1610#55 TX
2018-04-17 16:15:25  can0  18FF2400#4D0E0000F0FFFFFF RX
2018-04-17 16:15:25  can0  18FF1610#55 TX
2018-04-17 16:15:26  can0  18FF2500#297300540100FCFF RX
2018-04-17 16:15:26  can0  18FF1610#55 TX
2018-04-17 16:15:26  can0  18FF2400#4D0E0000F0FFFFFF RX
2018-04-17 16:15:26  can0  18FF1610#55 TX
2018-04-17 16:15:27  can0  18FF2500#297300540100FCFF RX
2018-04-17 16:15:27  can0  18FF1610#55 TX
2018-04-17 16:15:27  can0  18FF2400#4D0E0000F0FFFFFF RX
2018-04-17 16:15:27  can0  18FF1610#55 TX
2018-04-17 16:15:28  can0  18FF2500#297300540100FCFF RX
2018-04-17 16:15:28  can0  18FF1610#55 TX
2018-04-17 16:15:28  can0  18FF2400#4D0E0000F0FFFFFF RX
2018-04-17 16:15:28  can0  18FF1610#55 TX
2018-04-17 16:15:29  can0  18FF2500#297300540100FCFF RX
2018-04-17 16:15:29  can0  18FF1610#55 TX
2018-04-17 16:15:29  can0  18FF2400#4D0E0000F0FFFFFF RX
2018-04-17 16:15:29  can0  18FF1610#55 TX
2018-04-17 16:15:30  can0  18FF2500#297300540100FCFF RX
2018-04-17 16:15:30  can0  18FF1610#55 TX
2018-04-17 16:15:30  can0  18FF2400#4D0E0000F0FFFFFF RX
2018-04-17 16:15:30  can0  18FF1610#55 TX
2018-04-17 16:15:31  can0  18FF2500#297300540100FCFF RX
2018-04-17 16:15:31  can0  18FF1610#55 TX
2018-04-17 16:15:31  can0  18FF2400#4D0E0000F0FFFFFF RX
2018-04-17 16:15:31  can0  18FF1610#55 TX
2018-04-17 16:15:32  can0  18FF2500#297300540100FCFF RX
2018-04-17 16:15:32  can0  18FF1610#55 TX
2018-04-17 16:15:32  can0  18FF2400#4D0E0000F0FFFFFF RX
2018-04-17 16:15:32  can0  18FF1610#55 TX
2018-04-17 16:15:33  can0  18FF2500#297300540100FCFF RX
2018-04-17 16:15:33  can0  18FF1610#55 TX
2018-04-17 16:15:33  can0  18FF2400#4D0E0000F0FFFFFF RX
2018-04-17 16:15:33  can0  18FF1610#55 TX
2018-04-17 16:15:34  can0  18FF2500#297300540100FCFF RX
2018-04-17 16:15:34  can0  18FF1610#55 TX
2018-04-17 16:15:34  can0  18FF2400#4D0E0000F0FFFFFF RX
2018-04-17 16:15:34  can0  18FF1610#55 TX
2018-04-17 16:15:35  can0  18FF2500#297300540100FCFF RX
2018-04-17 16:15:35  can0  18FF1610#55 TX
2018-04-17 16:15:35  can0  18FF2400#4D0E0000F0FFFFFF RX
2018-04-17 16:15:35  can0  18FF1610#55 TX
2018-04-17 16:15:36  can0  18FF2500#297300540100FCFF RX
2018-04-17 16:15:36  can0  18FF1610#55 TX
2018-04-17 16:15:36  can0  18FF2400#4D0E0000F0FFFFFF RX
2018-04-17 16:15:36  can0  18FF1610#55 TX
2018-04-17 16:15:37  can0  18FF1720#21FFFFFFFFFFFFFF RX
2018-04-17 16:15:37  can0  18FF1610#55 TX
2018-04-17 16:15:37  can0  18FF2420#4D0E0000F0FFFFFF RX
2018-04-17 16:15:37  can0  18FF1610#55 TX
2018-04-17 16:15:38  can0  18FF1720#21FFFFFFFFFFFFFF RX
2018-04-17 16:15:38  can0  18FF1610#55 TX
2018-04-17 16:15:38  can0  18FF2420#4D0E0000F0FFFFFF RX
2018-04-17 16:15:38  can0  18FF1610#55 TX
2018-04-17 16:15:39  can0  18FF1720#21FFFFFFFFFFFFFF RX
2018-04-17 16:15:39  can0  18FF1610#55 TX
2018-04-17 16:15:39  can0  18FF2420#4D0E0000F0FFFFFF RX
2018-04-17 16:15:39  can0  18FF1610#55 TX
2018-04-17 16:15:40  can0  18FF1720#21FFFFFFFFFFFFFF RX
2018-04-17 16:15:40  can0  18FF1610#55 TX
2018-04-17 16:15:40  can0  18FF2420#4D0E0000F0FFFFFF RX
2018-04-17 16:15:40  can0  18FF1610#55 TX
2018-04-17 16:15:40  can0  18FF2320#54029500AF0300FF RX
2018-04-17 16:15:40  can0  18FF1610#55 TX
2018-04-17 16:15:41  can0  18FF1720#21FFFFFFFFFFFFFF RX
2018-04-17 16:15:41  can0  18FF1610#55 TX
2018-04-17 16:15:41  can0  18FF2420#4D0E0000F0FFFFFF RX
2018-04-17 16:15:41  can0  18FF1610#55 TX
2018-04-17 16:15:42  can0  18FF1720#21FFFFFFFFFFFFFF RX
2018-04-17 16:15:42  can0  18FF1610#55 TX
2018-04-17 16:15:42  can0  18FF2420#4D0E0000F0FFFFFF RX
2018-04-17 16:15:42  can0  18FF1610#55 TX
2018-04-17 16:15:43  can0  18FF1720#21FFFFFFFFFFFFFF RX
2018-04-17 16:15:43  can0  18FF1610#55 TX
2018-04-17 16:15:43  can0  18FF2420#4D0E0000F0FFFFFF RX
2018-04-17 16:15:43  can0  18FF1610#55 TX
2018-04-17 16:15:44  can0  18FF1720#21FFFFFFFFFFFFFF RX
2018-04-17 16:15:44  can0  18FF1610#55 TX
2018-04-17 16:15:44  can0  18FF2420#4D0E0000F0FFFFFF RX
2018-04-17 16:15:44  can0  18FF1610#55 TX
2018-04-17 16:15:45  can0  18FF1720#21FFFFFFFFFFFFFF RX
2018-04-17 16:15:45  can0  18FF1610#55 TX
2018-04-17 16:15:45  can0  18FF2420#4D0E0000F0FFFFFF RX
2018-04-17 16:15:45  can0  18FF1610#55 TX
2018-04-17 16:15:46  can0  18FF1720#21FFFFFFFFFFFFFF RX
2018-04-17 16:15:46  can0  18FF1610#55 TX
2018-04-17 16:15:46  can0  18FF2420#4D0E0000F0FFFFFF RX
2018-04-17 16:15:46  can0  18FF1610#55 TX
2018-04-17 16:15:47  can0  18FF1720#21FFFFFFFFFFFFFF RX
2018-04-17 16:15:47  can0  18FF1610#55 TX
2018-04-17 16:15:47  can0  18FF2420#4D0E0000F0FFFFFF RX
2018-04-17 16:15:47  can0  18FF1610#55 TX
2018-04-17 16:15:48  can0  18FF1720#21FFFFFFFFFFFFFF RX
2018-04-17 16:15:48  can0  18FF1610#55 TX
2018-04-17 16:15:48  can0  18FF2420#4D0E0000F0FFFFFF RX
2018-04-17 16:15:48  can0  18FF1610#55 TX
2018-04-17 16:15:49  can0  18FF1720#21FFFFFFFFFFFFFF RX
2018-04-17 16:15:49  can0  18FF1610#55 TX
2018-04-17 16:15:49  can0  18FF2420#4D0E0000F0FFFFFF RX
2018-04-17 16:15:49  can0  18FF1610#55 TX
2018-04-17 16:15:50  can0  18FF1720#21FFFFFFFFFFFFFF RX
2018-04-17 16:15:50  can0  18FF1610#55 TX
2018-04-17 16:15:50  can0  18FF2420#4D0E0000F0FFFFFF RX
2018-04-17 16:15:50  can0  18FF1610#55 TX
2018-04-17 16:15:51  can0  18FF1720#21FFFFFFFFFFFFFF RX
2018-04-17 16:15:51  can0  18FF1610#55 TX
2018-04-17 16:15:51  can0  18FF2420#4D0E0000F0FFFFFF RX
2018-04-17 16:15:51  can0  18FF1610#55 TX
2018-04-17 16:15:52  can0  18FF1720#21FFFFFFFFFFFFFF RX
2018-04-17 16:15:52  can0  18FF1610#55 TX
2018-04-17 16:15:52  can0  18FF2420#4D0E0000F0FFFFFF RX
2018-04-17 16:15:52  can0  18FF1610#55 TX
2018-04-17 16:15:53  can0  18FF1720#21FFFFFFFFFFFFFF RX
2018-04-17 16:15:53  can0  18FF1610#55 TX
2018-04-17 16:15:53  can0  18FF2420#4D0E0000F0FFFFFF RX
2018-04-17 16:15:53  can0  18FF1610#55 TX
2018-04-17 16:15:54  can0  18FF1720#21FFFFFFFFFFFFFF RX
2018-04-17 16:15:54  can0  18FF1610#55 TX
2018-04-17 16:15:54  can0  18FF2420#4D0E0000F0FFFFFF RX
2018-04-17 16:15:54  can0  18FF1610#55 TX
2018-04-17 16:15:55  can0  18FF1720#21FFFFFFFFFFFFFF RX
2018-04-17 16:15:55  can0  18FF1610#55 TX
2018-04-17 16:15:55  can0  18FF2420#4D0E0000F0FFFFFF RX
2018-04-17 16:15:55  can0  18FF1610#55 TX
2018-04-17 16:15:56  can0  18FF1720#21FFFFFFFFFFFFFF RX
2018-04-17 16:15:56  can0  18FF1610#55 TX
2018-04-17 16:15:56  can0  18FF2420#4D0E0000F0FFFFFF RX
2018-04-17 16:15:56  can0  18FF1610#55 TX
2018-04-17 16:15:57  can0  18FF1720#21FFFFFFFFFFFFFF RX
2018-04-17 16:15:57  can0  18FF1610#55 TX
2018-04-17 16:15:57  can0  18FF2420#4D0E0000F0FFFFFF RX
2018-04-17 16:15:57  can0  18FF1610#55 TX
2018-04-17 16:15:58  can0  18FF1720#21FFFFFFFFFFFFFF RX
2018-04-17 16:15:58  can0  18FF1610#55 TX
2018-04-17 16:15:58  can0  18FF2420#4D0E0000F0FFFFFF RX
2018-04-17 16:15:58  can0  18FF1610#55 TX
2018-04-17 16:15:59  can0  18FF1720#21FFFFFFFFFFFFFF RX
2018-04-17 16:15:59  can0  18FF1610#55 TX
2018-04-17 16:15:59  can0  18FF2420#4D0E0000F0FFFFFF RX
2018-04-17 16:15:59  can0  18FF1610#55 TX
2018-04-17 16:16:00  can0  18FF1720#21FFFFFFFFFFFFFF RX
2018-04-17 16:16:00  can0  18FF1610#55 TX
2018-04-17 16:16:00  can0  18FF2420#4D0E0000F0FFFFFF RX
2018-04-17 16:16:00  can0  18FF1610#55 TX
2018-04-17 16:16:01  can0  18FF1720#21FFFFFFFFFFFFFF RX
2018-04-17 16:16:01  can0  18FF1610#55 TX
2018-04-17 16:16:01  can0  18FF2420#4D0E0000F0FFFFFF RX
2018-04-17 16:16:01  can0  18FF1610#55 TX
2018-04-17 16:16:02  can0  18FF1720#21FFFFFFFFFFFFFF RX
2018-04-17 16:16:02  can0  18FF1610#55 TX
2018-04-17 16:16:02  can0  18FF2420#4D0E0000F0FFFFFF RX
2018-04-17 16:16:02  can0  18FF1610#55 TX
2018-04-17 16:16:03  can0  18FF1720#21FFFFFFFFFFFFFF RX
2018-04-17 16:16:03  can0  18FF1610#55 TX
2018-04-17 16:16:03  can0  18FF2420#4D0E0000F0FFFFFF RX
2018-04-17 16:16:03  can0  18FF1610#55 TX
2018-04-17 16:16:04  can0  18FF1720#21FFFFFFFFFFFFFF RX
2018-04-17 16:16:04  can0  18FF1610#55 TX
2018-04-17 16:16:04  can0  18FF2420#4D0E0000F0FFFFFF RX
2018-04-17 16:16:04  can0  18FF1610#55 TX
2018-04-17 16:16:05  can0  18FF1720#21FFFFFFFFFFFFFF RX
2018-04-17 16:16:05  can0  18FF1610#55 TX
2018-04-17 16:16:05  can0  18FF2420#4D0E0000F0FFFFFF RX
2018-04-17 16:16:05  can0  18FF1610#55 TX
2018-04-17 16:16:06  can0  18FF1720#21FFFFFFFFFFFFFF RX
2018-04-17 16:16:06  can0  18FF1610#55 TX
2018-04-17 16:16:06  can0  18FF2420#4D0E0000F0FFFFFF RX
2018-04-17 16:16:06  can0  18FF1610#55 TX
2018-04-17 16:16:07  can0  18FF1720#21FFFFFFFFFFFFFF RX
2018-04-17 16:16:07  can0  18FF1610#55 TX
2018-04-17 16:16:07  can0  18FF2420#4D0E0000F0FFFFFF RX
2018-04-17 16:16:07  can0  18FF1610#55 TX
2018-04-17 16:16:08  can0  18FF1720#21FFFFFFFFFFFFFF RX
2018-04-17 16:16:08  can0  18FF1610#65 TX
2018-04-17 16:16:08  can0  18FF2420#4D0E0000F0FFFFFF RX
2018-04-17 16:16:08  can0  18FF1610#65 TX
2018-04-17 16:16:09  can0  18FF1720#21FFFFFFFFFFFFFF RX
2018-04-17 16:16:09  can0  18FF1610#65 TX
2018-04-17 16:16:09  can0  18FF2420#4D0E0000F0FFFFFF RX
2018-04-17 16:16:09  can0  18FF1610#65 TX
2018-04-17 16:16:10  can0  18FF1610#65 TX
No response from generator
Time Out Error: CAN line might be disconnected or generator can interface is down
Resetting CAN interface on server
2018-04-17 16:16:11  can0  18FF1720#27FFFFFFFFFFFFFF RX
2018-04-17 16:16:11  can0  18FF1610#65 TX
2018-04-17 16:16:11  can0  18FF2420#4D0E0000F0FFFFFF RX
2018-04-17 16:16:11  can0  18FF1610#65 TX
2018-04-17 16:16:12  can0  18FF1720#27FFFFFFFFFFFFFF RX
2018-04-17 16:16:12  can0  18FF1610#65 TX
2018-04-17 16:16:12  can0  18FF2420#4D0E0000F0FFFFFF RX
2018-04-17 16:16:12  can0  18FF1610#65 TX
2018-04-17 16:16:13  can0  18FF1720#27FFFFFFFFFFFFFF RX
2018-04-17 16:16:13  can0  18FF1610#65 TX
2018-04-17 16:16:13  can0  18FF2420#4D0E0000F0FFFFFF RX
2018-04-17 16:16:13  can0  18FF1610#65 TX
2018-04-17 16:16:14  can0  18FF1720#27FFFFFFFFFFFFFF RX
2018-04-17 16:16:14  can0  18FF1610#65 TX
2018-04-17 16:16:14  can0  18FF2420#4D0E0000F0FFFFFF RX
2018-04-17 16:16:14  can0  18FF1610#65 TX
2018-04-17 16:16:15  can0  18FF1720#27FFFFFFFFFFFFFF RX
2018-04-17 16:16:15  can0  18FF1610#65 TX
2018-04-17 16:16:15  can0  18FF2420#4D0E0000F0FFFFFF RX
2018-04-17 16:16:15  can0  18FF1610#65 TX
2018-04-17 16:16:16  can0  18FF1720#27FFFFFFFFFFFFFF RX
2018-04-17 16:16:16  can0  18FF1610#65 TX
2018-04-17 16:16:16  can0  18FF2420#4D0E0000F0FFFFFF RX
2018-04-17 16:16:16  can0  18FF1610#65 TX
2018-04-17 16:16:17  can0  18FF1720#27FFFFFFFFFFFFFF RX
2018-04-17 16:16:17  can0  18FF1610#65 TX
2018-04-17 16:16:17  can0  18FF2420#4D0E0000F0FFFFFF RX
2018-04-17 16:16:17  can0  18FF1610#65 TX
2018-04-17 16:16:18  can0  18FF1720#27FFFFFFFFFFFFFF RX
2018-04-17 16:16:18  can0  18FF1610#65 TX
2018-04-17 16:16:18  can0  18FF2420#4D0E0000F0FFFFFF RX
2018-04-17 16:16:18  can0  18FF1610#65 TX
2018-04-17 16:16:19  can0  18FF1720#27FFFFFFFFFFFFFF RX
2018-04-17 16:16:19  can0  18FF1610#65 TX
2018-04-17 16:16:19  can0  18FF2420#4D0E0000F0FFFFFF RX
2018-04-17 16:16:19  can0  18FF1610#65 TX
2018-04-17 16:16:20  can0  18FF1720#27FFFFFFFFFFFFFF RX
2018-04-17 16:16:20  can0  18FF1610#65 TX
2018-04-17 16:16:20  can0  18FF2420#4D0E0000F0FFFFFF RX
2018-04-17 16:16:20  can0  18FF1610#65 TX
2018-04-17 16:16:21  can0  18FF1720#27FFFFFFFFFFFFFF RX
2018-04-17 16:16:21  can0  18FF1610#65 TX
2018-04-17 16:16:21  can0  18FF2420#4D0E0000F0FFFFFF RX
2018-04-17 16:16:21  can0  18FF1610#65 TX
2018-04-17 16:16:22  can0  18FF1720#27FFFFFFFFFFFFFF RX
2018-04-17 16:16:22  can0  18FF1610#65 TX
2018-04-17 16:16:22  can0  18FF2420#4D0E0000F0FFFFFF RX
2018-04-17 16:16:22  can0  18FF1610#65 TX
2018-04-17 16:16:23  can0  18FF1720#27FFFFFFFFFFFFFF RX
2018-04-17 16:16:23  can0  18FF1610#65 TX
2018-04-17 16:16:23  can0  18FF2420#4D0E0000F0FFFFFF RX
2018-04-17 16:16:23  can0  18FF1610#65 TX
2018-04-17 16:16:24  can0  18FF1720#27FFFFFFFFFFFFFF RX
2018-04-17 16:16:24  can0  18FF1610#65 TX
2018-04-17 16:16:24  can0  18FF2420#4D0E0000F0FFFFFF RX
2018-04-17 16:16:24  can0  18FF1610#65 TX
2018-04-17 16:16:25  can0  18FF1720#27FFFFFFFFFFFFFF RX
2018-04-17 16:16:25  can0  18FF1610#65 TX
2018-04-17 16:16:25  can0  18FF2420#4D0E0000F0FFFFFF RX
2018-04-17 16:16:25  can0  18FF1610#65 TX
2018-04-17 16:16:26  can0  18FF1720#27FFFFFFFFFFFFFF RX
2018-04-17 16:16:26  can0  18FF1610#65 TX
2018-04-17 16:16:26  can0  18FF2420#4D0E0000F0FFFFFF RX
2018-04-17 16:16:26  can0  18FF1610#65 TX
2018-04-17 16:16:27  can0  18FF1720#27FFFFFFFFFFFFFF RX
2018-04-17 16:16:27  can0  18FF1610#65 TX
2018-04-17 16:16:27  can0  18FF2420#4D0E0000F0FFFFFF RX
2018-04-17 16:16:27  can0  18FF1610#65 TX
2018-04-17 16:16:28  can0  18FF1720#27FFFFFFFFFFFFFF RX
2018-04-17 16:16:28  can0  18FF1610#65 TX
2018-04-17 16:16:28  can0  18FF2420#4D0E0000F0FFFFFF RX
2018-04-17 16:16:28  can0  18FF1610#65 TX
2018-04-17 16:16:29  can0  18FF1720#27FFFFFFFFFFFFFF RX
2018-04-17 16:16:29  can0  18FF1610#65 TX
2018-04-17 16:16:29  can0  18FF2420#4D0E0000F0FFFFFF RX
2018-04-17 16:16:29  can0  18FF1610#65 TX
2018-04-17 16:16:30  can0  18FF1720#27FFFFFFFFFFFFFF RX
2018-04-17 16:16:30  can0  18FF1610#65 TX
2018-04-17 16:16:30  can0  18FF2420#4D0E0000F0FFFFFF RX
2018-04-17 16:16:30  can0  18FF1610#65 TX
2018-04-17 16:16:31  can0  18FF1720#27FFFFFFFFFFFFFF RX
2018-04-17 16:16:31  can0  18FF1610#65 TX
2018-04-17 16:16:31  can0  18FF2420#4D0E0000F0FFFFFF RX
2018-04-17 16:16:31  can0  18FF1610#65 TX
2018-04-17 16:16:32  can0  18FF1720#27FFFFFFFFFFFFFF RX
2018-04-17 16:16:32  can0  18FF1610#65 TX
2018-04-17 16:16:32  can0  18FF2420#4D0E0000F0FFFFFF RX
2018-04-17 16:16:32  can0  18FF1610#65 TX
2018-04-17 16:16:33  can0  18FF1720#27FFFFFFFFFFFFFF RX
2018-04-17 16:16:33  can0  18FF1610#65 TX
2018-04-17 16:16:33  can0  18FF2420#4D0E0000F0FFFFFF RX
2018-04-17 16:16:33  can0  18FF1610#65 TX
2018-04-17 16:16:34  can0  18FF1720#27FFFFFFFFFFFFFF RX
2018-04-17 16:16:34  can0  18FF1610#65 TX
2018-04-17 16:16:34  can0  18FF2420#4D0E0000F0FFFFFF RX
2018-04-17 16:16:34  can0  18FF1610#65 TX
2018-04-17 16:16:35  can0  18FF1720#27FFFFFFFFFFFFFF RX
2018-04-17 16:16:35  can0  18FF1610#65 TX
2018-04-17 16:16:35  can0  18FF2420#4D0E0000F0FFFFFF RX
2018-04-17 16:16:35  can0  18FF1610#65 TX
2018-04-17 16:16:36  can0  18FF1720#27FFFFFFFFFFFFFF RX
2018-04-17 16:16:36  can0  18FF1610#65 TX
2018-04-17 16:16:36  can0  18FF2420#4D0E0000F0FFFFFF RX
2018-04-17 16:16:36  can0  18FF1610#65 TX
2018-04-17 16:16:37  can0  18FF1720#27FFFFFFFFFFFFFF RX
2018-04-17 16:16:37  can0  18FF1610#65 TX
2018-04-17 16:16:37  can0  18FF2420#4D0E0000F0FFFFFF RX
2018-04-17 16:16:37  can0  18FF1610#65 TX
2018-04-17 16:16:38  can0  18FF1720#27FFFFFFFFFFFFFF RX
2018-04-17 16:16:38  can0  18FF1610#65 TX
2018-04-17 16:16:38  can0  18FF2420#4D0E0000F0FFFFFF RX
2018-04-17 16:16:38  can0  18FF1610#65 TX
2018-04-17 16:16:39  can0  18FF1720#27FFFFFFFFFFFFFF RX
2018-04-17 16:16:39  can0  18FF1610#65 TX
2018-04-17 16:16:39  can0  18FF2420#4D0E0000F0FFFFFF RX
2018-04-17 16:16:39  can0  18FF1610#65 TX
2018-04-17 16:16:40  can0  18FF1720#25FFFFFFFFFFFFFF RX
2018-04-17 16:16:40  can0  18FF1610#65 TX
2018-04-17 16:16:40  can0  18FF2420#4D0E0000F0FFFFFF RX
2018-04-17 16:16:40  can0  18FF1610#65 TX
2018-04-17 16:16:41  can0  18FF1720#25FFFFFFFFFFFFFF RX
2018-04-17 16:16:41  can0  18FF1610#65 TX
2018-04-17 16:16:41  can0  18FF2420#4D0E0000F0FFFFFF RX
2018-04-17 16:16:41  can0  18FF1610#65 TX
2018-04-17 16:16:42  can0  18FF1720#25FFFFFFFFFFFFFF RX
2018-04-17 16:16:42  can0  18FF1610#65 TX
2018-04-17 16:16:42  can0  18FF2420#4D0E0000F0FFFFFF RX
2018-04-17 16:16:42  can0  18FF1610#65 TX
2018-04-17 16:16:43  can0  18FF1720#25FFFFFFFFFFFFFF RX
2018-04-17 16:16:43  can0  18FF1610#65 TX
2018-04-17 16:16:43  can0  18FF2420#4D0E0000F0FFFFFF RX
2018-04-17 16:16:43  can0  18FF1610#65 TX
2018-04-17 16:16:44  can0  18FF1720#25FFFFFFFFFFFFFF RX
2018-04-17 16:16:44  can0  18FF1610#65 TX
2018-04-17 16:16:44  can0  18FF2420#4D0E0000F0FFFFFF RX
2018-04-17 16:16:44  can0  18FF1610#65 TX
2018-04-17 16:16:45  can0  18FF1720#25FFFFFFFFFFFFFF RX
2018-04-17 16:16:45  can0  18FF1610#65 TX
2018-04-17 16:16:45  can0  18FF2420#4D0E0000F0FFFFFF RX
2018-04-17 16:16:45  can0  18FF1610#65 TX
2018-04-17 16:16:46  can0  18FF1720#25FFFFFFFFFFFFFF RX
2018-04-17 16:16:46  can0  18FF1610#65 TX
2018-04-17 16:16:46  can0  18FF2420#4D0E0000F0FFFFFF RX
2018-04-17 16:16:46  can0  18FF1610#65 TX
2018-04-17 16:16:47  can0  18FF1720#25FFFFFFFFFFFFFF RX
2018-04-17 16:16:47  can0  18FF1610#65 TX
2018-04-17 16:16:47  can0  18FF2420#4D0E0000F0FFFFFF RX
2018-04-17 16:16:47  can0  18FF1610#65 TX
2018-04-17 16:16:48  can0  18FF1720#25FFFFFFFFFFFFFF RX
2018-04-17 16:16:48  can0  18FF1610#65 TX
2018-04-17 16:16:48  can0  18FF2420#4D0E0000F0FFFFFF RX
2018-04-17 16:16:48  can0  18FF1610#65 TX
2018-04-17 16:16:49  can0  18FF1720#25FFFFFFFFFFFFFF RX
2018-04-17 16:16:49  can0  18FF1610#65 TX
2018-04-17 16:16:49  can0  18FF2420#4D0E0000F0FFFFFF RX
2018-04-17 16:16:49  can0  18FF1610#65 TX
2018-04-17 16:16:50  can0  18FF1720#25FFFFFFFFFFFFFF RX
2018-04-17 16:16:50  can0  18FF1610#65 TX
2018-04-17 16:16:50  can0  18FF2420#4D0E0000F0FFFFFF RX
2018-04-17 16:16:50  can0  18FF1610#65 TX
2018-04-17 16:16:51  can0  18FF1720#25FFFFFFFFFFFFFF RX
2018-04-17 16:16:51  can0  18FF1610#65 TX
2018-04-17 16:16:51  can0  18FF2420#4D0E0000F0FFFFFF RX
2018-04-17 16:16:51  can0  18FF1610#65 TX
2018-04-17 16:16:52  can0  18FF1720#25FFFFFFFFFFFFFF RX
2018-04-17 16:16:52  can0  18FF1610#65 TX
2018-04-17 16:16:52  can0  18FF2420#4D0E0000F0FFFFFF RX
2018-04-17 16:16:52  can0  18FF1610#65 TX
2018-04-17 16:16:53  can0  18FF1720#25FFFFFFFFFFFFFF RX
2018-04-17 16:16:53  can0  18FF1610#65 TX
2018-04-17 16:16:53  can0  18FF2420#4D0E0000F0FFFFFF RX
2018-04-17 16:16:53  can0  18FF1610#65 TX
2018-04-17 16:16:54  can0  18FF1720#25FFFFFFFFFFFFFF RX
2018-04-17 16:16:54  can0  18FF1610#65 TX
2018-04-17 16:16:54  can0  18FF2420#4D0E0000F0FFFFFF RX
2018-04-17 16:16:54  can0  18FF1610#65 TX
2018-04-17 16:16:55  can0  18FF1720#25FFFFFFFFFFFFFF RX
2018-04-17 16:16:55  can0  18FF1610#65 TX
2018-04-17 16:16:55  can0  18FF2420#4D0E0000F0FFFFFF RX
2018-04-17 16:16:55  can0  18FF1610#65 TX
2018-04-17 16:16:56  can0  18FF1720#25FFFFFFFFFFFFFF RX
2018-04-17 16:16:56  can0  18FF1610#65 TX
2018-04-17 16:16:56  can0  18FF2420#4D0E0000F0FFFFFF RX
2018-04-17 16:16:56  can0  18FF1610#65 TX
2018-04-17 16:16:57  can0  18FF1720#25FFFFFFFFFFFFFF RX
2018-04-17 16:16:57  can0  18FF1610#65 TX
2018-04-17 16:16:57  can0  18FF2420#4D0E0000F0FFFFFF RX
2018-04-17 16:16:57  can0  18FF1610#65 TX
2018-04-17 16:16:58  can0  18FF1720#25FFFFFFFFFFFFFF RX
2018-04-17 16:16:58  can0  18FF1610#65 TX
2018-04-17 16:16:58  can0  18FF2420#4D0E0000F0FFFFFF RX
2018-04-17 16:16:58  can0  18FF1610#65 TX
2018-04-17 16:16:59  can0  18FF1720#25FFFFFFFFFFFFFF RX
2018-04-17 16:16:59  can0  18FF1610#65 TX
2018-04-17 16:16:59  can0  18FF2420#4D0E0000F0FFFFFF RX
2018-04-17 16:16:59  can0  18FF1610#65 TX
2018-04-17 16:17:00  can0  18FF1720#25FFFFFFFFFFFFFF RX
2018-04-17 16:17:00  can0  18FF1610#65 TX
2018-04-17 16:17:00  can0  18FF2420#4D0E0000F0FFFFFF RX
2018-04-17 16:17:00  can0  18FF1610#65 TX
2018-04-17 16:17:01  can0  18FF1720#25FFFFFFFFFFFFFF RX
2018-04-17 16:17:01  can0  18FF1610#65 TX
2018-04-17 16:17:01  can0  18FF2420#4D0E0000F0FFFFFF RX
2018-04-17 16:17:01  can0  18FF1610#65 TX
2018-04-17 16:17:02  can0  18FF1720#25FFFFFFFFFFFFFF RX
2018-04-17 16:17:02  can0  18FF1610#65 TX
2018-04-17 16:17:02  can0  18FF2420#4D0E0000F0FFFFFF RX
2018-04-17 16:17:02  can0  18FF1610#65 TX
2018-04-17 16:17:03  can0  18FF1720#25FFFFFFFFFFFFFF RX
2018-04-17 16:17:03  can0  18FF1610#65 TX
2018-04-17 16:17:03  can0  18FF2420#4D0E0000F0FFFFFF RX
2018-04-17 16:17:03  can0  18FF1610#65 TX
2018-04-17 16:17:04  can0  18FF1720#25FFFFFFFFFFFFFF RX
2018-04-17 16:17:04  can0  18FF1610#65 TX
2018-04-17 16:17:04  can0  18FF2420#4D0E0000F0FFFFFF RX
2018-04-17 16:17:04  can0  18FF1610#65 TX
2018-04-17 16:17:05  can0  18FF1720#25FFFFFFFFFFFFFF RX
2018-04-17 16:17:05  can0  18FF1610#65 TX
2018-04-17 16:17:05  can0  18FF2420#4D0E0000F0FFFFFF RX
2018-04-17 16:17:05  can0  18FF1610#65 TX
2018-04-17 16:17:06  can0  18FF1720#25FFFFFFFFFFFFFF RX
2018-04-17 16:17:06  can0  18FF1610#65 TX
2018-04-17 16:17:06  can0  18FF2420#4D0E0000F0FFFFFF RX
2018-04-17 16:17:06  can0  18FF1610#65 TX
2018-04-17 16:17:07  can0  18FF1720#25FFFFFFFFFFFFFF RX
2018-04-17 16:17:07  can0  18FF1610#65 TX
2018-04-17 16:17:07  can0  18FF2420#4D0E0000F0FFFFFF RX
2018-04-17 16:17:07  can0  18FF1610#65 TX
2018-04-17 16:17:08  can0  18FF1720#25FFFFFFFFFFFFFF RX
2018-04-17 16:17:08  can0  18FF1610#65 TX
2018-04-17 16:17:08  can0  18FF2420#4D0E0000F0FFFFFF RX
2018-04-17 16:17:08  can0  18FF1610#65 TX
2018-04-17 16:17:09  can0  18FF1720#25FFFFFFFFFFFFFF RX
2018-04-17 16:17:09  can0  18FF1610#65 TX
2018-04-17 16:17:09  can0  18FF2420#4D0E0000F0FFFFFF RX
2018-04-17 16:17:09  can0  18FF1610#65 TX
2018-04-17 16:17:10  can0  18FF1720#25FFFFFFFFFFFFFF RX
2018-04-17 16:17:10  can0  18FF1610#65 TX
2018-04-17 16:17:10  can0  18FF2420#4D0E0000F0FFFFFF RX
2018-04-17 16:17:10  can0  18FF1610#65 TX
2018-04-17 16:17:11  can0  18FF1720#25FFFFFFFFFFFFFF RX
2018-04-17 16:17:11  can0  18FF1610#65 TX
2018-04-17 16:17:11  can0  18FF2420#4D0E0000F0FFFFFF RX
2018-04-17 16:17:11  can0  18FF1610#65 TX
2018-04-17 16:17:12  can0  18FF1720#25FFFFFFFFFFFFFF RX
2018-04-17 16:17:12  can0  18FF1610#55 TX
2018-04-17 16:17:12  can0  18FF2420#4D0E0000F0FFFFFF RX
2018-04-17 16:17:12  can0  18FF1610#55 TX
2018-04-17 16:17:13  can0  18FF1720#25FFFFFFFFFFFFFF RX
2018-04-17 16:17:13  can0  18FF1610#55 TX
2018-04-17 16:17:13  can0  18FF2420#4D0E0000F0FFFFFF RX
2018-04-17 16:17:13  can0  18FF1610#55 TX
2018-04-17 16:17:14  can0  18FF1720#20FFFFFFFFFFFFFF RX
2018-04-17 16:17:14  can0  18FF1610#55 TX
2018-04-17 16:17:14  can0  18FF2420#4D0E0000F0FFFFFF RX
2018-04-17 16:17:14  can0  18FF1610#55 TX
2018-04-17 16:17:15  can0  18FF1720#20FFFFFFFFFFFFFF RX
2018-04-17 16:17:15  can0  18FF1610#55 TX
2018-04-17 16:17:15  can0  18FF2420#4D0E0000F0FFFFFF RX
2018-04-17 16:17:15  can0  18FF1610#55 TX
2018-04-17 16:17:16  can0  18FF1720#20FFFFFFFFFFFFFF RX
2018-04-17 16:17:16  can0  18FF1610#55 TX
2018-04-17 16:17:16  can0  18FF2420#4D0E0000F0FFFFFF RX
2018-04-17 16:17:16  can0  18FF1610#55 TX
2018-04-17 16:17:17  can0  18FF1720#20FFFFFFFFFFFFFF RX
2018-04-17 16:17:17  can0  18FF1610#55 TX
2018-04-17 16:17:17  can0  18FF2420#4D0E0000F0FFFFFF RX
2018-04-17 16:17:17  can0  18FF1610#55 TX
2018-04-17 16:17:18  can0  18FF1610#55 TX
No response from generator
Time Out Error: CAN line might be disconnected or generator can interface is down
Resetting CAN interface on server
2018-04-17 16:17:18  can0  18FF1720#21FFFFFFFFFFFFFF RX
2018-04-17 16:17:18  can0  18FF1610#55 TX
2018-04-17 16:17:18  can0  18FF2420#4D0E0000F0FFFFFF RX
2018-04-17 16:17:18  can0  18FF1610#55 TX
2018-04-17 16:17:19  can0  18FF1720#21FFFFFFFFFFFFFF RX
2018-04-17 16:17:19  can0  18FF1610#55 TX
2018-04-17 16:17:19  can0  18FF2420#4D0E0000F0FFFFFF RX
2018-04-17 16:17:19  can0  18FF1610#55 TX
2018-04-17 16:17:20  can0  18FF1720#21FFFFFFFFFFFFFF RX
2018-04-17 16:17:20  can0  18FF1610#55 TX
2018-04-17 16:17:20  can0  18FF2420#4D0E0000F0FFFFFF RX
2018-04-17 16:17:20  can0  18FF1610#55 TX
2018-04-17 16:17:21  can0  18FF1720#21FFFFFFFFFFFFFF RX
2018-04-17 16:17:21  can0  18FF1610#55 TX
2018-04-17 16:17:21  can0  18FF2420#4D0E0000F0FFFFFF RX
2018-04-17 16:17:21  can0  18FF1610#55 TX
2018-04-17 16:17:22  can0  18FF1720#21FFFFFFFFFFFFFF RX
