2018-04-04 19:49:57 can0 18FF1610#55 TX
2018-04-04 19:49:57 can0 18FF2500#297300540100FCFF RX
2018-04-04 19:49:57 can0 18FF2400#4D0E0000F0FFFFFF RX
2018-04-04 19:49:58 can0 18FF1610#55 TX
2018-04-04 19:49:58 can0 18FF2500#297300540100FCFF RX
2018-04-04 19:49:58 can0 18FF2400#4D0E0000F0FFFFFF RX
2018-04-04 19:49:59 can0 18FF1610#55 TX
2018-04-04 19:49:59 can0 18FF2500#297300540100FCFF RX
2018-04-04 19:49:59 can0 18FF2400#4D0E0000F0FFFFFF RX
2018-04-04 19:50:00 can0 18FF1610#55 TX
2018-04-04 19:50:00 can0 18FF2500#297300540100FCFF RX
2018-04-04 19:50:00 can0 18FF2400#4D0E0000F0FFFFFF RX
2018-04-04 19:50:01 can0 18FF1610#55 TX
2018-04-04 19:50:01 can0 18FF2500#297300540100FCFF RX
2018-04-04 19:50:01 can0 18FF2400#4D0E0000F0FFFFFF RX
2018-04-04 19:50:02 can0 18FF1610#55 TX
2018-04-04 19:50:02 can0 18FF2500#297300540100FCFF RX
2018-04-04 19:50:02 can0 18FF2400#4D0E0000F0FFFFFF RX
2018-04-04 19:50:03 can0 18FF1610#55 TX
2018-04-04 19:50:03 can0 18FF2500#297300540100FCFF RX
2018-04-04 19:50:03 can0 18FF2400#4D0E0000F0FFFFFF RX
2018-04-04 19:50:04 can0 18FF1610#55 TX
2018-04-04 19:50:04 can0 18FF2500#297300540100FCFF RX
2018-04-04 19:50:04 can0 18FF2400#4D0E0000F0FFFFFF RX
2018-04-04 19:50:05 can0 18FF1610#55 TX
2018-04-04 19:50:05 can0 18FF2500#297300540100FCFF RX
2018-04-04 19:50:05 can0 18FF2400#4D0E0000F0FFFFFF RX
2018-04-04 19:50:06 can0 18FF1610#55 TX
2018-04-04 19:50:06 can0 18FF2500#297300540100FCFF RX
2018-04-04 19:50:06 can0 18FF2400#4D0E0000F0FFFFFF RX
2018-04-04 19:50:07 can0 18FF1610#55 TX
2018-04-04 19:50:07 can0 18FF1720#21FFFFFFFFFFFFFF RX
2018-04-04 19:50:07 can0 18FF2420#4D0E0000F0FFFFFF RX
2018-04-04 19:50:08 can0 18FF1610#55 TX
2018-04-04 19:50:08 can0 18FF1720#21FFFFFFFFFFFFFF RX
2018-04-04 19:50:08 can0 18FF2420#4D0E0000F0FFFFFF RX
2018-04-04 19:50:09 can0 18FF1610#55 TX
2018-04-04 19:50:09 can0 18FF1720#21FFFFFFFFFFFFFF RX
2018-04-04 19:50:09 can0 18FF2420#4D0E0000F0FFFFFF RX
2018-04-04 19:50:10 can0 18FF1610#55 TX
2018-04-04 19:50:10 can0 18FF1720#21FFFFFFFFFFFFFF RX
2018-04-04 19:50:10 can0 18FF2420#4D0E0000F0FFFFFF RX
2018-04-04 19:50:11 can0 18FF1610#55 TX
2018-04-04 19:50:11 can0 18FF1720#21FFFFFFFFFFFFFF RX
2018-04-04 19:50:11 can0 18FF2420#4D0E0000F0FFFFFF RX
2018-04-04 19:50:12 can0 18FF1610#55 TX
2018-04-04 19:50:12 can0 18FF1720#21FFFFFFFFFFFFFF RX
2018-04-04 19:50:12 can0 18FF2420#4D0E0000F0FFFFFF RX
2018-04-04 19:50:13 can0 18FF1610#55 TX
2018-04-04 19:50:13 can0 18FF1720#21FFFFFFFFFFFFFF RX
2018-04-04 19:50:13 can0 18FF2420#4D0E0000F0FFFFFF RX
2018-04-04 19:50:14 can0 18FF1610#55 TX
2018-04-04 19:50:14 can0 18FF1720#21FFFFFFFFFFFFFF RX
2018-04-04 19:50:14 can0 18FF2420#4D0E0000F0FFFFFF RX
2018-04-04 19:50:15 can0 18FF1610#55 TX
2018-04-04 19:50:15 can0 18FF1720#21FFFFFFFFFFFFFF RX
2018-04-04 19:50:15 can0 18FF2420#4D0E0000F0FFFFFF RX
2018-04-04 19:50:16 can0 18FF1610#55 TX
2018-04-04 19:50:16 can0 18FF1720#21FFFFFFFFFFFFFF RX
2018-04-04 19:50:16 can0 18FF2420#4D0E0000F0FFFFFF RX
2018-04-04 19:50:17 can0 18FF1610#55 TX
2018-04-04 19:50:17 can0 18FF1720#21FFFFFFFFFFFFFF RX
2018-04-04 19:50:17 can0 18FF2420#4D0E0000F0FFFFFF RX
2018-04-04 19:50:18 can0 18FF1610#55 TX
2018-04-04 19:50:18 can0 18FF1720#21FFFFFFFFFFFFFF RX
2018-04-04 19:50:18 can0 18FF2420#4D0E0000F0FFFFFF RX
2018-04-04 19:50:19 can0 18FF1610#55 TX
2018-04-04 19:50:19 can0 18FF1720#21FFFFFFFFFFFFFF RX
2018-04-04 19:50:19 can0 18FF2420#4D0E0000F0FFFFFF RX
2018-04-04 19:50:20 can0 18FF1610#55 TX
2018-04-04 19:50:20 can0 18FF1720#21FFFFFFFFFFFFFF RX
2018-04-04 19:50:20 can0 18FF2420#4D0E0000F0FFFFFF RX
2018-04-04 19:50:21 can0 18FF1610#55 TX
2018-04-04 19:50:21 can0 18FF1720#21FFFFFFFFFFFFFF RX
2018-04-04 19:50:21 can0 18FF2420#4D0E0000F0FFFFFF RX
2018-04-04 19:50:22 can0 18FF1610#55 TX
2018-04-04 19:50:22 can0 18FF1720#21FFFFFFFFFFFFFF RX
2018-04-04 19:50:22 can0 18FF2420#4D0E0000F0FFFFFF RX
2018-04-04 19:50:23 can0 18FF1610#55 TX
2018-04-04 19:50:23 can0 18FF1720#21FFFFFFFFFFFFFF RX
2018-04-04 19:50:23 can0 18FF2420#4D0E0000F0FFFFFF RX
2018-04-04 19:50:24 can0 18FF1610#55 TX
2018-04-04 19:50:24 can0 18FF1720#21FFFFFFFFFFFFFF RX
2018-04-04 19:50:24 can0 18FF2420#4D0E0000F0FFFFFF RX
2018-04-04 19:50:25 can0 18FF1610#55 TX
2018-04-04 19:50:25 can0 18FF1720#21FFFFFFFFFFFFFF RX
2018-04-04 19:50:25 can0 18FF2420#4D0E0000F0FFFFFF RX
2018-04-04 19:50:26 can0 18FF1610#55 TX
2018-04-04 19:50:26 can0 18FF1720#21FFFFFFFFFFFFFF RX
2018-04-04 19:50:26 can0 18FF2420#4D0E0000F0FFFFFF RX
2018-04-04 19:50:27 can0 18FF1610#55 TX
2018-04-04 19:50:27 can0 18FF1720#21FFFFFFFFFFFFFF RX
2018-04-04 19:50:27 can0 18FF2420#4D0E0000F0FFFFFF RX
2018-04-04 19:50:28 can0 18FF1610#55 TX
2018-04-04 19:50:28 can0 18FF1720#21FFFFFFFFFFFFFF RX
2018-04-04 19:50:28 can0 18FF2420#4D0E0000F0FFFFFF RX
2018-04-04 19:50:29 can0 18FF1610#65 TX
2018-04-04 19:50:29 can0 18FF1720#21FFFFFFFFFFFFFF RX
2018-04-04 19:50:29 can0 18FF2420#4D0E0000F0FFFFFF RX
2018-04-04 19:50:30 can0 18FF1610#65 TX
2018-04-04 19:50:30 can0 18FF1720#24FFFFFFFFFFFFFF RX
2018-04-04 19:50:30 can0 18FF2420#4D0E0000F0FFFFFF RX
2018-04-04 19:50:31 can0 18FF1610#65 TX
2018-04-04 19:50:31 can0 18FF1720#27FFFFFFFFFFFFFF RX
2018-04-04 19:50:31 can0 18FF2420#4D0E0000F0FFFFFF RX
2018-04-04 19:50:32 can0 18FF1610#65 TX
2018-04-04 19:50:32 can0 18FF1720#27FFFFFFFFFFFFFF RX
2018-04-04 19:50:32 can0 18FF2420#4D0E0000F0FFFFFF RX
2018-04-04 19:50:33 can0 18FF1610#65 TX
2018-04-04 19:50:33 can0 18FF1720#27FFFFFFFFFFFFFF RX
2018-04-04 19:50:33 can0 18FF2420#4D0E0000F0FFFFFF RX
2018-04-04 19:50:34 can0 18FF1610#65 TX
2018-04-04 19:50:34 can0 18FF1720#27FFFFFFFFFFFFFF RX
2018-04-04 19:50:34 can0 18FF2420#4D0E0000F0FFFFFF RX
2018-04-04 19:50:35 can0 18FF1610#65 TX
2018-04-04 19:50:35 can0 18FF1720#27FFFFFFFFFFFFFF RX
2018-04-04 19:50:35 can0 18FF2420#4D0E0000F0FFFFFF RX
2018-04-04 19:50:36 can0 18FF1610#65 TX
2018-04-04 19:50:36 can0 18FF1720#27FFFFFFFFFFFFFF RX
2018-04-04 19:50:36 can0 18FF2420#4D0E0000F0FFFFFF RX
2018-04-04 19:50:37 can0 18FF1610#65 TX
2018-04-04 19:50:37 can0 18FF1720#27FFFFFFFFFFFFFF RX
2018-04-04 19:50:37 can0 18FF2420#4D0E0000F0FFFFFF RX
2018-04-04 19:50:38 can0 18FF1610#65 TX
2018-04-04 19:50:38 can0 18FF1720#27FFFFFFFFFFFFFF RX
2018-04-04 19:50:38 can0 18FF2420#4D0E0000F0FFFFFF RX
2018-04-04 19:50:39 can0 18FF1610#65 TX
2018-04-04 19:50:39 can0 18FF1720#27FFFFFFFFFFFFFF RX
2018-04-04 19:50:39 can0 18FF2420#4D0E0000F0FFFFFF RX
2018-04-04 19:50:40 can0 18FF1610#65 TX
2018-04-04 19:50:40 can0 18FF1720#27FFFFFFFFFFFFFF RX
2018-04-04 19:50:40 can0 18FF2420#4D0E0000F0FFFFFF RX
2018-04-04 19:50:41 can0 18FF1610#55 TX
2018-04-04 19:50:41 can0 18FF1720#27FFFFFFFFFFFFFF RX
2018-04-04 19:50:41 can0 18FF2420#4D0E0000F0FFFFFF RX
2018-04-04 19:50:42 can0 18FF1610#55 TX
2018-04-04 19:50:42 can0 18FF1720#20FFFFFFFFFFFFFF RX
2018-04-04 19:50:42 can0 18FF2420#4D0E0000F0FFFFFF RX
2018-04-04 19:50:43 can0 18FF1610#55 TX
2018-04-04 19:50:43 can0 18FF1720#20FFFFFFFFFFFFFF RX
2018-04-04 19:50:43 can0 18FF2420#4D0E0000F0FFFFFF RX
2018-04-04 19:50:44 can0 18FF1610#55 TX
2018-04-04 19:50:45 can0 18FF1720#21FFFFFFFFFFFFFF RX
2018-04-04 19:50:45 can0 18FF2420#4D0E0000F0FFFFFF RX
2018-04-04 19:50:45 can0 18FF1610#55 TX
2018-04-04 19:50:46 can0 18FF1720#21FFFFFFFFFFFFFF RX
2018-04-04 19:50:46 can0 18FF2420#4D0E0000F0FFFFFF RX
2018-04-04 19:50:46 can0 18FF1610#55 TX
2018-04-04 19:50:47 can0 18FF1720#21FFFFFFFFFFFFFF RX
2018-04-04 19:50:47 can0 18FF2420#4D0E0000F0FFFFFF RX
2018-04-04 19:50:47 can0 18FF1610#55 TX
2018-04-04 19:50:48 can0 18FF1720#21FFFFFFFFFFFFFF RX
2018-04-04 19:50:48 can0 18FF2420#4D0E0000F0FFFFFF RX
2018-04-04 19:50:48 can0 18FF1610#55 TX
2018-04-04 19:50:49 can0 18FF1720#21FFFFFFFFFFFFFF RX
2018-04-04 19:50:49 can0 18FF2420#4D0E0000F0FFFFFF RX
2018-04-04 19:50:49 can0 18FF1610#55 TX
2018-04-04 19:50:50 can0 18FF1720#21FFFFFFFFFFFFFF RX
2018-04-04 19:50:50 can0 18FF2420#4D0E0000F0FFFFFF RX
2018-04-04 19:50:50 can0 18FF1610#55 TX
2018-04-04 19:50:51 can0 18FF1720#21FFFFFFFFFFFFFF RX
2018-04-04 19:50:51 can0 18FF2420#4D0E0000F0FFFFFF RX
2018-04-04 19:50:51 can0 18FF1610#55 TX
2018-04-04 19:50:52 can0 18FF1720#21FFFFFFFFFFFFFF RX
2018-04-04 19:50:52 can0 18FF2420#4D0E0000F0FFFFFF RX
2018-04-04 19:50:52 can0 18FF1610#55 TX
2018-04-04 19:50:53 can0 18FF1720#21FFFFFFFFFFFFFF RX
2018-04-04 19:50:53 can0 18FF2420#4D0E0000F0FFFFFF RX
2018-04-04 19:50:53 can0 18FF1610#55 TX
2018-04-04 19:50:54 can0 18FF1720#21FFFFFFFFFFFFFF RX
2018-04-04 19:50:54 can0 18FF2420#4D0E0000F0FFFFFF RX
2018-04-04 19:50:54 can0 18FF1610#55 TX
2018-04-04 19:50:55 can0 18FF1720#21FFFFFFFFFFFFFF RX
2018-04-04 19:50:55 can0 18FF2420#4D0E0000F0FFFFFF RX
2018-04-04 19:50:55 can0 18FF1610#55 TX
2018-04-04 19:50:56 can0 18FF1720#21FFFFFFFFFFFFFF RX
2018-04-04 19:50:56 can0 18FF2420#4D0E0000F0FFFFFF RX
2018-04-04 19:50:56 can0 18FF1610#55 TX
2018-04-04 19:50:57 can0 18FF1720#21FFFFFFFFFFFFFF RX
2018-04-04 19:50:57 can0 18FF2420#4D0E0000F0FFFFFF RX
2018-04-04 19:50:57 can0 18FF1610#55 TX
2018-04-04 19:50:58 can0 18FF1720#21FFFFFFFFFFFFFF RX
2018-04-04 19:50:58 can0 18FF2420#4D0E0000F0FFFFFF RX
2018-04-04 19:50:58 can0 18FF1610#55 TX
2018-04-04 19:50:59 can0 18FF1720#21FFFFFFFFFFFFFF RX
2018-04-04 19:50:59 can0 18FF2420#4D0E0000F0FFFFFF RX
2018-04-04 19:50:59 can0 18FF1610#55 TX
2018-04-04 19:51:00 can0 18FF1720#21FFFFFFFFFFFFFF RX
2018-04-04 19:51:00 can0 18FF2420#4D0E0000F0FFFFFF RX
2018-04-04 19:51:00 can0 18FF1610#55 TX
2018-04-04 19:51:01 can0 18FF1720#21FFFFFFFFFFFFFF RX
2018-04-04 19:51:01 can0 18FF2420#4D0E0000F0FFFFFF RX
2018-04-04 19:51:01 can0 18FF1610#55 TX
2018-04-04 19:51:02 can0 18FF1720#21FFFFFFFFFFFFFF RX
2018-04-04 19:51:02 can0 18FF2420#4D0E0000F0FFFFFF RX
2018-04-04 19:51:02 can0 18FF1610#55 TX
2018-04-04 19:51:03 can0 18FF1720#21FFFFFFFFFFFFFF RX
2018-04-04 19:51:03 can0 18FF2420#4D0E0000F0FFFFFF RX
2018-04-04 19:51:03 can0 18FF1610#55 TX
2018-04-04 19:51:04 can0 18FF1720#21FFFFFFFFFFFFFF RX
2018-04-04 19:51:04 can0 18FF2420#4D0E0000F0FFFFFF RX
2018-04-04 19:51:04 can0 18FF1610#55 TX
2018-04-04 19:51:05 can0 18FF1720#21FFFFFFFFFFFFFF RX
2018-04-04 19:51:05 can0 18FF2420#4D0E0000F0FFFFFF RX
2018-04-04 19:51:05 can0 18FF1610#55 TX
2018-04-04 19:51:06 can0 18FF1720#21FFFFFFFFFFFFFF RX
2018-04-04 19:51:06 can0 18FF2420#4D0E0000F0FFFFFF RX
2018-04-04 19:51:06 can0 18FF1610#55 TX
2018-04-04 19:51:07 can0 18FF1720#21FFFFFFFFFFFFFF RX
2018-04-04 19:51:07 can0 18FF2420#4D0E0000F0FFFFFF RX
2018-04-04 19:51:07 can0 18FF1610#55 TX
2018-04-04 19:51:08 can0 18FF1720#21FFFFFFFFFFFFFF RX
2018-04-04 19:51:08 can0 18FF2420#4D0E0000F0FFFFFF RX
2018-04-04 19:51:08 can0 18FF1610#55 TX
2018-04-04 19:51:09 can0 18FF1720#21FFFFFFFFFFFFFF RX
2018-04-04 19:51:09 can0 18FF2420#4D0E0000F0FFFFFF RX
2018-04-04 19:51:09 can0 18FF1610#55 TX
2018-04-04 19:51:10 can0 18FF1720#21FFFFFFFFFFFFFF RX
2018-04-04 19:51:10 can0 18FF2420#4D0E0000F0FFFFFF RX
2018-04-04 19:51:10 can0 18FF1610#55 TX
2018-04-04 19:51:11 can0 18FF1720#21FFFFFFFFFFFFFF RX
2018-04-04 19:51:11 can0 18FF2420#4D0E0000F0FFFFFF RX
2018-04-04 19:51:11 can0 18FF1610#55 TX
2018-04-04 19:51:12 can0 18FF1720#21FFFFFFFFFFFFFF RX
2018-04-04 19:51:12 can0 18FF2420#4D0E0000F0FFFFFF RX
2018-04-04 19:51:12 can0 18FF1610#55 TX
2018-04-04 19:51:13 can0 18FF1720#21FFFFFFFFFFFFFF RX
2018-04-04 19:51:13 can0 18FF2420#4D0E0000F0FFFFFF RX
2018-04-04 19:51:13 can0 18FF1610#55 TX
2018-04-04 19:51:14 can0 18FF1720#21FFFFFFFFFFFFFF RX
2018-04-04 19:51:14 can0 18FF2420#4D0E0000F0FFFFFF RX
2018-04-04 19:51:14 can0 18FF1610#55 TX
2018-04-04 19:51:15 can0 18FF1720#21FFFFFFFFFFFFFF RX
2018-04-04 19:51:15 can0 18FF2420#4D0E0000F0FFFFFF RX
2018-04-04 19:51:15 can0 18FF1610#55 TX
2018-04-04 19:51:16 can0 18FF1720#21FFFFFFFFFFFFFF RX
2018-04-04 19:51:16 can0 18FF2420#4D0E0000F0FFFFFF RX
2018-04-04 19:51:16 can0 18FF1610#55 TX
2018-04-04 19:51:17 can0 18FF1720#21FFFFFFFFFFFFFF RX
2018-04-04 19:51:17 can0 18FF2420#4D0E0000F0FFFFFF RX
2018-04-04 19:51:17 can0 18FF1610#55 TX
2018-04-04 19:51:18 can0 18FF1720#21FFFFFFFFFFFFFF RX
2018-04-04 19:51:18 can0 18FF2420#4D0E0000F0FFFFFF RX
2018-04-04 19:51:18 can0 18FF1610#55 TX
2018-04-04 19:51:19 can0 18FF1720#21FFFFFFFFFFFFFF RX
2018-04-04 19:51:19 can0 18FF2420#4D0E0000F0FFFFFF RX
2018-04-04 19:51:19 can0 18FF1610#55 TX
2018-04-04 19:51:20 can0 18FF1720#21FFFFFFFFFFFFFF RX
2018-04-04 19:51:20 can0 18FF2420#4D0E0000F0FFFFFF RX
2018-04-04 19:51:20 can0 18FF1610#55 TX
2018-04-04 19:51:21 can0 18FF1720#21FFFFFFFFFFFFFF RX
2018-04-04 19:51:21 can0 18FF2420#4D0E0000F0FFFFFF RX
2018-04-04 19:51:21 can0 18FF1610#55 TX
2018-04-04 19:51:22 can0 18FF1720#21FFFFFFFFFFFFFF RX
2018-04-04 19:51:22 can0 18FF2420#4D0E0000F0FFFFFF RX
2018-04-04 19:51:22 can0 18FF1610#55 TX
2018-04-04 19:51:23 can0 18FF1720#21FFFFFFFFFFFFFF RX
2018-04-04 19:51:23 can0 18FF2420#4D0E0000F0FFFFFF RX
2018-04-04 19:51:23 can0 18FF1610#55 TX
2018-04-04 19:51:24 can0 18FF1720#21FFFFFFFFFFFFFF RX
2018-04-04 19:51:24 can0 18FF2420#4D0E0000F0FFFFFF RX
2018-04-04 19:51:24 can0 18FF1610#55 TX
2018-04-04 19:51:25 can0 18FF1720#21FFFFFFFFFFFFFF RX
2018-04-04 19:51:25 can0 18FF2420#4D0E0000F0FFFFFF RX
2018-04-04 19:51:25 can0 18FF1610#55 TX
2018-04-04 19:51:26 can0 18FF1720#21FFFFFFFFFFFFFF RX
2018-04-04 19:51:26 can0 18FF2420#4D0E0000F0FFFFFF RX
2018-04-04 19:51:26 can0 18FF1610#55 TX
2018-04-04 19:51:27 can0 18FF1720#21FFFFFFFFFFFFFF RX
2018-04-04 19:51:27 can0 18FF2420#4D0E0000F0FFFFFF RX
2018-04-04 19:51:27 can0 18FF1610#55 TX
2018-04-04 19:51:28 can0 18FF1720#21FFFFFFFFFFFFFF RX
2018-04-04 19:51:28 can0 18FF2420#4D0E0000F0FFFFFF RX
2018-04-04 19:51:28 can0 18FF1610#55 TX
2018-04-04 19:51:29 can0 18FF1720#21FFFFFFFFFFFFFF RX
2018-04-04 19:51:29 can0 18FF2420#4D0E0000F0FFFFFF RX
2018-04-04 19:51:29 can0 18FF1610#55 TX
2018-04-04 19:51:30 can0 18FF1720#21FFFFFFFFFFFFFF RX
2018-04-04 19:51:30 can0 18FF2420#4D0E0000F0FFFFFF RX
2018-04-04 19:51:30 can0 18FF1610#55 TX
2018-04-04 19:51:31 can0 18FF1720#21FFFFFFFFFFFFFF RX
2018-04-04 19:51:31 can0 18FF2420#4D0E0000F0FFFFFF RX
2018-04-04 19:51:31 can0 18FF1610#55 TX
2018-04-04 19:51:32 can0 18FF1720#21FFFFFFFFFFFFFF RX
2018-04-04 19:51:32 can0 18FF2420#4D0E0000F0FFFFFF RX
2018-04-04 19:51:32 can0 18FF1610#55 TX
2018-04-04 19:51:33 can0 18FF1720#21FFFFFFFFFFFFFF RX
2018-04-04 19:51:33 can0 18FF2420#4D0E0000F0FFFFFF RX
2018-04-04 19:51:33 can0 18FF1610#55 TX
2018-04-04 19:51:34 can0 18FF1720#21FFFFFFFFFFFFFF RX
2018-04-04 19:51:34 can0 18FF2420#4D0E0000F0FFFFFF RX
2018-04-04 19:51:34 can0 18FF1610#55 TX
2018-04-04 19:51:35 can0 18FF1720#21FFFFFFFFFFFFFF RX
2018-04-04 19:51:35 can0 18FF2420#4D0E0000F0FFFFFF RX
2018-04-04 19:51:35 can0 18FF1610#55 TX
2018-04-04 19:51:36 can0 18FF1720#21FFFFFFFFFFFFFF RX
2018-04-04 19:51:36 can0 18FF2420#4D0E0000F0FFFFFF RX
2018-04-04 19:51:36 can0 18FF1610#55 TX
2018-04-04 19:51:37 can0 18FF1720#21FFFFFFFFFFFFFF RX
2018-04-04 19:51:37 can0 18FF2420#4D0E0000F0FFFFFF RX
2018-04-04 19:51:37 can0 18FF1610#55 TX
2018-04-04 19:51:38 can0 18FF1720#21FFFFFFFFFFFFFF RX
2018-04-04 19:51:38 can0 18FF2420#4D0E0000F0FFFFFF RX
2018-04-04 19:51:38 can0 18FF1610#55 TX
2018-04-04 19:51:39 can0 18FF1720#21FFFFFFFFFFFFFF RX
2018-04-04 19:51:39 can0 18FF2420#4D0E0000F0FFFFFF RX
2018-04-04 19:51:39 can0 18FF1610#55 TX
2018-04-04 19:51:40 can0 18FF1720#21FFFFFFFFFFFFFF RX
2018-04-04 19:51:40 can0 18FF2420#4D0E0000F0FFFFFF RX
2018-04-04 19:51:40 can0 18FF1610#55 TX
2018-04-04 19:51:41 can0 18FF1720#21FFFFFFFFFFFFFF RX
2018-04-04 19:51:41 can0 18FF2420#4D0E0000F0FFFFFF RX
2018-04-04 19:51:41 can0 18FF1610#55 TX
2018-04-04 19:51:42 can0 18FF1720#21FFFFFFFFFFFFFF RX
2018-04-04 19:51:42 can0 18FF2420#4D0E0000F0FFFFFF RX
2018-04-04 19:51:42 can0 18FF1610#55 TX
2018-04-04 19:51:43 can0 18FF1720#21FFFFFFFFFFFFFF RX
2018-04-04 19:51:43 can0 18FF2420#4D0E0000F0FFFFFF RX
2018-04-04 19:51:43 can0 18FF1610#55 TX
2018-04-04 19:51:44 can0 18FF1720#21FFFFFFFFFFFFFF RX
2018-04-04 19:51:44 can0 18FF2420#4D0E0000F0FFFFFF RX
2018-04-04 19:51:44 can0 18FF1610#55 TX
2018-04-04 19:51:45 can0 18FF1720#21FFFFFFFFFFFFFF RX
2018-04-04 19:51:45 can0 18FF2420#4D0E0000F0FFFFFF RX
2018-04-04 19:51:45 can0 18FF1610#55 TX
2018-04-04 19:51:46 can0 18FF1720#21FFFFFFFFFFFFFF RX
2018-04-04 19:51:46 can0 18FF2420#4D0E0000F0FFFFFF RX
2018-04-04 19:51:46 can0 18FF1610#55 TX
2018-04-04 19:51:47 can0 18FF1720#21FFFFFFFFFFFFFF RX
2018-04-04 19:51:47 can0 18FF2420#4D0E0000F0FFFFFF RX
2018-04-04 19:51:47 can0 18FF1610#55 TX
2018-04-04 19:51:48 can0 18FF1720#21FFFFFFFFFFFFFF RX
2018-04-04 19:51:48 can0 18FF2420#4D0E0000F0FFFFFF RX
2018-04-04 19:51:48 can0 18FF1610#55 TX
2018-04-04 19:51:49 can0 18FF1720#21FFFFFFFFFFFFFF RX
2018-04-04 19:51:49 can0 18FF2420#4D0E0000F0FFFFFF RX
2018-04-04 19:51:49 can0 18FF1610#55 TX
2018-04-04 19:51:50 can0 18FF1720#21FFFFFFFFFFFFFF RX
2018-04-04 19:51:50 can0 18FF2420#4D0E0000F0FFFFFF RX
2018-04-04 19:51:50 can0 18FF1610#55 TX
2018-04-04 19:51:51 can0 18FF1720#21FFFFFFFFFFFFFF RX
2018-04-04 19:51:51 can0 18FF2420#4D0E0000F0FFFFFF RX
2018-04-04 19:51:51 can0 18FF1610#55 TX
2018-04-04 19:51:52 can0 18FF1720#21FFFFFFFFFFFFFF RX
2018-04-04 19:51:52 can0 18FF2420#4D0E0000F0FFFFFF RX
2018-04-04 19:51:52 can0 18FF1610#55 TX
2018-04-04 19:51:53 can0 18FF1720#21FFFFFFFFFFFFFF RX
2018-04-04 19:51:53 can0 18FF2420#4D0E0000F0FFFFFF RX
2018-04-04 19:51:53 can0 18FF1610#55 TX
2018-04-04 19:51:54 can0 18FF1720#21FFFFFFFFFFFFFF RX
2018-04-04 19:51:54 can0 18FF2420#4D0E0000F0FFFFFF RX
2018-04-04 19:51:54 can0 18FF1610#55 TX
2018-04-04 19:51:55 can0 18FF1720#21FFFFFFFFFFFFFF RX
2018-04-04 19:51:55 can0 18FF2420#4D0E0000F0FFFFFF RX
2018-04-04 19:51:55 can0 18FF1610#55 TX
2018-04-04 19:51:56 can0 18FF1720#21FFFFFFFFFFFFFF RX
2018-04-04 19:51:56 can0 18FF2420#4D0E0000F0FFFFFF RX
2018-04-04 19:51:56 can0 18FF1610#55 TX
2018-04-04 19:51:57 can0 18FF1720#21FFFFFFFFFFFFFF RX
2018-04-04 19:51:57 can0 18FF2420#4D0E0000F0FFFFFF RX
2018-04-04 19:51:57 can0 18FF1610#55 TX
2018-04-04 19:51:58 can0 18FF1720#21FFFFFFFFFFFFFF RX
2018-04-04 19:51:58 can0 18FF2420#4D0E0000F0FFFFFF RX
2018-04-04 19:51:58 can0 18FF1610#55 TX
2018-04-04 19:51:59 can0 18FF1720#21FFFFFFFFFFFFFF RX
2018-04-04 19:51:59 can0 18FF2420#4D0E0000F0FFFFFF RX
2018-04-04 19:51:59 can0 18FF1610#55 TX
2018-04-04 19:52:00 can0 18FF1720#21FFFFFFFFFFFFFF RX
2018-04-04 19:52:00 can0 18FF2420#4D0E0000F0FFFFFF RX
2018-04-04 19:52:00 can0 18FF1610#55 TX
2018-04-04 19:52:01 can0 18FF1720#21FFFFFFFFFFFFFF RX
2018-04-04 19:52:01 can0 18FF2420#4D0E0000F0FFFFFF RX
2018-04-04 19:52:01 can0 18FF1610#55 TX
2018-04-04 19:52:02 can0 18FF1720#21FFFFFFFFFFFFFF RX
2018-04-04 19:52:02 can0 18FF2420#4D0E0000F0FFFFFF RX
2018-04-04 19:52:02 can0 18FF1610#55 TX
2018-04-04 19:52:03 can0 18FF1720#21FFFFFFFFFFFFFF RX
2018-04-04 19:52:03 can0 18FF2420#4D0E0000F0FFFFFF RX
2018-04-04 19:52:03 can0 18FF1610#55 TX
2018-04-04 19:52:04 can0 18FF1720#21FFFFFFFFFFFFFF RX
2018-04-04 19:52:04 can0 18FF2420#4D0E0000F0FFFFFF RX
2018-04-04 19:52:04 can0 18FF1610#55 TX
2018-04-04 19:52:05 can0 18FF1720#21FFFFFFFFFFFFFF RX
2018-04-04 19:52:05 can0 18FF2420#4D0E0000F0FFFFFF RX
2018-04-04 19:52:05 can0 18FF1610#55 TX
2018-04-04 19:52:06 can0 18FF1720#21FFFFFFFFFFFFFF RX
2018-04-04 19:52:06 can0 18FF2420#4D0E0000F0FFFFFF RX
2018-04-04 19:52:06 can0 18FF1610#55 TX
2018-04-04 19:52:07 can0 18FF1720#21FFFFFFFFFFFFFF RX
2018-04-04 19:52:07 can0 18FF2420#4D0E0000F0FFFFFF RX
2018-04-04 19:52:07 can0 18FF1610#55 TX
2018-04-04 19:52:08 can0 18FF1720#21FFFFFFFFFFFFFF RX
2018-04-04 19:52:08 can0 18FF2420#4D0E0000F0FFFFFF RX
2018-04-04 19:52:08 can0 18FF1610#55 TX
2018-04-04 19:52:09 can0 18FF1720#21FFFFFFFFFFFFFF RX
2018-04-04 19:52:09 can0 18FF2420#4D0E0000F0FFFFFF RX
2018-04-04 19:52:09 can0 18FF1610#55 TX
2018-04-04 19:52:10 can0 18FF1720#21FFFFFFFFFFFFFF RX
2018-04-04 19:52:10 can0 18FF2420#4D0E0000F0FFFFFF RX
2018-04-04 19:52:10 can0 18FF1610#55 TX
2018-04-04 19:52:11 can0 18FF1720#21FFFFFFFFFFFFFF RX
2018-04-04 19:52:11 can0 18FF2420#4D0E0000F0FFFFFF RX
2018-04-04 19:52:11 can0 18FF1610#55 TX
2018-04-04 19:52:12 can0 18FF1720#21FFFFFFFFFFFFFF RX
2018-04-04 19:52:12 can0 18FF2420#4D0E0000F0FFFFFF RX
2018-04-04 19:52:12 can0 18FF1610#55 TX
2018-04-04 19:52:13 can0 18FF1720#21FFFFFFFFFFFFFF RX
2018-04-04 19:52:13 can0 18FF2420#4D0E0000F0FFFFFF RX
2018-04-04 19:52:13 can0 18FF1610#55 TX
2018-04-04 19:52:14 can0 18FF1720#21FFFFFFFFFFFFFF RX
2018-04-04 19:52:14 can0 18FF2420#4D0E0000F0FFFFFF RX
2018-04-04 19:52:14 can0 18FF1610#55 TX
2018-04-04 19:52:15 can0 18FF1720#21FFFFFFFFFFFFFF RX
2018-04-04 19:52:15 can0 18FF2420#4D0E0000F0FFFFFF RX
2018-04-04 19:52:15 can0 18FF1610#55 TX
2018-04-04 19:52:16 can0 18FF1720#21FFFFFFFFFFFFFF RX
2018-04-04 19:52:16 can0 18FF2420#4D0E0000F0FFFFFF RX
2018-04-04 19:52:16 can0 18FF1610#55 TX
2018-04-04 19:52:17 can0 18FF1720#21FFFFFFFFFFFFFF RX
2018-04-04 19:52:17 can0 18FF2420#4D0E0000F0FFFFFF RX
2018-04-04 19:52:17 can0 18FF1610#55 TX
2018-04-04 19:52:18 can0 18FF1720#21FFFFFFFFFFFFFF RX
2018-04-04 19:52:18 can0 18FF2420#4D0E0000F0FFFFFF RX
2018-04-04 19:52:18 can0 18FF1610#55 TX
2018-04-04 19:52:19 can0 18FF1720#21FFFFFFFFFFFFFF RX
2018-04-04 19:52:19 can0 18FF2420#4D0E0000F0FFFFFF RX
2018-04-04 19:52:19 can0 18FF1610#55 TX
2018-04-04 19:52:20 can0 18FF1720#21FFFFFFFFFFFFFF RX
2018-04-04 19:52:20 can0 18FF2420#4D0E0000F0FFFFFF RX
2018-04-04 19:52:20 can0 18FF1610#55 TX
2018-04-04 19:52:21 can0 18FF1720#21FFFFFFFFFFFFFF RX
2018-04-04 19:52:21 can0 18FF2420#4D0E0000F0FFFFFF RX
2018-04-04 19:52:21 can0 18FF1610#55 TX
2018-04-04 19:52:22 can0 18FF1720#21FFFFFFFFFFFFFF RX
2018-04-04 19:52:22 can0 18FF2420#4D0E0000F0FFFFFF RX
2018-04-04 19:52:22 can0 18FF1610#55 TX
2018-04-04 19:52:23 can0 18FF1720#21FFFFFFFFFFFFFF RX
2018-04-04 19:52:23 can0 18FF2420#4D0E0000F0FFFFFF RX
2018-04-04 19:52:23 can0 18FF1610#55 TX
2018-04-04 19:52:24 can0 18FF1720#21FFFFFFFFFFFFFF RX
2018-04-04 19:52:24 can0 18FF2420#4D0E0000F0FFFFFF RX
2018-04-04 19:52:24 can0 18FF1610#55 TX
2018-04-04 19:52:25 can0 18FF1720#21FFFFFFFFFFFFFF RX
2018-04-04 19:52:25 can0 18FF2420#4D0E0000F0FFFFFF RX
2018-04-04 19:52:25 can0 18FF1610#55 TX
2018-04-04 19:52:26 can0 18FF1720#21FFFFFFFFFFFFFF RX
2018-04-04 19:52:26 can0 18FF2420#4D0E0000F0FFFFFF RX
2018-04-04 19:52:26 can0 18FF1610#55 TX
2018-04-04 19:52:27 can0 18FF1720#21FFFFFFFFFFFFFF RX
2018-04-04 19:52:27 can0 18FF2420#4D0E0000F0FFFFFF RX
2018-04-04 19:52:27 can0 18FF1610#55 TX
2018-04-04 19:52:28 can0 18FF1720#21FFFFFFFFFFFFFF RX
2018-04-04 19:52:28 can0 18FF2420#4D0E0000F0FFFFFF RX
2018-04-04 19:52:28 can0 18FF1610#55 TX
2018-04-04 19:52:29 can0 18FF1720#21FFFFFFFFFFFFFF RX
2018-04-04 19:52:29 can0 18FF2420#4D0E0000F0FFFFFF RX
2018-04-04 19:52:29 can0 18FF1610#55 TX
2018-04-04 19:52:30 can0 18FF1720#21FFFFFFFFFFFFFF RX
2018-04-04 19:52:30 can0 18FF2420#4D0E0000F0FFFFFF RX
2018-04-04 19:52:30 can0 18FF1610#55 TX
2018-04-04 19:52:31 can0 18FF1720#21FFFFFFFFFFFFFF RX
2018-04-04 19:52:31 can0 18FF2420#4D0E0000F0FFFFFF RX
2018-04-04 19:52:31 can0 18FF1610#55 TX
2018-04-04 19:52:32 can0 18FF1720#21FFFFFFFFFFFFFF RX
2018-04-04 19:52:32 can0 18FF2420#4D0E0000F0FFFFFF RX
2018-04-04 19:52:32 can0 18FF1610#55 TX
2018-04-04 19:52:33 can0 18FF1720#21FFFFFFFFFFFFFF RX
2018-04-04 19:52:33 can0 18FF2420#4D0E0000F0FFFFFF RX
2018-04-04 19:52:33 can0 18FF1610#55 TX
2018-04-04 19:52:34 can0 18FF1720#21FFFFFFFFFFFFFF RX
2018-04-04 19:52:34 can0 18FF2420#4D0E0000F0FFFFFF RX
2018-04-04 19:52:34 can0 18FF1610#55 TX
2018-04-04 19:52:35 can0 18FF1720#21FFFFFFFFFFFFFF RX
2018-04-04 19:52:35 can0 18FF2420#4D0E0000F0FFFFFF RX
2018-04-04 19:52:35 can0 18FF1610#55 TX
2018-04-04 19:52:36 can0 18FF1720#21FFFFFFFFFFFFFF RX
2018-04-04 19:52:36 can0 18FF2420#4D0E0000F0FFFFFF RX
2018-04-04 19:52:36 can0 18FF1610#55 TX
2018-04-04 19:52:37 can0 18FF1720#21FFFFFFFFFFFFFF RX
2018-04-04 19:52:37 can0 18FF2420#4D0E0000F0FFFFFF RX
2018-04-04 19:52:37 can0 18FF1610#55 TX
2018-04-04 19:52:38 can0 18FF1720#21FFFFFFFFFFFFFF RX
2018-04-04 19:52:38 can0 18FF2420#4D0E0000F0FFFFFF RX
2018-04-04 19:52:38 can0 18FF1610#55 TX
2018-04-04 19:52:39 can0 18FF1720#21FFFFFFFFFFFFFF RX
2018-04-04 19:52:39 can0 18FF2420#4D0E0000F0FFFFFF RX
2018-04-04 19:52:39 can0 18FF1610#55 TX
2018-04-04 19:52:40 can0 18FF1720#21FFFFFFFFFFFFFF RX
2018-04-04 19:52:40 can0 18FF2420#4D0E0000F0FFFFFF RX
2018-04-04 19:52:40 can0 18FF2320#52029500AF0300FF RX
2018-04-04 19:52:40 can0 18FF1610#55 TX
2018-04-04 19:52:41 can0 18FF1720#21FFFFFFFFFFFFFF RX
2018-04-04 19:52:41 can0 18FF2420#4D0E0000F0FFFFFF RX
2018-04-04 19:52:41 can0 18FF1610#55 TX
2018-04-04 19:52:42 can0 18FF1720#21FFFFFFFFFFFFFF RX
2018-04-04 19:52:42 can0 18FF2420#4D0E0000F0FFFFFF RX
2018-04-04 19:52:42 can0 18FF1610#55 TX
2018-04-04 19:52:43 can0 18FF1720#21FFFFFFFFFFFFFF RX
2018-04-