2018-04-17 15:25:05  can0  18FF1610#55 TX
2018-04-17 15:25:05  can0  18FF2500#297300540100FCFF RX
2018-04-17 15:25:05  can0  18FF1610#55 TX
2018-04-17 15:25:05  can0  18FF2400#4D0E0000F0FFFFFF RX
2018-04-17 15:25:05  can0  18FF1610#55 TX
2018-04-17 15:25:06  can0  18FF2500#297300540100FCFF RX
2018-04-17 15:25:06  can0  18FF1610#55 TX
2018-04-17 15:25:06  can0  18FF2400#4D0E0000F0FFFFFF RX
2018-04-17 15:25:06  can0  18FF1610#55 TX
2018-04-17 15:25:07  can0  18FF2500#297300540100FCFF RX
2018-04-17 15:25:07  can0  18FF1610#55 TX
2018-04-17 15:25:07  can0  18FF2400#4D0E0000F0FFFFFF RX
2018-04-17 15:25:07  can0  18FF1610#55 TX
2018-04-17 15:25:08  can0  18FF2500#297300540100FCFF RX
2018-04-17 15:25:08  can0  18FF1610#55 TX
2018-04-17 15:25:08  can0  18FF2400#4D0E0000F0FFFFFF RX
2018-04-17 15:25:08  can0  18FF1610#55 TX
2018-04-17 15:25:09  can0  18FF2500#297300540100FCFF RX
2018-04-17 15:25:09  can0  18FF1610#55 TX
2018-04-17 15:25:09  can0  18FF2400#4D0E0000F0FFFFFF RX
2018-04-17 15:25:09  can0  18FF1610#55 TX
2018-04-17 15:25:10  can0  18FF2500#297300540100FCFF RX
2018-04-17 15:25:10  can0  18FF1610#55 TX
2018-04-17 15:25:10  can0  18FF2400#4D0E0000F0FFFFFF RX
2018-04-17 15:25:10  can0  18FF1610#55 TX
2018-04-17 15:25:11  can0  18FF2500#297300540100FCFF RX
2018-04-17 15:25:11  can0  18FF1610#55 TX
2018-04-17 15:25:11  can0  18FF2400#4D0E0000F0FFFFFF RX
2018-04-17 15:25:11  can0  18FF1610#55 TX
2018-04-17 15:25:12  can0  18FF2500#297300540100FCFF RX
2018-04-17 15:25:12  can0  18FF1610#55 TX
2018-04-17 15:25:12  can0  18FF2400#4D0E0000F0FFFFFF RX
2018-04-17 15:25:12  can0  18FF1610#55 TX
2018-04-17 15:25:13  can0  18FF2500#297300540100FCFF RX
2018-04-17 15:25:13  can0  18FF1610#55 TX
2018-04-17 15:25:13  can0  18FF2400#4D0E0000F0FFFFFF RX
2018-04-17 15:25:13  can0  18FF1610#55 TX
2018-04-17 15:25:14  can0  18FF2500#297300540100FCFF RX
2018-04-17 15:25:14  can0  18FF1610#55 TX
2018-04-17 15:25:14  can0  18FF2400#4D0E0000F0FFFFFF RX
2018-04-17 15:25:14  can0  18FF1610#55 TX
2018-04-17 15:25:15  can0  18FF2500#297300540100FCFF RX
2018-04-17 15:25:15  can0  18FF1610#55 TX
2018-04-17 15:25:15  can0  18FF2400#4D0E0000F0FFFFFF RX
2018-04-17 15:25:15  can0  18FF1610#55 TX
2018-04-17 15:25:16  can0  18FF1720#21FFFFFFFFFFFFFF RX
2018-04-17 15:25:16  can0  18FF1610#55 TX
2018-04-17 15:25:16  can0  18FF2420#4D0E0000F0FFFFFF RX
2018-04-17 15:25:16  can0  18FF1610#55 TX
2018-04-17 15:25:17  can0  18FF1720#21FFFFFFFFFFFFFF RX
2018-04-17 15:25:17  can0  18FF1610#55 TX
2018-04-17 15:25:17  can0  18FF2420#4D0E0000F0FFFFFF RX
2018-04-17 15:25:17  can0  18FF1610#55 TX
2018-04-17 15:25:18  can0  18FF1720#21FFFFFFFFFFFFFF RX
2018-04-17 15:25:18  can0  18FF1610#55 TX
2018-04-17 15:25:18  can0  18FF2420#4D0E0000F0FFFFFF RX
2018-04-17 15:25:18  can0  18FF1610#55 TX
2018-04-17 15:25:19  can0  18FF1720#21FFFFFFFFFFFFFF RX
2018-04-17 15:25:19  can0  18FF1610#55 TX
2018-04-17 15:25:19  can0  18FF2420#4D0E0000F0FFFFFF RX
2018-04-17 15:25:19  can0  18FF1610#55 TX
2018-04-17 15:25:20  can0  18FF1720#21FFFFFFFFFFFFFF RX
2018-04-17 15:25:20  can0  18FF1610#55 TX
2018-04-17 15:25:20  can0  18FF2420#4D0E0000F0FFFFFF RX
2018-04-17 15:25:20  can0  18FF1610#55 TX
2018-04-17 15:25:21  can0  18FF1720#21FFFFFFFFFFFFFF RX
2018-04-17 15:25:21  can0  18FF1610#55 TX
2018-04-17 15:25:21  can0  18FF2420#4D0E0000F0FFFFFF RX
2018-04-17 15:25:21  can0  18FF1610#55 TX
2018-04-17 15:25:22  can0  18FF1720#21FFFFFFFFFFFFFF RX
2018-04-17 15:25:22  can0  18FF1610#55 TX
2018-04-17 15:25:22  can0  18FF2420#4D0E0000F0FFFFFF RX
2018-04-17 15:25:22  can0  18FF1610#55 TX
2018-04-17 15:25:23  can0  18FF1720#21FFFFFFFFFFFFFF RX
2018-04-17 15:25:23  can0  18FF1610#55 TX
2018-04-17 15:25:23  can0  18FF2420#4D0E0000F0FFFFFF RX
2018-04-17 15:25:23  can0  18FF1610#55 TX
2018-04-17 15:25:24  can0  18FF1720#21FFFFFFFFFFFFFF RX
2018-04-17 15:25:24  can0  18FF1610#55 TX
2018-04-17 15:25:24  can0  18FF2420#4D0E0000F0FFFFFF RX
2018-04-17 15:25:24  can0  18FF1610#55 TX
2018-04-17 15:25:25  can0  18FF1720#21FFFFFFFFFFFFFF RX
2018-04-17 15:25:25  can0  18FF1610#55 TX
2018-04-17 15:25:25  can0  18FF2420#4D0E0000F0FFFFFF RX
2018-04-17 15:25:25  can0  18FF1610#55 TX
2018-04-17 15:25:26  can0  18FF1720#21FFFFFFFFFFFFFF RX
2018-04-17 15:25:26  can0  18FF1610#55 TX
2018-04-17 15:25:26  can0  18FF2420#4D0E0000F0FFFFFF RX
2018-04-17 15:25:26  can0  18FF1610#55 TX
2018-04-17 15:25:27  can0  18FF1720#21FFFFFFFFFFFFFF RX
2018-04-17 15:25:27  can0  18FF1610#55 TX
2018-04-17 15:25:27  can0  18FF2420#4D0E0000F0FFFFFF RX
2018-04-17 15:25:27  can0  18FF1610#55 TX
2018-04-17 15:25:28  can0  18FF1720#21FFFFFFFFFFFFFF RX
2018-04-17 15:25:28  can0  18FF1610#55 TX
2018-04-17 15:25:28  can0  18FF2420#4D0E0000F0FFFFFF RX
2018-04-17 15:25:28  can0  18FF1610#55 TX
2018-04-17 15:25:29  can0  18FF1720#21FFFFFFFFFFFFFF RX
2018-04-17 15:25:29  can0  18FF1610#55 TX
2018-04-17 15:25:29  can0  18FF2420#4D0E0000F0FFFFFF RX
2018-04-17 15:25:29  can0  18FF1610#55 TX
2018-04-17 15:25:30  can0  18FF1720#21FFFFFFFFFFFFFF RX
2018-04-17 15:25:30  can0  18FF1610#55 TX
2018-04-17 15:25:30  can0  18FF2420#4D0E0000F0FFFFFF RX
2018-04-17 15:25:30  can0  18FF1610#55 TX
2018-04-17 15:25:31  can0  18FF1720#21FFFFFFFFFFFFFF RX
2018-04-17 15:25:31  can0  18FF1610#55 TX
2018-04-17 15:25:31  can0  18FF2420#4D0E0000F0FFFFFF RX
2018-04-17 15:25:31  can0  18FF1610#55 TX
2018-04-17 15:25:32  can0  18FF1720#21FFFFFFFFFFFFFF RX
2018-04-17 15:25:32  can0  18FF1610#55 TX
2018-04-17 15:25:32  can0  18FF2420#4D0E0000F0FFFFFF RX
2018-04-17 15:25:32  can0  18FF1610#55 TX
2018-04-17 15:25:33  can0  18FF1720#21FFFFFFFFFFFFFF RX
2018-04-17 15:25:33  can0  18FF1610#55 TX
2018-04-17 15:25:33  can0  18FF2420#4D0E0000F0FFFFFF RX
2018-04-17 15:25:33  can0  18FF1610#55 TX
2018-04-17 15:25:34  can0  18FF1720#21FFFFFFFFFFFFFF RX
2018-04-17 15:25:34  can0  18FF1610#55 TX
2018-04-17 15:25:34  can0  18FF2420#4D0E0000F0FFFFFF RX
2018-04-17 15:25:34  can0  18FF1610#55 TX
2018-04-17 15:25:35  can0  18FF1720#21FFFFFFFFFFFFFF RX
2018-04-17 15:25:35  can0  18FF1610#55 TX
2018-04-17 15:25:35  can0  18FF2420#4D0E0000F0FFFFFF RX
2018-04-17 15:25:35  can0  18FF1610#55 TX
2018-04-17 15:25:36  can0  18FF1720#21FFFFFFFFFFFFFF RX
2018-04-17 15:25:36  can0  18FF1610#55 TX
2018-04-17 15:25:36  can0  18FF2420#4D0E0000F0FFFFFF RX
2018-04-17 15:25:36  can0  18FF1610#55 TX
2018-04-17 15:25:37  can0  18FF1720#21FFFFFFFFFFFFFF RX
2018-04-17 15:25:37  can0  18FF1610#55 TX
2018-04-17 15:25:37  can0  18FF2420#4D0E0000F0FFFFFF RX
2018-04-17 15:25:37  can0  18FF1610#55 TX
2018-04-17 15:25:38  can0  18FF1720#21FFFFFFFFFFFFFF RX
2018-04-17 15:25:38  can0  18FF1610#55 TX
2018-04-17 15:25:38  can0  18FF2420#4D0E0000F0FFFFFF RX
2018-04-17 15:25:38  can0  18FF1610#55 TX
2018-04-17 15:25:39  can0  18FF1720#21FFFFFFFFFFFFFF RX
2018-04-17 15:25:39  can0  18FF1610#65 TX
2018-04-17 15:25:39  can0  18FF2420#4D0E0000F0FFFFFF RX
2018-04-17 15:25:39  can0  18FF1610#65 TX
2018-04-17 15:25:40  can0  18FF1720#21FFFFFFFFFFFFFF RX
2018-04-17 15:25:40  can0  18FF1610#65 TX
2018-04-17 15:25:40  can0  18FF2420#4D0E0000F0FFFFFF RX
2018-04-17 15:25:40  can0  18FF1610#65 TX
2018-04-17 15:25:41  can0  18FF1610#65 TX
No response from generator
Time Out Error: CAN line might be disconnected or generator can interface is down
Resetting CAN interface on server
2018-04-17 15:25:42  can0  18FF1720#27FFFFFFFFFFFFFF RX
2018-04-17 15:25:42  can0  18FF1610#65 TX
2018-04-17 15:25:42  can0  18FF2420#4D0E0000F0FFFFFF RX
2018-04-17 15:25:42  can0  18FF1610#65 TX
2018-04-17 15:25:43  can0  18FF1720#27FFFFFFFFFFFFFF RX
2018-04-17 15:25:43  can0  18FF1610#65 TX
2018-04-17 15:25:43  can0  18FF2420#4D0E0000F0FFFFFF RX
2018-04-17 15:25:43  can0  18FF1610#65 TX
2018-04-17 15:25:44  can0  18FF1720#27FFFFFFFFFFFFFF RX
2018-04-17 15:25:44  can0  18FF1610#65 TX
2018-04-17 15:25:44  can0  18FF2420#4D0E0000F0FFFFFF RX
2018-04-17 15:25:44  can0  18FF1610#65 TX
2018-04-17 15:25:45  can0  18FF1720#27FFFFFFFFFFFFFF RX
2018-04-17 15:25:45  can0  18FF1610#65 TX
2018-04-17 15:25:45  can0  18FF2420#4D0E0000F0FFFFFF RX
2018-04-17 15:25:45  can0  18FF1610#65 TX
2018-04-17 15:25:46  can0  18FF1720#27FFFFFFFFFFFFFF RX
2018-04-17 15:25:46  can0  18FF1610#65 TX
2018-04-17 15:25:46  can0  18FF2420#4D0E0000F0FFFFFF RX
2018-04-17 15:25:46  can0  18FF1610#65 TX
2018-04-17 15:25:47  can0  18FF1720#27FFFFFFFFFFFFFF RX
2018-04-17 15:25:47  can0  18FF1610#65 TX
2018-04-17 15:25:47  can0  18FF2420#4D0E0000F0FFFFFF RX
2018-04-17 15:25:47  can0  18FF1610#65 TX
2018-04-17 15:25:48  can0  18FF1720#27FFFFFFFFFFFFFF RX
2018-04-17 15:25:48  can0  18FF1610#65 TX
2018-04-17 15:25:48  can0  18FF2420#4D0E0000F0FFFFFF RX
2018-04-17 15:25:48  can0  18FF1610#65 TX
2018-04-17 15:25:49  can0  18FF1720#27FFFFFFFFFFFFFF RX
2018-04-17 15:25:49  can0  18FF1610#65 TX
2018-04-17 15:25:49  can0  18FF2420#4D0E0000F0FFFFFF RX
2018-04-17 15:25:49  can0  18FF1610#65 TX
2018-04-17 15:25:50  can0  18FF1720#27FFFFFFFFFFFFFF RX
2018-04-17 15:25:50  can0  18FF1610#65 TX
2018-04-17 15:25:50  can0  18FF2420#4D0E0000F0FFFFFF RX
2018-04-17 15:25:50  can0  18FF1610#65 TX
2018-04-17 15:25:51  can0  18FF1720#27FFFFFFFFFFFFFF RX
2018-04-17 15:25:51  can0  18FF1610#65 TX
2018-04-17 15:25:51  can0  18FF2420#4D0E0000F0FFFFFF RX
2018-04-17 15:25:51  can0  18FF1610#65 TX
2018-04-17 15:25:52  can0  18FF1720#27FFFFFFFFFFFFFF RX
2018-04-17 15:25:52  can0  18FF1610#65 TX
2018-04-17 15:25:52  can0  18FF2420#4D0E0000F0FFFFFF RX
2018-04-17 15:25:52  can0  18FF1610#65 TX
2018-04-17 15:25:53  can0  18FF1720#27FFFFFFFFFFFFFF RX
2018-04-17 15:25:53  can0  18FF1610#65 TX
2018-04-17 15:25:53  can0  18FF2420#4D0E0000F0FFFFFF RX
2018-04-17 15:25:53  can0  18FF1610#65 TX
2018-04-17 15:25:54  can0  18FF1720#27FFFFFFFFFFFFFF RX
2018-04-17 15:25:54  can0  18FF1610#65 TX
2018-04-17 15:25:54  can0  18FF2420#4D0E0000F0FFFFFF RX
2018-04-17 15:25:54  can0  18FF1610#65 TX
2018-04-17 15:25:55  can0  18FF1720#27FFFFFFFFFFFFFF RX
2018-04-17 15:25:55  can0  18FF1610#65 TX
2018-04-17 15:25:55  can0  18FF2420#4D0E0000F0FFFFFF RX
2018-04-17 15:25:55  can0  18FF1610#65 TX
2018-04-17 15:25:56  can0  18FF1720#27FFFFFFFFFFFFFF RX
2018-04-17 15:25:56  can0  18FF1610#65 TX
2018-04-17 15:25:56  can0  18FF2420#4D0E0000F0FFFFFF RX
2018-04-17 15:25:56  can0  18FF1610#65 TX
2018-04-17 15:25:57  can0  18FF1720#27FFFFFFFFFFFFFF RX
2018-04-17 15:25:57  can0  18FF1610#65 TX
2018-04-17 15:25:57  can0  18FF2420#4D0E0000F0FFFFFF RX
2018-04-17 15:25:57  can0  18FF1610#65 TX
2018-04-17 15:25:58  can0  18FF1720#27FFFFFFFFFFFFFF RX
2018-04-17 15:25:58  can0  18FF1610#65 TX
2018-04-17 15:25:58  can0  18FF2420#4D0E0000F0FFFFFF RX
2018-04-17 15:25:58  can0  18FF1610#65 TX
2018-04-17 15:25:59  can0  18FF1720#27FFFFFFFFFFFFFF RX
2018-04-17 15:25:59  can0  18FF1610#65 TX
2018-04-17 15:25:59  can0  18FF2420#4D0E0000F0FFFFFF RX
2018-04-17 15:25:59  can0  18FF1610#65 TX
2018-04-17 15:26:00  can0  18FF1720#27FFFFFFFFFFFFFF RX
2018-04-17 15:26:00  can0  18FF1610#65 TX
2018-04-17 15:26:00  can0  18FF2420#4D0E0000F0FFFFFF RX
2018-04-17 15:26:00  can0  18FF1610#65 TX
2018-04-17 15:26:01  can0  18FF1720#27FFFFFFFFFFFFFF RX
2018-04-17 15:26:01  can0  18FF1610#65 TX
2018-04-17 15:26:01  can0  18FF2420#4D0E0000F0FFFFFF RX
2018-04-17 15:26:01  can0  18FF1610#65 TX
2018-04-17 15:26:02  can0  18FF1720#27FFFFFFFFFFFFFF RX
2018-04-17 15:26:02  can0  18FF1610#65 TX
2018-04-17 15:26:02  can0  18FF2420#4D0E0000F0FFFFFF RX
2018-04-17 15:26:02  can0  18FF1610#65 TX
2018-04-17 15:26:03  can0  18FF1720#27FFFFFFFFFFFFFF RX
2018-04-17 15:26:03  can0  18FF1610#65 TX
2018-04-17 15:26:03  can0  18FF2420#4D0E0000F0FFFFFF RX
2018-04-17 15:26:03  can0  18FF1610#65 TX
2018-04-17 15:26:04  can0  18FF1720#27FFFFFFFFFFFFFF RX
2018-04-17 15:26:04  can0  18FF1610#65 TX
2018-04-17 15:26:04  can0  18FF2420#4D0E0000F0FFFFFF RX
2018-04-17 15:26:04  can0  18FF1610#65 TX
2018-04-17 15:26:05  can0  18FF1720#27FFFFFFFFFFFFFF RX
2018-04-17 15:26:05  can0  18FF1610#65 TX
2018-04-17 15:26:05  can0  18FF2420#4D0E0000F0FFFFFF RX
2018-04-17 15:26:05  can0  18FF1610#65 TX
2018-04-17 15:26:06  can0  18FF1720#27FFFFFFFFFFFFFF RX
2018-04-17 15:26:06  can0  18FF1610#65 TX
2018-04-17 15:26:06  can0  18FF2420#4D0E0000F0FFFFFF RX
2018-04-17 15:26:06  can0  18FF1610#65 TX
2018-04-17 15:26:07  can0  18FF1720#27FFFFFFFFFFFFFF RX
2018-04-17 15:26:07  can0  18FF1610#65 TX
2018-04-17 15:26:07  can0  18FF2420#4D0E0000F0FFFFFF RX
2018-04-17 15:26:07  can0  18FF1610#65 TX
2018-04-17 15:26:08  can0  18FF1720#27FFFFFFFFFFFFFF RX
2018-04-17 15:26:08  can0  18FF1610#65 TX
2018-04-17 15:26:08  can0  18FF2420#4D0E0000F0FFFFFF RX
2018-04-17 15:26:08  can0  18FF1610#65 TX
2018-04-17 15:26:09  can0  18FF1720#27FFFFFFFFFFFFFF RX
2018-04-17 15:26:09  can0  18FF1610#65 TX
2018-04-17 15:26:09  can0  18FF2420#4D0E0000F0FFFFFF RX
2018-04-17 15:26:09  can0  18FF1610#65 TX
2018-04-17 15:26:10  can0  18FF1720#27FFFFFFFFFFFFFF RX
2018-04-17 15:26:10  can0  18FF1610#65 TX
2018-04-17 15:26:10  can0  18FF2420#4D0E0000F0FFFFFF RX
2018-04-17 15:26:10  can0  18FF1610#65 TX
2018-04-17 15:26:11  can0  18FF1720#25FFFFFFFFFFFFFF RX
2018-04-17 15:26:11  can0  18FF1610#65 TX
2018-04-17 15:26:11  can0  18FF2420#4D0E0000F0FFFFFF RX
2018-04-17 15:26:11  can0  18FF1610#65 TX
2018-04-17 15:26:12  can0  18FF1720#25FFFFFFFFFFFFFF RX
2018-04-17 15:26:12  can0  18FF1610#65 TX
2018-04-17 15:26:12  can0  18FF2420#4D0E0000F0FFFFFF RX
2018-04-17 15:26:12  can0  18FF1610#65 TX
2018-04-17 15:26:13  can0  18FF1720#25FFFFFFFFFFFFFF RX
2018-04-17 15:26:13  can0  18FF1610#65 TX
2018-04-17 15:26:13  can0  18FF2420#4D0E0000F0FFFFFF RX
2018-04-17 15:26:13  can0  18FF1610#65 TX
2018-04-17 15:26:14  can0  18FF1720#25FFFFFFFFFFFFFF RX
2018-04-17 15:26:14  can0  18FF1610#65 TX
2018-04-17 15:26:14  can0  18FF2420#4D0E0000F0FFFFFF RX
2018-04-17 15:26:14  can0  18FF1610#65 TX
2018-04-17 15:26:15  can0  18FF1720#25FFFFFFFFFFFFFF RX
2018-04-17 15:26:15  can0  18FF1610#65 TX
2018-04-17 15:26:15  can0  18FF2420#4D0E0000F0FFFFFF RX
2018-04-17 15:26:15  can0  18FF1610#65 TX
2018-04-17 15:26:16  can0  18FF1720#25FFFFFFFFFFFFFF RX
2018-04-17 15:26:16  can0  18FF1610#65 TX
2018-04-17 15:26:16  can0  18FF2420#4D0E0000F0FFFFFF RX
2018-04-17 15:26:16  can0  18FF1610#65 TX
2018-04-17 15:26:17  can0  18FF1720#25FFFFFFFFFFFFFF RX
2018-04-17 15:26:17  can0  18FF1610#65 TX
2018-04-17 15:26:17  can0  18FF2420#4D0E0000F0FFFFFF RX
2018-04-17 15:26:17  can0  18FF1610#65 TX
2018-04-17 15:26:18  can0  18FF1720#25FFFFFFFFFFFFFF RX
2018-04-17 15:26:18  can0  18FF1610#65 TX
2018-04-17 15:26:18  can0  18FF2420#4D0E0000F0FFFFFF RX
2018-04-17 15:26:18  can0  18FF1610#65 TX
2018-04-17 15:26:19  can0  18FF1720#25FFFFFFFFFFFFFF RX
2018-04-17 15:26:19  can0  18FF1610#65 TX
2018-04-17 15:26:19  can0  18FF2420#4D0E0000F0FFFFFF RX
2018-04-17 15:26:19  can0  18FF1610#65 TX
2018-04-17 15:26:20  can0  18FF1720#25FFFFFFFFFFFFFF RX
2018-04-17 15:26:20  can0  18FF1610#65 TX
2018-04-17 15:26:20  can0  18FF2420#4D0E0000F0FFFFFF RX
2018-04-17 15:26:20  can0  18FF1610#65 TX
2018-04-17 15:26:21  can0  18FF1720#25FFFFFFFFFFFFFF RX
2018-04-17 15:26:21  can0  18FF1610#65 TX
2018-04-17 15:26:21  can0  18FF2420#4D0E0000F0FFFFFF RX
2018-04-17 15:26:21  can0  18FF1610#65 TX
2018-04-17 15:26:22  can0  18FF1720#25FFFFFFFFFFFFFF RX
2018-04-17 15:26:22  can0  18FF1610#65 TX
2018-04-17 15:26:22  can0  18FF2420#4D0E0000F0FFFFFF RX
2018-04-17 15:26:22  can0  18FF1610#65 TX
2018-04-17 15:26:23  can0  18FF1720#25FFFFFFFFFFFFFF RX
2018-04-17 15:26:23  can0  18FF1610#65 TX
2018-04-17 15:26:23  can0  18FF2420#4D0E0000F0FFFFFF RX
2018-04-17 15:26:23  can0  18FF1610#65 TX
2018-04-17 15:26:24  can0  18FF1720#25FFFFFFFFFFFFFF RX
2018-04-17 15:26:24  can0  18FF1610#65 TX
2018-04-17 15:26:24  can0  18FF2420#4D0E0000F0FFFFFF RX
2018-04-17 15:26:24  can0  18FF1610#65 TX
2018-04-17 15:26:25  can0  18FF1720#25FFFFFFFFFFFFFF RX
2018-04-17 15:26:25  can0  18FF1610#65 TX
2018-04-17 15:26:25  can0  18FF2420#4D0E0000F0FFFFFF RX
2018-04-17 15:26:25  can0  18FF1610#65 TX
2018-04-17 15:26:26  can0  18FF1720#25FFFFFFFFFFFFFF RX
2018-04-17 15:26:26  can0  18FF1610#65 TX
2018-04-17 15:26:26  can0  18FF2420#4D0E0000F0FFFFFF RX
2018-04-17 15:26:26  can0  18FF1610#65 TX
2018-04-17 15:26:27  can0  18FF1720#25FFFFFFFFFFFFFF RX
2018-04-17 15:26:27  can0  18FF1610#65 TX
2018-04-17 15:26:27  can0  18FF2420#4D0E0000F0FFFFFF RX
2018-04-17 15:26:27  can0  18FF1610#65 TX
2018-04-17 15:26:28  can0  18FF1720#25FFFFFFFFFFFFFF RX
2018-04-17 15:26:28  can0  18FF1610#65 TX
2018-04-17 15:26:28  can0  18FF2420#4D0E0000F0FFFFFF RX
2018-04-17 15:26:28  can0  18FF1610#65 TX
2018-04-17 15:26:29  can0  18FF1720#25FFFFFFFFFFFFFF RX
2018-04-17 15:26:29  can0  18FF1610#65 TX
2018-04-17 15:26:29  can0  18FF2420#4D0E0000F0FFFFFF RX
2018-04-17 15:26:29  can0  18FF1610#65 TX
2018-04-17 15:26:30  can0  18FF1720#25FFFFFFFFFFFFFF RX
2018-04-17 15:26:30  can0  18FF1610#65 TX
2018-04-17 15:26:30  can0  18FF2420#4D0E0000F0FFFFFF RX
2018-04-17 15:26:30  can0  18FF1610#65 TX
2018-04-17 15:26:31  can0  18FF1720#25FFFFFFFFFFFFFF RX
2018-04-17 15:26:31  can0  18FF1610#65 TX
2018-04-17 15:26:31  can0  18FF2420#4D0E0000F0FFFFFF RX
2018-04-17 15:26:31  can0  18FF1610#65 TX
2018-04-17 15:26:32  can0  18FF1720#25FFFFFFFFFFFFFF RX
2018-04-17 15:26:32  can0  18FF1610#65 TX
2018-04-17 15:26:32  can0  18FF2420#4D0E0000F0FFFFFF RX
2018-04-17 15:26:32  can0  18FF1610#65 TX
2018-04-17 15:26:33  can0  18FF1720#25FFFFFFFFFFFFFF RX
2018-04-17 15:26:33  can0  18FF1610#65 TX
2018-04-17 15:26:33  can0  18FF2420#4D0E0000F0FFFFFF RX
2018-04-17 15:26:33  can0  18FF1610#65 TX
2018-04-17 15:26:34  can0  18FF1720#25FFFFFFFFFFFFFF RX
2018-04-17 15:26:34  can0  18FF1610#65 TX
2018-04-17 15:26:34  can0  18FF2420#4D0E0000F0FFFFFF RX
2018-04-17 15:26:34  can0  18FF1610#65 TX
2018-04-17 15:26:35  can0  18FF1720#25FFFFFFFFFFFFFF RX
2018-04-17 15:26:35  can0  18FF1610#A5 TX
2018-04-17 15:26:35  can0  18FF2420#4D0E0000F0FFFFFF RX
2018-04-17 15:26:35  can0  18FF1610#A5 TX
2018-04-17 15:26:36  can0  18FF1720#25FFFFFFFFFFFFFF RX
2018-04-17 15:26:36  can0  18FF1610#A5 TX
2018-04-17 15:26:36  can0  18FF2420#4D0E0000F0FFFFFF RX
2018-04-17 15:26:36  can0  18FF1610#A5 TX
2018-04-17 15:26:37  can0  18FF1720#25FFFFFFFFFFFFFF RX
2018-04-17 15:26:37  can0  18FF1610#A5 TX
2018-04-17 15:26:37  can0  18FF2420#4D0E0000F8FFFFFF RX
2018-04-17 15:26:37  can0  18FF1610#A5 TX
2018-04-17 15:26:38  can0  18FF1720#25FFFFFFFFFFFFFF RX
2018-04-17 15:26:38  can0  18FF1610#A5 TX
2018-04-17 15:26:38  can0  18FF2420#4D0E0000F8FFFFFF RX
2018-04-17 15:26:38  can0  18FF1610#A5 TX
2018-04-17 15:26:39  can0  18FF1720#25FFFFFFFFFFFFFF RX
2018-04-17 15:26:39  can0  18FF1610#A5 TX
2018-04-17 15:26:39  can0  18FF2420#4D0E0000F8FFFFFF RX
2018-04-17 15:26:39  can0  18FF1610#A5 TX
2018-04-17 15:26:40  can0  18FF1720#25FFFFFFFFFFFFFF RX
2018-04-17 15:26:40  can0  18FF1610#A5 TX
2018-04-17 15:26:40  can0  18FF2420#4D0E0000F8FFFFFF RX
2018-04-17 15:26:40  can0  18FF1610#A5 TX
2018-04-17 15:26:41  can0  18FF1720#25FFFFFFFFFFFFFF RX
2018-04-17 15:26:41  can0  18FF1610#A5 TX
2018-04-17 15:26:41  can0  18FF2420#4D0E0000F8FFFFFF RX
2018-04-17 15:26:41  can0  18FF1610#A5 TX
2018-04-17 15:26:42  can0  18FF1720#25FFFFFFFFFFFFFF RX
2018-04-17 15:26:42  can0  18FF1610#A5 TX
2018-04-17 15:26:42  can0  18FF2420#4D0E0000F8FFFFFF RX
2018-04-17 15:26:42  can0  18FF1610#A5 TX
2018-04-17 15:26:43  can0  18FF1720#25FFFFFFFFFFFFFF RX
2018-04-17 15:26:43  can0  18FF1610#A5 TX
2018-04-17 15:26:43  can0  18FF2420#4D0E0000F8FFFFFF RX
2018-04-17 15:26:43  can0  18FF1610#A5 TX
2018-04-17 15:26:44  can0  18FF1720#25FFFFFFFFFFFFFF RX
2018-04-17 15:26:44  can0  18FF1610#A5 TX
2018-04-17 15:26:44  can0  18FF2420#4D0E0000F8FFFFFF RX
2018-04-17 15:26:44  can0  18FF1610#A5 TX
2018-04-17 15:26:45  can0  18FF1720#25FFFFFFFFFFFFFF RX
2018-04-17 15:26:45  can0  18FF1610#A5 TX
2018-04-17 15:26:45  can0  18FF2420#4D0E0000F8FFFFFF RX
2018-04-17 15:26:45  can0  18FF1610#A5 TX
2018-04-17 15:26:46  can0  18FF1720#25FFFFFFFFFFFFFF RX
2018-04-17 15:26:46  can0  18FF1610#A5 TX
2018-04-17 15:26:46  can0  18FF2420#4D0E0000F8FFFFFF RX
2018-04-17 15:26:46  can0  18FF1610#A5 TX
2018-04-17 15:26:47  can0  18FF1720#25FFFFFFFFFFFFFF RX
2018-04-17 15:26:47  can0  18FF1610#A5 TX
2018-04-17 15:26:47  can0  18FF2420#4D0E0000F8FFFFFF RX
2018-04-17 15:26:47  can0  18FF1610#A5 TX
2018-04-17 15:26:48  can0  18FF1720#25FFFFFFFFFFFFFF RX
2018-04-17 15:26:48  can0  18FF1610#A5 TX
2018-04-17 15:26:48  can0  18FF2420#4D0E0000F8FFFFFF RX
2018-04-17 15:26:48  can0  18FF1610#A5 TX
2018-04-17 15:26:49  can0  18FF1720#25FFFFFFFFFFFFFF RX
2018-04-17 15:26:49  can0  18FF1610#A5 TX
2018-04-17 15:26:49  can0  18FF2420#4D0E0000F8FFFFFF RX
2018-04-17 15:26:49  can0  18FF1610#A5 TX
2018-04-17 15:26:50  can0  18FF1720#25FFFFFFFFFFFFFF RX
2018-04-17 15:26:50  can0  18FF1610#A5 TX
2018-04-17 15:26:50  can0  18FF2420#4D0E0000F8FFFFFF RX
2018-04-17 15:26:50  can0  18FF1610#A5 TX
2018-04-17 15:26:51  can0  18FF1720#25FFFFFFFFFFFFFF RX
2018-04-17 15:26:51  can0  18FF1610#A5 TX
2018-04-17 15:26:51  can0  18FF2420#4D0E0000F8FFFFFF RX
2018-04-17 15:26:51  can0  18FF1610#A5 TX
2018-04-17 15:26:52  can0  18FF1720#25FFFFFFFFFFFFFF RX
2018-04-17 15:26:52  can0  18FF1610#A5 TX
2018-04-17 15:26:52  can0  18FF2420#4D0E0000F8FFFFFF RX
2018-04-17 15:26:52  can0  18FF1610#A5 TX
2018-04-17 15:26:53  can0  18FF1720#25FFFFFFFFFFFFFF RX
2018-04-17 15:26:53  can0  18FF1610#A5 TX
2018-04-17 15:26:53  can0  18FF2420#4D0E0000F8FFFFFF RX
2018-04-17 15:26:53  can0  18FF1610#A5 TX
2018-04-17 15:26:54  can0  18FF1720#25FFFFFFFFFFFFFF RX
2018-04-17 15:26:54  can0  18FF1610#A5 TX
2018-04-17 15:26:54  can0  18FF2420#4D0E0000F8FFFFFF RX
2018-04-17 15:26:54  can0  18FF1610#A5 TX
2018-04-17 15:26:55  can0  18FF1720#25FFFFFFFFFFFFFF RX
2018-04-17 15:26:55  can0  18FF1610#A5 TX
2018-04-17 15:26:55  can0  18FF2420#4D0E0000F8FFFFFF RX
2018-04-17 15:26:55  can0  18FF1610#A5 TX
2018-04-17 15:26:56  can0  18FF1720#25FFFFFFFFFFFFFF RX
2018-04-17 15:26:56  can0  18FF1610#A5 TX
2018-04-17 15:26:56  can0  18FF2420#4D0E0000F8FFFFFF RX
2018-04-17 15:26:56  can0  18FF1610#A5 TX
2018-04-17 15:26:57  can0  18FF1720#25FFFFFFFFFFFFFF RX
2018-04-17 15:26:57  can0  18FF1610#A5 TX
2018-04-17 15:26:57  can0  18FF2420#4D0E0000F8FFFFFF RX
2018-04-17 15:26:57  can0  18FF1610#A5 TX
2018-04-17 15:26:58  can0  18FF1720#25FFFFFFFFFFFFFF RX
2018-04-17 15:26:58  can0  18FF1610#A5 TX
2018-04-17 15:26:58  can0  18FF2420#4D0E0000F8FFFFFF RX
2018-04-17 15:26:58  can0  18FF1610#A5 TX
2018-04-17 15:26:59  can0  18FF1720#25FFFFFFFFFFFFFF RX
2018-04-17 15:26:59  can0  18FF1610#A5 TX
2018-04-17 15:26:59  can0  18FF2420#4D0E0000F8FFFFFF RX
2018-04-17 15:26:59  can0  18FF1610#A5 TX
2018-04-17 15:27:00  can0  18FF1720#25FFFFFFFFFFFFFF RX
2018-04-17 15:27:00  can0  18FF1610#A5 TX
2018-04-17 15:27:00  can0  18FF2420#4D0E0000F8FFFFFF RX
2018-04-17 15:27:00  can0  18FF1610#A5 TX
2018-04-17 15:27:01  can0  18FF1720#25FFFFFFFFFFFFFF RX
2018-04-17 15:27:01  can0  18FF1610#A5 TX
2018-04-17 15:27:01  can0  18FF2420#4D0E0000F8FFFFFF RX
2018-04-17 15:27:01  can0  18FF1610#A5 TX
2018-04-17 15:27:02  can0  18FF1720#25FFFFFFFFFFFFFF RX
2018-04-17 15:27:02  can0  18FF1610#A5 TX
2018-04-17 15:27:02  can0  18FF2420#4D0E0000F8FFFFFF RX
2018-04-17 15:27:02  can0  18FF1610#A5 TX
2018-04-17 15:27:03  can0  18FF1720#25FFFFFFFFFFFFFF RX
2018-04-17 15:27:03  can0  18FF1610#A5 TX
2018-04-17 15:27:03  can0  18FF2420#4D0E0000F8FFFFFF RX
2018-04-17 15:27:03  can0  18FF1610#A5 TX
2018-04-17 15:27:04  can0  18FF1720#25FFFFFFFFFFFFFF RX
2018-04-17 15:27:04  can0  18FF1610#A5 TX
2018-04-17 15:27:04  can0  18FF2420#4D0E0000F8FFFFFF RX
2018-04-17 15:27:04  can0  18FF1610#A5 TX
2018-04-17 15:27:05  can0  18FF1720#25FFFFFFFFFFFFFF RX
2018-04-17 15:27:05  can0  18FF1610#A5 TX
2018-04-17 15:27:05  can0  18FF2420#4D0E0000F8FFFFFF RX
2018-04-17 15:27:05  can0  18FF1610#A5 TX
2018-04-17 15:27:06  can0  18FF1720#25FFFFFFFFFFFFFF RX
2018-04-17 15:27:06  can0  18FF1610#A5 TX
2018-04-17 15:27:06  can0  18FF2420#4D0E0000F8FFFFFF RX
2018-04-17 15:27:06  can0  18FF1610#A5 TX
2018-04-17 15:27:07  can0  18FF1720#25FFFFFFFFFFFFFF RX
2018-04-17 15:27:07  can0  18FF1610#A5 TX
2018-04-17 15:27:07  can0  18FF2420#4D0E0000F8FFFFFF RX
2018-04-17 15:27:07  can0  18FF1610#A5 TX
2018-04-17 15:27:08  can0  18FF1720#25FFFFFFFFFFFFFF RX
2018-04-17 15:27:08  can0  18FF1610#A5 TX
2018-04-17 15:27:08  can0  18FF2420#4D0E0000F8FFFFFF RX
2018-04-17 15:27:08  can0  18FF1610#A5 TX
2018-04-17 15:27:09  can0  18FF1720#25FFFFFFFFFFFFFF RX
2018-04-17 15:27:09  can0  18FF1610#A5 TX
2018-04-17 15:27:09  can0  18FF2420#4D0E0000F8FFFFFF RX
2018-04-17 15:27:09  can0  18FF1610#A5 TX
2018-04-17 15:27:10  can0  18FF1720#25FFFFFFFFFFFFFF RX
2018-04-17 15:27:10  can0  18FF1610#A5 TX
2018-04-17 15:27:10  can0  18FF2420#4D0E0000F8FFFFFF RX
2018-04-17 15:27:10  can0  18FF1610#A5 TX
2018-04-17 15:27:11  can0  18FF1720#25FFFFFFFFFFFFFF RX
2018-04-17 15:27:11  can0  18FF1610#A5 TX
2018-04-17 15:27:11  can0  18FF2420#4D0E0000F8FFFFFF RX
2018-04-17 15:27:11  can0  18FF1610#A5 TX
2018-04-17 15:27:12  can0  18FF1720#25FFFFFFFFFFFFFF RX
2018-04-17 15:27:12  can0  18FF1610#A5 TX
2018-04-17 15:27:12  can0  18FF2420#4D0E0000F8FFFFFF RX
2018-04-17 15:27:12  can0  18FF1610#A5 TX
2018-04-17 15:27:13  can0  18FF1720#25FFFFFFFFFFFFFF RX
2018-04-17 15:27:13  can0  18FF1610#A5 TX
2018-04-17 15:27:13  can0  18FF2420#4D0E0000F8FFFFFF RX
2018-04-17 15:27:13  can0  18FF1610#A5 TX
2018-04-17 15:27:14  can0  18FF1720#25FFFFFFFFFFFFFF RX
2018-04-17 15:27:14  can0  18FF1610#A5 TX
2018-04-17 15:27:14  can0  18FF2420#4D0E0000F8FFFFFF RX
2018-04-17 15:27:14  can0  18FF1610#A5 TX
2018-04-17 15:27:15  can0  18FF1720#25FFFFFFFFFFFFFF RX
2018-04-17 15:27:15  can0  18FF1610#A5 TX
2018-04-17 15:27:15  can0  18FF2420#4D0E0000F8FFFFFF RX
2018-04-17 15:27:15  can0  18FF1610#A5 TX
2018-04-17 15:27:16  can0  18FF1720#25FFFFFFFFFFFFFF RX
2018-04-17 15:27:16  can0  18FF1610#A5 TX
2018-04-17 15:27:16  can0  18FF2420#4D0E0000F8FFFFFF RX
2018-04-17 15:27:16  can0  18FF1610#A5 TX
2018-04-17 15:27:17  can0  18FF1720#25FFFFFFFFFFFFFF RX
2018-04-17 15:27:17  can0  18FF1610#A5 TX
2018-04-17 15:27:17  can0  18FF2420#4D0E0000F8FFFFFF RX
2018-04-17 15:27:17  can0  18FF1610#A5 TX
2018-04-17 15:27:18  can0  18FF1720#25FFFFFFFFFFFFFF RX
2018-04-17 15:27:18  can0  18FF1610#A5 TX
2018-04-17 15:27:18  can0  18FF2420#4D0E0000F8FFFFFF RX
2018-04-17 15:27:18  can0  18FF1610#A5 TX
2018-04-17 15:27:19  can0  18FF1720#25FFFFFFFFFFFFFF RX
2018-04-17 15:27:19  can0  18FF1610#A5 TX
2018-04-17 15:27:19  can0  18FF2420#4D0E0000F8FFFFFF RX
2018-04-17 15:27:19  can0  18FF1610#A5 TX
2018-04-17 15:27:20  can0  18FF1720#25FFFFFFFFFFFFFF RX
2018-04-17 15:27:20  can0  18FF1610#A5 TX
2018-04-17 15:27:20  can0  18FF2420#4D0E0000F8FFFFFF RX
2018-04-17 15:27:20  can0  18FF1610#A5 TX
2018-04-17 15:27:21  can0  18FF1720#25FFFFFFFFFFFFFF RX
2018-04-17 15:27:21  can0  18FF1610#A5 TX
2018-04-17 15:27:21  can0  18FF2420#4D0E0000F8FFFFFF RX
2018-04-17 15:27:21  can0  18FF1610#A5 TX
2018-04-17 15:27:22  can0  18FF1720#25FFFFFFFFFFFFFF RX
2018-04-17 15:27:22  can0  18FF1610#A5 TX
2018-04-17 15:27:22  can0  18FF2420#4D0E0000F8FFFFFF RX
2018-04-17 15:27:22  can0  18FF1610#A5 TX
2018-04-17 15:27:23  can0  18FF1720#25FFFFFFFFFFFFFF RX
2018-04-17 15:27:23  can0  18FF1610#A5 TX
2018-04-17 15:27:23  can0  18FF2420#4D0E0000F8FFFFFF RX
2018-04-17 15:27:23  can0  18FF1610#A5 TX
2018-04-17 15:27:24  can0  18FF1720#25FFFFFFFFFFFFFF RX
2018-04-17 15:27:24  can0  18FF1610#A5 TX
2018-04-17 15:27:24  can0  18FF2420#4D0E0000F8FFFFFF RX
2018-04-17 15:27:24  can0  18FF1610#A5 TX
2018-04-17 15:27:25  can0  18FF1720#25FFFFFFFFFFFFFF RX
2018-04-17 15:27:25  can0  18FF1610#A5 TX
2018-04-17 15:27:25  can0  18FF2420#4D0E0000F8FFFFFF RX
2018-04-17 15:27:25  can0  18FF1610#A5 TX
2018-04-17 15:27:26  can0  18FF1720#25FFFFFFFFFFFFFF RX
2018-04-17 15:27:26  can0  18FF1610#A5 TX
2018-04-17 15:27:26  can0  18FF2420#4D0E0000F8FFFFFF RX
2018-04-17 15:27:26  can0  18FF1610#A5 TX
2018-04-17 15:27:27  can0  18FF1720#25FFFFFFFFFFFFFF RX
2018-04-17 15:27:27  can0  18FF1610#A5 TX
2018-04-17 15:27:27  can0  18FF2420#4D0E0000F8FFFFFF RX
2018-04-17 15:27:27  can0  18FF1610#A5 TX
2018-04-17 15:27:28  can0  18FF1720#25FFFFFFFFFFFFFF RX
2018-04-17 15:27:28  can0  18FF1610#A5 TX
2018-04-17 15:27:28  can0  18FF2420#4D0E0000F8FFFFFF RX
2018-04-17 15:27:28  can0  18FF1610#A5 TX
2018-04-17 15:27:29  can0  18FF1720#25FFFFFFFFFFFFFF RX
2018-04-17 15:27:29  can0  18FF1610#A5 TX
2018-04-17 15:27:29  can0  18FF2420#4D0E0000F8FFFFFF RX
2018-04-17 15:27:29  can0  18FF1610#A5 TX
2018-04-17 15:27:30  can0  18FF1720#25FFFFFFFFFFFFFF RX
2018-04-17 15:27:30  can0  18FF1610#A5 TX
2018-04-17 15:27:30  can0  18FF2420#4D0E0000F8FFFFFF RX
2018-04-17 15:27:30  can0  18FF1610#A5 TX
2018-04-17 15:27:31  can0  18FF1720#25FFFFFFFFFFFFFF RX
2018-04-17 15:27:31  can0  18FF1610#A5 TX
2018-04-17 15:27:31  can0  18FF2420#4D0E0000F8FFFFFF RX
2018-04-17 15:27:31  can0  18FF1610#A5 TX
2018-04-17 15:27:32  can0  18FF1720#25FFFFFFFFFFFFFF RX
2018-04-17 15:27:32  can0  18FF1610#A5 TX
2018-04-17 15:27:32  can0  18FF2420#4D0E0000F8FFFFFF RX
2018-04-17 15:27:32  can0  18FF1610#A5 TX
2018-04-17 15:27:33  can0  18FF1720#25FFFFFFFFFFFFFF RX
2018-04-17 15:27:33  can0  18FF1610#A5 TX
2018-04-17 15:27:33  can0  18FF2420#4D0E0000F8FFFFFF RX
2018-04-17 15:27:33  can0  18FF1610#A5 TX
2018-04-17 15:27:34  can0  18FF1720#25FFFFFFFFFFFFFF RX
2018-04-17 15:27:34  can0  18FF1610#A5 TX
2018-04-17 15:27:34  can0  18FF2420#4D0E0000F8FFFFFF RX
2018-04-17 15:27:34  can0  18FF1610#A5 TX
2018-04-17 15:27:35  can0  18FF1720#25FFFFFFFFFFFFFF RX
2018-04-17 15:27:35  can0  18FF1610#A5 TX
2018-04-17 15:27:35  can0  18FF2420#4D0E0000F8FFFFFF RX
2018-04-17 15:27:35  can0  18FF1610#A5 TX
2018-04-17 15:27:36  can0  18FF1720#25FFFFFFFFFFFFFF RX
2018-04-17 15:27:36  can0  18FF1610#A5 TX
2018-04-17 15:27:36  can0  18FF2420#4D0E0000F8FFFFFF RX
2018-04-17 15:27:36  can0  18FF1610#A5 TX
2018-04-17 15:27:37  can0  18FF1720#25FFFFFFFFFFFFFF RX
2018-04-17 15:27:37  can0  18FF1610#A5 TX
2018-04-17 15:27:37  can0  18FF2420#4D0E0000F8FFFFFF RX
2018-04-17 15:27:37  can0  18FF1610#A5 TX
2018-04-17 15:27:38  can0  18FF1720#25FFFFFFFFFFFFFF RX
2018-04-17 15:27:38  can0  18FF1610#A5 TX
2018-04-17 15:27:38  can0  18FF2420#4D0E0000F8FFFFFF RX
2018-04-17 15:27:38  can0  18FF1610#A5 TX
2018-04-17 15:27:39  can0  18FF1720#25FFFFFFFFFFFFFF RX
2018-04-17 15:27:39  can0  18FF1610#A5 TX
2018-04-17 15:27:39  can0  18FF2420#4D0E0000F8FFFFFF RX
2018-04-17 15:27:39  can0  18FF1610#A5 TX
2018-04-17 15:27:39  can0  18FF2320#54029600AD0300FF RX
2018-04-17 15:27:39  can0  18FF1610#A5 TX
2018-04-17 15:27:40  can0  18FF1720#25FFFFFFFFFFFFFF RX
2018-04-17 15:27:40  can0  18FF1610#A5 TX
2018-04-17 15:27:40  can0  18FF2420#4D0E0000F8FFFFFF RX
2018-04-17 15:27:40  can0  18FF1610#A5 TX
2018-04-17 15:27:41  can0  18FF1720#25FFFFFFFFFFFFFF RX
2018-04-17 15:27:41  can0  18FF1610#A5 TX
2018-04-17 15:27:41  can0  18FF2420#4D0E0000F8FFFFFF RX
2018-04-17 15:27:41  can0  18FF1610#A5 TX
2018-04-17 15:27:42  can0  18FF1720#25FFFFFFFFFFFFFF RX
2018-04-17 15:27:42  can0  18FF1610#A5 TX
2018-04-17 15:27:42  can0  18FF2420#4D0E0000F8FFFFFF RX
2018-04-17 15:27:42  can0  18FF1610#A5 TX
2018-04-17 15:27:43  can0  18FF1720#25FFFFFFFFFFFFFF RX
2018-04-17 15:27:43  can0  18FF1610#A5 TX
2018-04-17 15:27:43  can0  18FF2420#4D0E0000F8FFFFFF RX
2018-04-17 15:27:43  can0  18FF1610#A5 TX
2018-04-17 15:27:44  can0  18FF1720#25FFFFFFFFFFFFFF RX
2018-04-17 15:27:44  can0  18FF1610#A5 TX
2018-04-17 15:27:44  can0  18FF2420#4D0E0000F8FFFFFF RX
2018-04-17 15:27:44  can0  18FF1610#A5 TX
2018-04-17 15:27:45  can0  18FF1720#25FFFFFFFFFFFFFF RX
2018-04-17 15:27:45  can0  18FF1610#A5 TX
2018-04-17 15:27:45  can0  18FF2420#4D0E0000F8FFFFFF RX
2018-04-17 15:27:45  can0  18FF1610#A5 TX
2018-04-17 15:27:46  can0  18FF1720#25FFFFFFFFFFFFFF RX
2018-04-17 15:27:46  can0  18FF1610#A5 TX
2018-04-17 15:27:46  can0  18FF2420#4D0E0000F8FFFFFF RX
2018-04-17 15:27:46  can0  18FF1610#A5 TX
2018-04-17 15:27:47  can0  18FF1720#25FFFFFFFFFFFFFF RX
2018-04-17 15:27:47  can0  18FF1610#A5 TX
2018-04-17 15:27:47  can0  18FF2420#4D0E0000F8FFFFFF RX
2018-04-17 15:27:47  can0  18FF1610#A5 TX
2018-04-17 15:27:48  can0  18FF1720#25FFFFFFFFFFFFFF RX
2018-04-17 15:27:48  can0  18FF1610#A5 TX
2018-04-17 15:27:48  can0  18FF2420#4D0E0000F8FFFFFF RX
2018-04-17 15:27:48  can0  18FF1610#A5 TX
2018-04-17 15:27:49  can0  18FF1720#25FFFFFFFFFFFFFF RX
2018-04-17 15:27:49  can0  18FF1610#A5 TX
2018-04-17 15:27:49  can0  18FF2420#4D0E0000F8FFFFFF RX
2018-04-17 15:27:49  can0  18FF1610#A5 TX
2018-04-17 15:27:50  can0  18FF1720#25FFFFFFFFFFFFFF RX
2018-04-17 15:27:50  can0  18FF1610#A5 TX
2018-04-17 15:27:50  can0  18FF2420#4D0E0000F8FFFFFF RX
2018-04-17 15:27:50  can0  18FF1610#A5 TX
2018-04-17 15:27:51  can0  18FF1720#25FFFFFFFFFFFFFF RX
2018-04-17 15:27:51  can0  18FF1610#A5 TX
2018-04-17 15:27:51  can0  18FF2420#4D0E0000F8FFFFFF RX
2018-04-17 15:27:51  can0  18FF1610#A5 TX
2018-04-17 15:27:52  can0  18FF1720#25FFFFFFFFFFFFFF RX
2018-04-17 15:27:52  can0  18FF1610#A5 TX
2018-04-17 15:27:52  can0  18FF2420#4D0E0000F8FFFFFF RX
2018-04-17 15:27:52  can0  18FF1610#A5 TX
2018-04-17 15:27:53  can0  18FF1720#25FFFFFFFFFFFFFF RX
2018-04-17 15:27:53  can0  18FF1610#A5 TX
2018-04-17 15:27:53  can0  18FF2420#4D0E0000F8FFFFFF RX
2018-04-17 15:27:53  can0  18FF1610#A5 TX
2018-04-17 15:27:54  can0  18FF1720#25FFFFFFFFFFFFFF RX
2018-04-17 15:27:54  can0  18FF1610#A5 TX
2018-04-17 15:27:54  can0  18FF2420#4D0E0000F8FFFFFF RX
2018-04-17 15:27:54  can0  18FF1610#A5 TX
2018-04-17 15:27:55  can0  18FF1720#25FFFFFFFFFFFFFF RX
2018-04-17 15:27:55  can0  18FF1610#A5 TX
2018-04-17 15:27:55  can0  18FF2420#4D0E0000F8FFFFFF RX
2018-04-17 15:27:55  can0  18FF1610#A5 TX
2018-04-17 15:27:56  can0  18FF1720#25FFFFFFFFFFFFFF RX
2018-04-17 15:27:56  can0  18FF1610#A5 TX
2018-04-17 15:27:56  can0  18FF2420#4D0E0000F8FFFFFF RX
2018-04-17 15:27:56  can0  18FF1610#A5 TX
2018-04-17 15:27:57  can0  18FF1720#25FFFFFFFFFFFFFF RX
2018-04-17 15:27:57  can0  18FF1610#A5 TX
2018-04-17 15:27:57  can0  18FF2420#4D0E0000F8FFFFFF RX
2018-04-17 15:27:57  can0  18FF1610#A5 TX
2018-04-17 15:27:58  can0  18FF1720#25FFFFFFFFFFFFFF RX
2018-04-17 15:27:58  can0  18FF1610#A5 TX
2018-04-17 15:27:58  can0  18FF2420#4D0E0000F8FFFFFF RX
2018-04-17 15:27:58  can0  18FF1610#A5 TX
2018-04-17 15:27:59  can0  18FF1720#25FFFFFFFFFFFFFF RX
2018-04-17 15:27:59  can0  18FF1610#A5 TX
2018-04-17 15:27:59  can0  18FF2420#4D0E0000F8FFFFFF RX
2018-04-17 15:27:59  can0  18FF1610#A5 TX
2018-04-17 15:28:00  can0  18FF1720#25FFFFFFFFFFFFFF RX
2018-04-17 15:28:00  can0  18FF1610#A5 TX
2018-04-17 15:28:00  can0  18FF2420#4D0E0000F8FFFFFF RX
2018-04-17 15:28:00  can0  18FF1610#A5 TX
2018-04-17 15:28:01  can0  18FF1720#25FFFFFFFFFFFFFF RX
2018-04-17 15:28:01  can0  18FF1610#A5 TX
2018-04-17 15:28:01  can0  18FF2420#4D0E0000F8FFFFFF RX
2018-04-17 15:28:01  can0  18FF1610#A5 TX
2018-04-17 15:28:02  can0  18FF1720#25FFFFFFFFFFFFFF RX
2018-04-17 15:28:02  can0  18FF1610#A5 TX
2018-04-17 15:28:02  can0  18FF2420#4D0E0000F8FFFFFF RX
2018-04-17 15:28:02  can0  18FF1610#A5 TX
2018-04-17 15:28:03  can0  18FF1720#25FFFFFFFFFFFFFF RX
2018-04-17 15:28:03  can0  18FF1610#A5 TX
2018-04-17 15:28:03  can0  18FF2420#4D0E0000F8FFFFFF RX
2018-04-17 15:28:03  can0  18FF1610#A5 TX
2018-04-17 15:28:04  can0  18FF1720#25FFFFFFFFFFFFFF RX
2018-04-17 15:28:04  can0  18FF1610#A5 TX
2018-04-17 15:28:04  can0  18FF2420#4D0E0000F8FFFFFF RX
2018-04-17 15:28:04  can0  18FF1610#A5 TX
2018-04-17 15:28:05  can0  18FF1720#25FFFFFFFFFFFFFF RX
2018-04-17 15:28:05  can0  18FF1610#A5 TX
2018-04-17 15:28:05  can0  18FF2420#4D0E0000F8FFFFFF RX
2018-04-17 15:28:05  can0  18FF1610#A5 TX
2018-04-17 15:28:06  can0  18FF1720#25FFFFFFFFFFFFFF RX
2018-04-17 15:28:06  can0  18FF1610#A5 TX
2018-04-17 15:28:06  can0  18FF2420#4D0E0000F8FFFFFF RX
2018-04-17 15:28:06  can0  18FF1610#A5 TX
2018-04-17 15:28:07  can0  18FF1720#25FFFFFFFFFFFFFF RX
2018-04-17 15:28:07  can0  18FF1610#A5 TX
2018-04-17 15:28:07  can0  18FF2420#4D0E0000F8FFFFFF RX
2018-04-17 15:28:07  can0  18FF1610#A5 TX
2018-04-17 15:28:08  can0  18FF1720#25FFFFFFFFFFFFFF RX
2018-04-17 15:28:08  can0  18FF1610#A5 TX
2018-04-17 15:28:08  can0  18FF2420#4D0E0000F8FFFFFF RX
2018-04-17 15:28:08  can0  18FF1610#A5 TX
2018-04-17 15:28:09  can0  18FF1720#25FFFFFFFFFFFFFF RX
2018-04-17 15:28:09  can0  18FF1610#A5 TX
2018-04-17 15:28:09  can0  18FF2420#4D0E0000F8FFFFFF RX
2018-04-17 15:28:09  can0  18FF1610#A5 TX
2018-04-17 15:28:10  can0  18FF1720#25FFFFFFFFFFFFFF RX
2018-04-17 15:28:10  can0  18FF1610#A5 TX
2018-04-17 15:28:10  can0  18FF2420#4D0E0000F8FFFFFF RX
2018-04-17 15:28:10  can0  18FF1610#A5 TX
2018-04-17 15:28:11  can0  18FF1720#25FFFFFFFFFFFFFF RX
2018-04-17 15:28:11  can0  18FF1610#A5 TX
2018-04-17 15:28:11  can0  18FF2420#4D0E0000F8FFFFFF RX
2018-04-17 15:28:11  can0  18FF1610#A5 TX
2018-04-17 15:28:12  can0  18FF1720#25FFFFFFFFFFFFFF RX
2018-04-17 15:28:12  can0  18FF1610#A5 TX
2018-04-17 15:28:12  can0  18FF2420#4D0E0000F8FFFFFF RX
2018-04-17 15:28:12  can0  18FF1610#A5 TX
2018-04-17 15:28:13  can0  18FF1720#25FFFFFFFFFFFFFF RX
2018-04-17 15:28:13  can0  18FF1610#A5 TX
2018-04-17 15:28:13  can0  18FF2420#4D0E0000F8FFFFFF RX
2018-04-17 15:28:13  can0  18FF1610#A5 TX
2018-04-17 15:28:14  can0  18FF1720#25FFFFFFFFFFFFFF RX
2018-04-17 15:28:14  can0  18FF1610#A5 TX
2018-04-17 15:28:14  can0  18FF2420#4D0E0000F8FFFFFF RX
2018-04-17 15:28:14  can0  18FF1610#A5 TX
2018-04-17 15:28:15  can0  18FF1720#25FFFFFFFFFFFFFF RX
2018-04-17 15:28:15  can0  18FF1610#A5 TX
2018-04-17 15:28:15  can0  18FF2420#4D0E0000F8FFFFFF RX
2018-04-17 15:28:15  can0  18FF1610#A5 TX
2018-04-17 15:28:16  can0  18FF1720#25FFFFFFFFFFFFFF RX
2018-04-17 15:28:16  can0  18FF1610#A5 TX
2018-04-17 15:28:16  can0  18FF2420#4D0E0000F8FFFFFF RX
2018-04-17 15:28:16  can0  18FF1610#A5 TX
2018-04-17 15:28:17  can0  18FF1720#25FFFFFFFFFFFFFF RX
2018-04-17 15:28:17  can0  18FF1610#A5 TX
2018-04-17 15:28:17  can0  18FF2420#4D0E0000F8FFFFFF RX
2018-04-17 15:28:17  can0  18FF1610#A5 TX
2018-04-17 15:28:18  can0  18FF1720#25FFFFFFFFFFFFFF RX
2018-04-17 15:28:18  can0  18FF1610#A5 TX
2018-04-17 15:28:18  can0  18FF2420#4D0E0000F8FFFFFF RX
2018-04-17 15:28:18  can0  18FF1610#A5 TX
2018-04-17 15:28:19  can0  18FF1720#25FFFFFFFFFFFFFF RX
2018-04-17 15:28:19  can0  18FF1610#A5 TX
2018-04-17 15:28:19  can0  18FF2420#4D0E0000F8FFFFFF RX
2018-04-17 15:28:19  can0  18FF1610#A5 TX
2018-04-17 15:28:20  can0  18FF1720#25FFFFFFFFFFFFFF RX
2018-04-17 15:28:20  can0  18FF1610#A5 TX
2018-04-17 15:28:20  can0  18FF2420#4D0E0000F8FFFFFF RX
2018-04-17 15:28:20  can0  18FF1610#A5 TX
2018-04-17 15:28:21  can0  18FF1720#25FFFFFFFFFFFFFF RX
2018-04-17 15:28:21  can0  18FF1610#A5 TX
2018-04-17 15:28:21  can0  18FF2420#4D0E0000F8FFFFFF RX
2018-04-17 15:28:21  can0  18FF1610#A5 TX
2018-04-17 15:28:22  can0  18FF1720#25FFFFFFFFFFFFFF RX
2018-04-17 15:28:22  can0  18FF1610#A5 TX
2018-04-17 15:28:22  can0  18FF2420#4D0E0000F8FFFFFF RX
2018-04-17 15:28:22  can0  18FF1610#A5 TX
2018-04-17 15:28:23  can0  18FF1720#25FFFFFFFFFFFFFF RX
2018-04-17 15:28:23  can0  18FF1610#A5 TX
2018-04-17 15:28:23  can0  18FF2420#4D0E0000F8FFFFFF RX
2018-04-17 15:28:23  can0  18FF1610#A5 TX
2018-04-17 15:28:24  can0  18FF1720#25FFFFFFFFFFFFFF RX
2018-04-17 15:28:24  can0  18FF1610#A5 TX
2018-04-17 15:28:24  can0  18FF2420#4D0E0000F8FFFFFF RX
2018-04-17 15:28:24  can0  18FF1610#A5 TX
2018-04-17 15:28:25  can0  18FF1720#25FFFFFFFFFFFFFF RX
2018-04-17 15:28:25  can0  18FF1610#A5 TX
2018-04-17 15:28:25  can0  18FF2420#4D0E0000F8FFFFFF RX
2018-04-17 15:28:25  can0  18FF1610#A5 TX
2018-04-17 15:28:26  can0  18FF1720#25FFFFFFFFFFFFFF RX
2018-04-17 15:28:26  can0  18FF1610#A5 TX
2018-04-17 15:28:26  can0  18FF2420#4D0E0000F8FFFFFF RX
2018-04-17 15:28:26  can0  18FF1610#A5 TX
2018-04-17 15:28:27  can0  18FF1720#25FFFFFFFFFFFFFF RX
2018-04-17 15:28:27  can0  18FF1610#A5 TX
2018-04-17 15:28:27  can0  18FF2420#4D0E0000F8FFFFFF RX
2018-04-17 15:28:27  can0  18FF1610#A5 TX
2018-04-17 15:28:28  can0  18FF1720#25FFFFFFFFFFFFFF RX
2018-04-17 15:28:28  can0  18FF1610#A5 TX
2018-04-17 15:28:28  can0  18FF2420#4D0E0000F8FFFFFF RX
2018-04-17 15:28:28  can0  18FF1610#A5 TX
2018-04-17 15:28:29  can0  18FF1720#25FFFFFFFFFFFFFF RX
2018-04-17 15:28:29  can0  18FF1610#A5 TX
2018-04-17 15:28:29  can0  18FF2420#4D0E0000F8FFFFFF RX
2018-04-17 15:28:29  can0  18FF1610#A5 TX
2018-04-17 15:28:30  can0  18FF1720#25FFFFFFFFFFFFFF RX
2018-04-17 15:28:30  can0  18FF1610#A5 TX
2018-04-17 15:28:30  can0  18FF2420#4D0E0000F8FFFFFF RX
2018-04-17 15:28:30  can0  18FF1610#A5 TX
2018-04-17 15:28:31  can0  18FF1720#25FFFFFFFFFFFFFF RX
2018-04-17 15:28:31  can0  18FF1610#A5 TX
2018-04-17 15:28:31  can0  18FF2420#4D0E0000F8FFFFFF RX
2018-04-17 15:28:31  can0  18FF1610#A5 TX
2018-04-17 15:28:32  can0  18FF1720#25FFFFFFFFFFFFFF RX
2018-04-17 15:28:32  can0  18FF1610#A5 TX
2018-04-17 15:28:32  can0  18FF2420#4D0E0000F8FFFFFF RX
2018-04-17 15:28:32  can0  18FF1610#A5 TX
2018-04-17 15:28:33  can0  18FF1720#25FFFFFFFFFFFFFF RX
2018-04-17 15:28:33  can0  18FF1610#A5 TX
2018-04-17 15:28:33  can0  18FF2420#4D0E0000F8FFFFFF RX
2018-04-17 15:28:33  can0  18FF1610#A5 TX
2018-04-17 15:28:34  can0  18FF1720#25FFFFFFFFFFFFFF RX
2018-04-17 15:28:34  can0  18FF1610#A5 TX
2018-04-17 15:28:34  can0  18FF2420#4D0E0000F8FFFFFF RX
2018-04-17 15:28:34  can0  18FF1610#A5 TX
2018-04-17 15:28:35  can0  18FF1720#25FFFFFFFFFFFFFF RX
2018-04-17 15:28:35  can0  18FF1610#A5 TX
2018-04-17 15:28:35  can0  18FF2420#4D0E0000F8FFFFFF RX
2018-04-17 15:28:35  can0  18FF1610#A5 TX
2018-04-17 15:28:36  can0  18FF1720#25FFFFFFFFFFFFFF RX
2018-04-17 15:28:36  can0  18FF1610#A5 TX
2018-04-17 15:28:36  can0  18FF2420#4D0E0000F8FFFFFF RX
2018-04-17 15:28:36  can0  18FF1610#A5 TX
2018-04-17 15:28:37  can0  18FF1720#25FFFFFFFFFFFFFF RX
2018-04-17 15:28:37  can0  18FF1610#A5 TX
2018-04-17 15:28:37  can0  18FF2420#4D0E0000F8FFFFFF RX
2018-04-17 15:28:37  can0  18FF1610#A5 TX
2018-04-17 15:28:38  can0  18FF1720#25FFFFFFFFFFFFFF RX
2018-04-17 15:28:38  can0  18FF1610#A5 TX
2018-04-17 15:28:38  can0  18FF2420#4D0E0000F8FFFFFF RX
2018-04-17 15:28:38  can0  18FF1610#A5 TX
2018-04-17 15:28:39  can0  18FF1720#25FFFFFFFFFFFFFF RX
2018-04-17 15:28:39  can0  18FF1610#A5 TX
2018-04-17 15:28:39  can0  18FF2420#4D0E0000F8FFFFFF RX
2018-04-17 15:28:39  can0  18FF1610#A5 TX
2018-04-17 15:28:40  can0  18FF1720#25FFFFFFFFFFFFFF RX
2018-04-17 15:28:40  can0  18FF1610#A5 TX
2018-04-17 15:28:40  can0  18FF2420#4D0E0000F8FFFFFF RX
2018-04-17 15:28:40  can0  18FF1610#A5 TX
2018-04-17 15:28:41  can0  18FF1720#25FFFFFFFFFFFFFF RX
2018-04-17 15:28:41  can0  18FF1610#A5 TX
2018-04-17 15:28:41  can0  18FF2420#4D0E0000F8FFFFFF RX
2018-04-17 15:28:41  can0  18FF1610#A5 TX
2018-04-17 15:28:42  can0  18FF1720#25FFFFFFFFFFFFFF RX
2018-04-17 15:28:42  can0  18FF1610#A5 TX
2018-04-17 15:28:42  can0  18FF2420#4D0E0000F8FFFFFF RX
2018-04-17 15:28:42  can0  18FF1610#A5 TX
2018-04-17 15:28:43  can0  18FF1720#25FFFFFFFFFFFFFF RX
2018-04-17 15:28:43  can0  18FF1610#A5 TX
2018-04-17 15:28:43  can0  18FF2420#4D0E0000F8FFFFFF RX
2018-04-17 15:28:43  can0  18FF1610#A5 TX
2018-04-17 15:28:44  can0  18FF1720#25FFFFFFFFFFFFFF RX
2018-04-17 15:28:44  can0  18FF1610#A5 TX
2018-04-17 15:28:44  can0  18FF2420#4D0E0000F8FFFFFF RX
2018-04-17 15:28:44  can0  18FF1610#A5 TX
2018-04-17 15:28:45  can0  18FF1720#25FFFFFFFFFFFFFF RX
2018-04-17 15:28:45  can0  18FF1610#A5 TX
2018-04-17 15:28:45  can0  18FF2420#4D0E0000F8FFFFFF RX
2018-04-17 15:28:45  can0  18FF1610#A5 TX
2018-04-17 15:28:46  can0  18FF1720#25FFFFFFFFFFFFFF RX
2018-04-17 15:28:46  can0  18FF1610#A5 TX
2018-04-17 15:28:46  can0  18FF2420#4D0E0000F8FFFFFF RX
2018-04-17 15:28:46  can0  18FF1610#A5 TX
2018-04-17 15:28:47  can0  18FF1720#25FFFFFFFFFFFFFF RX
2018-04-17 15:28:47  can0  18FF1610#A5 TX
2018-04-17 15:28:47  can0  18FF2420#4D0E0000F8FFFFFF RX
2018-04-17 15:28:47  can0  18FF1610#A5 TX
2018-04-17 15:28:48  can0  18FF1720#25FFFFFFFFFFFFFF RX
2018-04-17 15:28:48  can0  18FF1610#A5 TX
2018-04-17 15:28:48  can0  18FF2420#4D0E0000F8FFFFFF RX
2018-04-17 15:28:48  can0  18FF1610#A5 TX
2018-04-17 15:28:49  can0  18FF1720#25FFFFFFFFFFFFFF RX
2018-04-17 15:28:49  can0  18FF1610#A5 TX
2018-04-17 15:28:49  can0  18FF2420#4D0E0000F8FFFFFF RX
2018-04-17 15:28:49  can0  18FF1610#A5 TX
2018-04-17 15:28:50  can0  18FF1720#25FFFFFFFFFFFFFF RX
2018-04-17 15:28:50  can0  18FF1610#A5 TX
2018-04-17 15:28:50  can0  18FF2420#4D0E0000F8FFFFFF RX
2018-04-17 15:28:50  can0  18FF1610#A5 TX
2018-04-17 15:28:51  can0  18FF1720#25FFFFFFFFFFFFFF RX
2018-04-17 15:28:51  can0  18FF1610#A5 TX
2018-04-17 15:28:51  can0  18FF2420#4D0E0000F8FFFFFF RX
2018-04-17 15:28:51  can0  18FF1610#A5 TX
2018-04-17 15:28:52  can0  18FF1720#25FFFFFFFFFFFFFF RX
2018-04-17 15:28:52  can0  18FF1610#A5 TX
2018-04-17 15:28:52  can0  18FF2420#4D0E0000F8FFFFFF RX
2018-04-17 15:28:52  can0  18FF1610#A5 TX
2018-04-17 15:28:53  can0  18FF1720#25FFFFFFFFFFFFFF RX
2018-04-17 15:28:53  can0  18FF1610#A5 TX
2018-04-17 15:28:53  can0  18FF2420#4D0E0000F8FFFFFF RX
2018-04-17 15:28:53  can0  18FF1610#A5 TX
2018-04-17 15:28:54  can0  18FF1720#25FFFFFFFFFFFFFF RX
2018-04-17 15:28:54  can0  18FF1610#A5 TX
2018-04-17 15:28:54  can0  18FF2420#4D0E0000F8FFFFFF RX
2018-04-17 15:28:54  can0  18FF1610#A5 TX
2018-04-17 15:28:55  can0  18FF1720#25FFFFFFFFFFFFFF RX
2018-04-17 15:28:55  can0  18FF1610#A5 TX
2018-04-17 15:28:55  can0  18FF2420#4D0E0000F8FFFFFF RX
2018-04-17 15:28:55  can0  18FF1610#A5 TX
2018-04-17 15:28:56  can0  18FF1720#25FFFFFFFFFFFFFF RX
2018-04-17 15:28:56  can0  18FF1610#A5 TX
2018-04-17 15:28:56  can0  18FF2420#4D0E0000F8FFFFFF RX
2018-04-17 15:28:56  can0  18FF1610#A5 TX
2018-04-17 15:28:57  can0  18FF1720#25FFFFFFFFFFFFFF RX
2018-04-17 15:28:57  can0  18FF1610#A5 TX
2018-04-17 15:28:57  can0  18FF2420#4D0E0000F8FFFFFF RX
2018-04-17 15:28:57  can0  18FF1610#A5 TX
2018-04-17 15:28:58  can0  18FF1720#25FFFFFFFFFFFFFF RX
2018-04-17 15:28:58  can0  18FF1610#A5 TX
2018-04-17 15:28:58  can0  18FF2420#4D0E0000F8FFFFFF RX
2018-04-17 15:28:58  can0  18FF1610#A5 TX
2018-04-17 15:28:59  can0  18FF1720#25FFFFFFFFFFFFFF RX
2018-04-17 15:28:59  can0  18FF1610#A5 TX
2018-04-17 15:28:59  can0  18FF2420#4D0E0000F8FFFFFF RX
2018-04-17 15:28:59  can0  18FF1610#A5 TX
2018-04-17 15:29:00  can0  18FF1720#25FFFFFFFFFFFFFF RX
2018-04-17 15:29:00  can0  18FF1610#A5 TX
2018-04-17 15:29:00  can0  18FF2420#4D0E0000F8FFFFFF RX
2018-04-17 15:29:00  can0  18FF1610#A5 TX
2018-04-17 15:29:01  can0  18FF1720#25FFFFFFFFFFFFFF RX
2018-04-17 15:29:01  can0  18FF1610#A5 TX
2018-04-17 15:29:01  can0  18FF2420#4D0E0000F8FFFFFF RX
2018-04-17 15:29:01  can0  18FF1610#A5 TX
2018-04-17 15:29:02  can0  18FF1720#25FFFFFFFFFFFFFF RX
2018-04-17 15:29:02  can0  18FF1610#A5 TX
2018-04-17 15:29:02  can0  18FF2420#4D0E0000F8FFFFFF RX
2018-04-17 15:29:02  can0  18FF1610#A5 TX
2018-04-17 15:29:03  can0  18FF1720#25FFFFFFFFFFFFFF RX
2018-04-17 15:29:03  can0  18FF1610#A5 TX
2018-04-17 15:29:03  can0  18FF2420#4D0E0000F8FFFFFF RX
2018-04-17 15:29:03  can0  18FF1610#A5 TX
2018-04-17 15:29:04  can0  18FF1720#25FFFFFFFFFFFFFF RX
2018-04-17 15:29:04  can0  18FF1610#A5 TX
2018-04-17 15:29:04  can0  18FF2420#4D0E0000F8FFFFFF RX
2018-04-17 15:29:04  can0  18FF1610#A5 TX
2018-04-17 15:29:05  can0  18FF1720#25FFFFFFFFFFFFFF RX
2018-04-17 15:29:05  can0  18FF1610#A5 TX
2018-04-17 15:29:05  can0  18FF2420#4D0E0000F8FFFFFF RX
2018-04-17 15:29:05  can0  18FF1610#A5 TX
2018-04-17 15:29:06  can0  18FF1720#25FFFFFFFFFFFFFF RX
2018-04-17 15:29:06  can0  18FF1610#A5 TX
2018-04-17 15:29:06  can0  18FF2420#4D0E0000F8FFFFFF RX
2018-04-17 15:29:06  can0  18FF1610#A5 TX
2018-04-17 15:29:07  can0  18FF1720#25FFFFFFFFFFFFFF RX
2018-04-17 15:29:07  can0  18FF1610#A5 TX
2018-04-17 15:29:07  can0  18FF2420#4D0E0000F8FFFFFF RX
2018-04-17 15:29:07  can0  18FF1610#A5 TX
2018-04-17 15:29:08  can0  18FF1720#25FFFFFFFFFFFFFF RX
2018-04-17 15:29:08  can0  18FF1610#A5 TX
2018-04-17 15:29:08  can0  18FF2420#4D0E0000F8FFFFFF RX
2018-04-17 15:29:08  can0  18FF1610#A5 TX
2018-04-17 15:29:09  can0  18FF1720#25FFFFFFFFFFFFFF RX
2018-04-17 15:29:09  can0  18FF1610#A5 TX
2018-04-17 15:29:09  can0  18FF2420#4D0E0000F8FFFFFF RX
2018-04-17 15:29:09  can0  18FF1610#A5 TX
2018-04-17 15:29:10  can0  18FF1720#25FFFFFFFFFFFFFF RX
2018-04-17 15:29:10  can0  18FF1610#A5 TX
2018-04-17 15:29:10  can0  18FF2420#4D0E0000F8FFFFFF RX
2018-04-17 15:29:10  can0  18FF1610#A5 TX
2018-04-17 15:29:11  can0  18FF1720#25FFFFFFFFFFFFFF RX
2018-04-17 15:29:11  can0  18FF1610#A5 TX
2018-04-17 15:29:11  can0  18FF2420#4D0E0000F8FFFFFF RX
2018-04-17 15:29:11  can0  18FF1610#A5 TX
2018-04-17 15:29:12  can0  18FF1720#25FFFFFFFFFFFFFF RX
2018-04-17 15:29:12  can0  18FF1610#A5 TX
2018-04-17 15:29:12  can0  18FF2420#4D0E0000F8FFFFFF RX
2018-04-17 15:29:12  can0  18FF1610#A5 TX
2018-04-17 15:29:13  can0  18FF1720#25FFFFFFFFFFFFFF RX
2018-04-17 15:29:13  can0  18FF1610#A5 TX
2018-04-17 15:29:13  can0  18FF2420#4D0E0000F8FFFFFF RX
2018-04-17 15:29:13  can0  18FF1610#A5 TX
2018-04-17 15:29:14  can0  18FF1720#25FFFFFFFFFFFFFF RX
2018-04-17 15:29:14  can0  18FF1610#A5 TX
2018-04-17 15:29:14  can0  18FF2420#4D0E0000F8FFFFFF RX
2018-04-17 15:29:14  can0  18FF1610#A5 TX
2018-04-17 15:29:15  can0  18FF1720#25FFFFFFFFFFFFFF RX
2018-04-17 15:29:15  can0  18FF1610#A5 TX
2018-04-17 15:29:15  can0  18FF2420#4D0E0000F8FFFFFF RX
2018-04-17 15:29:15  can0  18FF1610#A5 TX
2018-04-17 15:29:16  can0  18FF1720#25FFFFFFFFFFFFFF RX
2018-04-17 15:29:16  can0  18FF1610#A5 TX
2018-04-17 15:29:16  can0  18FF2420#4D0E0000F8FFFFFF RX
2018-04-17 15:29:16  can0  18FF1610#A5 TX
2018-04-17 15:29:17  can0  18FF1720#25FFFFFFFFFFFFFF RX
2018-04-17 15:29:17  can0  18FF1610#A5 TX
2018-04-17 15:29:17  can0  18FF2420#4D0E0000F8FFFFFF RX
2018-04-17 15:29:17  can0  18FF1610#A5 TX
2018-04-17 15:29:18  can0  18FF1720#25FFFFFFFFFFFFFF RX
2018-04-17 15:29:18  can0  18FF1610#A5 TX
2018-04-17 15:29:18  can0  18FF2420#4D0E0000F8FFFFFF RX
2018-04-17 15:29:18  can0  18FF1610#A5 TX
2018-04-17 15:29:19  can0  18FF1720#25FFFFFFFFFFFFFF RX
2018-04-17 15:29:19  can0  18FF1610#A5 TX
2018-04-17 15:29:19  can0  18FF2420#4D0E0000F8FFFFFF RX
2018-04-17 15:29:19  can0  18FF1610#A5 TX
2018-04-17 15:29:20  can0  18FF1720#25FFFFFFFFFFFFFF RX
2018-04-17 15:29:20  can0  18FF1610#A5 TX
2018-04-17 15:29:20  can0  18FF2420#4D0E0000F8FFFFFF RX
2018-04-17 15:29:20  can0  18FF1610#A5 TX
2018-04-17 15:29:21  can0  18FF1720#25FFFFFFFFFFFFFF RX
2018-04-17 15:29:21  can0  18FF1610#A5 TX
2018-04-17 15:29:21  can0  18FF2420#4D0E0000F8FFFFFF RX
2018-04-17 15:29:21  can0  18FF1610#A5 TX
2018-04-17 15:29:22  can0  18FF1720#25FFFFFFFFFFFFFF RX
2018-04-17 15:29:22  can0  18FF1610#A5 TX
2018-04-17 15:29:22  can0  18FF2420#4D0E0000F8FFFFFF RX
2018-04-17 15:29:22  can0  18FF1610#A5 TX
2018-04-17 15:29:23  can0  18FF1720#25FFFFFFFFFFFFFF RX
2018-04-17 15:29:23  can0  18FF1610#A5 TX
2018-04-17 15:29:23  can0  18FF2420#4D0E0000F8FFFFFF RX
2018-04-17 15:29:23  can0  18FF1610#A5 TX
2018-04-17 15:29:24  can0  18FF1720#25FFFFFFFFFFFFFF RX
2018-04-17 15:29:24  can0  18FF1610#A5 TX
2018-04-17 15:29:24  can0  18FF2420#4D0E0000F8FFFFFF RX
2018-04-17 15:29:24  can0  18FF1610#A5 TX
2018-04-17 15:29:25  can0  18FF1720#25FFFFFFFFFFFFFF RX
2018-04-17 15:29:25  can0  18FF1610#A5 TX
2018-04-17 15:29:25  can0  18FF2420#4D0E0000F8FFFFFF RX
2018-04-17 15:29:25  can0  18FF1610#A5 TX
2018-04-17 15:29:26  can0  18FF1720#25FFFFFFFFFFFFFF RX
2018-04-17 15:29:26  can0  18FF1610#A5 TX
2018-04-17 15:29:26  can0  18FF2420#4D0E0000F8FFFFFF RX
2018-04-17 15:29:26  can0  18FF1610#A5 TX
2018-04-17 15:29:27  can0  18FF1720#25FFFFFFFFFFFFFF RX
2018-04-17 15:29:27  can0  18FF1610#A5 TX
2018-04-17 15:29:27  can0  18FF2420#4D0E0000F8FFFFFF RX
2018-04-17 15:29:27  can0  18FF1610#A5 TX
2018-04-17 15:29:28  can0  18FF1720#25FFFFFFFFFFFFFF RX
2018-04-17 15:29:28  can0  18FF1610#A5 TX
2018-04-17 15:29:28  can0  18FF2420#4D0E0000F8FFFFFF RX
2018-04-17 15:29:28  can0  18FF1610#A5 TX
2018-04-17 15:29:29  can0  18FF1720#25FFFFFFFFFFFFFF RX
2018-04-17 15:29:29  can0  18FF1610#A5 TX
2018-04-17 15:29:29  can0  18FF2420#4D0E0000F8FFFFFF RX
2018-04-17 15:29:29  can0  18FF1610#A5 TX
2018-04-17 15:29:30  can0  18FF1720#25FFFFFFFFFFFFFF RX
2018-04-17 15:29:30  can0  18FF1610#A5 TX
2018-04-17 15:29:30  can0  18FF2420#4D0E0000F8FFFFFF RX
2018-04-17 15:29:30  can0  18FF1610#A5 TX
2018-04-17 15:29:31  can0  18FF1720#25FFFFFFFFFFFFFF RX
2018-04-17 15:29:31  can0  18FF1610#A5 TX
2018-04-17 15:29:31  can0  18FF2420#4D0E0000F8FFFFFF RX
2018-04-17 15:29:31  can0  18FF1610#A5 TX
2018-04-17 15:29:32  can0  18FF1720#25FFFFFFFFFFFFFF RX
2018-04-17 15:29:32  can0  18FF1610#A5 TX
2018-04-17 15:29:32  can0  18FF2420#4D0E0000F8FFFFFF RX
2018-04-17 15:29:32  can0  18FF1610#A5 TX
2018-04-17 15:29:33  can0  18FF1720#25FFFFFFFFFFFFFF RX
2018-04-17 15:29:33  can0  18FF1610#A5 TX
2018-04-17 15:29:33  can0  18FF2420#4D0E0000F8FFFFFF RX
2018-04-17 15:29:33  can0  18FF1610#A5 TX
2018-04-17 15:29:34  can0  18FF1720#25FFFFFFFFFFFFFF RX
2018-04-17 15:29:34  can0  18FF1610#A5 TX
2018-04-17 15:29:34  can0  18FF2420#4D0E0000F8FFFFFF RX
2018-04-17 15:29:34  can0  18FF1610#A5 TX
2018-04-17 15:29:35  can0  18FF1720#25FFFFFFFFFFFFFF RX
2018-04-17 15:29:35  can0  18FF1610#A5 TX
2018-04-17 15:29:35  can0  18FF2420#4D0E0000F8FFFFFF RX
2018-04-17 15:29:35  can0  18FF1610#A5 TX
2018-04-17 15:29:36  can0  18FF1720#25FFFFFFFFFFFFFF RX
2018-04-17 15:29:36  can0  18FF1610#A5 TX
2018-04-17 15:29:36  can0  18FF2420#4D0E0000F8FFFFFF RX
2018-04-17 15:29:36  can0  18FF1610#A5 TX
2018-04-17 15:29:37  can0  18FF1720#25FFFFFFFFFFFFFF RX
2018-04-17 15:29:37  can0  18FF1610#A5 TX
2018-04-17 15:29:37  can0  18FF2420#4D0E0000F8FFFFFF RX
2018-04-17 15:29:37  can0  18FF1610#A5 TX
2018-04-17 15:29:38  can0  18FF1720#25FFFFFFFFFFFFFF RX
2018-04-17 15:29:38  can0  18FF1610#A5 TX
2018-04-17 15:29:38  can0  18FF2420#4D0E0000F8FFFFFF RX
2018-04-17 15:29:38  can0  18FF1610#A5 TX
2018-04-17 15:29:39  can0  18FF1720#25FFFFFFFFFFFFFF RX
2018-04-17 15:29:39  can0  18FF1610#A5 TX
2018-04-17 15:29:39  can0  18FF2420#4D0E0000F8FFFFFF RX
2018-04-17 15:29:39  can0  18FF1610#A5 TX
2018-04-17 15:29:40  can0  18FF1720#25FFFFFFFFFFFFFF RX
2018-04-17 15:29:40  can0  18FF1610#A5 TX
2018-04-17 15:29:40  can0  18FF2420#4D0E0000F8FFFFFF RX
2018-04-17 15:29:40  can0  18FF1610#A5 TX
2018-04-17 15:29:41  can0  18FF1720#25FFFFFFFFFFFFFF RX
2018-04-17 15:29:41  can0  18FF1610#A5 TX
2018-04-17 15:29:41  can0  18FF2420#4D0E0000F8FFFFFF RX
2018-04-17 15:29:41  can0  18FF1610#A5 TX
2018-04-17 15:29:42  can0  18FF1720#25FFFFFFFFFFFFFF RX
2018-04-17 15:29:42  can0  18FF1610#A5 TX
2018-04-17 15:29:42  can0  18FF2420#4D0E0000F8FFFFFF RX
2018-04-17 15:29:42  can0  18FF1610#A5 TX
2018-04-17 15:29:43  can0  18FF1720#25FFFFFFFFFFFFFF RX
2018-04-17 15:29:43  can0  18FF1610#A5 TX
2018-04-17 15:29:43  can0  18FF2420#4D0E0000F8FFFFFF RX
2018-04-17 15:29:43  can0  18FF1610#A5 TX
2018-04-17 15:29:44  can0  18FF1720#25FFFFFFFFFFFFFF RX
2018-04-17 15:29:44  can0  18FF1610#A5 TX
2018-04-17 15:29:44  can0  18FF2420#4D0E0000F8FFFFFF RX
2018-04-17 15:29:44  can0  18FF1610#A5 TX
2018-04-17 15:29:45  can0  18FF1720#25FFFFFFFFFFFFFF RX
2018-04-17 15:29:45  can0  18FF1610#A5 TX
2018-04-17 15:29:45  can0  18FF2420#4D0E0000F8FFFFFF RX
2018-04-17 15:29:45  can0  18FF1610#A5 TX
2018-04-17 15:29:46  can0  18FF1720#25FFFFFFFFFFFFFF RX
2018-04-17 15:29:46  can0  18FF1610#A5 TX
2018-04-17 15:29:46  can0  18FF2420#4D0E0000F8FFFFFF RX
2018-04-17 15:29:46  can0  18FF1610#A5 TX
2018-04-17 15:29:47  can0  18FF1720#25FFFFFFFFFFFFFF RX
2018-04-17 15:29:47  can0  18FF1610#A5 TX
2018-04-17 15:29:47  can0  18FF2420#4D0E0000F8FFFFFF RX
2018-04-17 15:29:47  can0  18FF1610#A5 TX
2018-04-17 15:29:48  can0  18FF1720#25FFFFFFFFFFFFFF RX
2018-04-17 15:29:48  can0  18FF1610#A5 TX
2018-04-17 15:29:48  can0  18FF2420#4D0E0000F8FFFFFF RX
2018-04-17 15:29:48  can0  18FF1610#A5 TX
2018-04-17 15:29:49  can0  18FF1720#25FFFFFFFFFFFFFF RX
2018-04-17 15:29:49  can0  18FF1610#A5 TX
2018-04-17 15:29:49  can0  18FF2420#4D0E0000F8FFFFFF RX
2018-04-17 15:29:49  can0  18FF1610#A5 TX
2018-04-17 15:29:50  can0  18FF1720#25FFFFFFFFFFFFFF RX
2018-04-17 15:29:50  can0  18FF1610#A5 TX
2018-04-17 15:29:50  can0  18FF2420#4D0E0000F8FFFFFF RX
2018-04-17 15:29:50  can0  18FF1610#A5 TX
2018-04-17 15:29:51  can0  18FF1720#25FFFFFFFFFFFFFF RX
2018-04-17 15:29:51  can0  18FF1610#A5 TX
2018-04-17 15:29:51  can0  18FF2420#4D0E0000F8FFFFFF RX
2018-04-17 15:29:51  can0  18FF1610#A5 TX
2018-04-17 15:29:52  can0  18FF1720#25FFFFFFFFFFFFFF RX
2018-04-17 15:29:52  can0  18FF1610#A5 TX
2018-04-17 15:29:52  can0  18FF2420#4D0E0000F8FFFFFF RX
2018-04-17 15:29:52  can0  18FF1610#A5 TX
2018-04-17 15:29:53  can0  18FF1720#25FFFFFFFFFFFFFF RX
2018-04-17 15:29:53  can0  18FF1610#A5 TX
2018-04-17 15:29:53  can0  18FF2420#4D0E0000F8FFFFFF RX
2018-04-17 15:29:53  can0  18FF1610#A5 TX
2018-04-17 15:29:54  can0  18FF1720#25FFFFFFFFFFFFFF RX
2018-04-17 15:29:54  can0  18FF1610#A5 TX
2018-04-17 15:29:54  can0  18FF2420#4D0E0000F8FFFFFF RX
2018-04-17 15:29:54  can0  18FF1610#A5 TX
2018-04-17 15:29:55  can0  18FF1720#25FFFFFFFFFFFFFF RX
2018-04-17 15:29:55  can0  18FF1610#A5 TX
2018-04-17 15:29:55  can0  18FF2420#4D0E0000F8FFFFFF RX
2018-04-17 15:29:55  can0  18FF1610#A5 TX
2018-04-17 15:29:56  can0  18FF1720#25FFFFFFFFFFFFFF RX
2018-04-17 15:29:56  can0  18FF1610#A5 TX
2018-04-17 15:29:56  can0  18FF2420#4D0E0000F8FFFFFF RX
2018-04-17 15:29:56  can0  18FF1610#A5 TX
2018-04-17 15:29:57  can0  18FF1720#25FFFFFFFFFFFFFF RX
2018-04-17 15:29:57  can0  18FF1610#A5 TX
2018-04-17 15:29:57  can0  18FF2420#4D0E0000F8FFFFFF RX
2018-04-17 15:29:57  can0  18FF1610#A5 TX
2018-04-17 15:29:58  can0  18FF1720#25FFFFFFFFFFFFFF RX
2018-04-17 15:29:58  can0  18FF1610#A5 TX
2018-04-17 15:29:58  can0  18FF2420#4D0E0000F8FFFFFF RX
2018-04-17 15:29:58  can0  18FF1610#A5 TX
2018-04-17 15:29:59  can0  18FF1720#25FFFFFFFFFFFFFF RX
2018-04-17 15:29:59  can0  18FF1610#A5 TX
2018-04-17 15:29:59  can0  18FF2420#4D0E0000F8FFFFFF RX
2018-04-17 15:29:59  can0  18FF1610#A5 TX
2018-04-17 15:30:00  can0  18FF1720#25FFFFFFFFFFFFFF RX
2018-04-17 15:30:00  can0  18FF1610#A5 TX
2018-04-17 15:30:00  can0  18FF2420#4D0E0000F8FFFFFF RX
2018-04-17 15:30:00  can0  18FF1610#A5 TX
2018-04-17 15:30:01  can0  18FF1720#25FFFFFFFFFFFFFF RX
2018-04-17 15:30:01  can0  18FF1610#A5 TX
2018-04-17 15:30:01  can0  18FF2420#4D0E0000F8FFFFFF RX
2018-04-17 15:30:01  can0  18FF1610#A5 TX
2018-04-17 15:30:02  can0  18FF1720#25FFFFFFFFFFFFFF RX
2018-04-17 15:30:02  can0  18FF1610#A5 TX
2018-04-17 15:30:02  can0  18FF2420#4D0E0000F8FFFFFF RX
2018-04-17 15:30:02  can0  18FF1610#A5 TX
2018-04-17 15:30:03  can0  18FF1720#25FFFFFFFFFFFFFF RX
2018-04-17 15:30:03  can0  18FF1610#A5 TX
2018-04-17 15:30:03  can0  18FF2420#4D0E0000F8FFFFFF RX
2018-04-17 15:30:03  can0  18FF1610#A5 TX
2018-04-17 15:30:04  can0  18FF1720#25FFFFFFFFFFFFFF RX
2018-04-17 15:30:04  can0  18FF1610#A5 TX
2018-04-17 15:30:04  can0  18FF2420#4D0E0000F8FFFFFF RX
2018-04-17 15:30:04  can0  18FF1610#A5 TX
2018-04-17 15:30:05  can0  18FF1720#25FFFFFFFFFFFFFF RX
2018-04-17 15:30:05  can0  18FF1610#A5 TX
2018-04-17 15:30:05  can0  18FF2420#4D0E0000F8FFFFFF RX
2018-04-17 15:30:05  can0  18FF1610#A5 TX
2018-04-17 15:30:06  can0  18FF1720#25FFFFFFFFFFFFFF RX
2018-04-17 15:30:06  can0  18FF1610#A5 TX
2018-04-17 15:30:06  can0  18FF2420#4D0E0000F8FFFFFF RX
2018-04-17 15:30:06  can0  18FF1610#A5 TX
2018-04-17 15:30:07  can0  18FF1720#25FFFFFFFFFFFFFF RX
2018-04-17 15:30:07  can0  18FF1610#A5 TX
2018-04-17 15:30:07  can0  18FF2420#4D0E0000F8FFFFFF RX
2018-04-17 15:30:07  can0  18FF1610#A5 TX
2018-04-17 15:30:08  can0  18FF1720#25FFFFFFFFFFFFFF RX
2018-04-17 15:30:08  can0  18FF1610#A5 TX
2018-04-17 15:30:08  can0  18FF2420#4D0E0000F8FFFFFF RX
2018-04-17 15:30:08  can0  18FF1610#A5 TX
2018-04-17 15:30:09  can0  18FF1720#25FFFFFFFFFFFFFF RX
2018-04-17 15:30:09  can0  18FF1610#A5 TX
2018-04-17 15:30:09  can0  18FF2420#4D0E0000F8FFFFFF RX
2018-04-17 15:30:09  can0  18FF1610#A5 TX
2018-04-17 15:30:10  can0  18FF1720#25FFFFFFFFFFFFFF RX
2018-04-17 15:30:10  can0  18FF1610#A5 TX
2018-04-17 15:30:10  can0  18FF2420#4D0E0000F8FFFFFF RX
2018-04-17 15:30:10  can0  18FF1610#A5 TX
2018-04-17 15:30:11  can0  18FF1720#25FFFFFFFFFFFFFF RX
2018-04-17 15:30:11  can0  18FF1610#A5 TX
2018-04-17 15:30:11  can0  18FF2420#4D0E0000F8FFFFFF RX
2018-04-17 15:30:11  can0  18FF1610#A5 TX
2018-04-17 15:30:12  can0  18FF1720#25FFFFFFFFFFFFFF RX
2018-04-17 15:30:12  can0  18FF1610#A5 TX
2018-04-17 15:30:12  can0  18FF2420#4D0E0000F8FFFFFF RX
2018-04-17 15:30:12  can0  18FF1610#A5 TX
2018-04-17 15:30:13  can0  18FF1720#25FFFFFFFFFFFFFF RX
2018-04-17 15:30:13  can0  18FF1610#A5 TX
2018-04-17 15:30:13  can0  18FF2420#4D0E0000F8FFFFFF RX
2018-04-17 15:30:13  can0  18FF1610#A5 TX
2018-04-17 15:30:14  can0  18FF1720#25FFFFFFFFFFFFFF RX
2018-04-17 15:30:14  can0  18FF1610#A5 TX
2018-04-17 15:30:14  can0  18FF2420#4D0E0000F8FFFFFF RX
2018-04-17 15:30:14  can0  18FF1610#A5 TX
2018-04-17 15:30:15  can0  18FF1720#25FFFFFFFFFFFFFF RX
2018-04-17 15:30:15  can0  18FF1610#A5 TX
2018-04-17 15:30:15  can0  18FF2420#4D0E0000F8FFFFFF RX
2018-04-17 15:30:15  can0  18FF1610#A5 TX
2018-04-17 15:30:16  can0  18FF1720#25FFFFFFFFFFFFFF RX
2018-04-17 15:30:16  can0  18FF1610#A5 TX
2018-04-17 15:30:16  can0  18FF2420#4D0E0000F8FFFFFF RX
2018-04-17 15:30:16  can0  18FF1610#A5 TX
2018-04-17 15:30:17  can0  18FF1720#25FFFFFFFFFFFFFF RX
2018-04-17 15:30:17  can0  18FF1610#A5 TX
2018-04-17 15:30:17  can0  18FF2420#4D0E0000F8FFFFFF RX
2018-04-17 15:30:17  can0  18FF1610#A5 TX
2018-04-17 15:30:18  can0  18FF1720#25FFFFFFFFFFFFFF RX
2018-04-17 15:30:18  can0  18FF1610#A5 TX
2018-04-17 15:30:18  can0  18FF2420#4D0E0000F8FFFFFF RX
2018-04-17 15:30:18  can0  18FF1610#A5 TX
2018-04-17 15:30:19  can0  18FF1720#25FFFFFFFFFFFFFF RX
2018-04-17 15:30:19  can0  18FF1610#A5 TX
2018-04-17 15:30:19  can0  18FF2420#4D0E0000F8FFFFFF RX
2018-04-17 15:30:19  can0  18FF1610#A5 TX
2018-04-17 15:30:20  can0  18FF1720#25FFFFFFFFFFFFFF RX
2018-04-17 15:30:20  can0  18FF1610#A5 TX
2018-04-17 15:30:20  can0  18FF2420#4D0E0000F8FFFFFF RX
2018-04-17 15:30:20  can0  18FF1610#A5 TX
2018-04-17 15:30:21  can0  18FF1720#25FFFFFFFFFFFFFF RX
2018-04-17 15:30:21  can0  18FF1610#A5 TX
2018-04-17 15:30:21  can0  18FF2420#4D0E0000F8FFFFFF RX
2018-04-17 15:30:21  can0  18FF1610#A5 TX
2018-04-17 15:30:22  can0  18FF1720#25FFFFFFFFFFFFFF RX
2018-04-17 15:30:22  can0  18FF1610#A5 TX
2018-04-17 15:30:22  can0  18FF2420#4D0E0000F8FFFFFF RX
2018-04-17 15:30:22  can0  18FF1610#A5 TX
2018-04-17 15:30:23  can0  18FF1720#25FFFFFFFFFFFFFF RX
2018-04-17 15:30:23  can0  18FF1610#A5 TX
2018-04-17 15:30:23  can0  18FF2420#4D0E0000F8FFFFFF RX
2018-04-17 15:30:23  can0  18FF1610#A5 TX
2018-04-17 15:30:24  can0  18FF1720#25FFFFFFFFFFFFFF RX
2018-04-17 15:30:24  can0  18FF1610#A5 TX
2018-04-17 15:30:24  can0  18FF2420#4D0E0000F8FFFFFF RX
2018-04-17 15:30:24  can0  18FF1610#A5 TX
2018-04-17 15:30:25  can0  18FF1720#25FFFFFFFFFFFFFF RX
2018-04-17 15:30:25  can0  18FF1610#A5 TX
2018-04-17 15:30:25  can0  18FF2420#4D0E0000F8FFFFFF RX
2018-04-17 15:30:25  can0  18FF1610#A5 TX
2018-04-17 15:30:26  can0  18FF1720#25FFFFFFFFFFFFFF RX
2018-04-17 15:30:26  can0  18FF1610#A5 TX
2018-04-17 15:30:26  can0  18FF2420#4D0E0000F8FFFFFF RX
2018-04-17 15:30:26  can0  18FF1610#A5 TX
2018-04-17 15:30:27  can0  18FF1720#25FFFFFFFFFFFFFF RX
2018-04-17 15:30:27  can0  18FF1610#A5 TX
2018-04-17 15:30:27  can0  18FF2420#4D0E0000F8FFFFFF RX
2018-04-17 15:30:27  can0  18FF1610#A5 TX
2018-04-17 15:30:28  can0  18FF1720#25FFFFFFFFFFFFFF RX
2018-04-17 15:30:28  can0  18FF1610#A5 TX
2018-04-17 15:30:28  can0  18FF2420#4D0E0000F8FFFFFF RX
2018-04-17 15:30:28  can0  18FF1610#A5 TX
2018-04-17 15:30:29  can0  18FF1720#25FFFFFFFFFFFFFF RX
2018-04-17 15:30:29  can0  18FF1610#A5 TX
2018-04-17 15:30:29  can0  18FF2420#4D0E0000F8FFFFFF RX
2018-04-17 15:30:29  can0  18FF1610#A5 TX
2018-04-17 15:30:30  can0  18FF1720#25FFFFFFFFFFFFFF RX
2018-04-17 15:30:30  can0  18FF1610#A5 TX
2018-04-17 15:30:30  can0  18FF2420#4D0E0000F8FFFFFF RX
2018-04-17 15:30:30  can0  18FF1610#A5 TX
2018-04-17 15:30:31  can0  18FF1720#25FFFFFFFFFFFFFF RX
2018-04-17 15:30:31  can0  18FF1610#A5 TX
2018-04-17 15:30:31  can0  18FF2420#4D0E0000F8FFFFFF RX
2018-04-17 15:30:31  can0  18FF1610#A5 TX
2018-04-17 15:30:32  can0  18FF1720#25FFFFFFFFFFFFFF RX
2018-04-17 15:30:32  can0  18FF1610#A5 TX
2018-04-17 15:30:32  can0  18FF2420#4D0E0000F8FFFFFF RX
2018-04-17 15:30:32  can0  18FF1610#A5 TX
2018-04-17 15:30:33  can0  18FF1720#25FFFFFFFFFFFFFF RX
2018-04-17 15:30:33  can0  18FF1610#A5 TX
2018-04-17 15:30:33  can0  18FF2420#4D0E0000F8FFFFFF RX
2018-04-17 15:30:33  can0  18FF1610#A5 TX
2018-04-17 15:30:34  can0  18FF1720#25FFFFFFFFFFFFFF RX
2018-04-17 15:30:34  can0  18FF1610#A5 TX
2018-04-17 15:30:34  can0  18FF2420#4D0E0000F8FFFFFF RX
2018-04-17 15:30:34  can0  18FF1610#A5 TX
2018-04-17 15:30:35  can0  18FF1720#25FFFFFFFFFFFFFF RX
2018-04-17 15:30:35  can0  18FF1610#A5 TX
2018-04-17 15:30:35  can0  18FF2420#4D0E0000F8FFFFFF RX
2018-04-17 15:30:35  can0  18FF1610#A5 TX
2018-04-17 15:30:36  can0  18FF1720#25FFFFFFFFFFFFFF RX
2018-04-17 15:30:36  can0  18FF1610#A5 TX
2018-04-17 15:30:36  can0  18FF2420#4D0E0000F8FFFFFF RX
2018-04-17 15:30:36  can0  18FF1610#A5 TX
2018-04-17 15:30:37  can0  18FF1720#25FFFFFFFFFFFFFF RX
2018-04-17 15:30:37  can0  18FF1610#A5 TX
2018-04-17 15:30:37  can0  18FF2420#4D0E0000F8FFFFFF RX
2018-04-17 15:30:37  can0  18FF1610#A5 TX
2018-04-17 15:30:38  can0  18FF1720#25FFFFFFFFFFFFFF RX
2018-04-17 15:30:38  can0  18FF1610#A5 TX
2018-04-17 15:30:38  can0  18FF2420#4D0E0000F8FFFFFF RX
2018-04-17 15:30:38  can0  18FF1610#A5 TX
2018-04-17 15:30:39  can0  18FF1720#25FFFFFFFFFFFFFF RX
2018-04-17 15:30:39  can0  18FF1610#A5 TX
2018-04-17 15:30:39  can0  18FF2420#4D0E0000F8FFFFFF RX
2018-04-17 15:30:39  can0  18FF1610#A5 TX
2018-04-17 15:30:39  can0  18FF2320#51029600AE0300FF RX
2018-04-17 15:30:39  can0  18FF1610#A5 TX
2018-04-17 15:30:40  can0  18FF1720#25FFFFFFFFFFFFFF RX
2018-04-17 15:30:40  can0  18FF1610#A5 TX
2018-04-17 15:30:40  can0  18FF2420#4D0E0000F8FFFFFF RX
2018-04-17 15:30:40  can0  18FF1610#A5 TX
2018-04-17 15:30:41  can0  18FF1720#25FFFFFFFFFFFFFF RX
2018-04-17 15:30:41  can0  18FF1610#A5 TX
2018-04-17 15:30:41  can0  18FF2420#4D0E0000F8FFFFFF RX
2018-04-17 15:30:41  can0  18FF1610#A5 TX
2018-04-17 15:30:42  can0  18FF1720#25FFFFFFFFFFFFFF RX
2018-04-17 15:30:42  can0  18FF1610#A5 TX
2018-04-17 15:30:42  can0  18FF2420#4D0E0000F8FFFFFF RX
2018-04-17 15:30:42  can0  18FF1610#A5 TX
2018-04-17 15:30:43  can0  18FF1720#25FFFFFFFFFFFFFF RX
2018-04-17 15:30:43  can0  18FF1610#A5 TX
2018-04-17 15:30:43  can0  18FF2420#4D0E0000F8FFFFFF RX
2018-04-17 15:30:43  can0  18FF1610#A5 TX
2018-04-17 15:30:44  can0  18FF1720#25FFFFFFFFFFFFFF RX
2018-04-17 15:30:44  can0  18FF1610#A5 TX
2018-04-17 15:30:44  can0  18FF2420#4D0E0000F8FFFFFF RX
2018-04-17 15:30:44  can0  18FF1610#A5 TX
2018-04-17 15:30:45  can0  18FF1720#25FFFFFFFFFFFFFF RX
2018-04-17 15:30:45  can0  18FF1610#A5 TX
2018-04-17 15:30:45  can0  18FF2420#4D0E0000F8FFFFFF RX
2018-04-17 15:30:45  can0  18FF1610#A5 TX
2018-04-17 15:30:46  can0  18FF1720#25FFFFFFFFFFFFFF RX
2018-04-17 15:30:46  can0  18FF1610#A5 TX
2018-04-17 15:30:46  can0  18FF2420#4D0E0000F8FFFFFF RX
2018-04-17 15:30:46  can0  18FF1610#A5 TX
2018-04-17 15:30:47  can0  18FF1720#25FFFFFFFFFFFFFF RX
2018-04-17 15:30:47  can0  18FF1610#A5 TX
2018-04-17 15:30:47  can0  18FF2420#4D0E0000F8FFFFFF RX
2018-04-17 15:30:47  can0  18FF1610#A5 TX
2018-04-17 15:30:48  can0  18FF1720#25FFFFFFFFFFFFFF RX
2018-04-17 15:30:48  can0  18FF1610#A5 TX
2018-04-17 15:30:48  can0  18FF2420#4D0E0000F8FFFFFF RX
2018-04-17 15:30:48  can0  18FF1610#A5 TX
2018-04-17 15:30:49  can0  18FF1720#25FFFFFFFFFFFFFF RX
2018-04-17 15:30:49  can0  18FF1610#A5 TX
2018-04-17 15:30:49  can0  18FF2420#4D0E0000F8FFFFFF RX
2018-04-17 15:30:49  can0  18FF1610#A5 TX
2018-04-17 15:30:50  can0  18FF1720#25FFFFFFFFFFFFFF RX
2018-04-17 15:30:50  can0  18FF1610#A5 TX
2018-04-17 15:30:50  can0  18FF2420#4D0E0000F8FFFFFF RX
2018-04-17 15:30:50  can0  18FF1610#A5 TX
2018-04-17 15:30:51  can0  18FF1720#25FFFFFFFFFFFFFF RX
2018-04-17 15:30:51  can0  18FF1610#A5 TX
2018-04-17 15:30:51  can0  18FF2420#4D0E0000F8FFFFFF RX
2018-04-17 15:30:51  can0  18FF1610#A5 TX
2018-04-17 15:30:52  can0  18FF1720#25FFFFFFFFFFFFFF RX
2018-04-17 15:30:52  can0  18FF1610#A5 TX
2018-04-17 15:30:52  can0  18FF2420#4D0E0000F8FFFFFF RX
2018-04-17 15:30:52  can0  18FF1610#A5 TX
2018-04-17 15:30:53  can0  18FF1720#25FFFFFFFFFFFFFF RX
2018-04-17 15:30:53  can0  18FF1610#A5 TX
2018-04-17 15:30:53  can0  18FF2420#4D0E0000F8FFFFFF RX
2018-04-17 15:30:53  can0  18FF1610#A5 TX
2018-04-17 15:30:54  can0  18FF1720#25FFFFFFFFFFFFFF RX
2018-04-17 15:30:54  can0  18FF1610#A5 TX
2018-04-17 15:30:54  can0  18FF2420#4D0E0000F8FFFFFF RX
2018-04-17 15:30:54  can0  18FF1610#A5 TX
2018-04-17 15:30:55  can0  18FF1720#25FFFFFFFFFFFFFF RX
2018-04-17 15:30:55  can0  18FF1610#A5 TX
2018-04-17 15:30:55  can0  18FF2420#4D0E0000F8FFFFFF RX
2018-04-17 15:30:55  can0  18FF1610#A5 TX
2018-04-17 15:30:56  can0  18FF1720#25FFFFFFFFFFFFFF RX
2018-04-17 15:30:56  can0  18FF1610#A5 TX
2018-04-17 15:30:56  can0  18FF2420#4D0E0000F8FFFFFF RX
2018-04-17 15:30:56  can0  18FF1610#A5 TX
2018-04-17 15:30:57  can0  18FF1720#25FFFFFFFFFFFFFF RX
2018-04-17 15:30:57  can0  18FF1610#A5 TX
2018-04-17 15:30:57  can0  18FF2420#4D0E0000F8FFFFFF RX
2018-04-17 15:30:57  can0  18FF1610#A5 TX
2018-04-17 15:30:58  can0  18FF1720#25FFFFFFFFFFFFFF RX
2018-04-17 15:30:58  can0  18FF1610#A5 TX
2018-04-17 15:30:58  can0  18FF2420#4D0E0000F8FFFFFF RX
2018-04-17 15:30:58  can0  18FF1610#A5 TX
2018-04-17 15:30:59  can0  18FF1720#25FFFFFFFFFFFFFF RX
2018-04-17 15:30:59  can0  18FF1610#A5 TX
2018-04-17 15:30:59  can0  18FF2420#4D0E0000F8FFFFFF RX
2018-04-17 15:30:59  can0  18FF1610#A5 TX
2018-04-17 15:31:00  can0  18FF1720#25FFFFFFFFFFFFFF RX
2018-04-17 15:31:00  can0  18FF1610#A5 TX
2018-04-17 15:31:00  can0  18FF2420#4D0E0000F8FFFFFF RX
2018-04-17 15:31:00  can0  18FF1610#A5 TX
2018-04-17 15:31:01  can0  18FF1720#25FFFFFFFFFFFFFF RX
2018-04-17 15:31:01  can0  18FF1610#A5 TX
2018-04-17 15:31:01  can0  18FF2420#4D0E0000F8FFFFFF RX
2018-04-17 15:31:01  can0  18FF1610#A5 TX
2018-04-17 15:31:02  can0  18FF1720#25FFFFFFFFFFFFFF RX
2018-04-17 15:31:02  can0  18FF1610#A5 TX
2018-04-17 15:31:02  can0  18FF2420#4D0E0000F8FFFFFF RX
2018-04-17 15:31:02  can0  18FF1610#A5 TX
2018-04-17 15:31:03  can0  18FF1720#25FFFFFFFFFFFFFF RX
2018-04-17 15:31:03  can0  18FF1610#A5 TX
2018-04-17 15:31:03  can0  18FF2420#4D0E0000F8FFFFFF RX
2018-04-17 15:31:03  can0  18FF1610#A5 TX
2018-04-17 15:31:04  can0  18FF1720#25FFFFFFFFFFFFFF RX
2018-04-17 15:31:04  can0  18FF1610#A5 TX
2018-04-17 15:31:04  can0  18FF2420#4D0E0000F8FFFFFF RX
2018-04-17 15:31:04  can0  18FF1610#A5 TX
2018-04-17 15:31:05  can0  18FF1720#25FFFFFFFFFFFFFF RX
2018-04-17 15:31:05  can0  18FF1610#A5 TX
2018-04-17 15:31:05  can0  18FF2420#4D0E0000F8FFFFFF RX
2018-04-17 15:31:05  can0  18FF1610#A5 TX
2018-04-17 15:31:06  can0  18FF1720#25FFFFFFFFFFFFFF RX
2018-04-17 15:31:06  can0  18FF1610#A5 TX
2018-04-17 15:31:06  can0  18FF2420#4D0E0000F8FFFFFF RX
2018-04-17 15:31:06  can0  18FF1610#A5 TX
2018-04-17 15:31:07  can0  18FF1720#25FFFFFFFFFFFFFF RX
2018-04-17 15:31:07  can0  18FF1610#A5 TX
2018-04-17 15:31:07  can0  18FF2420#4D0E0000F8FFFFFF RX
2018-04-17 15:31:07  can0  18FF1610#A5 TX
2018-04-17 15:31:08  can0  18FF1720#25FFFFFFFFFFFFFF RX
2018-04-17 15:31:08  can0  18FF1610#A5 TX
2018-04-17 15:31:08  can0  18FF2420#4D0E0000F8FFFFFF RX
2018-04-17 15:31:08  can0  18FF1610#A5 TX
2018-04-17 15:31:09  can0  18FF1720#25FFFFFFFFFFFFFF RX
2018-04-17 15:31:09  can0  18FF1610#A5 TX
2018-04-17 15:31:09  can0  18FF2420#4D0E0000F8FFFFFF RX
2018-04-17 15:31:09  can0  18FF1610#A5 TX
2018-04-17 15:31:10  can0  18FF1720#25FFFFFFFFFFFFFF RX
2018-04-17 15:31:10  can0  18FF1610#A5 TX
2018-04-17 15:31:10  can0  18FF2420#4D0E0000F8FFFFFF RX
2018-04-17 15:31:10  can0  18FF1610#A5 TX
2018-04-17 15:31:11  can0  18FF1720#25FFFFFFFFFFFFFF RX
2018-04-17 15:31:11  can0  18FF1610#A5 TX
2018-04-17 15:31:11  can0  18FF2420#4D0E0000F8FFFFFF RX
2018-04-17 15:31:11  can0  18FF1610#A5 TX
2018-04-17 15:31:12  can0  18FF1720#25FFFFFFFFFFFFFF RX
2018-04-17 15:31:12  can0  18FF1610#A5 TX
2018-04-17 15:31:12  can0  18FF2420#4D0E0000F8FFFFFF RX
2018-04-17 15:31:12  can0  18FF1610#A5 TX
2018-04-17 15:31:13  can0  18FF2500#297300440100FCFF RX
2018-04-17 15:31:13  can0  18FF1610#A5 TX
2018-04-17 15:31:13  can0  18FF2400#4D0E0000F0FFFFFF RX
2018-04-17 15:31:13  can0  18FF1610#A5 TX
2018-04-17 15:31:14  can0  18FF2500#297300540100FCFF RX
2018-04-17 15:31:14  can0  18FF1610#A5 TX
2018-04-17 15:31:14  can0  18FF2400#4D0E0000F0FFFFFF RX
2018-04-17 15:31:14  can0  18FF1610#A5 TX
2018-04-17 15:31:15  can0  18FF2500#297300540100FCFF RX
2018-04-17 15:31:15  can0  18FF1610#A5 TX
2018-04-17 15:31:15  can0  18FF2400#4D0E0000F0FFFFFF RX
2018-04-17 15:31:15  can0  18FF1610#A5 TX
2018-04-17 15:31:16  can0  18FF2500#297300540100FCFF RX
2018-04-17 15:31:16  can0  18FF1610#A5 TX
2018-04-17 15:31:16  can0  18FF2400#4D0E0000F0FFFFFF RX
2018-04-17 15:31:16  can0  18FF1610#A5 TX
2018-04-17 15:31:17  can0  18FF1610#A5 TX
No response from generator
Time Out Error: CAN line might be disconnected or generator can interface is down
Resetting CAN interface on server
2018-04-17 15:31:18  can0  18FF2500#297300540100FCFF RX
2018-04-17 15:31:18  can0  18FF1610#A5 TX
2018-04-17 15:31:18  can0  18FF2400#4D0E0000F0FFFFFF RX
2018-04-17 15:31:18  can0  18FF1610#A5 TX
2018-04-17 15:31:19  can0  18FF2500#297300540100FCFF RX
2018-04-17 15:31:19  can0  18FF1610#A5 TX
2018-04-17 15:31:19  can0  18FF2400#4D0E0000F0FFFFFF RX
2018-04-17 15:31:19  can0  18FF1610#A5 TX
2018-04-17 15:31:20  can0  18FF2500#297300540100FCFF RX
2018-04-17 15:31:20  can0  18FF1610#A5 TX
2018-04-17 15:31:20  can0  18FF2400#4D0E0000F0FFFFFF RX
2018-04-17 15:31:20  can0  18FF1610#A5 TX
2018-04-17 15:31:21  can0  18FF2500#297300540100FCFF RX
2018-04-17 15:31:21  can0  18FF1610#A5 TX
2018-04-17 15:31:21  can0  18FF2400#4D0E0000F0FFFFFF RX
2018-04-17 15:31:21  can0  18FF1610#A5 TX
2018-04-17 15:31:22  can0  18FF2500#297300540100FCFF RX
2018-04-17 15:31:22  can0  18FF1610#A5 TX
2018-04-17 15:31:22  can0  18FF2400#4D0E0000F0FFFFFF RX
2018-04-17 15:31:22  can0  18FF1610#A5 TX
2018-04-17 15:31:23  can0  18FF2500#297300540100FCFF RX
