2018-04-17 13:46:13  can0  18FF1610#55 TX
2018-04-17 13:46:13  can0  18FF2500#297300540100FCFF RX
2018-04-17 13:46:13  can0  18FF1610#55 TX
2018-04-17 13:46:13  can0  18FF2400#4D0E0000F0FFFFFF RX
2018-04-17 13:46:13  can0  18FF1610#55 TX
2018-04-17 13:46:14  can0  18FF2500#297300540100FCFF RX
2018-04-17 13:46:14  can0  18FF1610#55 TX
2018-04-17 13:46:14  can0  18FF2400#4D0E0000F0FFFFFF RX
2018-04-17 13:46:14  can0  18FF1610#55 TX
2018-04-17 13:46:15  can0  18FF2500#297300540100FCFF RX
2018-04-17 13:46:15  can0  18FF1610#55 TX
2018-04-17 13:46:15  can0  18FF2400#4D0E0000F0FFFFFF RX
2018-04-17 13:46:15  can0  18FF1610#55 TX
2018-04-17 13:46:16  can0  18FF2500#297300540100FCFF RX
2018-04-17 13:46:16  can0  18FF1610#55 TX
2018-04-17 13:46:16  can0  18FF2400#4D0E0000F0FFFFFF RX
2018-04-17 13:46:16  can0  18FF1610#55 TX
2018-04-17 13:46:17  can0  18FF2500#297300540100FCFF RX
2018-04-17 13:46:17  can0  18FF1610#55 TX
2018-04-17 13:46:17  can0  18FF2400#4D0E0000F0FFFFFF RX
2018-04-17 13:46:17  can0  18FF1610#55 TX
2018-04-17 13:46:18  can0  18FF2500#297300540100FCFF RX
2018-04-17 13:46:18  can0  18FF1610#55 TX
2018-04-17 13:46:18  can0  18FF2400#4D0E0000F0FFFFFF RX
2018-04-17 13:46:18  can0  18FF1610#55 TX
2018-04-17 13:46:19  can0  18FF2500#297300540100FCFF RX
2018-04-17 13:46:19  can0  18FF1610#55 TX
2018-04-17 13:46:19  can0  18FF2400#4D0E0000F0FFFFFF RX
2018-04-17 13:46:19  can0  18FF1610#55 TX
2018-04-17 13:46:20  can0  18FF2500#297300540100FCFF RX
2018-04-17 13:46:20  can0  18FF1610#55 TX
2018-04-17 13:46:20  can0  18FF2400#4D0E0000F0FFFFFF RX
2018-04-17 13:46:20  can0  18FF1610#55 TX
2018-04-17 13:46:21  can0  18FF2500#297300540100FCFF RX
2018-04-17 13:46:21  can0  18FF1610#55 TX
2018-04-17 13:46:21  can0  18FF2400#4D0E0000F0FFFFFF RX
2018-04-17 13:46:21  can0  18FF1610#55 TX
2018-04-17 13:46:22  can0  18FF2500#297300540100FCFF RX
2018-04-17 13:46:22  can0  18FF1610#55 TX
2018-04-17 13:46:22  can0  18FF2400#4D0E0000F0FFFFFF RX
2018-04-17 13:46:22  can0  18FF1610#55 TX
2018-04-17 13:46:23  can0  18FF2500#297300540100FCFF RX
2018-04-17 13:46:23  can0  18FF1610#55 TX
2018-04-17 13:46:23  can0  18FF2400#4D0E0000F0FFFFFF RX
2018-04-17 13:46:23  can0  18FF1610#55 TX
2018-04-17 13:46:24  can0  18FF2500#297300540100FCFF RX
2018-04-17 13:46:24  can0  18FF1610#55 TX
2018-04-17 13:46:24  can0  18FF2400#4D0E0000F0FFFFFF RX
2018-04-17 13:46:24  can0  18FF1610#55 TX
2018-04-17 13:46:25  can0  18FF2500#297300540100FCFF RX
2018-04-17 13:46:25  can0  18FF1610#55 TX
2018-04-17 13:46:25  can0  18FF2400#4D0E0000F0FFFFFF RX
2018-04-17 13:46:25  can0  18FF1610#55 TX
2018-04-17 13:46:26  can0  18FF2500#297300540100FCFF RX
2018-04-17 13:46:26  can0  18FF1610#55 TX
2018-04-17 13:46:26  can0  18FF2400#4D0E0000F0FFFFFF RX
2018-04-17 13:46:26  can0  18FF1610#55 TX
2018-04-17 13:46:27  can0  18FF2500#297300540100FCFF RX
2018-04-17 13:46:27  can0  18FF1610#55 TX
2018-04-17 13:46:27  can0  18FF2400#4D0E0000F0FFFFFF RX
2018-04-17 13:46:27  can0  18FF1610#55 TX
2018-04-17 13:46:28  can0  18FF2500#297300540100FCFF RX
2018-04-17 13:46:28  can0  18FF1610#55 TX
2018-04-17 13:46:28  can0  18FF2400#4D0E0000F0FFFFFF RX
2018-04-17 13:46:28  can0  18FF1610#55 TX
2018-04-17 13:46:29  can0  18FF2500#297300540100FCFF RX
2018-04-17 13:46:29  can0  18FF1610#55 TX
2018-04-17 13:46:29  can0  18FF2400#4D0E0000F0FFFFFF RX
2018-04-17 13:46:29  can0  18FF1610#55 TX
2018-04-17 13:46:30  can0  18FF2500#297300540100FCFF RX
2018-04-17 13:46:30  can0  18FF1610#55 TX
2018-04-17 13:46:30  can0  18FF2400#4D0E0000F0FFFFFF RX
2018-04-17 13:46:30  can0  18FF1610#55 TX
2018-04-17 13:46:31  can0  18FF2500#297300540100FCFF RX
2018-04-17 13:46:31  can0  18FF1610#55 TX
2018-04-17 13:46:31  can0  18FF2400#4D0E0000F0FFFFFF RX
2018-04-17 13:46:31  can0  18FF1610#55 TX
2018-04-17 13:46:32  can0  18FF2500#297300540100FCFF RX
2018-04-17 13:46:32  can0  18FF1610#55 TX
2018-04-17 13:46:32  can0  18FF2400#4D0E0000F0FFFFFF RX
2018-04-17 13:46:32  can0  18FF1610#55 TX
2018-04-17 13:46:33  can0  18FF2500#297300540100FCFF RX
2018-04-17 13:46:33  can0  18FF1610#55 TX
2018-04-17 13:46:33  can0  18FF2400#4D0E0000F0FFFFFF RX
2018-04-17 13:46:33  can0  18FF1610#55 TX
2018-04-17 13:46:34  can0  18FF2500#297300540100FCFF RX
2018-04-17 13:46:34  can0  18FF1610#55 TX
2018-04-17 13:46:34  can0  18FF2400#4D0E0000F0FFFFFF RX
2018-04-17 13:46:34  can0  18FF1610#55 TX
2018-04-17 13:46:35  can0  18FF2500#297300540100FCFF RX
2018-04-17 13:46:35  can0  18FF1610#55 TX
2018-04-17 13:46:35  can0  18FF2400#4D0E0000F0FFFFFF RX
2018-04-17 13:46:35  can0  18FF1610#55 TX
2018-04-17 13:46:36  can0  18FF2500#297300540100FCFF RX
2018-04-17 13:46:36  can0  18FF1610#55 TX
2018-04-17 13:46:36  can0  18FF2400#4D0E0000F0FFFFFF RX
2018-04-17 13:46:36  can0  18FF1610#55 TX
2018-04-17 13:46:37  can0  18FF2500#297300540100FCFF RX
2018-04-17 13:46:37  can0  18FF1610#55 TX
2018-04-17 13:46:37  can0  18FF2400#4D0E0000F0FFFFFF RX
2018-04-17 13:46:37  can0  18FF1610#55 TX
2018-04-17 13:46:38  can0  18FF2500#297300540100FCFF RX
2018-04-17 13:46:38  can0  18FF1610#55 TX
2018-04-17 13:46:38  can0  18FF2400#4D0E0000F0FFFFFF RX
2018-04-17 13:46:38  can0  18FF1610#55 TX
2018-04-17 13:46:39  can0  18FF2500#297300540100FCFF RX
2018-04-17 13:46:39  can0  18FF1610#55 TX
2018-04-17 13:46:39  can0  18FF2400#4D0E0000F0FFFFFF RX
2018-04-17 13:46:39  can0  18FF1610#55 TX
2018-04-17 13:46:40  can0  18FF2500#297300540100FCFF RX
2018-04-17 13:46:40  can0  18FF1610#55 TX
2018-04-17 13:46:40  can0  18FF2400#4D0E0000F0FFFFFF RX
2018-04-17 13:46:40  can0  18FF1610#55 TX
2018-04-17 13:46:41  can0  18FF2500#297300540100FCFF RX
2018-04-17 13:46:41  can0  18FF1610#55 TX
2018-04-17 13:46:41  can0  18FF2400#4D0E0000F0FFFFFF RX
2018-04-17 13:46:41  can0  18FF1610#55 TX
2018-04-17 13:46:42  can0  18FF2500#297300540100FCFF RX
2018-04-17 13:46:42  can0  18FF1610#55 TX
2018-04-17 13:46:42  can0  18FF2400#4D0E0000F0FFFFFF RX
2018-04-17 13:46:42  can0  18FF1610#55 TX
2018-04-17 13:46:43  can0  18FF2500#297300540100FCFF RX
2018-04-17 13:46:43  can0  18FF1610#55 TX
2018-04-17 13:46:43  can0  18FF2400#4D0E0000F0FFFFFF RX
2018-04-17 13:46:43  can0  18FF1610#55 TX
2018-04-17 13:46:44  can0  18FF2500#297300540100FCFF RX
2018-04-17 13:46:44  can0  18FF1610#55 TX
2018-04-17 13:46:44  can0  18FF2400#4D0E0000F0FFFFFF RX
2018-04-17 13:46:44  can0  18FF1610#55 TX
2018-04-17 13:46:45  can0  18FF2500#297300540100FCFF RX
2018-04-17 13:46:45  can0  18FF1610#55 TX
2018-04-17 13:46:45  can0  18FF2400#4D0E0000F0FFFFFF RX
2018-04-17 13:46:45  can0  18FF1610#55 TX
2018-04-17 13:46:46  can0  18FF2500#297300540100FCFF RX
2018-04-17 13:46:46  can0  18FF1610#55 TX
2018-04-17 13:46:46  can0  18FF2400#4D0E0000F0FFFFFF RX
2018-04-17 13:46:46  can0  18FF1610#55 TX
2018-04-17 13:46:47  can0  18FF2500#297300540100FCFF RX
2018-04-17 13:46:47  can0  18FF1610#55 TX
2018-04-17 13:46:47  can0  18FF2400#4D0E0000F0FFFFFF RX
2018-04-17 13:46:47  can0  18FF1610#55 TX
2018-04-17 13:46:48  can0  18FF2500#297300540100FCFF RX
2018-04-17 13:46:48  can0  18FF1610#55 TX
2018-04-17 13:46:48  can0  18FF2400#4D0E0000F0FFFFFF RX
2018-04-17 13:46:48  can0  18FF1610#55 TX
2018-04-17 13:46:49  can0  18FF2500#297300540100FCFF RX
2018-04-17 13:46:49  can0  18FF1610#55 TX
2018-04-17 13:46:49  can0  18FF2400#4D0E0000F0FFFFFF RX
2018-04-17 13:46:49  can0  18FF1610#55 TX
2018-04-17 13:46:50  can0  18FF2500#297300540100FCFF RX
2018-04-17 13:46:50  can0  18FF1610#55 TX
2018-04-17 13:46:50  can0  18FF2400#4D0E0000F0FFFFFF RX
2018-04-17 13:46:50  can0  18FF1610#55 TX
2018-04-17 13:46:51  can0  18FF2500#297300540100FCFF RX
2018-04-17 13:46:51  can0  18FF1610#55 TX
2018-04-17 13:46:51  can0  18FF2400#4D0E0000F0FFFFFF RX
2018-04-17 13:46:51  can0  18FF1610#55 TX
2018-04-17 13:46:52  can0  18FF2500#297300540100FCFF RX
2018-04-17 13:46:52  can0  18FF1610#55 TX
2018-04-17 13:46:52  can0  18FF2400#4D0E0000F0FFFFFF RX
2018-04-17 13:46:52  can0  18FF1610#55 TX
2018-04-17 13:46:53  can0  18FF2500#297300540100FCFF RX
2018-04-17 13:46:53  can0  18FF1610#55 TX
2018-04-17 13:46:53  can0  18FF2400#4D0E0000F0FFFFFF RX
2018-04-17 13:46:53  can0  18FF1610#55 TX
2018-04-17 13:46:54  can0  18FF2500#297300540100FCFF RX
2018-04-17 13:46:54  can0  18FF1610#55 TX
2018-04-17 13:46:54  can0  18FF2400#4D0E0000F0FFFFFF RX
2018-04-17 13:46:54  can0  18FF1610#55 TX
2018-04-17 13:46:55  can0  18FF2500#297300540100FCFF RX
2018-04-17 13:46:55  can0  18FF1610#55 TX
2018-04-17 13:46:55  can0  18FF2400#4D0E0000F0FFFFFF RX
2018-04-17 13:46:55  can0  18FF1610#55 TX
2018-04-17 13:46:56  can0  18FF2500#297300540100FCFF RX
2018-04-17 13:46:56  can0  18FF1610#55 TX
2018-04-17 13:46:56  can0  18FF2400#4D0E0000F0FFFFFF RX
2018-04-17 13:46:56  can0  18FF1610#55 TX
2018-04-17 13:46:57  can0  18FF2500#297300540100FCFF RX
2018-04-17 13:46:57  can0  18FF1610#55 TX
2018-04-17 13:46:57  can0  18FF2400#4D0E0000F0FFFFFF RX
2018-04-17 13:46:57  can0  18FF1610#55 TX
2018-04-17 13:46:58  can0  18FF2500#297300540100FCFF RX
2018-04-17 13:46:58  can0  18FF1610#55 TX
2018-04-17 13:46:58  can0  18FF2400#4D0E0000F0FFFFFF RX
2018-04-17 13:46:58  can0  18FF1610#55 TX
2018-04-17 13:46:59  can0  18FF2500#297300540100FCFF RX
2018-04-17 13:46:59  can0  18FF1610#55 TX
2018-04-17 13:46:59  can0  18FF2400#4D0E0000F0FFFFFF RX
2018-04-17 13:46:59  can0  18FF1610#55 TX
2018-04-17 13:47:00  can0  18FF2500#297300540100FCFF RX
2018-04-17 13:47:00  can0  18FF1610#55 TX
2018-04-17 13:47:00  can0  18FF2400#4D0E0000F0FFFFFF RX
2018-04-17 13:47:00  can0  18FF1610#55 TX
2018-04-17 13:47:01  can0  18FF2500#297300540100FCFF RX
2018-04-17 13:47:01  can0  18FF1610#55 TX
2018-04-17 13:47:01  can0  18FF2400#4D0E0000F0FFFFFF RX
2018-04-17 13:47:01  can0  18FF1610#55 TX
2018-04-17 13:47:02  can0  18FF2500#297300540100FCFF RX
2018-04-17 13:47:02  can0  18FF1610#55 TX
2018-04-17 13:47:02  can0  18FF2400#4D0E0000F0FFFFFF RX
2018-04-17 13:47:02  can0  18FF1610#55 TX
2018-04-17 13:47:03  can0  18FF2500#297300540100FCFF RX
2018-04-17 13:47:03  can0  18FF1610#55 TX
2018-04-17 13:47:03  can0  18FF2400#4D0E0000F0FFFFFF RX
2018-04-17 13:47:03  can0  18FF1610#55 TX
2018-04-17 13:47:04  can0  18FF2500#297300540100FCFF RX
2018-04-17 13:47:04  can0  18FF1610#55 TX
2018-04-17 13:47:04  can0  18FF2400#4D0E0000F0FFFFFF RX
2018-04-17 13:47:04  can0  18FF1610#55 TX
2018-04-17 13:47:05  can0  18FF2500#297300540100FCFF RX
2018-04-17 13:47:05  can0  18FF1610#55 TX
2018-04-17 13:47:05  can0  18FF2400#4D0E0000F0FFFFFF RX
2018-04-17 13:47:05  can0  18FF1610#55 TX
2018-04-17 13:47:06  can0  18FF2500#297300540100FCFF RX
2018-04-17 13:47:06  can0  18FF1610#55 TX
2018-04-17 13:47:06  can0  18FF2400#4D0E0000F0FFFFFF RX
2018-04-17 13:47:06  can0  18FF1610#55 TX
2018-04-17 13:47:07  can0  18FF2500#297300540100FCFF RX
2018-04-17 13:47:07  can0  18FF1610#55 TX
2018-04-17 13:47:07  can0  18FF2400#4D0E0000F0FFFFFF RX
2018-04-17 13:47:07  can0  18FF1610#55 TX
2018-04-17 13:47:08  can0  18FF2500#297300540100FCFF RX
2018-04-17 13:47:08  can0  18FF1610#55 TX
2018-04-17 13:47:08  can0  18FF2400#4D0E0000F0FFFFFF RX
2018-04-17 13:47:08  can0  18FF1610#55 TX
2018-04-17 13:47:09  can0  18FF2500#297300540100FCFF RX
2018-04-17 13:47:09  can0  18FF1610#55 TX
2018-04-17 13:47:09  can0  18FF2400#4D0E0000F0FFFFFF RX
2018-04-17 13:47:09  can0  18FF1610#55 TX
2018-04-17 13:47:10  can0  18FF2500#297300540100FCFF RX
2018-04-17 13:47:10  can0  18FF1610#55 TX
2018-04-17 13:47:10  can0  18FF2400#4D0E0000F0FFFFFF RX
2018-04-17 13:47:10  can0  18FF1610#55 TX
2018-04-17 13:47:11  can0  18FF2500#297300540100FCFF RX
2018-04-17 13:47:11  can0  18FF1610#55 TX
2018-04-17 13:47:11  can0  18FF2400#4D0E0000F0FFFFFF RX
2018-04-17 13:47:11  can0  18FF1610#55 TX
2018-04-17 13:47:12  can0  18FF2500#297300540100FCFF RX
2018-04-17 13:47:12  can0  18FF1610#55 TX
2018-04-17 13:47:12  can0  18FF2400#4D0E0000F0FFFFFF RX
2018-04-17 13:47:12  can0  18FF1610#55 TX
2018-04-17 13:47:13  can0  18FF2500#297300540100FCFF RX
2018-04-17 13:47:13  can0  18FF1610#55 TX
2018-04-17 13:47:13  can0  18FF2400#4D0E0000F0FFFFFF RX
2018-04-17 13:47:13  can0  18FF1610#55 TX
2018-04-17 13:47:14  can0  18FF2500#297300540100FCFF RX
2018-04-17 13:47:14  can0  18FF1610#55 TX
2018-04-17 13:47:14  can0  18FF2400#4D0E0000F0FFFFFF RX
2018-04-17 13:47:14  can0  18FF1610#55 TX
2018-04-17 13:47:15  can0  18FF2500#297300540100FCFF RX
2018-04-17 13:47:15  can0  18FF1610#55 TX
2018-04-17 13:47:15  can0  18FF2400#4D0E0000F0FFFFFF RX
2018-04-17 13:47:15  can0  18FF1610#55 TX
2018-04-17 13:47:16  can0  18FF2500#297300540100FCFF RX
2018-04-17 13:47:16  can0  18FF1610#55 TX
2018-04-17 13:47:16  can0  18FF2400#4D0E0000F0FFFFFF RX
2018-04-17 13:47:16  can0  18FF1610#55 TX
2018-04-17 13:47:17  can0  18FF2500#297300540100FCFF RX
2018-04-17 13:47:17  can0  18FF1610#55 TX
2018-04-17 13:47:17  can0  18FF2400#4D0E0000F0FFFFFF RX
2018-04-17 13:47:17  can0  18FF1610#55 TX
2018-04-17 13:47:18  can0  18FF2500#297300540100FCFF RX
2018-04-17 13:47:18  can0  18FF1610#55 TX
2018-04-17 13:47:18  can0  18FF2400#4D0E0000F0FFFFFF RX
2018-04-17 13:47:18  can0  18FF1610#55 TX
2018-04-17 13:47:19  can0  18FF2500#297300540100FCFF RX
2018-04-17 13:47:19  can0  18FF1610#55 TX
2018-04-17 13:47:19  can0  18FF2400#4D0E0000F0FFFFFF RX
2018-04-17 13:47:19  can0  18FF1610#55 TX
2018-04-17 13:47:20  can0  18FF2500#297300540100FCFF RX
2018-04-17 13:47:20  can0  18FF1610#55 TX
2018-04-17 13:47:20  can0  18FF2400#4D0E0000F0FFFFFF RX
2018-04-17 13:47:20  can0  18FF1610#55 TX
2018-04-17 13:47:21  can0  18FF2500#297300540100FCFF RX
2018-04-17 13:47:21  can0  18FF1610#55 TX
2018-04-17 13:47:21  can0  18FF2400#4D0E0000F0FFFFFF RX
2018-04-17 13:47:21  can0  18FF1610#55 TX
2018-04-17 13:47:22  can0  18FF2500#297300540100FCFF RX
2018-04-17 13:47:22  can0  18FF1610#55 TX
2018-04-17 13:47:22  can0  18FF2400#4D0E0000F0FFFFFF RX
2018-04-17 13:47:22  can0  18FF1610#55 TX
2018-04-17 13:47:23  can0  18FF2500#297300540100FCFF RX
2018-04-17 13:47:23  can0  18FF1610#55 TX
2018-04-17 13:47:23  can0  18FF2400#4D0E0000F0FFFFFF RX
2018-04-17 13:47:23  can0  18FF1610#55 TX
2018-04-17 13:47:24  can0  18FF2500#297300540100FCFF RX
2018-04-17 13:47:24  can0  18FF1610#55 TX
2018-04-17 13:47:24  can0  18FF2400#4D0E0000F0FFFFFF RX
2018-04-17 13:47:24  can0  18FF1610#55 TX
2018-04-17 13:47:25  can0  18FF2500#297300540100FCFF RX
2018-04-17 13:47:25  can0  18FF1610#55 TX
2018-04-17 13:47:25  can0  18FF2400#4D0E0000F0FFFFFF RX
2018-04-17 13:47:25  can0  18FF1610#55 TX
2018-04-17 13:47:26  can0  18FF2500#297300540100FCFF RX
2018-04-17 13:47:26  can0  18FF1610#55 TX
2018-04-17 13:47:26  can0  18FF2400#4D0E0000F0FFFFFF RX
2018-04-17 13:47:26  can0  18FF1610#55 TX
2018-04-17 13:47:27  can0  18FF2500#297300540100FCFF RX
2018-04-17 13:47:27  can0  18FF1610#55 TX
2018-04-17 13:47:27  can0  18FF2400#4D0E0000F0FFFFFF RX
2018-04-17 13:47:27  can0  18FF1610#55 TX
2018-04-17 13:47:28  can0  18FF2500#297300540100FCFF RX
2018-04-17 13:47:28  can0  18FF1610#55 TX
2018-04-17 13:47:28  can0  18FF2400#4D0E0000F0FFFFFF RX
2018-04-17 13:47:28  can0  18FF1610#55 TX
2018-04-17 13:47:29  can0  18FF2500#297300540100FCFF RX
2018-04-17 13:47:29  can0  18FF1610#55 TX
2018-04-17 13:47:29  can0  18FF2400#4D0E0000F0FFFFFF RX
2018-04-17 13:47:29  can0  18FF1610#55 TX
2018-04-17 13:47:30  can0  18FF2500#297300540100FCFF RX
2018-04-17 13:47:30  can0  18FF1610#55 TX
2018-04-17 13:47:30  can0  18FF2400#4D0E0000F0FFFFFF RX
2018-04-17 13:47:30  can0  18FF1610#55 TX
2018-04-17 13:47:31  can0  18FF2500#297300540100FCFF RX
2018-04-17 13:47:31  can0  18FF1610#55 TX
2018-04-17 13:47:31  can0  18FF2400#4D0E0000F0FFFFFF RX
2018-04-17 13:47:31  can0  18FF1610#55 TX
2018-04-17 13:47:32  can0  18FF2500#297300540100FCFF RX
2018-04-17 13:47:32  can0  18FF1610#55 TX
2018-04-17 13:47:32  can0  18FF2400#4D0E0000F0FFFFFF RX
2018-04-17 13:47:32  can0  18FF1610#55 TX
2018-04-17 13:47:33  can0  18FF2500#297300540100FCFF RX
2018-04-17 13:47:33  can0  18FF1610#55 TX
2018-04-17 13:47:33  can0  18FF2400#4D0E0000F0FFFFFF RX
2018-04-17 13:47:33  can0  18FF1610#55 TX
2018-04-17 13:47:34  can0  18FF2500#297300540100FCFF RX
2018-04-17 13:47:34  can0  18FF1610#55 TX
2018-04-17 13:47:34  can0  18FF2400#4D0E0000F0FFFFFF RX
2018-04-17 13:47:34  can0  18FF1610#55 TX
2018-04-17 13:47:35  can0  18FF2500#297300540100FCFF RX
2018-04-17 13:47:35  can0  18FF1610#55 TX
2018-04-17 13:47:35  can0  18FF2400#4D0E0000F0FFFFFF RX
2018-04-17 13:47:35  can0  18FF1610#55 TX
2018-04-17 13:47:36  can0  18FF2500#297300540100FCFF RX
2018-04-17 13:47:36  can0  18FF1610#55 TX
2018-04-17 13:47:36  can0  18FF2400#4D0E0000F0FFFFFF RX
2018-04-17 13:47:36  can0  18FF1610#55 TX
2018-04-17 13:47:37  can0  18FF2500#297300540100FCFF RX
2018-04-17 13:47:37  can0  18FF1610#55 TX
2018-04-17 13:47:37  can0  18FF2400#4D0E0000F0FFFFFF RX
2018-04-17 13:47:37  can0  18FF1610#55 TX
2018-04-17 13:47:38  can0  18FF2500#297300540100FCFF RX
2018-04-17 13:47:38  can0  18FF1610#55 TX
2018-04-17 13:47:38  can0  18FF2400#4D0E0000F0FFFFFF RX
2018-04-17 13:47:38  can0  18FF1610#55 TX
2018-04-17 13:47:39  can0  18FF2500#297300540100FCFF RX
2018-04-17 13:47:39  can0  18FF1610#55 TX
2018-04-17 13:47:39  can0  18FF2400#4D0E0000F0FFFFFF RX
2018-04-17 13:47:39  can0  18FF1610#55 TX
2018-04-17 13:47:40  can0  18FF2500#297300540100FCFF RX
2018-04-17 13:47:40  can0  18FF1610#55 TX
2018-04-17 13:47:40  can0  18FF2400#4D0E0000F0FFFFFF RX
2018-04-17 13:47:40  can0  18FF1610#55 TX
2018-04-17 13:47:41  can0  18FF2500#297300540100FCFF RX
2018-04-17 13:47:41  can0  18FF1610#55 TX
2018-04-17 13:47:41  can0  18FF2400#4D0E0000F0FFFFFF RX
2018-04-17 13:47:41  can0  18FF1610#55 TX
2018-04-17 13:47:42  can0  18FF2500#297300540100FCFF RX
2018-04-17 13:47:42  can0  18FF1610#55 TX
2018-04-17 13:47:42  can0  18FF2400#4D0E0000F0FFFFFF RX
2018-04-17 13:47:42  can0  18FF1610#55 TX
2018-04-17 13:47:43  can0  18FF2500#297300540100FCFF RX
2018-04-17 13:47:43  can0  18FF1610#55 TX
2018-04-17 13:47:43  can0  18FF2400#4D0E0000F0FFFFFF RX
2018-04-17 13:47:43  can0  18FF1610#55 TX
2018-04-17 13:47:44  can0  18FF2500#297300540100FCFF RX
2018-04-17 13:47:44  can0  18FF1610#65 TX
2018-04-17 13:47:44  can0  18FF2400#4D0E0000F0FFFFFF RX
2018-04-17 13:47:44  can0  18FF1610#65 TX
2018-04-17 13:47:45  can0  18FF2500#297300540100FCFF RX
2018-04-17 13:47:45  can0  18FF1610#65 TX
2018-04-17 13:47:45  can0  18FF2400#4D0E0000F0FFFFFF RX
2018-04-17 13:47:45  can0  18FF1610#65 TX
2018-04-17 13:47:46  can0  18FF2500#297300540100FCFF RX
2018-04-17 13:47:46  can0  18FF1610#65 TX
2018-04-17 13:47:46  can0  18FF2400#4D0E0000F0FFFFFF RX
2018-04-17 13:47:46  can0  18FF1610#65 TX
2018-04-17 13:47:47  can0  18FF2500#297300540100FCFF RX
2018-04-17 13:47:47  can0  18FF1610#65 TX
2018-04-17 13:47:47  can0  18FF2400#4D0E0000F0FFFFFF RX
2018-04-17 13:47:47  can0  18FF1610#65 TX
2018-04-17 13:47:48  can0  18FF2500#297300540100FCFF RX
2018-04-17 13:47:48  can0  18FF1610#65 TX
2018-04-17 13:47:48  can0  18FF2400#4D0E0000F0FFFFFF RX
2018-04-17 13:47:48  can0  18FF1610#65 TX
2018-04-17 13:47:49  can0  18FF2500#297300540100FCFF RX
2018-04-17 13:47:49  can0  18FF1610#65 TX
2018-04-17 13:47:49  can0  18FF2400#4D0E0000F0FFFFFF RX
2018-04-17 13:47:49  can0  18FF1610#65 TX
2018-04-17 13:47:50  can0  18FF2500#297300540100FCFF RX
2018-04-17 13:47:50  can0  18FF1610#65 TX
2018-04-17 13:47:50  can0  18FF2400#4D0E0000F0FFFFFF RX
2018-04-17 13:47:50  can0  18FF1610#65 TX
2018-04-17 13:47:51  can0  18FF2500#297300540100FCFF RX
2018-04-17 13:47:51  can0  18FF1610#65 TX
2018-04-17 13:47:51  can0  18FF2400#4D0E0000F0FFFFFF RX
2018-04-17 13:47:51  can0  18FF1610#65 TX
2018-04-17 13:47:52  can0  18FF2500#297300540100FCFF RX
2018-04-17 13:47:52  can0  18FF1610#65 TX
2018-04-17 13:47:52  can0  18FF2400#4D0E0000F0FFFFFF RX
2018-04-17 13:47:52  can0  18FF1610#65 TX
2018-04-17 13:47:53  can0  18FF2500#297300540100FCFF RX
2018-04-17 13:47:53  can0  18FF1610#65 TX
2018-04-17 13:47:53  can0  18FF2400#4D0E0000F0FFFFFF RX
2018-04-17 13:47:53  can0  18FF1610#65 TX
2018-04-17 13:47:54  can0  18FF2500#297300540100FCFF RX
2018-04-17 13:47:54  can0  18FF1610#65 TX
2018-04-17 13:47:54  can0  18FF2400#4D0E0000F0FFFFFF RX
2018-04-17 13:47:54  can0  18FF1610#65 TX
2018-04-17 13:47:55  can0  18FF2500#297300540100FCFF RX
2018-04-17 13:47:55  can0  18FF1610#65 TX
2018-04-17 13:47:55  can0  18FF2400#4D0E0000F0FFFFFF RX
2018-04-17 13:47:55  can0  18FF1610#65 TX
2018-04-17 13:47:56  can0  18FF2500#297300540100FCFF RX
2018-04-17 13:47:56  can0  18FF1610#65 TX
2018-04-17 13:47:56  can0  18FF2400#4D0E0000F0FFFFFF RX
2018-04-17 13:47:56  can0  18FF1610#65 TX
2018-04-17 13:47:57  can0  18FF2500#297300540100FCFF RX
2018-04-17 13:47:57  can0  18FF1610#65 TX
2018-04-17 13:47:57  can0  18FF2400#4D0E0000F0FFFFFF RX
2018-04-17 13:47:57  can0  18FF1610#65 TX
2018-04-17 13:47:58  can0  18FF2500#297300540100FCFF RX
2018-04-17 13:47:58  can0  18FF1610#65 TX
2018-04-17 13:47:58  can0  18FF2400#4D0E0000F0FFFFFF RX
2018-04-17 13:47:58  can0  18FF1610#65 TX
2018-04-17 13:47:59  can0  18FF2500#297300540100FCFF RX
2018-04-17 13:47:59  can0  18FF1610#65 TX
2018-04-17 13:47:59  can0  18FF2400#4D0E0000F0FFFFFF RX
2018-04-17 13:47:59  can0  18FF1610#65 TX
2018-04-17 13:48:00  can0  18FF2500#297300540100FCFF RX
2018-04-17 13:48:00  can0  18FF1610#65 TX
2018-04-17 13:48:00  can0  18FF2400#4D0E0000F0FFFFFF RX
2018-04-17 13:48:00  can0  18FF1610#65 TX
2018-04-17 13:48:01  can0  18FF2500#297300540100FCFF RX
2018-04-17 13:48:01  can0  18FF1610#65 TX
2018-04-17 13:48:01  can0  18FF2400#4D0E0000F0FFFFFF RX
2018-04-17 13:48:01  can0  18FF1610#65 TX
2018-04-17 13:48:02  can0  18FF2500#297300540100FCFF RX
2018-04-17 13:48:02  can0  18FF1610#65 TX
2018-04-17 13:48:02  can0  18FF2400#4D0E0000F0FFFFFF RX
2018-04-17 13:48:02  can0  18FF1610#65 TX
2018-04-17 13:48:03  can0  18FF2500#297300540100FCFF RX
2018-04-17 13:48:03  can0  18FF1610#65 TX
2018-04-17 13:48:03  can0  18FF2400#4D0E0000F0FFFFFF RX
2018-04-17 13:48:03  can0  18FF1610#65 TX
2018-04-17 13:48:04  can0  18FF2500#297300540100FCFF RX
2018-04-17 13:48:04  can0  18FF1610#65 TX
2018-04-17 13:48:04  can0  18FF2400#4D0E0000F0FFFFFF RX
2018-04-17 13:48:04  can0  18FF1610#65 TX
2018-04-17 13:48:05  can0  18FF2500#297300540100FCFF RX
2018-04-17 13:48:05  can0  18FF1610#65 TX
2018-04-17 13:48:05  can0  18FF2400#4D0E0000F0FFFFFF RX
2018-04-17 13:48:05  can0  18FF1610#65 TX
2018-04-17 13:48:06  can0  18FF2500#297300540100FCFF RX
2018-04-17 13:48:06  can0  18FF1610#65 TX
2018-04-17 13:48:06  can0  18FF2400#4D0E0000F0FFFFFF RX
2018-04-17 13:48:06  can0  18FF1610#65 TX
2018-04-17 13:48:07  can0  18FF2500#297300540100FCFF RX
2018-04-17 13:48:07  can0  18FF1610#65 TX
2018-04-17 13:48:07  can0  18FF2400#4D0E0000F0FFFFFF RX
2018-04-17 13:48:07  can0  18FF1610#65 TX
2018-04-17 13:48:08  can0  18FF2500#297300540100FCFF RX
2018-04-17 13:48:08  can0  18FF1610#65 TX
2018-04-17 13:48:08  can0  18FF2400#4D0E0000F0FFFFFF RX
2018-04-17 13:48:08  can0  18FF1610#65 TX
2018-04-17 13:48:09  can0  18FF2500#297300540100FCFF RX
2018-04-17 13:48:09  can0  18FF1610#65 TX
2018-04-17 13:48:09  can0  18FF2400#4D0E0000F0FFFFFF RX
2018-04-17 13:48:09  can0  18FF1610#65 TX
2018-04-17 13:48:10  can0  18FF2500#297300540100FCFF RX
2018-04-17 13:48:10  can0  18FF1610#65 TX
2018-04-17 13:48:10  can0  18FF2400#4D0E0000F0FFFFFF RX
2018-04-17 13:48:10  can0  18FF1610#65 TX
2018-04-17 13:48:11  can0  18FF2500#297300540100FCFF RX
2018-04-17 13:48:11  can0  18FF1610#65 TX
2018-04-17 13:48:11  can0  18FF2400#4D0E0000F0FFFFFF RX
2018-04-17 13:48:11  can0  18FF1610#65 TX
2018-04-17 13:48:12  can0  18FF2500#297300540100FCFF RX
2018-04-17 13:48:12  can0  18FF1610#65 TX
2018-04-17 13:48:12  can0  18FF2400#4D0E0000F0FFFFFF RX
2018-04-17 13:48:12  can0  18FF1610#65 TX
2018-04-17 13:48:13  can0  18FF2500#297300540100FCFF RX
2018-04-17 13:48:13  can0  18FF1610#65 TX
2018-04-17 13:48:13  can0  18FF2400#4D0E0000F0FFFFFF RX
2018-04-17 13:48:13  can0  18FF1610#65 TX
2018-04-17 13:48:14  can0  18FF2500#297300540100FCFF RX
2018-04-17 13:48:14  can0  18FF1610#65 TX
2018-04-17 13:48:14  can0  18FF2400#4D0E0000F0FFFFFF RX
2018-04-17 13:48:14  can0  18FF1610#65 TX
2018-04-17 13:48:15  can0  18FF2500#297300540100FCFF RX
2018-04-17 13:48:15  can0  18FF1610#65 TX
2018-04-17 13:48:15  can0  18FF2400#4D0E0000F0FFFFFF RX
2018-04-17 13:48:15  can0  18FF1610#65 TX
2018-04-17 13:48:16  can0  18FF2500#297300540100FCFF RX
2018-04-17 13:48:16  can0  18FF1610#65 TX
2018-04-17 13:48:16  can0  18FF2400#4D0E0000F0FFFFFF RX
2018-04-17 13:48:16  can0  18FF1610#65 TX
2018-04-17 13:48:17  can0  18FF2500#297300540100FCFF RX
2018-04-17 13:48:17  can0  18FF1610#65 TX
2018-04-17 13:48:17  can0  18FF2400#4D0E0000F0FFFFFF RX
2018-04-17 13:48:17  can0  18FF1610#65 TX
2018-04-17 13:48:18  can0  18FF2500#297300540100FCFF RX
2018-04-17 13:48:18  can0  18FF1610#65 TX
2018-04-17 13:48:18  can0  18FF2400#4D0E0000F0FFFFFF RX
2018-04-17 13:48:18  can0  18FF1610#65 TX
2018-04-17 13:48:19  can0  18FF2500#297300540100FCFF RX
2018-04-17 13:48:19  can0  18FF1610#65 TX
2018-04-17 13:48:19  can0  18FF2400#4D0E0000F0FFFFFF RX
2018-04-17 13:48:19  can0  18FF1610#65 TX
2018-04-17 13:48:20  can0  18FF2500#297300540100FCFF RX
2018-04-17 13:48:20  can0  18FF1610#65 TX
2018-04-17 13:48:20  can0  18FF2400#4D0E0000F0FFFFFF RX
2018-04-17 13:48:20  can0  18FF1610#65 TX
2018-04-17 13:48:21  can0  18FF2500#297300540100FCFF RX
2018-04-17 13:48:21  can0  18FF1610#65 TX
2018-04-17 13:48:21  can0  18FF2400#4D0E0000F0FFFFFF RX
2018-04-17 13:48:21  can0  18FF1610#65 TX
2018-04-17 13:48:22  can0  18FF2500#297300540100FCFF RX
2018-04-17 13:48:22  can0  18FF1610#65 TX
2018-04-17 13:48:22  can0  18FF2400#4D0E0000F0FFFFFF RX
2018-04-17 13:48:22  can0  18FF1610#65 TX
2018-04-17 13:48:23  can0  18FF1720#21FFFFFFFFFFFFFF RX
2018-04-17 13:48:23  can0  18FF1610#65 TX
2018-04-17 13:48:23  can0  18FF2420#4D0E0000F0FFFFFF RX
2018-04-17 13:48:23  can0  18FF1610#65 TX
2018-04-17 13:48:24  can0  18FF1720#21FFFFFFFFFFFFFF RX
2018-04-17 13:48:24  can0  18FF1610#65 TX
2018-04-17 13:48:24  can0  18FF2420#4D0E0000F0FFFFFF RX
2018-04-17 13:48:24  can0  18FF1610#65 TX
2018-04-17 13:48:25  can0  18FF1610#65 TX
No response from generator
Time Out Error: CAN line might be disconnected or generator can interface is down
Resetting CAN interface on server
2018-04-17 13:48:26  can0  18FF1720#27FFFFFFFFFFFFFF RX
2018-04-17 13:48:26  can0  18FF1610#65 TX
2018-04-17 13:48:26  can0  18FF2420#4D0E0000F0FFFFFF RX
2018-04-17 13:48:26  can0  18FF1610#65 TX
2018-04-17 13:48:27  can0  18FF1720#27FFFFFFFFFFFFFF RX
2018-04-17 13:48:27  can0  18FF1610#65 TX
2018-04-17 13:48:27  can0  18FF2420#4D0E0000F0FFFFFF RX
2018-04-17 13:48:27  can0  18FF1610#65 TX
2018-04-17 13:48:28  can0  18FF1720#27FFFFFFFFFFFFFF RX
2018-04-17 13:48:28  can0  18FF1610#65 TX
2018-04-17 13:48:28  can0  18FF2420#4D0E0000F0FFFFFF RX
2018-04-17 13:48:28  can0  18FF1610#65 TX
2018-04-17 13:48:29  can0  18FF1720#27FFFFFFFFFFFFFF RX
2018-04-17 13:48:29  can0  18FF1610#65 TX
2018-04-17 13:48:29  can0  18FF2420#4D0E0000F0FFFFFF RX
2018-04-17 13:48:29  can0  18FF1610#65 TX
2018-04-17 13:48:30  can0  18FF1720#27FFFFFFFFFFFFFF RX
2018-04-17 13:48:30  can0  18FF1610#65 TX
2018-04-17 13:48:30  can0  18FF2420#4D0E0000F0FFFFFF RX
2018-04-17 13:48:30  can0  18FF1610#65 TX
2018-04-17 13:48:31  can0  18FF1720#27FFFFFFFFFFFFFF RX
2018-04-17 13:48:31  can0  18FF1610#65 TX
2018-04-17 13:48:31  can0  18FF2420#4D0E0000F0FFFFFF RX
2018-04-17 13:48:31  can0  18FF1610#65 TX
2018-04-17 13:48:32  can0  18FF1720#27FFFFFFFFFFFFFF RX
2018-04-17 13:48:32  can0  18FF1610#65 TX
2018-04-17 13:48:32  can0  18FF2420#4D0E0000F0FFFFFF RX
2018-04-17 13:48:32  can0  18FF1610#65 TX
2018-04-17 13:48:33  can0  18FF1720#27FFFFFFFFFFFFFF RX
2018-04-17 13:48:33  can0  18FF1610#65 TX
2018-04-17 13:48:33  can0  18FF2420#4D0E0000F0FFFFFF RX
2018-04-17 13:48:33  can0  18FF1610#65 TX
2018-04-17 13:48:34  can0  18FF1720#27FFFFFFFFFFFFFF RX
2018-04-17 13:48:34  can0  18FF1610#65 TX
2018-04-17 13:48:34  can0  18FF2420#4D0E0000F0FFFFFF RX
2018-04-17 13:48:34  can0  18FF1610#65 TX
2018-04-17 13:48:35  can0  18FF1720#27FFFFFFFFFFFFFF RX
2018-04-17 13:48:35  can0  18FF1610#65 TX
2018-04-17 13:48:35  can0  18FF2420#4D0E0000F0FFFFFF RX
2018-04-17 13:48:35  can0  18FF1610#65 TX
2018-04-17 13:48:35  can0  18FF2320#63029B00A90300FF RX
2018-04-17 13:48:35  can0  18FF1610#65 TX
2018-04-17 13:48:36  can0  18FF1720#27FFFFFFFFFFFFFF RX
2018-04-17 13:48:36  can0  18FF1610#65 TX
2018-04-17 13:48:36  can0  18FF2420#4D0E0000F0FFFFFF RX
2018-04-17 13:48:36  can0  18FF1610#65 TX
2018-04-17 13:48:37  can0  18FF1720#27FFFFFFFFFFFFFF RX
2018-04-17 13:48:37  can0  18FF1610#65 TX
2018-04-17 13:48:37  can0  18FF2420#4D0E0000F0FFFFFF RX
2018-04-17 13:48:37  can0  18FF1610#65 TX
2018-04-17 13:48:38  can0  18FF1720#27FFFFFFFFFFFFFF RX
2018-04-17 13:48:38  can0  18FF1610#65 TX
2018-04-17 13:48:38  can0  18FF2420#4D0E0000F0FFFFFF RX
2018-04-17 13:48:38  can0  18FF1610#65 TX
2018-04-17 13:48:39  can0  18FF1720#27FFFFFFFFFFFFFF RX
2018-04-17 13:48:39  can0  18FF1610#65 TX
2018-04-17 13:48:39  can0  18FF2420#4D0E0000F0FFFFFF RX
2018-04-17 13:48:39  can0  18FF1610#65 TX
2018-04-17 13:48:40  can0  18FF1720#27FFFFFFFFFFFFFF RX
2018-04-17 13:48:40  can0  18FF1610#65 TX
2018-04-17 13:48:40  can0  18FF2420#4D0E0000F0FFFFFF RX
2018-04-17 13:48:40  can0  18FF1610#65 TX
2018-04-17 13:48:41  can0  18FF1720#27FFFFFFFFFFFFFF RX
2018-04-17 13:48:41  can0  18FF1610#65 TX
2018-04-17 13:48:41  can0  18FF2420#4D0E0000F0FFFFFF RX
2018-04-17 13:48:41  can0  18FF1610#65 TX
2018-04-17 13:48:42  can0  18FF1720#27FFFFFFFFFFFFFF RX
2018-04-17 13:48:42  can0  18FF1610#65 TX
2018-04-17 13:48:42  can0  18FF2420#4D0E0000F0FFFFFF RX
2018-04-17 13:48:42  can0  18FF1610#65 TX
2018-04-17 13:48:43  can0  18FF1720#27FFFFFFFFFFFFFF RX
2018-04-17 13:48:43  can0  18FF1610#65 TX
2018-04-17 13:48:43  can0  18FF2420#4D0E0000F0FFFFFF RX
2018-04-17 13:48:43  can0  18FF1610#65 TX
2018-04-17 13:48:44  can0  18FF1720#27FFFFFFFFFFFFFF RX
2018-04-17 13:48:44  can0  18FF1610#65 TX
2018-04-17 13:48:44  can0  18FF2420#4D0E0000F0FFFFFF RX
2018-04-17 13:48:44  can0  18FF1610#65 TX
2018-04-17 13:48:45  can0  18FF1720#27FFFFFFFFFFFFFF RX
2018-04-17 13:48:45  can0  18FF1610#65 TX
2018-04-17 13:48:45  can0  18FF2420#4D0E0000F0FFFFFF RX
2018-04-17 13:48:45  can0  18FF1610#65 TX
2018-04-17 13:48:46  can0  18FF1720#27FFFFFFFFFFFFFF RX
2018-04-17 13:48:46  can0  18FF1610#65 TX
2018-04-17 13:48:46  can0  18FF2420#4D0E0000F0FFFFFF RX
2018-04-17 13:48:46  can0  18FF1610#65 TX
2018-04-17 13:48:47  can0  18FF1720#27FFFFFFFFFFFFFF RX
2018-04-17 13:48:47  can0  18FF1610#65 TX
2018-04-17 13:48:47  can0  18FF2420#4D0E0000F0FFFFFF RX
2018-04-17 13:48:47  can0  18FF1610#65 TX
2018-04-17 13:48:48  can0  18FF1720#27FFFFFFFFFFFFFF RX
2018-04-17 13:48:48  can0  18FF1610#65 TX
2018-04-17 13:48:48  can0  18FF2420#4D0E0000F0FFFFFF RX
2018-04-17 13:48:48  can0  18FF1610#65 TX
2018-04-17 13:48:49  can0  18FF1720#27FFFFFFFFFFFFFF RX
2018-04-17 13:48:49  can0  18FF1610#65 TX
2018-04-17 13:48:49  can0  18FF2420#4D0E0000F0FFFFFF RX
2018-04-17 13:48:49  can0  18FF1610#65 TX
2018-04-17 13:48:50  can0  18FF1720#27FFFFFFFFFFFFFF RX
2018-04-17 13:48:50  can0  18FF1610#65 TX
2018-04-17 13:48:50  can0  18FF2420#4D0E0000F0FFFFFF RX
2018-04-17 13:48:50  can0  18FF1610#65 TX
2018-04-17 13:48:51  can0  18FF1720#27FFFFFFFFFFFFFF RX
2018-04-17 13:48:51  can0  18FF1610#65 TX
2018-04-17 13:48:51  can0  18FF2420#4D0E0000F0FFFFFF RX
2018-04-17 13:48:51  can0  18FF1610#65 TX
2018-04-17 13:48:52  can0  18FF1720#27FFFFFFFFFFFFFF RX
2018-04-17 13:48:52  can0  18FF1610#65 TX
2018-04-17 13:48:52  can0  18FF2420#4D0E0000F0FFFFFF RX
2018-04-17 13:48:52  can0  18FF1610#65 TX
2018-04-17 13:48:53  can0  18FF1720#27FFFFFFFFFFFFFF RX
2018-04-17 13:48:53  can0  18FF1610#65 TX
2018-04-17 13:48:53  can0  18FF2420#4D0E0000F0FFFFFF RX
2018-04-17 13:48:53  can0  18FF1610#65 TX
2018-04-17 13:48:54  can0  18FF1720#27FFFFFFFFFFFFFF RX
2018-04-17 13:48:54  can0  18FF1610#65 TX
2018-04-17 13:48:54  can0  18FF2420#4D0E0000F0FFFFFF RX
2018-04-17 13:48:54  can0  18FF1610#65 TX
2018-04-17 13:48:55  can0  18FF1720#27FFFFFFFFFFFFFF RX
2018-04-17 13:48:55  can0  18FF1610#65 TX
2018-04-17 13:48:55  can0  18FF2420#4D0E0000F0FFFFFF RX
2018-04-17 13:48:55  can0  18FF1610#65 TX
2018-04-17 13:48:56  can0  18FF1720#25FFFFFFFFFFFFFF RX
2018-04-17 13:48:56  can0  18FF1610#65 TX
2018-04-17 13:48:56  can0  18FF2420#4D0E0000F0FFFFFF RX
2018-04-17 13:48:56  can0  18FF1610#65 TX
2018-04-17 13:48:57  can0  18FF1720#25FFFFFFFFFFFFFF RX
2018-04-17 13:48:57  can0  18FF1610#65 TX
2018-04-17 13:48:57  can0  18FF2420#4D0E0000F0FFFFFF RX
2018-04-17 13:48:57  can0  18FF1610#65 TX
2018-04-17 13:48:58  can0  18FF1720#25FFFFFFFFFFFFFF RX
2018-04-17 13:48:58  can0  18FF1610#65 TX
2018-04-17 13:48:58  can0  18FF2420#4D0E0000F0FFFFFF RX
2018-04-17 13:48:58  can0  18FF1610#65 TX
2018-04-17 13:48:59  can0  18FF1720#25FFFFFFFFFFFFFF RX
2018-04-17 13:48:59  can0  18FF1610#65 TX
2018-04-17 13:48:59  can0  18FF2420#4D0E0000F0FFFFFF RX
2018-04-17 13:48:59  can0  18FF1610#65 TX
2018-04-17 13:49:00  can0  18FF1720#25FFFFFFFFFFFFFF RX
2018-04-17 13:49:00  can0  18FF1610#65 TX
2018-04-17 13:49:00  can0  18FF2420#4D0E0000F0FFFFFF RX
2018-04-17 13:49:00  can0  18FF1610#65 TX
2018-04-17 13:49:01  can0  18FF1720#25FFFFFFFFFFFFFF RX
2018-04-17 13:49:01  can0  18FF1610#65 TX
2018-04-17 13:49:01  can0  18FF2420#4D0E0000F0FFFFFF RX
2018-04-17 13:49:01  can0  18FF1610#65 TX
2018-04-17 13:49:02  can0  18FF1720#25FFFFFFFFFFFFFF RX
2018-04-17 13:49:02  can0  18FF1610#65 TX
2018-04-17 13:49:02  can0  18FF2420#4D0E0000F0FFFFFF RX
2018-04-17 13:49:02  can0  18FF1610#65 TX
2018-04-17 13:49:03  can0  18FF1720#25FFFFFFFFFFFFFF RX
2018-04-17 13:49:03  can0  18FF1610#65 TX
2018-04-17 13:49:03  can0  18FF2420#4D0E0000F0FFFFFF RX
2018-04-17 13:49:03  can0  18FF1610#65 TX
2018-04-17 13:49:04  can0  18FF1720#25FFFFFFFFFFFFFF RX
2018-04-17 13:49:04  can0  18FF1610#65 TX
2018-04-17 13:49:04  can0  18FF2420#4D0E0000F0FFFFFF RX
2018-04-17 13:49:04  can0  18FF1610#65 TX
2018-04-17 13:49:05  can0  18FF1720#25FFFFFFFFFFFFFF RX
2018-04-17 13:49:05  can0  18FF1610#65 TX
2018-04-17 13:49:05  can0  18FF2420#4D0E0000F0FFFFFF RX
2018-04-17 13:49:05  can0  18FF1610#65 TX
2018-04-17 13:49:06  can0  18FF1720#25FFFFFFFFFFFFFF RX
2018-04-17 13:49:06  can0  18FF1610#65 TX
2018-04-17 13:49:06  can0  18FF2420#4D0E0000F0FFFFFF RX
2018-04-17 13:49:06  can0  18FF1610#65 TX
2018-04-17 13:49:07  can0  18FF1720#25FFFFFFFFFFFFFF RX
2018-04-17 13:49:07  can0  18FF1610#65 TX
2018-04-17 13:49:07  can0  18FF2420#4D0E0000F0FFFFFF RX
2018-04-17 13:49:07  can0  18FF1610#65 TX
2018-04-17 13:49:08  can0  18FF1720#25FFFFFFFFFFFFFF RX
2018-04-17 13:49:08  can0  18FF1610#65 TX
2018-04-17 13:49:08  can0  18FF2420#4D0E0000F0FFFFFF RX
2018-04-17 13:49:08  can0  18FF1610#65 TX
2018-04-17 13:49:09  can0  18FF1720#25FFFFFFFFFFFFFF RX
2018-04-17 13:49:09  can0  18FF1610#65 TX
2018-04-17 13:49:09  can0  18FF2420#4D0E0000F0FFFFFF RX
2018-04-17 13:49:09  can0  18FF1610#65 TX
2018-04-17 13:49:10  can0  18FF1720#25FFFFFFFFFFFFFF RX
2018-04-17 13:49:10  can0  18FF1610#65 TX
2018-04-17 13:49:10  can0  18FF2420#4D0E0000F0FFFFFF RX
2018-04-17 13:49:10  can0  18FF1610#65 TX
2018-04-17 13:49:11  can0  18FF1720#25FFFFFFFFFFFFFF RX
2018-04-17 13:49:11  can0  18FF1610#65 TX
2018-04-17 13:49:11  can0  18FF2420#4D0E0000F0FFFFFF RX
2018-04-17 13:49:11  can0  18FF1610#65 TX
2018-04-17 13:49:12  can0  18FF1720#25FFFFFFFFFFFFFF RX
2018-04-17 13:49:12  can0  18FF1610#65 TX
2018-04-17 13:49:12  can0  18FF2420#4D0E0000F0FFFFFF RX
2018-04-17 13:49:12  can0  18FF1610#65 TX
2018-04-17 13:49:13  can0  18FF1720#25FFFFFFFFFFFFFF RX
2018-04-17 13:49:13  can0  18FF1610#65 TX
2018-04-17 13:49:13  can0  18FF2420#4D0E0000F0FFFFFF RX
2018-04-17 13:49:13  can0  18FF1610#65 TX
2018-04-17 13:49:14  can0  18FF1720#25FFFFFFFFFFFFFF RX
2018-04-17 13:49:14  can0  18FF1610#65 TX
2018-04-17 13:49:14  can0  18FF2420#4D0E0000F0FFFFFF RX
2018-04-17 13:49:14  can0  18FF1610#65 TX
2018-04-17 13:49:15  can0  18FF1720#25FFFFFFFFFFFFFF RX
2018-04-17 13:49:15  can0  18FF1610#65 TX
2018-04-17 13:49:15  can0  18FF2420#4D0E0000F0FFFFFF RX
2018-04-17 13:49:15  can0  18FF1610#65 TX
2018-04-17 13:49:16  can0  18FF1720#25FFFFFFFFFFFFFF RX
2018-04-17 13:49:16  can0  18FF1610#65 TX
2018-04-17 13:49:16  can0  18FF2420#4D0E0000F0FFFFFF RX
2018-04-17 13:49:16  can0  18FF1610#65 TX
2018-04-17 13:49:17  can0  18FF1720#25FFFFFFFFFFFFFF RX
2018-04-17 13:49:17  can0  18FF1610#65 TX
2018-04-17 13:49:17  can0  18FF2420#4D0E0000F0FFFFFF RX
2018-04-17 13:49:17  can0  18FF1610#65 TX
2018-04-17 13:49:18  can0  18FF1720#25FFFFFFFFFFFFFF RX
2018-04-17 13:49:18  can0  18FF1610#65 TX
2018-04-17 13:49:18  can0  18FF2420#4D0E0000F0FFFFFF RX
2018-04-17 13:49:18  can0  18FF1610#65 TX
2018-04-17 13:49:19  can0  18FF1720#25FFFFFFFFFFFFFF RX
2018-04-17 13:49:19  can0  18FF1610#65 TX
2018-04-17 13:49:19  can0  18FF2420#4D0E0000F0FFFFFF RX
2018-04-17 13:49:19  can0  18FF1610#65 TX
2018-04-17 13:49:20  can0  18FF1720#25FFFFFFFFFFFFFF RX
2018-04-17 13:49:20  can0  18FF1610#65 TX
2018-04-17 13:49:20  can0  18FF2420#4D0E0000F0FFFFFF RX
2018-04-17 13:49:20  can0  18FF1610#65 TX
2018-04-17 13:49:21  can0  18FF1720#25FFFFFFFFFFFFFF RX
2018-04-17 13:49:21  can0  18FF1610#65 TX
2018-04-17 13:49:21  can0  18FF2420#4D0E0000F0FFFFFF RX
2018-04-17 13:49:21  can0  18FF1610#65 TX
2018-04-17 13:49:22  can0  18FF1720#25FFFFFFFFFFFFFF RX
2018-04-17 13:49:22  can0  18FF1610#65 TX
2018-04-17 13:49:22  can0  18FF2420#4D0E0000F0FFFFFF RX
2018-04-17 13:49:22  can0  18FF1610#65 TX
2018-04-17 13:49:23  can0  18FF1720#25FFFFFFFFFFFFFF RX
2018-04-17 13:49:23  can0  18FF1610#65 TX
2018-04-17 13:49:23  can0  18FF2420#4D0E0000F0FFFFFF RX
2018-04-17 13:49:23  can0  18FF1610#65 TX
2018-04-17 13:49:24  can0  18FF1720#25FFFFFFFFFFFFFF RX
2018-04-17 13:49:24  can0  18FF1610#65 TX
2018-04-17 13:49:24  can0  18FF2420#4D0E0000F0FFFFFF RX
2018-04-17 13:49:24  can0  18FF1610#65 TX
2018-04-17 13:49:25  can0  18FF1720#25FFFFFFFFFFFFFF RX
2018-04-17 13:49:25  can0  18FF1610#65 TX
2018-04-17 13:49:25  can0  18FF2420#4D0E0000F0FFFFFF RX
2018-04-17 13:49:25  can0  18FF1610#65 TX
2018-04-17 13:49:26  can0  18FF1720#25FFFFFFFFFFFFFF RX
2018-04-17 13:49:26  can0  18FF1610#65 TX
2018-04-17 13:49:26  can0  18FF2420#4D0E0000F0FFFFFF RX
2018-04-17 13:49:26  can0  18FF1610#65 TX
2018-04-17 13:49:27  can0  18FF1720#25FFFFFFFFFFFFFF RX
2018-04-17 13:49:27  can0  18FF1610#65 TX
2018-04-17 13:49:27  can0  18FF2420#4D0E0000F0FFFFFF RX
2018-04-17 13:49:27  can0  18FF1610#65 TX
2018-04-17 13:49:28  can0  18FF1720#25FFFFFFFFFFFFFF RX
2018-04-17 13:49:28  can0  18FF1610#65 TX
2018-04-17 13:49:28  can0  18FF2420#4D0E0000F0FFFFFF RX
2018-04-17 13:49:28  can0  18FF1610#65 TX
2018-04-17 13:49:29  can0  18FF1720#25FFFFFFFFFFFFFF RX
2018-04-17 13:49:29  can0  18FF1610#65 TX
2018-04-17 13:49:29  can0  18FF2420#4D0E0000F0FFFFFF RX
2018-04-17 13:49:29  can0  18FF1610#65 TX
2018-04-17 13:49:30  can0  18FF1720#25FFFFFFFFFFFFFF RX
2018-04-17 13:49:30  can0  18FF1610#65 TX
2018-04-17 13:49:30  can0  18FF2420#4D0E0000F0FFFFFF RX
2018-04-17 13:49:30  can0  18FF1610#65 TX
2018-04-17 13:49:31  can0  18FF1720#25FFFFFFFFFFFFFF RX
2018-04-17 13:49:31  can0  18FF1610#65 TX
2018-04-17 13:49:31  can0  18FF2420#4D0E0000F0FFFFFF RX
2018-04-17 13:49:31  can0  18FF1610#65 TX
2018-04-17 13:49:32  can0  18FF1720#25FFFFFFFFFFFFFF RX
2018-04-17 13:49:32  can0  18FF1610#65 TX
2018-04-17 13:49:32  can0  18FF2420#4D0E0000F0FFFFFF RX
2018-04-17 13:49:32  can0  18FF1610#65 TX
2018-04-17 13:49:33  can0  18FF1720#25FFFFFFFFFFFFFF RX
2018-04-17 13:49:33  can0  18FF1610#65 TX
2018-04-17 13:49:33  can0  18FF2420#4D0E0000F0FFFFFF RX
2018-04-17 13:49:33  can0  18FF1610#65 TX
2018-04-17 13:49:34  can0  18FF1720#25FFFFFFFFFFFFFF RX
2018-04-17 13:49:34  can0  18FF1610#65 TX
2018-04-17 13:49:34  can0  18FF2420#4D0E0000F0FFFFFF RX
2018-04-17 13:49:34  can0  18FF1610#65 TX
2018-04-17 13:49:35  can0  18FF1720#25FFFFFFFFFFFFFF RX
2018-04-17 13:49:35  can0  18FF1610#65 TX
2018-04-17 13:49:35  can0  18FF2420#4D0E0000F0FFFFFF RX
2018-04-17 13:49:35  can0  18FF1610#65 TX
2018-04-17 13:49:36  can0  18FF1720#25FFFFFFFFFFFFFF RX
2018-04-17 13:49:36  can0  18FF1610#65 TX
2018-04-17 13:49:36  can0  18FF2420#4D0E0000F0FFFFFF RX
2018-04-17 13:49:36  can0  18FF1610#65 TX
2018-04-17 13:49:37  can0  18FF1720#25FFFFFFFFFFFFFF RX
2018-04-17 13:49:37  can0  18FF1610#65 TX
2018-04-17 13:49:37  can0  18FF2420#4D0E0000F0FFFFFF RX
2018-04-17 13:49:37  can0  18FF1610#65 TX
2018-04-17 13:49:38  can0  18FF1720#25FFFFFFFFFFFFFF RX
2018-04-17 13:49:38  can0  18FF1610#65 TX
2018-04-17 13:49:38  can0  18FF2420#4D0E0000F0FFFFFF RX
2018-04-17 13:49:38  can0  18FF1610#65 TX
2018-04-17 13:49:39  can0  18FF1720#25FFFFFFFFFFFFFF RX
2018-04-17 13:49:39  can0  18FF1610#65 TX
2018-04-17 13:49:39  can0  18FF2420#4D0E0000F0FFFFFF RX
2018-04-17 13:49:39  can0  18FF1610#65 TX
2018-04-17 13:49:40  can0  18FF1720#25FFFFFFFFFFFFFF RX
2018-04-17 13:49:40  can0  18FF1610#65 TX
2018-04-17 13:49:40  can0  18FF2420#4D0E0000F0FFFFFF RX
2018-04-17 13:49:40  can0  18FF1610#65 TX
2018-04-17 13:49:41  can0  18FF1720#25FFFFFFFFFFFFFF RX
2018-04-17 13:49:41  can0  18FF1610#65 TX
2018-04-17 13:49:41  can0  18FF2420#4D0E0000F0FFFFFF RX
2018-04-17 13:49:41  can0  18FF1610#65 TX
2018-04-17 13:49:42  can0  18FF1720#25FFFFFFFFFFFFFF RX
2018-04-17 13:49:42  can0  18FF1610#65 TX
2018-04-17 13:49:42  can0  18FF2420#4D0E0000F0FFFFFF RX
2018-04-17 13:49:42  can0  18FF1610#65 TX
2018-04-17 13:49:43  can0  18FF1720#25FFFFFFFFFFFFFF RX
2018-04-17 13:49:43  can0  18FF1610#65 TX
2018-04-17 13:49:43  can0  18FF2420#4D0E0000F0FFFFFF RX
2018-04-17 13:49:43  can0  18FF1610#65 TX
2018-04-17 13:49:44  can0  18FF1720#25FFFFFFFFFFFFFF RX
2018-04-17 13:49:44  can0  18FF1610#65 TX
2018-04-17 13:49:44  can0  18FF2420#4D0E0000F0FFFFFF RX
2018-04-17 13:49:44  can0  18FF1610#65 TX
2018-04-17 13:49:45  can0  18FF1720#25FFFFFFFFFFFFFF RX
2018-04-17 13:49:45  can0  18FF1610#65 TX
2018-04-17 13:49:45  can0  18FF2420#4D0E0000F0FFFFFF RX
2018-04-17 13:49:45  can0  18FF1610#65 TX
2018-04-17 13:49:46  can0  18FF1720#25FFFFFFFFFFFFFF RX
2018-04-17 13:49:46  can0  18FF1610#65 TX
2018-04-17 13:49:46  can0  18FF2420#4D0E0000F0FFFFFF RX
2018-04-17 13:49:46  can0  18FF1610#65 TX
2018-04-17 13:49:47  can0  18FF1720#25FFFFFFFFFFFFFF RX
2018-04-17 13:49:47  can0  18FF1610#65 TX
2018-04-17 13:49:47  can0  18FF2420#4D0E0000F0FFFFFF RX
2018-04-17 13:49:47  can0  18FF1610#65 TX
2018-04-17 13:49:48  can0  18FF1720#25FFFFFFFFFFFFFF RX
2018-04-17 13:49:48  can0  18FF1610#65 TX
2018-04-17 13:49:48  can0  18FF2420#4D0E0000F0FFFFFF RX
2018-04-17 13:49:48  can0  18FF1610#65 TX
2018-04-17 13:49:49  can0  18FF1720#25FFFFFFFFFFFFFF RX
2018-04-17 13:49:49  can0  18FF1610#65 TX
2018-04-17 13:49:49  can0  18FF2420#4D0E0000F0FFFFFF RX
2018-04-17 13:49:49  can0  18FF1610#65 TX
2018-04-17 13:49:50  can0  18FF1720#25FFFFFFFFFFFFFF RX
2018-04-17 13:49:50  can0  18FF1610#65 TX
2018-04-17 13:49:50  can0  18FF2420#4D0E0000F0FFFFFF RX
2018-04-17 13:49:50  can0  18FF1610#65 TX
2018-04-17 13:49:51  can0  18FF1720#25FFFFFFFFFFFFFF RX
2018-04-17 13:49:51  can0  18FF1610#65 TX
2018-04-17 13:49:51  can0  18FF2420#4D0E0000F0FFFFFF RX
2018-04-17 13:49:51  can0  18FF1610#65 TX
2018-04-17 13:49:52  can0  18FF1720#25FFFFFFFFFFFFFF RX
2018-04-17 13:49:52  can0  18FF1610#65 TX
2018-04-17 13:49:52  can0  18FF2420#4D0E0000F0FFFFFF RX
2018-04-17 13:49:52  can0  18FF1610#65 TX
2018-04-17 13:49:53  can0  18FF1720#25FFFFFFFFFFFFFF RX
2018-04-17 13:49:53  can0  18FF1610#65 TX
2018-04-17 13:49:53  can0  18FF2420#4D0E0000F0FFFFFF RX
2018-04-17 13:49:53  can0  18FF1610#65 TX
2018-04-17 13:49:54  can0  18FF1720#25FFFFFFFFFFFFFF RX
2018-04-17 13:49:54  can0  18FF1610#65 TX
2018-04-17 13:49:54  can0  18FF2420#4D0E0000F0FFFFFF RX
2018-04-17 13:49:54  can0  18FF1610#65 TX
2018-04-17 13:49:55  can0  18FF1720#25FFFFFFFFFFFFFF RX
2018-04-17 13:49:55  can0  18FF1610#65 TX
2018-04-17 13:49:55  can0  18FF2420#4D0E0000F0FFFFFF RX
2018-04-17 13:49:55  can0  18FF1610#65 TX
2018-04-17 13:49:56  can0  18FF1720#25FFFFFFFFFFFFFF RX
2018-04-17 13:49:56  can0  18FF1610#65 TX
2018-04-17 13:49:56  can0  18FF2420#4D0E0000F0FFFFFF RX
2018-04-17 13:49:56  can0  18FF1610#65 TX
2018-04-17 13:49:57  can0  18FF1720#25FFFFFFFFFFFFFF RX
2018-04-17 13:49:57  can0  18FF1610#65 TX
2018-04-17 13:49:57  can0  18FF2420#4D0E0000F0FFFFFF RX
2018-04-17 13:49:57  can0  18FF1610#65 TX
2018-04-17 13:49:58  can0  18FF1720#25FFFFFFFFFFFFFF RX
2018-04-17 13:49:58  can0  18FF1610#65 TX
2018-04-17 13:49:58  can0  18FF2420#4D0E0000F0FFFFFF RX
2018-04-17 13:49:58  can0  18FF1610#65 TX
2018-04-17 13:49:59  can0  18FF1720#25FFFFFFFFFFFFFF RX
2018-04-17 13:49:59  can0  18FF1610#65 TX
2018-04-17 13:49:59  can0  18FF2420#4D0E0000F0FFFFFF RX
2018-04-17 13:49:59  can0  18FF1610#65 TX
2018-04-17 13:50:00  can0  18FF1720#25FFFFFFFFFFFFFF RX
2018-04-17 13:50:00  can0  18FF1610#65 TX
2018-04-17 13:50:00  can0  18FF2420#4D0E0000F0FFFFFF RX
2018-04-17 13:50:00  can0  18FF1610#65 TX
2018-04-17 13:50:01  can0  18FF1720#25FFFFFFFFFFFFFF RX
2018-04-17 13:50:01  can0  18FF1610#65 TX
2018-04-17 13:50:01  can0  18FF2420#4D0E0000F0FFFFFF RX
2018-04-17 13:50:01  can0  18FF1610#65 TX
2018-04-17 13:50:02  can0  18FF1720#25FFFFFFFFFFFFFF RX
2018-04-17 13:50:02  can0  18FF1610#65 TX
2018-04-17 13:50:02  can0  18FF2420#4D0E0000F0FFFFFF RX
2018-04-17 13:50:02  can0  18FF1610#65 TX
2018-04-17 13:50:03  can0  18FF1720#25FFFFFFFFFFFFFF RX
2018-04-17 13:50:03  can0  18FF1610#65 TX
2018-04-17 13:50:03  can0  18FF2420#4D0E0000F0FFFFFF RX
2018-04-17 13:50:03  can0  18FF1610#65 TX
2018-04-17 13:50:04  can0  18FF1720#25FFFFFFFFFFFFFF RX
2018-04-17 13:50:04  can0  18FF1610#65 TX
2018-04-17 13:50:04  can0  18FF2420#4D0E0000F0FFFFFF RX
2018-04-17 13:50:04  can0  18FF1610#65 TX
2018-04-17 13:50:05  can0  18FF1720#25FFFFFFFFFFFFFF RX
2018-04-17 13:50:05  can0  18FF1610#65 TX
2018-04-17 13:50:05  can0  18FF2420#4D0E0000F0FFFFFF RX
2018-04-17 13:50:05  can0  18FF1610#65 TX
2018-04-17 13:50:06  can0  18FF1720#25FFFFFFFFFFFFFF RX
2018-04-17 13:50:06  can0  18FF1610#65 TX
2018-04-17 13:50:06  can0  18FF2420#4D0E0000F0FFFFFF RX
2018-04-17 13:50:06  can0  18FF1610#65 TX
2018-04-17 13:50:07  can0  18FF1720#25FFFFFFFFFFFFFF RX
2018-04-17 13:50:07  can0  18FF1610#65 TX
2018-04-17 13:50:07  can0  18FF2420#4D0E0000F0FFFFFF RX
2018-04-17 13:50:07  can0  18FF1610#65 TX
2018-04-17 13:50:08  can0  18FF1720#25FFFFFFFFFFFFFF RX
2018-04-17 13:50:08  can0  18FF1610#65 TX
2018-04-17 13:50:08  can0  18FF2420#4D0E0000F0FFFFFF RX
2018-04-17 13:50:08  can0  18FF1610#65 TX
2018-04-17 13:50:09  can0  18FF1720#25FFFFFFFFFFFFFF RX
2018-04-17 13:50:09  can0  18FF1610#65 TX
2018-04-17 13:50:09  can0  18FF2420#4D0E0000F0FFFFFF RX
2018-04-17 13:50:09  can0  18FF1610#65 TX
2018-04-17 13:50:10  can0  18FF1720#25FFFFFFFFFFFFFF RX
2018-04-17 13:50:10  can0  18FF1610#65 TX
2018-04-17 13:50:10  can0  18FF2420#4D0E0000F0FFFFFF RX
2018-04-17 13:50:10  can0  18FF1610#65 TX
2018-04-17 13:50:11  can0  18FF1720#25FFFFFFFFFFFFFF RX
2018-04-17 13:50:11  can0  18FF1610#65 TX
2018-04-17 13:50:11  can0  18FF2420#4D0E0000F0FFFFFF RX
2018-04-17 13:50:11  can0  18FF1610#65 TX
2018-04-17 13:50:12  can0  18FF1720#25FFFFFFFFFFFFFF RX
2018-04-17 13:50:12  can0  18FF1610#65 TX
2018-04-17 13:50:12  can0  18FF2420#4D0E0000F0FFFFFF RX
2018-04-17 13:50:12  can0  18FF1610#65 TX
2018-04-17 13:50:13  can0  18FF1720#25FFFFFFFFFFFFFF RX
2018-04-17 13:50:13  can0  18FF1610#65 TX
2018-04-17 13:50:13  can0  18FF2420#4D0E0000F0FFFFFF RX
2018-04-17 13:50:13  can0  18FF1610#65 TX
2018-04-17 13:50:14  can0  18FF1720#25FFFFFFFFFFFFFF RX
2018-04-17 13:50:14  can0  18FF1610#65 TX
2018-04-17 13:50:14  can0  18FF2420#4D0E0000F0FFFFFF RX
2018-04-17 13:50:14  can0  18FF1610#65 TX
2018-04-17 13:50:15  can0  18FF1720#25FFFFFFFFFFFFFF RX
2018-04-17 13:50:15  can0  18FF1610#65 TX
2018-04-17 13:50:15  can0  18FF2420#4D0E0000F0FFFFFF RX
2018-04-17 13:50:15  can0  18FF1610#65 TX
2018-04-17 13:50:16  can0  18FF1720#25FFFFFFFFFFFFFF RX
2018-04-17 13:50:16  can0  18FF1610#65 TX
2018-04-17 13:50:16  can0  18FF2420#4D0E0000F0FFFFFF RX
2018-04-17 13:50:16  can0  18FF1610#65 TX
2018-04-17 13:50:17  can0  18FF1720#25FFFFFFFFFFFFFF RX
2018-04-17 13:50:17  can0  18FF1610#65 TX
2018-04-17 13:50:17  can0  18FF2420#4D0E0000F0FFFFFF RX
2018-04-17 13:50:17  can0  18FF1610#65 TX
2018-04-17 13:50:18  can0  18FF1720#25FFFFFFFFFFFFFF RX
2018-04-17 13:50:18  can0  18FF1610#65 TX
2018-04-17 13:50:18  can0  18FF2420#4D0E0000F0FFFFFF RX
2018-04-17 13:50:18  can0  18FF1610#65 TX
2018-04-17 13:50:19  can0  18FF1720#25FFFFFFFFFFFFFF RX
2018-04-17 13:50:19  can0  18FF1610#65 TX
2018-04-17 13:50:19  can0  18FF2420#4D0E0000F0FFFFFF RX
2018-04-17 13:50:19  can0  18FF1610#65 TX
2018-04-17 13:50:20  can0  18FF1720#25FFFFFFFFFFFFFF RX
2018-04-17 13:50:20  can0  18FF1610#65 TX
2018-04-17 13:50:20  can0  18FF2420#4D0E0000F0FFFFFF RX
2018-04-17 13:50:20  can0  18FF1610#65 TX
2018-04-17 13:50:21  can0  18FF1720#25FFFFFFFFFFFFFF RX
2018-04-17 13:50:21  can0  18FF1610#65 TX
2018-04-17 13:50:21  can0  18FF2420#4D0E0000F0FFFFFF RX
2018-04-17 13:50:21  can0  18FF1610#65 TX
2018-04-17 13:50:22  can0  18FF1720#25FFFFFFFFFFFFFF RX
2018-04-17 13:50:22  can0  18FF1610#65 TX
2018-04-17 13:50:22  can0  18FF2420#4D0E0000F0FFFFFF RX
2018-04-17 13:50:22  can0  18FF1610#65 TX
2018-04-17 13:50:23  can0  18FF1720#25FFFFFFFFFFFFFF RX
2018-04-17 13:50:23  can0  18FF1610#65 TX
2018-04-17 13:50:23  can0  18FF2420#4D0E0000F0FFFFFF RX
2018-04-17 13:50:23  can0  18FF1610#65 TX
2018-04-17 13:50:24  can0  18FF1720#25FFFFFFFFFFFFFF RX
2018-04-17 13:50:24  can0  18FF1610#65 TX
2018-04-17 13:50:24  can0  18FF2420#4D0E0000F0FFFFFF RX
2018-04-17 13:50:24  can0  18FF1610#65 TX
2018-04-17 13:50:25  can0  18FF1720#25FFFFFFFFFFFFFF RX
2018-04-17 13:50:25  can0  18FF1610#65 TX
2018-04-17 13:50:25  can0  18FF2420#4D0E0000F0FFFFFF RX
2018-04-17 13:50:25  can0  18FF1610#65 TX
2018-04-17 13:50:26  can0  18FF1720#25FFFFFFFFFFFFFF RX
2018-04-17 13:50:26  can0  18FF1610#65 TX
2018-04-17 13:50:26  can0  18FF2420#4D0E0000F0FFFFFF RX
2018-04-17 13:50:26  can0  18FF1610#65 TX
2018-04-17 13:50:27  can0  18FF1720#25FFFFFFFFFFFFFF RX
2018-04-17 13:50:27  can0  18FF1610#65 TX
2018-04-17 13:50:27  can0  18FF2420#4D0E0000F0FFFFFF RX
2018-04-17 13:50:27  can0  18FF1610#65 TX
2018-04-17 13:50:28  can0  18FF1720#25FFFFFFFFFFFFFF RX
2018-04-17 13:50:28  can0  18FF1610#65 TX
2018-04-17 13:50:28  can0  18FF2420#4D0E0000F0FFFFFF RX
2018-04-17 13:50:28  can0  18FF1610#65 TX
2018-04-17 13:50:29  can0  18FF1720#25FFFFFFFFFFFFFF RX
2018-04-17 13:50:29  can0  18FF1610#65 TX
2018-04-17 13:50:29  can0  18FF2420#4D0E0000F0FFFFFF RX
2018-04-17 13:50:29  can0  18FF1610#65 TX
2018-04-17 13:50:30  can0  18FF1720#25FFFFFFFFFFFFFF RX
2018-04-17 13:50:30  can0  18FF1610#65 TX
2018-04-17 13:50:30  can0  18FF2420#4D0E0000F0FFFFFF RX
2018-04-17 13:50:30  can0  18FF1610#65 TX
2018-04-17 13:50:31  can0  18FF1720#25FFFFFFFFFFFFFF RX
2018-04-17 13:50:31  can0  18FF1610#65 TX
2018-04-17 13:50:31  can0  18FF2420#4D0E0000F0FFFFFF RX
2018-04-17 13:50:31  can0  18FF1610#65 TX
2018-04-17 13:50:32  can0  18FF1720#25FFFFFFFFFFFFFF RX
2018-04-17 13:50:32  can0  18FF1610#65 TX
2018-04-17 13:50:32  can0  18FF2420#4D0E0000F0FFFFFF RX
2018-04-17 13:50:32  can0  18FF1610#65 TX
2018-04-17 13:50:33  can0  18FF1720#25FFFFFFFFFFFFFF RX
2018-04-17 13:50:33  can0  18FF1610#65 TX
2018-04-17 13:50:33  can0  18FF2420#4D0E0000F0FFFFFF RX
2018-04-17 13:50:33  can0  18FF1610#65 TX
2018-04-17 13:50:34  can0  18FF1720#25FFFFFFFFFFFFFF RX
2018-04-17 13:50:34  can0  18FF1610#65 TX
2018-04-17 13:50:34  can0  18FF2420#4D0E0000F0FFFFFF RX
2018-04-17 13:50:34  can0  18FF1610#65 TX
2018-04-17 13:50:35  can0  18FF1720#25FFFFFFFFFFFFFF RX
2018-04-17 13:50:35  can0  18FF1610#65 TX
2018-04-17 13:50:35  can0  18FF2420#4D0E0000F0FFFFFF RX
2018-04-17 13:50:35  can0  18FF1610#65 TX
2018-04-17 13:50:36  can0  18FF1720#25FFFFFFFFFFFFFF RX
2018-04-17 13:50:36  can0  18FF1610#65 TX
2018-04-17 13:50:36  can0  18FF2420#4D0E0000F0FFFFFF RX
2018-04-17 13:50:36  can0  18FF1610#65 TX
2018-04-17 13:50:37  can0  18FF1720#25FFFFFFFFFFFFFF RX
2018-04-17 13:50:37  can0  18FF1610#65 TX
2018-04-17 13:50:37  can0  18FF2420#4D0E0000F0FFFFFF RX
2018-04-17 13:50:37  can0  18FF1610#65 TX
2018-04-17 13:50:38  can0  18FF1720#25FFFFFFFFFFFFFF RX
2018-04-17 13:50:38  can0  18FF1610#65 TX
2018-04-17 13:50:38  can0  18FF2420#4D0E0000F0FFFFFF RX
2018-04-17 13:50:38  can0  18FF1610#65 TX
2018-04-17 13:50:39  can0  18FF1720#25FFFFFFFFFFFFFF RX
2018-04-17 13:50:39  can0  18FF1610#65 TX
2018-04-17 13:50:39  can0  18FF2420#4D0E0000F0FFFFFF RX
2018-04-17 13:50:39  can0  18FF1610#65 TX
2018-04-17 13:50:40  can0  18FF1720#25FFFFFFFFFFFFFF RX
2018-04-17 13:50:40  can0  18FF1610#65 TX
2018-04-17 13:50:40  can0  18FF2420#4D0E0000F0FFFFFF RX
2018-04-17 13:50:40  can0  18FF1610#65 TX
2018-04-17 13:50:41  can0  18FF1720#25FFFFFFFFFFFFFF RX
2018-04-17 13:50:41  can0  18FF1610#65 TX
2018-04-17 13:50:41  can0  18FF2420#4D0E0000F0FFFFFF RX
2018-04-17 13:50:41  can0  18FF1610#65 TX
2018-04-17 13:50:42  can0  18FF1720#25FFFFFFFFFFFFFF RX
2018-04-17 13:50:42  can0  18FF1610#65 TX
2018-04-17 13:50:42  can0  18FF2420#4D0E0000F0FFFFFF RX
2018-04-17 13:50:42  can0  18FF1610#65 TX
2018-04-17 13:50:43  can0  18FF1720#25FFFFFFFFFFFFFF RX
2018-04-17 13:50:43  can0  18FF1610#65 TX
2018-04-17 13:50:43  can0  18FF2420#4D0E0000F0FFFFFF RX
2018-04-17 13:50:43  can0  18FF1610#65 TX
2018-04-17 13:50:44  can0  18FF1720#25FFFFFFFFFFFFFF RX
2018-04-17 13:50:44  can0  18FF1610#65 TX
2018-04-17 13:50:44  can0  18FF2420#4D0E0000F0FFFFFF RX
2018-04-17 13:50:44  can0  18FF1610#65 TX
2018-04-17 13:50:45  can0  18FF1720#25FFFFFFFFFFFFFF RX
2018-04-17 13:50:45  can0  18FF1610#65 TX
2018-04-17 13:50:45  can0  18FF2420#4D0E0000F0FFFFFF RX
2018-04-17 13:50:45  can0  18FF1610#65 TX
2018-04-17 13:50:46  can0  18FF1720#25FFFFFFFFFFFFFF RX
2018-04-17 13:50:46  can0  18FF1610#65 TX
2018-04-17 13:50:46  can0  18FF2420#4D0E0000F0FFFFFF RX
2018-04-17 13:50:46  can0  18FF1610#65 TX
2018-04-17 13:50:47  can0  18FF1720#25FFFFFFFFFFFFFF RX
2018-04-17 13:50:47  can0  18FF1610#65 TX
2018-04-17 13:50:47  can0  18FF2420#4D0E0000F0FFFFFF RX
2018-04-17 13:50:47  can0  18FF1610#65 TX
2018-04-17 13:50:48  can0  18FF1720#25FFFFFFFFFFFFFF RX
2018-04-17 13:50:48  can0  18FF1610#65 TX
2018-04-17 13:50:48  can0  18FF2420#4D0E0000F0FFFFFF RX
2018-04-17 13:50:48  can0  18FF1610#65 TX
2018-04-17 13:50:49  can0  18FF1720#25FFFFFFFFFFFFFF RX
2018-04-17 13:50:49  can0  18FF1610#65 TX
2018-04-17 13:50:49  can0  18FF2420#4D0E0000F0FFFFFF RX
2018-04-17 13:50:49  can0  18FF1610#65 TX
2018-04-17 13:50:50  can0  18FF1720#25FFFFFFFFFFFFFF RX
2018-04-17 13:50:50  can0  18FF1610#65 TX
2018-04-17 13:50:50  can0  18FF2420#4D0E0000F0FFFFFF RX
2018-04-17 13:50:50  can0  18FF1610#65 TX
2018-04-17 13:50:51  can0  18FF1720#25FFFFFFFFFFFFFF RX
2018-04-17 13:50:51  can0  18FF1610#65 TX
2018-04-17 13:50:51  can0  18FF2420#4D0E0000F0FFFFFF RX
2018-04-17 13:50:51  can0  18FF1610#65 TX
2018-04-17 13:50:52  can0  18FF1720#25FFFFFFFFFFFFFF RX
2018-04-17 13:50:52  can0  18FF1610#65 TX
2018-04-17 13:50:52  can0  18FF2420#4D0E0000F0FFFFFF RX
2018-04-17 13:50:52  can0  18FF1610#65 TX
2018-04-17 13:50:53  can0  18FF1720#25FFFFFFFFFFFFFF RX
2018-04-17 13:50:53  can0  18FF1610#65 TX
2018-04-17 13:50:53  can0  18FF2420#4D0E0000F0FFFFFF RX
2018-04-17 13:50:53  can0  18FF1610#65 TX
2018-04-17 13:50:54  can0  18FF1720#25FFFFFFFFFFFFFF RX
2018-04-17 13:50:54  can0  18FF1610#65 TX
2018-04-17 13:50:54  can0  18FF2420#4D0E0000F0FFFFFF RX
2018-04-17 13:50:54  can0  18FF1610#65 TX
2018-04-17 13:50:55  can0  18FF1720#25FFFFFFFFFFFFFF RX
2018-04-17 13:50:55  can0  18FF1610#65 TX
2018-04-17 13:50:55  can0  18FF2420#4D0E0000F0FFFFFF RX
2018-04-17 13:50:55  can0  18FF1610#65 TX
2018-04-17 13:50:56  can0  18FF1720#25FFFFFFFFFFFFFF RX
2018-04-17 13:50:56  can0  18FF1610#65 TX
2018-04-17 13:50:56  can0  18FF2420#4D0E0000F0FFFFFF RX
2018-04-17 13:50:56  can0  18FF1610#65 TX
2018-04-17 13:50:57  can0  18FF1720#25FFFFFFFFFFFFFF RX
2018-04-17 13:50:57  can0  18FF1610#65 TX
2018-04-17 13:50:57  can0  18FF2420#4D0E0000F0FFFFFF RX
2018-04-17 13:50:57  can0  18FF1610#65 TX
2018-04-17 13:50:58  can0  18FF1720#25FFFFFFFFFFFFFF RX
2018-04-17 13:50:58  can0  18FF1610#65 TX
2018-04-17 13:50:58  can0  18FF2420#4D0E0000F0FFFFFF RX
2018-04-17 13:50:58  can0  18FF1610#65 TX
2018-04-17 13:50:59  can0  18FF1720#25FFFFFFFFFFFFFF RX
2018-04-17 13:50:59  can0  18FF1610#65 TX
2018-04-17 13:50:59  can0  18FF2420#4D0E0000F0FFFFFF RX
2018-04-17 13:50:59  can0  18FF1610#65 TX
2018-04-17 13:51:00  can0  18FF1720#25FFFFFFFFFFFFFF RX
2018-04-17 13:51:00  can0  18FF1610#65 TX
2018-04-17 13:51:00  can0  18FF2420#4D0E0000F0FFFFFF RX
2018-04-17 13:51:00  can0  18FF1610#65 TX
2018-04-17 13:51:01  can0  18FF1720#25FFFFFFFFFFFFFF RX
2018-04-17 13:51:01  can0  18FF1610#65 TX
2018-04-17 13:51:01  can0  18FF2420#4D0E0000F0FFFFFF RX
2018-04-17 13:51:01  can0  18FF1610#65 TX
2018-04-17 13:51:02  can0  18FF1720#25FFFFFFFFFFFFFF RX
2018-04-17 13:51:02  can0  18FF1610#65 TX
2018-04-17 13:51:02  can0  18FF2420#4D0E0000F0FFFFFF RX
2018-04-17 13:51:02  can0  18FF1610#65 TX
2018-04-17 13:51:03  can0  18FF1720#25FFFFFFFFFFFFFF RX
2018-04-17 13:51:03  can0  18FF1610#65 TX
2018-04-17 13:51:03  can0  18FF2420#4D0E0000F0FFFFFF RX
2018-04-17 13:51:03  can0  18FF1610#65 TX
2018-04-17 13:51:04  can0  18FF1720#25FFFFFFFFFFFFFF RX
2018-04-17 13:51:04  can0  18FF1610#65 TX
2018-04-17 13:51:04  can0  18FF2420#4D0E0000F0FFFFFF RX
2018-04-17 13:51:04  can0  18FF1610#65 TX
2018-04-17 13:51:05  can0  18FF1720#25FFFFFFFFFFFFFF RX
2018-04-17 13:51:05  can0  18FF1610#65 TX
2018-04-17 13:51:05  can0  18FF2420#4D0E0000F0FFFFFF RX
2018-04-17 13:51:05  can0  18FF1610#65 TX
2018-04-17 13:51:06  can0  18FF1720#25FFFFFFFFFFFFFF RX
2018-04-17 13:51:06  can0  18FF1610#65 TX
2018-04-17 13:51:06  can0  18FF2420#4D0E0000F0FFFFFF RX
2018-04-17 13:51:06  can0  18FF1610#65 TX
2018-04-17 13:51:07  can0  18FF1720#25FFFFFFFFFFFFFF RX
2018-04-17 13:51:07  can0  18FF1610#65 TX
2018-04-17 13:51:07  can0  18FF2420#4D0E0000F0FFFFFF RX
2018-04-17 13:51:07  can0  18FF1610#65 TX
2018-04-17 13:51:08  can0  18FF1720#25FFFFFFFFFFFFFF RX
2018-04-17 13:51:08  can0  18FF1610#65 TX
2018-04-17 13:51:08  can0  18FF2420#4D0E0000F0FFFFFF RX
2018-04-17 13:51:08  can0  18FF1610#65 TX
2018-04-17 13:51:09  can0  18FF1720#25FFFFFFFFFFFFFF RX
2018-04-17 13:51:09  can0  18FF1610#65 TX
2018-04-17 13:51:09  can0  18FF2420#4D0E0000F0FFFFFF RX
2018-04-17 13:51:09  can0  18FF1610#65 TX
2018-04-17 13:51:10  can0  18FF1720#25FFFFFFFFFFFFFF RX
2018-04-17 13:51:10  can0  18FF1610#65 TX
2018-04-17 13:51:10  can0  18FF2420#4D0E0000F0FFFFFF RX
2018-04-17 13:51:10  can0  18FF1610#65 TX
2018-04-17 13:51:11  can0  18FF1720#25FFFFFFFFFFFFFF RX
2018-04-17 13:51:11  can0  18FF1610#65 TX
2018-04-17 13:51:11  can0  18FF2420#4D0E0000F0FFFFFF RX
2018-04-17 13:51:11  can0  18FF1610#65 TX
2018-04-17 13:51:12  can0  18FF1720#25FFFFFFFFFFFFFF RX
2018-04-17 13:51:12  can0  18FF1610#65 TX
2018-04-17 13:51:12  can0  18FF2420#4D0E0000F0FFFFFF RX
2018-04-17 13:51:12  can0  18FF1610#65 TX
2018-04-17 13:51:13  can0  18FF1720#25FFFFFFFFFFFFFF RX
2018-04-17 13:51:13  can0  18FF1610#65 TX
2018-04-17 13:51:13  can0  18FF2420#4D0E0000F0FFFFFF RX
2018-04-17 13:51:13  can0  18FF1610#65 TX
2018-04-17 13:51:14  can0  18FF1720#25FFFFFFFFFFFFFF RX
2018-04-17 13:51:14  can0  18FF1610#65 TX
2018-04-17 13:51:14  can0  18FF2420#4D0E0000F0FFFFFF RX
2018-04-17 13:51:14  can0  18FF1610#65 TX
2018-04-17 13:51:15  can0  18FF1720#25FFFFFFFFFFFFFF RX
2018-04-17 13:51:15  can0  18FF1610#65 TX
2018-04-17 13:51:15  can0  18FF2420#4D0E0000F0FFFFFF RX
2018-04-17 13:51:15  can0  18FF1610#65 TX
2018-04-17 13:51:16  can0  18FF1720#25FFFFFFFFFFFFFF RX
2018-04-17 13:51:16  can0  18FF1610#65 TX
2018-04-17 13:51:16  can0  18FF2420#4D0E0000F0FFFFFF RX
2018-04-17 13:51:16  can0  18FF1610#65 TX
2018-04-17 13:51:17  can0  18FF1720#25FFFFFFFFFFFFFF RX
2018-04-17 13:51:17  can0  18FF1610#65 TX
2018-04-17 13:51:17  can0  18FF2420#4D0E0000F0FFFFFF RX
2018-04-17 13:51:17  can0  18FF1610#65 TX
2018-04-17 13:51:18  can0  18FF1720#25FFFFFFFFFFFFFF RX
2018-04-17 13:51:18  can0  18FF1610#65 TX
2018-04-17 13:51:18  can0  18FF2420#4D0E0000F0FFFFFF RX
2018-04-17 13:51:18  can0  18FF1610#65 TX
2018-04-17 13:51:19  can0  18FF1720#25FFFFFFFFFFFFFF RX
2018-04-17 13:51:19  can0  18FF1610#65 TX
2018-04-17 13:51:19  can0  18FF2420#4D0E0000F0FFFFFF RX
2018-04-17 13:51:19  can0  18FF1610#65 TX
2018-04-17 13:51:20  can0  18FF1720#25FFFFFFFFFFFFFF RX
2018-04-17 13:51:20  can0  18FF1610#65 TX
2018-04-17 13:51:20  can0  18FF2420#4D0E0000F0FFFFFF RX
2018-04-17 13:51:20  can0  18FF1610#65 TX
2018-04-17 13:51:21  can0  18FF1720#25FFFFFFFFFFFFFF RX
2018-04-17 13:51:21  can0  18FF1610#65 TX
2018-04-17 13:51:21  can0  18FF2420#4D0E0000F0FFFFFF RX
2018-04-17 13:51:21  can0  18FF1610#65 TX
2018-04-17 13:51:22  can0  18FF1720#25FFFFFFFFFFFFFF RX
2018-04-17 13:51:22  can0  18FF1610#65 TX
2018-04-17 13:51:22  can0  18FF2420#4D0E0000F0FFFFFF RX
2018-04-17 13:51:22  can0  18FF1610#65 TX
2018-04-17 13:51:23  can0  18FF1720#25FFFFFFFFFFFFFF RX
2018-04-17 13:51:23  can0  18FF1610#65 TX
2018-04-17 13:51:23  can0  18FF2420#4D0E0000F0FFFFFF RX
2018-04-17 13:51:23  can0  18FF1610#65 TX
2018-04-17 13:51:24  can0  18FF1720#25FFFFFFFFFFFFFF RX
2018-04-17 13:51:24  can0  18FF1610#65 TX
2018-04-17 13:51:24  can0  18FF2420#4D0E0000F0FFFFFF RX
2018-04-17 13:51:24  can0  18FF1610#65 TX
2018-04-17 13:51:25  can0  18FF1720#25FFFFFFFFFFFFFF RX
2018-04-17 13:51:25  can0  18FF1610#65 TX
2018-04-17 13:51:25  can0  18FF2420#4D0E0000F0FFFFFF RX
2018-04-17 13:51:25  can0  18FF1610#65 TX
2018-04-17 13:51:26  can0  18FF1720#25FFFFFFFFFFFFFF RX
2018-04-17 13:51:26  can0  18FF1610#65 TX
2018-04-17 13:51:26  can0  18FF2420#4D0E0000F0FFFFFF RX
2018-04-17 13:51:26  can0  18FF1610#65 TX
2018-04-17 13:51:27  can0  18FF1720#25FFFFFFFFFFFFFF RX
2018-04-17 13:51:27  can0  18FF1610#65 TX
2018-04-17 13:51:27  can0  18FF2420#4D0E0000F0FFFFFF RX
2018-04-17 13:51:27  can0  18FF1610#65 TX
2018-04-17 13:51:28  can0  18FF1720#25FFFFFFFFFFFFFF RX
2018-04-17 13:51:28  can0  18FF1610#65 TX
2018-04-17 13:51:28  can0  18FF2420#4D0E0000F0FFFFFF RX
2018-04-17 13:51:28  can0  18FF1610#65 TX
2018-04-17 13:51:29  can0  18FF1720#25FFFFFFFFFFFFFF RX
2018-04-17 13:51:29  can0  18FF1610#65 TX
2018-04-17 13:51:29  can0  18FF2420#4D0E0000F0FFFFFF RX
2018-04-17 13:51:29  can0  18FF1610#65 TX
2018-04-17 13:51:30  can0  18FF1720#25FFFFFFFFFFFFFF RX
2018-04-17 13:51:30  can0  18FF1610#65 TX
2018-04-17 13:51:30  can0  18FF2420#4D0E0000F0FFFFFF RX
2018-04-17 13:51:30  can0  18FF1610#65 TX
2018-04-17 13:51:31  can0  18FF1720#25FFFFFFFFFFFFFF RX
2018-04-17 13:51:31  can0  18FF1610#65 TX
2018-04-17 13:51:31  can0  18FF2420#4D0E0000F0FFFFFF RX
2018-04-17 13:51:31  can0  18FF1610#65 TX
2018-04-17 13:51:32  can0  18FF1720#25FFFFFFFFFFFFFF RX
2018-04-17 13:51:32  can0  18FF1610#65 TX
2018-04-17 13:51:32  can0  18FF2420#4D0E0000F0FFFFFF RX
2018-04-17 13:51:32  can0  18FF1610#65 TX
2018-04-17 13:51:33  can0  18FF1720#25FFFFFFFFFFFFFF RX
2018-04-17 13:51:33  can0  18FF1610#65 TX
2018-04-17 13:51:33  can0  18FF2420#4D0E0000F0FFFFFF RX
2018-04-17 13:51:33  can0  18FF1610#65 TX
2018-04-17 13:51:34  can0  18FF1720#25FFFFFFFFFFFFFF RX
2018-04-17 13:51:34  can0  18FF1610#65 TX
2018-04-17 13:51:34  can0  18FF2420#4D0E0000F0FFFFFF RX
2018-04-17 13:51:34  can0  18FF1610#65 TX
2018-04-17 13:51:35  can0  18FF1720#25FFFFFFFFFFFFFF RX
2018-04-17 13:51:35  can0  18FF1610#65 TX
2018-04-17 13:51:35  can0  18FF2420#4D0E0000F0FFFFFF RX
2018-04-17 13:51:35  can0  18FF1610#65 TX
2018-04-17 13:51:35  can0  18FF2320#63029A00A90300FF RX
2018-04-17 13:51:35  can0  18FF1610#65 TX
2018-04-17 13:51:36  can0  18FF1720#25FFFFFFFFFFFFFF RX
2018-04-17 13:51:36  can0  18FF1610#65 TX
2018-04-17 13:51:36  can0  18FF2420#4D0E0000F0FFFFFF RX
2018-04-17 13:51:36  can0  18FF1610#65 TX
2018-04-17 13:51:37  can0  18FF1720#25FFFFFFFFFFFFFF RX
2018-04-17 13:51:37  can0  18FF1610#65 TX
2018-04-17 13:51:37  can0  18FF2420#4D0E0000F0FFFFFF RX
2018-04-17 13:51:37  can0  18FF1610#65 TX
2018-04-17 13:51:38  can0  18FF1720#25FFFFFFFFFFFFFF RX
2018-04-17 13:51:38  can0  18FF1610#65 TX
2018-04-17 13:51:38  can0  18FF2420#4D0E0000F0FFFFFF RX
2018-04-17 13:51:38  can0  18FF1610#65 TX
2018-04-17 13:51:39  can0  18FF1720#25FFFFFFFFFFFFFF RX
2018-04-17 13:51:39  can0  18FF1610#65 TX
2018-04-17 13:51:39  can0  18FF2420#4D0E0000F0FFFFFF RX
2018-04-17 13:51:39  can0  18FF1610#65 TX
2018-04-17 13:51:40  can0  18FF1720#25FFFFFFFFFFFFFF RX
2018-04-17 13:51:40  can0  18FF1610#65 TX
2018-04-17 13:51:40  can0  18FF2420#4D0E0000F0FFFFFF RX
2018-04-17 13:51:40  can0  18FF1610#65 TX
2018-04-17 13:51:41  can0  18FF1720#25FFFFFFFFFFFFFF RX
2018-04-17 13:51:41  can0  18FF1610#65 TX
2018-04-17 13:51:41  can0  18FF2420#4D0E0000F0FFFFFF RX
2018-04-17 13:51:41  can0  18FF1610#65 TX
2018-04-17 13:51:42  can0  18FF1720#25FFFFFFFFFFFFFF RX
2018-04-17 13:51:42  can0  18FF1610#65 TX
2018-04-17 13:51:42  can0  18FF2420#4D0E0000F0FFFFFF RX
2018-04-17 13:51:42  can0  18FF1610#65 TX
2018-04-17 13:51:43  can0  18FF1720#25FFFFFFFFFFFFFF RX
2018-04-17 13:51:43  can0  18FF1610#65 TX
2018-04-17 13:51:43  can0  18FF2420#4D0E0000F0FFFFFF RX
2018-04-17 13:51:43  can0  18FF1610#65 TX
2018-04-17 13:51:44  can0  18FF1720#25FFFFFFFFFFFFFF RX
2018-04-17 13:51:44  can0  18FF1610#65 TX
2018-04-17 13:51:44  can0  18FF2420#4D0E0000F0FFFFFF RX
2018-04-17 13:51:44  can0  18FF1610#65 TX
2018-04-17 13:51:45  can0  18FF1720#25FFFFFFFFFFFFFF RX
2018-04-17 13:51:45  can0  18FF1610#65 TX
2018-04-17 13:51:45  can0  18FF2420#4D0E0000F0FFFFFF RX
2018-04-17 13:51:45  can0  18FF1610#65 TX
2018-04-17 13:51:46  can0  18FF1720#25FFFFFFFFFFFFFF RX
2018-04-17 13:51:46  can0  18FF1610#65 TX
2018-04-17 13:51:46  can0  18FF2420#4D0E0000F0FFFFFF RX
2018-04-17 13:51:46  can0  18FF1610#65 TX
2018-04-17 13:51:47  can0  18FF1720#25FFFFFFFFFFFFFF RX
2018-04-17 13:51:47  can0  18FF1610#65 TX
2018-04-17 13:51:47  can0  18FF2420#4D0E0000F0FFFFFF RX
2018-04-17 13:51:47  can0  18FF1610#65 TX
2018-04-17 13:51:48  can0  18FF1720#25FFFFFFFFFFFFFF RX
2018-04-17 13:51:48  can0  18FF1610#65 TX
2018-04-17 13:51:48  can0  18FF2420#4D0E0000F0FFFFFF RX
2018-04-17 13:51:48  can0  18FF1610#65 TX
2018-04-17 13:51:49  can0  18FF1720#25FFFFFFFFFFFFFF RX
2018-04-17 13:51:49  can0  18FF1610#65 TX
2018-04-17 13:51:49  can0  18FF2420#4D0E0000F0FFFFFF RX
2018-04-17 13:51:49  can0  18FF1610#65 TX
2018-04-17 13:51:50  can0  18FF1720#25FFFFFFFFFFFFFF RX
2018-04-17 13:51:50  can0  18FF1610#65 TX
2018-04-17 13:51:50  can0  18FF2420#4D0E0000F0FFFFFF RX
2018-04-17 13:51:50  can0  18FF1610#65 TX
2018-04-17 13:51:51  can0  18FF1720#25FFFFFFFFFFFFFF RX
2018-04-17 13:51:51  can0  18FF1610#65 TX
2018-04-17 13:51:51  can0  18FF2420#4D0E0000F0FFFFFF RX
2018-04-17 13:51:51  can0  18FF1610#65 TX
2018-04-17 13:51:52  can0  18FF1720#25FFFFFFFFFFFFFF RX
2018-04-17 13:51:52  can0  18FF1610#65 TX
2018-04-17 13:51:52  can0  18FF2420#4D0E0000F0FFFFFF RX
2018-04-17 13:51:52  can0  18FF1610#65 TX
2018-04-17 13:51:53  can0  18FF1720#25FFFFFFFFFFFFFF RX
2018-04-17 13:51:53  can0  18FF1610#65 TX
2018-04-17 13:51:53  can0  18FF2420#4D0E0000F0FFFFFF RX
2018-04-17 13:51:53  can0  18FF1610#65 TX
2018-04-17 13:51:54  can0  18FF1720#25FFFFFFFFFFFFFF RX
2018-04-17 13:51:54  can0  18FF1610#65 TX
2018-04-17 13:51:54  can0  18FF2420#4D0E0000F0FFFFFF RX
2018-04-17 13:51:54  can0  18FF1610#65 TX
2018-04-17 13:51:55  can0  18FF1720#25FFFFFFFFFFFFFF RX
2018-04-17 13:51:55  can0  18FF1610#65 TX
2018-04-17 13:51:55  can0  18FF2420#4D0E0000F0FFFFFF RX
2018-04-17 13:51:55  can0  18FF1610#65 TX
2018-04-17 13:51:56  can0  18FF1720#25FFFFFFFFFFFFFF RX
2018-04-17 13:51:56  can0  18FF1610#65 TX
2018-04-17 13:51:56  can0  18FF2420#4D0E0000F0FFFFFF RX
2018-04-17 13:51:56  can0  18FF1610#65 TX
2018-04-17 13:51:57  can0  18FF1720#25FFFFFFFFFFFFFF RX
2018-04-17 13:51:57  can0  18FF1610#65 TX
2018-04-17 13:51:57  can0  18FF2420#4D0E0000F0FFFFFF RX
2018-04-17 13:51:57  can0  18FF1610#65 TX
2018-04-17 13:51:58  can0  18FF1720#25FFFFFFFFFFFFFF RX
2018-04-17 13:51:58  can0  18FF1610#65 TX
2018-04-17 13:51:58  can0  18FF2420#4D0E0000F0FFFFFF RX
2018-04-17 13:51:58  can0  18FF1610#65 TX
2018-04-17 13:51:59  can0  18FF1720#25FFFFFFFFFFFFFF RX
2018-04-17 13:51:59  can0  18FF1610#65 TX
2018-04-17 13:51:59  can0  18FF2420#4D0E0000F0FFFFFF RX
2018-04-17 13:51:59  can0  18FF1610#65 TX
2018-04-17 13:52:00  can0  18FF1720#25FFFFFFFFFFFFFF RX
2018-04-17 13:52:00  can0  18FF1610#65 TX
2018-04-17 13:52:00  can0  18FF2420#4D0E0000F0FFFFFF RX
2018-04-17 13:52:00  can0  18FF1610#65 TX
2018-04-17 13:52:01  can0  18FF1720#25FFFFFFFFFFFFFF RX
2018-04-17 13:52:01  can0  18FF1610#65 TX
2018-04-17 13:52:01  can0  18FF2420#4D0E0000F0FFFFFF RX
2018-04-17 13:52:01  can0  18FF1610#65 TX
2018-04-17 13:52:02  can0  18FF1720#25FFFFFFFFFFFFFF RX
2018-04-17 13:52:02  can0  18FF1610#65 TX
2018-04-17 13:52:02  can0  18FF2420#4D0E0000F0FFFFFF RX
2018-04-17 13:52:02  can0  18FF1610#65 TX
2018-04-17 13:52:03  can0  18FF1720#25FFFFFFFFFFFFFF RX
2018-04-17 13:52:03  can0  18FF1610#65 TX
2018-04-17 13:52:03  can0  18FF2420#4D0E0000F0FFFFFF RX
2018-04-17 13:52:03  can0  18FF1610#65 TX
2018-04-17 13:52:04  can0  18FF1720#25FFFFFFFFFFFFFF RX
2018-04-17 13:52:04  can0  18FF1610#65 TX
2018-04-17 13:52:04  can0  18FF2420#4D0E0000F0FFFFFF RX
2018-04-17 13:52:04  can0  18FF1610#65 TX
2018-04-17 13:52:05  can0  18FF1720#25FFFFFFFFFFFFFF RX
2018-04-17 13:52:05  can0  18FF1610#65 TX
2018-04-17 13:52:05  can0  18FF2420#4D0E0000F0FFFFFF RX
2018-04-17 13:52:05  can0  18FF1610#65 TX
2018-04-17 13:52:06  can0  18FF1720#25FFFFFFFFFFFFFF RX
2018-04-17 13:52:06  can0  18FF1610#65 TX
2018-04-17 13:52:06  can0  18FF2420#4D0E0000F0FFFFFF RX
2018-04-17 13:52:06  can0  18FF1610#65 TX
2018-04-17 13:52:07  can0  18FF1720#25FFFFFFFFFFFFFF RX
2018-04-17 13:52:07  can0  18FF1610#65 TX
2018-04-17 13:52:07  can0  18FF2420#4D0E0000F0FFFFFF RX
2018-04-17 13:52:07  can0  18FF1610#65 TX
2018-04-17 13:52:08  can0  18FF1720#25FFFFFFFFFFFFFF RX
2018-04-17 13:52:08  can0  18FF1610#65 TX
2018-04-17 13:52:08  can0  18FF2420#4D0E0000F0FFFFFF RX
2018-04-17 13:52:08  can0  18FF1610#65 TX
2018-04-17 13:52:09  can0  18FF1720#25FFFFFFFFFFFFFF RX
2018-04-17 13:52:09  can0  18FF1610#65 TX
2018-04-17 13:52:09  can0  18FF2420#4D0E0000F0FFFFFF RX
2018-04-17 13:52:09  can0  18FF1610#65 TX
2018-04-17 13:52:10  can0  18FF1720#25FFFFFFFFFFFFFF RX
2018-04-17 13:52:10  can0  18FF1610#65 TX
2018-04-17 13:52:10  can0  18FF2420#4D0E0000F0FFFFFF RX
2018-04-17 13:52:10  can0  18FF1610#65 TX
2018-04-17 13:52:11  can0  18FF1720#25FFFFFFFFFFFFFF RX
2018-04-17 13:52:11  can0  18FF1610#65 TX
2018-04-17 13:52:11  can0  18FF2420#4D0E0000F0FFFFFF RX
2018-04-17 13:52:11  can0  18FF1610#65 TX
2018-04-17 13:52:12  can0  18FF1720#25FFFFFFFFFFFFFF RX
2018-04-17 13:52:12  can0  18FF1610#65 TX
2018-04-17 13:52:12  can0  18FF2420#4D0E0000F0FFFFFF RX
2018-04-17 13:52:12  can0  18FF1610#65 TX
2018-04-17 13:52:13  can0  18FF1720#25FFFFFFFFFFFFFF RX
2018-04-17 13:52:13  can0  18FF1610#65 TX
2018-04-17 13:52:13  can0  18FF2420#4D0E0000F0FFFFFF RX
2018-04-17 13:52:13  can0  18FF1610#65 TX
2018-04-17 13:52:14  can0  18FF1720#25FFFFFFFFFFFFFF RX
2018-04-17 13:52:14  can0  18FF1610#65 TX
2018-04-17 13:52:14  can0  18FF2420#4D0E0000F0FFFFFF RX
2018-04-17 13:52:14  can0  18FF1610#65 TX
2018-04-17 13:52:15  can0  18FF1720#25FFFFFFFFFFFFFF RX
2018-04-17 13:52:15  can0  18FF1610#65 TX
2018-04-17 13:52:15  can0  18FF2420#4D0E0000F0FFFFFF RX
2018-04-17 13:52:15  can0  18FF1610#65 TX
2018-04-17 13:52:16  can0  18FF1720#25FFFFFFFFFFFFFF RX
2018-04-17 13:52:16  can0  18FF1610#65 TX
2018-04-17 13:52:16  can0  18FF2420#4D0E0000F0FFFFFF RX
2018-04-17 13:52:16  can0  18FF1610#65 TX
2018-04-17 13:52:17  can0  18FF1720#25FFFFFFFFFFFFFF RX
2018-04-17 13:52:17  can0  18FF1610#65 TX
2018-04-17 13:52:17  can0  18FF2420#4D0E0000F0FFFFFF RX
2018-04-17 13:52:17  can0  18FF1610#65 TX
2018-04-17 13:52:18  can0  18FF1720#25FFFFFFFFFFFFFF RX
2018-04-17 13:52:18  can0  18FF1610#65 TX
2018-04-17 13:52:18  can0  18FF2420#4D0E0000F0FFFFFF RX
2018-04-17 13:52:18  can0  18FF1610#65 TX
2018-04-17 13:52:19  can0  18FF1720#25FFFFFFFFFFFFFF RX
2018-04-17 13:52:19  can0  18FF1610#65 TX
2018-04-17 13:52:19  can0  18FF2420#4D0E0000F0FFFFFF RX
2018-04-17 13:52:19  can0  18FF1610#65 TX
2018-04-17 13:52:20  can0  18FF1720#25FFFFFFFFFFFFFF RX
2018-04-17 13:52:20  can0  18FF1610#65 TX
2018-04-17 13:52:20  can0  18FF2420#4D0E0000F0FFFFFF RX
2018-04-17 13:52:20  can0  18FF1610#65 TX
2018-04-17 13:52:21  can0  18FF1720#25FFFFFFFFFFFFFF RX
2018-04-17 13:52:21  can0  18FF1610#65 TX
2018-04-17 13:52:21  can0  18FF2420#4D0E0000F0FFFFFF RX
2018-04-17 13:52:21  can0  18FF1610#65 TX
2018-04-17 13:52:22  can0  18FF1720#25FFFFFFFFFFFFFF RX
2018-04-17 13:52:22  can0  18FF1610#65 TX
2018-04-17 13:52:22  can0  18FF2420#4D0E0000F0FFFFFF RX
2018-04-17 13:52:22  can0  18FF1610#65 TX
2018-04-17 13:52:23  can0  18FF1720#25FFFFFFFFFFFFFF RX
2018-04-17 13:52:23  can0  18FF1610#65 TX
2018-04-17 13:52:23  can0  18FF2420#4D0E0000F0FFFFFF RX
2018-04-17 13:52:23  can0  18FF1610#65 TX
2018-04-17 13:52:24  can0  18FF1720#25FFFFFFFFFFFFFF RX
2018-04-17 13:52:24  can0  18FF1610#65 TX
2018-04-17 13:52:24  can0  18FF2420#4D0E0000F0FFFFFF RX
2018-04-17 13:52:24  can0  18FF1610#65 TX
2018-04-17 13:52:25  can0  18FF1720#25FFFFFFFFFFFFFF RX
2018-04-17 13:52:25  can0  18FF1610#65 TX
2018-04-17 13:52:25  can0  18FF2420#4D0E0000F0FFFFFF RX
2018-04-17 13:52:25  can0  18FF1610#65 TX
2018-04-17 13:52:26  can0  18FF1720#25FFFFFFFFFFFFFF RX
2018-04-17 13:52:26  can0  18FF1610#65 TX
2018-04-17 13:52:26  can0  18FF2420#4D0E0000F0FFFFFF RX
2018-04-17 13:52:26  can0  18FF1610#65 TX
2018-04-17 13:52:27  can0  18FF1720#25FFFFFFFFFFFFFF RX
2018-04-17 13:52:27  can0  18FF1610#65 TX
2018-04-17 13:52:27  can0  18FF2420#4D0E0000F0FFFFFF RX
2018-04-17 13:52:27  can0  18FF1610#65 TX
2018-04-17 13:52:28  can0  18FF1720#25FFFFFFFFFFFFFF RX
2018-04-17 13:52:28  can0  18FF1610#65 TX
2018-04-17 13:52:28  can0  18FF2420#4D0E0000F0FFFFFF RX
2018-04-17 13:52:28  can0  18FF1610#65 TX
2018-04-17 13:52:29  can0  18FF1720#25FFFFFFFFFFFFFF RX
2018-04-17 13:52:29  can0  18FF1610#65 TX
2018-04-17 13:52:29  can0  18FF2420#4D0E0000F0FFFFFF RX
2018-04-17 13:52:29  can0  18FF1610#65 TX
2018-04-17 13:52:30  can0  18FF1720#25FFFFFFFFFFFFFF RX
2018-04-17 13:52:30  can0  18FF1610#65 TX
2018-04-17 13:52:30  can0  18FF2420#4D0E0000F0FFFFFF RX
2018-04-17 13:52:30  can0  18FF1610#65 TX
2018-04-17 13:52:31  can0  18FF1720#25FFFFFFFFFFFFFF RX
2018-04-17 13:52:31  can0  18FF1610#65 TX
2018-04-17 13:52:31  can0  18FF2420#4D0E0000F0FFFFFF RX
2018-04-17 13:52:31  can0  18FF1610#65 TX
2018-04-17 13:52:32  can0  18FF1720#25FFFFFFFFFFFFFF RX
2018-04-17 13:52:32  can0  18FF1610#65 TX
2018-04-17 13:52:32  can0  18FF2420#4D0E0000F0FFFFFF RX
2018-04-17 13:52:32  can0  18FF1610#65 TX
2018-04-17 13:52:33  can0  18FF1720#25FFFFFFFFFFFFFF RX
2018-04-17 13:52:33  can0  18FF1610#65 TX
2018-04-17 13:52:33  can0  18FF2420#4D0E0000F0FFFFFF RX
2018-04-17 13:52:33  can0  18FF1610#65 TX
2018-04-17 13:52:34  can0  18FF1720#25FFFFFFFFFFFFFF RX
2018-04-17 13:52:34  can0  18FF1610#65 TX
2018-04-17 13:52:34  can0  18FF2420#4D0E0000F0FFFFFF RX
2018-04-17 13:52:34  can0  18FF1610#65 TX
2018-04-17 13:52:35  can0  18FF1720#25FFFFFFFFFFFFFF RX
2018-04-17 13:52:35  can0  18FF1610#65 TX
2018-04-17 13:52:35  can0  18FF2420#4D0E0000F0FFFFFF RX
2018-04-17 13:52:35  can0  18FF1610#65 TX
2018-04-17 13:52:36  can0  18FF1720#25FFFFFFFFFFFFFF RX
2018-04-17 13:52:36  can0  18FF1610#65 TX
2018-04-17 13:52:36  can0  18FF2420#4D0E0000F0FFFFFF RX
2018-04-17 13:52:36  can0  18FF1610#65 TX
2018-04-17 13:52:37  can0  18FF1720#25FFFFFFFFFFFFFF RX
2018-04-17 13:52:37  can0  18FF1610#65 TX
2018-04-17 13:52:37  can0  18FF2420#4D0E0000F0FFFFFF RX
2018-04-17 13:52:37  can0  18FF1610#65 TX
2018-04-17 13:52:38  can0  18FF1720#25FFFFFFFFFFFFFF RX
2018-04-17 13:52:38  can0  18FF1610#65 TX
2018-04-17 13:52:38  can0  18FF2420#4D0E0000F0FFFFFF RX
2018-04-17 13:52:38  can0  18FF1610#65 TX
2018-04-17 13:52:39  can0  18FF1720#25FFFFFFFFFFFFFF RX
2018-04-17 13:52:39  can0  18FF1610#65 TX
2018-04-17 13:52:39  can0  18FF2420#4D0E0000F0FFFFFF RX
2018-04-17 13:52:39  can0  18FF1610#65 TX
2018-04-17 13:52:40  can0  18FF1720#25FFFFFFFFFFFFFF RX
2018-04-17 13:52:40  can0  18FF1610#65 TX
2018-04-17 13:52:40  can0  18FF2420#4D0E0000F0FFFFFF RX
2018-04-17 13:52:40  can0  18FF1610#65 TX
2018-04-17 13:52:41  can0  18FF1720#25FFFFFFFFFFFFFF RX
2018-04-17 13:52:41  can0  18FF1610#65 TX
2018-04-17 13:52:41  can0  18FF2420#4D0E0000F0FFFFFF RX
2018-04-17 13:52:41  can0  18FF1610#65 TX
2018-04-17 13:52:42  can0  18FF1720#25FFFFFFFFFFFFFF RX
2018-04-17 13:52:42  can0  18FF1610#65 TX
2018-04-17 13:52:42  can0  18FF2420#4D0E0000F0FFFFFF RX
2018-04-17 13:52:42  can0  18FF1610#65 TX
2018-04-17 13:52:43  can0  18FF1720#25FFFFFFFFFFFFFF RX
2018-04-17 13:52:43  can0  18FF1610#65 TX
2018-04-17 13:52:43  can0  18FF2420#4D0E0000F0FFFFFF RX
2018-04-17 13:52:43  can0  18FF1610#65 TX
2018-04-17 13:52:44  can0  18FF1720#25FFFFFFFFFFFFFF RX
2018-04-17 13:52:44  can0  18FF1610#65 TX
2018-04-17 13:52:44  can0  18FF2420#4D0E0000F0FFFFFF RX
2018-04-17 13:52:44  can0  18FF1610#65 TX
2018-04-17 13:52:45  can0  18FF1720#25FFFFFFFFFFFFFF RX
2018-04-17 13:52:45  can0  18FF1610#65 TX
2018-04-17 13:52:45  can0  18FF2420#4D0E0000F0FFFFFF RX
2018-04-17 13:52:45  can0  18FF1610#65 TX
2018-04-17 13:52:46  can0  18FF1720#25FFFFFFFFFFFFFF RX
2018-04-17 13:52:46  can0  18FF1610#65 TX
2018-04-17 13:52:46  can0  18FF2420#4D0E0000F0FFFFFF RX
2018-04-17 13:52:46  can0  18FF1610#65 TX
2018-04-17 13:52:47  can0  18FF1720#25FFFFFFFFFFFFFF RX
2018-04-17 13:52:47  can0  18FF1610#65 TX
2018-04-17 13:52:47  can0  18FF2420#4D0E0000F0FFFFFF RX
2018-04-17 13:52:47  can0  18FF1610#65 TX
2018-04-17 13:52:48  can0  18FF1720#25FFFFFFFFFFFFFF RX
2018-04-17 13:52:48  can0  18FF1610#65 TX
2018-04-17 13:52:48  can0  18FF2420#4D0E0000F0FFFFFF RX
2018-04-17 13:52:48  can0  18FF1610#65 TX
2018-04-17 13:52:49  can0  18FF1720#25FFFFFFFFFFFFFF RX
2018-04-17 13:52:49  can0  18FF1610#55 TX
2018-04-17 13:52:49  can0  18FF2420#4D0E0000F0FFFFFF RX
2018-04-17 13:52:49  can0  18FF1610#55 TX
2018-04-17 13:52:50  can0  18FF1720#25FFFFFFFFFFFFFF RX
2018-04-17 13:52:50  can0  18FF1610#55 TX
2018-04-17 13:52:50  can0  18FF2420#4D0E0000F0FFFFFF RX
2018-04-17 13:52:50  can0  18FF1610#55 TX
2018-04-17 13:52:51  can0  18FF1720#20FFFFFFFFFFFFFF RX
2018-04-17 13:52:51  can0  18FF1610#55 TX
2018-04-17 13:52:51  can0  18FF2420#4D0E0000F0FFFFFF RX
2018-04-17 13:52:51  can0  18FF1610#55 TX
2018-04-17 13:52:52  can0  18FF1720#20FFFFFFFFFFFFFF RX
2018-04-17 13:52:52  can0  18FF1610#55 TX
2018-04-17 13:52:52  can0  18FF2420#4D0E0000F0FFFFFF RX
2018-04-17 13:52:52  can0  18FF1610#55 TX
2018-04-17 13:52:53  can0  18FF1720#20FFFFFFFFFFFFFF RX
2018-04-17 13:52:53  can0  18FF1610#55 TX
2018-04-17 13:52:53  can0  18FF2420#4D0E0000F0FFFFFF RX
2018-04-17 13:52:53  can0  18FF1610#55 TX
2018-04-17 13:52:54  can0  18FF1610#55 TX
No response from generator
Time Out Error: CAN line might be disconnected or generator can interface is down
Resetting CAN interface on server
2018-04-17 13:52:54  can0  18FF1720#21FFFFFFFFFFFFFF RX
2018-04-17 13:52:54  can0  18FF1610#55 TX
2018-04-17 13:52:54  can0  18FF2420#4D0E0000F0FFFFFF RX
2018-04-17 13:52:54  can0  18FF1610#55 TX
2018-04-17 13:52:55  can0  18FF1720#21FFFFFFFFFFFFFF RX
2018-04-17 13:52:55  can0  18FF1610#55 TX
2018-04-17 13:52:55  can0  18FF2420#4D0E0000F0FFFFFF RX
2018-04-17 13:52:55  can0  18FF1610#55 TX
2018-04-17 13:52:56  can0  18FF1720#21FFFFFFFFFFFFFF RX
2018-04-17 13:52:56  can0  18FF1610#55 TX
2018-04-17 13:52:56  can0  18FF2420#4D0E0000F0FFFFFF RX
2018-04-17 13:52:56  can0  18FF1610#55 TX
2018-04-17 13:52:57  can0  18FF1720#21FFFFFFFFFFFFFF RX
2018-04-17 13:52:57  can0  18FF1610#55 TX
2018-04-17 13:52:57  can0  18FF2420#4D0E0000F0FFFFFF RX
2018-04-17 13:52:57  can0  18FF1610#55 TX
2018-04-17 13:52:58  can0  18FF1720#21FFFFFFFFFFFFFF RX
2018-04-17 13:52:58  can0  18FF1610#55 TX
2018-04-17 13:52:58  can0  18FF2420#4D0E0000F0FFFFFF RX
2018-04-17 13:52:58  can0  18FF1610#55 TX
2018-04-17 13:52:59  can0  18FF1720#21FFFFFFFFFFFFFF RX
2018-04-17 13:52:59  can0  18FF1610#55 TX
2018-04-17 13:52:59  can0  18FF2420#4D0E0000F0FFFFFF RX
2018-04-17 13:52:59  can0  18FF1610#55 TX
2018-04-17 13:53:00  can0  18FF1720#21FFFFFFFFFFFFFF RX
2018-04-17 13:53:00  can0  18FF1610#55 TX
2018-04-17 13:53:00  can0  18FF2420#4D0E0000F0FFFFFF RX
2018-04-17 13:53:00  can0  18FF1610#55 TX
2018-04-17 13:53:01  can0  18FF1720#21FFFFFFFFFFFFFF RX
2018-04-17 13:53:01  can0  18FF1610#55 TX
2018-04-17 13:53:01  can0  18FF2420#4D0E0000F0FFFFFF RX
2018-04-17 13:53:01  can0  18FF1610#55 TX
2018-04-17 13:53:02  can0  18FF1720#21FFFFFFFFFFFFFF RX
2018-04-17 13:53:02  can0  18FF1610#55 TX
2018-04-17 13:53:02  can0  18FF2420#4D0E0000F0FFFFFF RX
2018-04-17 13:53:02  can0  18FF1610#55 TX
2018-04-17 13:53:03  can0  18FF1720#21FFFFFFFFFFFFFF RX
