2018-04-17 14:23:16  can0  18FF1610#55 TX
2018-04-17 14:23:17  can0  18FF2500#297300540100FCFF RX
2018-04-17 14:23:17  can0  18FF1610#55 TX
2018-04-17 14:23:17  can0  18FF2400#4D0E0000F0FFFFFF RX
2018-04-17 14:23:17  can0  18FF1610#55 TX
2018-04-17 14:23:18  can0  18FF2500#297300540100FCFF RX
2018-04-17 14:23:18  can0  18FF1610#55 TX
2018-04-17 14:23:18  can0  18FF2400#4D0E0000F0FFFFFF RX
2018-04-17 14:23:18  can0  18FF1610#55 TX
2018-04-17 14:23:19  can0  18FF2500#297300540100FCFF RX
2018-04-17 14:23:19  can0  18FF1610#55 TX
2018-04-17 14:23:19  can0  18FF2400#4D0E0000F0FFFFFF RX
2018-04-17 14:23:19  can0  18FF1610#55 TX
2018-04-17 14:23:20  can0  18FF2500#297300540100FCFF RX
2018-04-17 14:23:20  can0  18FF1610#55 TX
2018-04-17 14:23:20  can0  18FF2400#4D0E0000F0FFFFFF RX
2018-04-17 14:23:20  can0  18FF1610#55 TX
2018-04-17 14:23:21  can0  18FF2500#297300540100FCFF RX
2018-04-17 14:23:21  can0  18FF1610#55 TX
2018-04-17 14:23:21  can0  18FF2400#4D0E0000F0FFFFFF RX
2018-04-17 14:23:21  can0  18FF1610#55 TX
2018-04-17 14:23:22  can0  18FF2500#297300540100FCFF RX
2018-04-17 14:23:22  can0  18FF1610#55 TX
2018-04-17 14:23:22  can0  18FF2400#4D0E0000F0FFFFFF RX
2018-04-17 14:23:22  can0  18FF1610#55 TX
2018-04-17 14:23:23  can0  18FF2500#297300540100FCFF RX
2018-04-17 14:23:23  can0  18FF1610#55 TX
2018-04-17 14:23:23  can0  18FF2400#4D0E0000F0FFFFFF RX
2018-04-17 14:23:23  can0  18FF1610#55 TX
2018-04-17 14:23:24  can0  18FF2500#297300540100FCFF RX
2018-04-17 14:23:24  can0  18FF1610#55 TX
2018-04-17 14:23:24  can0  18FF2400#4D0E0000F0FFFFFF RX
2018-04-17 14:23:24  can0  18FF1610#55 TX
2018-04-17 14:23:25  can0  18FF2500#297300540100FCFF RX
2018-04-17 14:23:25  can0  18FF1610#55 TX
2018-04-17 14:23:25  can0  18FF2400#4D0E0000F0FFFFFF RX
2018-04-17 14:23:25  can0  18FF1610#55 TX
2018-04-17 14:23:26  can0  18FF2500#297300540100FCFF RX
2018-04-17 14:23:26  can0  18FF1610#55 TX
2018-04-17 14:23:26  can0  18FF2400#4D0E0000F0FFFFFF RX
2018-04-17 14:23:26  can0  18FF1610#55 TX
2018-04-17 14:23:27  can0  18FF2500#297300540100FCFF RX
2018-04-17 14:23:27  can0  18FF1610#55 TX
2018-04-17 14:23:27  can0  18FF2400#4D0E0000F0FFFFFF RX
2018-04-17 14:23:27  can0  18FF1610#55 TX
2018-04-17 14:23:28  can0  18FF2500#297300540100FCFF RX
2018-04-17 14:23:28  can0  18FF1610#55 TX
2018-04-17 14:23:28  can0  18FF2400#4D0E0000F0FFFFFF RX
2018-04-17 14:23:28  can0  18FF1610#55 TX
2018-04-17 14:23:29  can0  18FF2500#297300540100FCFF RX
2018-04-17 14:23:29  can0  18FF1610#55 TX
2018-04-17 14:23:29  can0  18FF2400#4D0E0000F0FFFFFF RX
2018-04-17 14:23:29  can0  18FF1610#55 TX
2018-04-17 14:23:30  can0  18FF2500#297300540100FCFF RX
2018-04-17 14:23:30  can0  18FF1610#55 TX
2018-04-17 14:23:30  can0  18FF2400#4D0E0000F0FFFFFF RX
2018-04-17 14:23:30  can0  18FF1610#55 TX
2018-04-17 14:23:31  can0  18FF2500#297300540100FCFF RX
2018-04-17 14:23:31  can0  18FF1610#55 TX
2018-04-17 14:23:31  can0  18FF2400#4D0E0000F0FFFFFF RX
2018-04-17 14:23:31  can0  18FF1610#55 TX
2018-04-17 14:23:32  can0  18FF2500#297300540100FCFF RX
2018-04-17 14:23:32  can0  18FF1610#55 TX
2018-04-17 14:23:32  can0  18FF2400#4D0E0000F0FFFFFF RX
2018-04-17 14:23:32  can0  18FF1610#55 TX
2018-04-17 14:23:33  can0  18FF2500#297300540100FCFF RX
2018-04-17 14:23:33  can0  18FF1610#55 TX
2018-04-17 14:23:33  can0  18FF2400#4D0E0000F0FFFFFF RX
2018-04-17 14:23:33  can0  18FF1610#55 TX
2018-04-17 14:23:34  can0  18FF2500#297300540100FCFF RX
2018-04-17 14:23:34  can0  18FF1610#55 TX
2018-04-17 14:23:34  can0  18FF2400#4D0E0000F0FFFFFF RX
2018-04-17 14:23:34  can0  18FF1610#55 TX
2018-04-17 14:23:35  can0  18FF2500#297300540100FCFF RX
2018-04-17 14:23:35  can0  18FF1610#55 TX
2018-04-17 14:23:35  can0  18FF2400#4D0E0000F0FFFFFF RX
2018-04-17 14:23:35  can0  18FF1610#55 TX
2018-04-17 14:23:36  can0  18FF2500#297300540100FCFF RX
2018-04-17 14:23:36  can0  18FF1610#55 TX
2018-04-17 14:23:36  can0  18FF2400#4D0E0000F0FFFFFF RX
2018-04-17 14:23:36  can0  18FF1610#55 TX
2018-04-17 14:23:37  can0  18FF2500#297300540100FCFF RX
2018-04-17 14:23:37  can0  18FF1610#55 TX
2018-04-17 14:23:37  can0  18FF2400#4D0E0000F0FFFFFF RX
2018-04-17 14:23:37  can0  18FF1610#55 TX
2018-04-17 14:23:38  can0  18FF2500#297300540100FCFF RX
2018-04-17 14:23:38  can0  18FF1610#55 TX
2018-04-17 14:23:38  can0  18FF2400#4D0E0000F0FFFFFF RX
2018-04-17 14:23:38  can0  18FF1610#55 TX
2018-04-17 14:23:39  can0  18FF2500#297300540100FCFF RX
2018-04-17 14:23:39  can0  18FF1610#55 TX
2018-04-17 14:23:39  can0  18FF2400#4D0E0000F0FFFFFF RX
2018-04-17 14:23:39  can0  18FF1610#55 TX
2018-04-17 14:23:40  can0  18FF2500#297300540100FCFF RX
2018-04-17 14:23:40  can0  18FF1610#55 TX
2018-04-17 14:23:40  can0  18FF2400#4D0E0000F0FFFFFF RX
2018-04-17 14:23:40  can0  18FF1610#55 TX
2018-04-17 14:23:41  can0  18FF2500#297300540100FCFF RX
2018-04-17 14:23:41  can0  18FF1610#55 TX
2018-04-17 14:23:41  can0  18FF2400#4D0E0000F0FFFFFF RX
2018-04-17 14:23:41  can0  18FF1610#55 TX
2018-04-17 14:23:42  can0  18FF2500#297300540100FCFF RX
2018-04-17 14:23:42  can0  18FF1610#55 TX
2018-04-17 14:23:42  can0  18FF2400#4D0E0000F0FFFFFF RX
2018-04-17 14:23:42  can0  18FF1610#55 TX
2018-04-17 14:23:43  can0  18FF2500#297300540100FCFF RX
2018-04-17 14:23:43  can0  18FF1610#55 TX
2018-04-17 14:23:43  can0  18FF2400#4D0E0000F0FFFFFF RX
2018-04-17 14:23:43  can0  18FF1610#55 TX
2018-04-17 14:23:44  can0  18FF2500#297300540100FCFF RX
2018-04-17 14:23:44  can0  18FF1610#55 TX
2018-04-17 14:23:44  can0  18FF2400#4D0E0000F0FFFFFF RX
2018-04-17 14:23:44  can0  18FF1610#55 TX
2018-04-17 14:23:45  can0  18FF2500#297300540100FCFF RX
2018-04-17 14:23:45  can0  18FF1610#55 TX
2018-04-17 14:23:45  can0  18FF2400#4D0E0000F0FFFFFF RX
2018-04-17 14:23:45  can0  18FF1610#55 TX
2018-04-17 14:23:46  can0  18FF2500#297300540100FCFF RX
2018-04-17 14:23:46  can0  18FF1610#55 TX
2018-04-17 14:23:46  can0  18FF2400#4D0E0000F0FFFFFF RX
2018-04-17 14:23:46  can0  18FF1610#55 TX
2018-04-17 14:23:47  can0  18FF2500#297300540100FCFF RX
2018-04-17 14:23:47  can0  18FF1610#55 TX
2018-04-17 14:23:47  can0  18FF2400#4D0E0000F0FFFFFF RX
2018-04-17 14:23:47  can0  18FF1610#55 TX
2018-04-17 14:23:48  can0  18FF2500#297300540100FCFF RX
2018-04-17 14:23:48  can0  18FF1610#55 TX
2018-04-17 14:23:48  can0  18FF2400#4D0E0000F0FFFFFF RX
2018-04-17 14:23:48  can0  18FF1610#55 TX
2018-04-17 14:23:49  can0  18FF2500#297300540100FCFF RX
2018-04-17 14:23:49  can0  18FF1610#55 TX
2018-04-17 14:23:49  can0  18FF2400#4D0E0000F0FFFFFF RX
2018-04-17 14:23:49  can0  18FF1610#55 TX
2018-04-17 14:23:50  can0  18FF2500#297300540100FCFF RX
2018-04-17 14:23:50  can0  18FF1610#55 TX
2018-04-17 14:23:50  can0  18FF2400#4D0E0000F0FFFFFF RX
2018-04-17 14:23:50  can0  18FF1610#55 TX
2018-04-17 14:23:51  can0  18FF2500#297300540100FCFF RX
2018-04-17 14:23:51  can0  18FF1610#55 TX
2018-04-17 14:23:51  can0  18FF2400#4D0E0000F0FFFFFF RX
2018-04-17 14:23:51  can0  18FF1610#55 TX
2018-04-17 14:23:52  can0  18FF2500#297300540100FCFF RX
2018-04-17 14:23:52  can0  18FF1610#55 TX
2018-04-17 14:23:52  can0  18FF2400#4D0E0000F0FFFFFF RX
2018-04-17 14:23:52  can0  18FF1610#55 TX
2018-04-17 14:23:53  can0  18FF2500#297300540100FCFF RX
2018-04-17 14:23:53  can0  18FF1610#55 TX
2018-04-17 14:23:53  can0  18FF2400#4D0E0000F0FFFFFF RX
2018-04-17 14:23:53  can0  18FF1610#55 TX
2018-04-17 14:23:54  can0  18FF2500#297300540100FCFF RX
2018-04-17 14:23:54  can0  18FF1610#55 TX
2018-04-17 14:23:54  can0  18FF2400#4D0E0000F0FFFFFF RX
2018-04-17 14:23:54  can0  18FF1610#55 TX
2018-04-17 14:23:55  can0  18FF2500#297300540100FCFF RX
2018-04-17 14:23:55  can0  18FF1610#55 TX
2018-04-17 14:23:55  can0  18FF2400#4D0E0000F0FFFFFF RX
2018-04-17 14:23:55  can0  18FF1610#55 TX
2018-04-17 14:23:56  can0  18FF2500#297300540100FCFF RX
2018-04-17 14:23:56  can0  18FF1610#55 TX
2018-04-17 14:23:56  can0  18FF2400#4D0E0000F0FFFFFF RX
2018-04-17 14:23:56  can0  18FF1610#55 TX
2018-04-17 14:23:57  can0  18FF2500#297300540100FCFF RX
2018-04-17 14:23:57  can0  18FF1610#55 TX
2018-04-17 14:23:57  can0  18FF2400#4D0E0000F0FFFFFF RX
2018-04-17 14:23:57  can0  18FF1610#55 TX
2018-04-17 14:23:58  can0  18FF2500#297300540100FCFF RX
2018-04-17 14:23:58  can0  18FF1610#55 TX
2018-04-17 14:23:58  can0  18FF2400#4D0E0000F0FFFFFF RX
2018-04-17 14:23:58  can0  18FF1610#55 TX
2018-04-17 14:23:58  can0  18FF2300#7A029F00A40300FF RX
2018-04-17 14:23:58  can0  18FF1610#55 TX
2018-04-17 14:23:59  can0  18FF2500#297300540100FCFF RX
2018-04-17 14:23:59  can0  18FF1610#55 TX
2018-04-17 14:23:59  can0  18FF2400#4D0E0000F0FFFFFF RX
2018-04-17 14:23:59  can0  18FF1610#55 TX
2018-04-17 14:24:00  can0  18FF2500#297300540100FCFF RX
2018-04-17 14:24:00  can0  18FF1610#55 TX
2018-04-17 14:24:00  can0  18FF2400#4D0E0000F0FFFFFF RX
2018-04-17 14:24:00  can0  18FF1610#55 TX
2018-04-17 14:24:01  can0  18FF1720#21FFFFFFFFFFFFFF RX
2018-04-17 14:24:01  can0  18FF1610#55 TX
2018-04-17 14:24:01  can0  18FF2420#4D0E0000F0FFFFFF RX
2018-04-17 14:24:01  can0  18FF1610#55 TX
2018-04-17 14:24:02  can0  18FF1720#21FFFFFFFFFFFFFF RX
2018-04-17 14:24:02  can0  18FF1610#55 TX
2018-04-17 14:24:02  can0  18FF2420#4D0E0000F0FFFFFF RX
2018-04-17 14:24:02  can0  18FF1610#55 TX
2018-04-17 14:24:03  can0  18FF1720#21FFFFFFFFFFFFFF RX
2018-04-17 14:24:03  can0  18FF1610#55 TX
2018-04-17 14:24:03  can0  18FF2420#4D0E0000F0FFFFFF RX
2018-04-17 14:24:03  can0  18FF1610#55 TX
2018-04-17 14:24:04  can0  18FF1720#21FFFFFFFFFFFFFF RX
2018-04-17 14:24:04  can0  18FF1610#55 TX
2018-04-17 14:24:04  can0  18FF2420#4D0E0000F0FFFFFF RX
2018-04-17 14:24:04  can0  18FF1610#55 TX
2018-04-17 14:24:05  can0  18FF1720#21FFFFFFFFFFFFFF RX
2018-04-17 14:24:05  can0  18FF1610#55 TX
2018-04-17 14:24:05  can0  18FF2420#4D0E0000F0FFFFFF RX
2018-04-17 14:24:05  can0  18FF1610#55 TX
2018-04-17 14:24:06  can0  18FF1720#21FFFFFFFFFFFFFF RX
2018-04-17 14:24:06  can0  18FF1610#55 TX
2018-04-17 14:24:06  can0  18FF2420#4D0E0000F0FFFFFF RX
2018-04-17 14:24:06  can0  18FF1610#55 TX
2018-04-17 14:24:07  can0  18FF1720#21FFFFFFFFFFFFFF RX
2018-04-17 14:24:07  can0  18FF1610#55 TX
2018-04-17 14:24:07  can0  18FF2420#4D0E0000F0FFFFFF RX
2018-04-17 14:24:07  can0  18FF1610#55 TX
2018-04-17 14:24:08  can0  18FF1720#21FFFFFFFFFFFFFF RX
2018-04-17 14:24:08  can0  18FF1610#55 TX
2018-04-17 14:24:08  can0  18FF2420#4D0E0000F0FFFFFF RX
2018-04-17 14:24:08  can0  18FF1610#55 TX
2018-04-17 14:24:09  can0  18FF1720#21FFFFFFFFFFFFFF RX
2018-04-17 14:24:09  can0  18FF1610#55 TX
2018-04-17 14:24:09  can0  18FF2420#4D0E0000F0FFFFFF RX
2018-04-17 14:24:09  can0  18FF1610#55 TX
2018-04-17 14:24:10  can0  18FF1720#21FFFFFFFFFFFFFF RX
2018-04-17 14:24:10  can0  18FF1610#55 TX
2018-04-17 14:24:10  can0  18FF2420#4D0E0000F0FFFFFF RX
2018-04-17 14:24:10  can0  18FF1610#55 TX
2018-04-17 14:24:11  can0  18FF1720#21FFFFFFFFFFFFFF RX
2018-04-17 14:24:11  can0  18FF1610#55 TX
2018-04-17 14:24:11  can0  18FF2420#4D0E0000F0FFFFFF RX
2018-04-17 14:24:11  can0  18FF1610#55 TX
2018-04-17 14:24:12  can0  18FF1720#21FFFFFFFFFFFFFF RX
2018-04-17 14:24:12  can0  18FF1610#55 TX
2018-04-17 14:24:12  can0  18FF2420#4D0E0000F0FFFFFF RX
2018-04-17 14:24:12  can0  18FF1610#55 TX
2018-04-17 14:24:13  can0  18FF1720#21FFFFFFFFFFFFFF RX
2018-04-17 14:24:13  can0  18FF1610#55 TX
2018-04-17 14:24:13  can0  18FF2420#4D0E0000F0FFFFFF RX
2018-04-17 14:24:13  can0  18FF1610#55 TX
2018-04-17 14:24:14  can0  18FF1720#21FFFFFFFFFFFFFF RX
2018-04-17 14:24:14  can0  18FF1610#55 TX
2018-04-17 14:24:14  can0  18FF2420#4D0E0000F0FFFFFF RX
2018-04-17 14:24:14  can0  18FF1610#55 TX
2018-04-17 14:24:15  can0  18FF1720#21FFFFFFFFFFFFFF RX
2018-04-17 14:24:15  can0  18FF1610#55 TX
2018-04-17 14:24:15  can0  18FF2420#4D0E0000F0FFFFFF RX
2018-04-17 14:24:15  can0  18FF1610#55 TX
2018-04-17 14:24:16  can0  18FF1720#21FFFFFFFFFFFFFF RX
2018-04-17 14:24:16  can0  18FF1610#55 TX
2018-04-17 14:24:16  can0  18FF2420#4D0E0000F0FFFFFF RX
2018-04-17 14:24:16  can0  18FF1610#55 TX
2018-04-17 14:24:17  can0  18FF1720#21FFFFFFFFFFFFFF RX
2018-04-17 14:24:17  can0  18FF1610#55 TX
2018-04-17 14:24:17  can0  18FF2420#4D0E0000F0FFFFFF RX
2018-04-17 14:24:17  can0  18FF1610#55 TX
2018-04-17 14:24:18  can0  18FF1720#21FFFFFFFFFFFFFF RX
2018-04-17 14:24:18  can0  18FF1610#55 TX
2018-04-17 14:24:18  can0  18FF2420#4D0E0000F0FFFFFF RX
2018-04-17 14:24:18  can0  18FF1610#55 TX
2018-04-17 14:24:19  can0  18FF1720#21FFFFFFFFFFFFFF RX
2018-04-17 14:24:19  can0  18FF1610#55 TX
2018-04-17 14:24:19  can0  18FF2420#4D0E0000F0FFFFFF RX
2018-04-17 14:24:19  can0  18FF1610#55 TX
2018-04-17 14:24:20  can0  18FF1720#21FFFFFFFFFFFFFF RX
2018-04-17 14:24:20  can0  18FF1610#55 TX
2018-04-17 14:24:20  can0  18FF2420#4D0E0000F0FFFFFF RX
2018-04-17 14:24:20  can0  18FF1610#55 TX
2018-04-17 14:24:21  can0  18FF1720#21FFFFFFFFFFFFFF RX
2018-04-17 14:24:21  can0  18FF1610#55 TX
2018-04-17 14:24:21  can0  18FF2420#4D0E0000F0FFFFFF RX
2018-04-17 14:24:21  can0  18FF1610#55 TX
2018-04-17 14:24:22  can0  18FF1720#21FFFFFFFFFFFFFF RX
2018-04-17 14:24:22  can0  18FF1610#55 TX
2018-04-17 14:24:22  can0  18FF2420#4D0E0000F0FFFFFF RX
2018-04-17 14:24:22  can0  18FF1610#55 TX
2018-04-17 14:24:23  can0  18FF1720#21FFFFFFFFFFFFFF RX
2018-04-17 14:24:23  can0  18FF1610#55 TX
2018-04-17 14:24:23  can0  18FF2420#4D0E0000F0FFFFFF RX
2018-04-17 14:24:23  can0  18FF1610#55 TX
2018-04-17 14:24:24  can0  18FF1720#21FFFFFFFFFFFFFF RX
2018-04-17 14:24:24  can0  18FF1610#55 TX
2018-04-17 14:24:24  can0  18FF2420#4D0E0000F0FFFFFF RX
2018-04-17 14:24:24  can0  18FF1610#55 TX
2018-04-17 14:24:25  can0  18FF1720#21FFFFFFFFFFFFFF RX
2018-04-17 14:24:25  can0  18FF1610#55 TX
2018-04-17 14:24:25  can0  18FF2420#4D0E0000F0FFFFFF RX
2018-04-17 14:24:25  can0  18FF1610#55 TX
2018-04-17 14:24:26  can0  18FF1720#21FFFFFFFFFFFFFF RX
2018-04-17 14:24:26  can0  18FF1610#55 TX
2018-04-17 14:24:26  can0  18FF2420#4D0E0000F0FFFFFF RX
2018-04-17 14:24:26  can0  18FF1610#55 TX
2018-04-17 14:24:27  can0  18FF1720#21FFFFFFFFFFFFFF RX
2018-04-17 14:24:27  can0  18FF1610#55 TX
2018-04-17 14:24:27  can0  18FF2420#4D0E0000F0FFFFFF RX
2018-04-17 14:24:27  can0  18FF1610#55 TX
2018-04-17 14:24:28  can0  18FF1720#21FFFFFFFFFFFFFF RX
2018-04-17 14:24:28  can0  18FF1610#55 TX
2018-04-17 14:24:28  can0  18FF2420#4D0E0000F0FFFFFF RX
2018-04-17 14:24:28  can0  18FF1610#55 TX
2018-04-17 14:24:29  can0  18FF1720#21FFFFFFFFFFFFFF RX
2018-04-17 14:24:29  can0  18FF1610#55 TX
2018-04-17 14:24:29  can0  18FF2420#4D0E0000F0FFFFFF RX
2018-04-17 14:24:29  can0  18FF1610#55 TX
2018-04-17 14:24:30  can0  18FF1720#21FFFFFFFFFFFFFF RX
2018-04-17 14:24:30  can0  18FF1610#55 TX
2018-04-17 14:24:30  can0  18FF2420#4D0E0000F0FFFFFF RX
2018-04-17 14:24:30  can0  18FF1610#55 TX
2018-04-17 14:24:31  can0  18FF1720#21FFFFFFFFFFFFFF RX
2018-04-17 14:24:31  can0  18FF1610#55 TX
2018-04-17 14:24:31  can0  18FF2420#4D0E0000F0FFFFFF RX
2018-04-17 14:24:31  can0  18FF1610#55 TX
2018-04-17 14:24:32  can0  18FF1720#21FFFFFFFFFFFFFF RX
2018-04-17 14:24:32  can0  18FF1610#55 TX
2018-04-17 14:24:32  can0  18FF2420#4D0E0000F0FFFFFF RX
2018-04-17 14:24:32  can0  18FF1610#55 TX
2018-04-17 14:24:33  can0  18FF1720#21FFFFFFFFFFFFFF RX
2018-04-17 14:24:33  can0  18FF1610#55 TX
2018-04-17 14:24:33  can0  18FF2420#4D0E0000F0FFFFFF RX
2018-04-17 14:24:33  can0  18FF1610#55 TX
2018-04-17 14:24:34  can0  18FF1720#21FFFFFFFFFFFFFF RX
2018-04-17 14:24:34  can0  18FF1610#55 TX
2018-04-17 14:24:34  can0  18FF2420#4D0E0000F0FFFFFF RX
2018-04-17 14:24:34  can0  18FF1610#55 TX
2018-04-17 14:24:35  can0  18FF1720#21FFFFFFFFFFFFFF RX
2018-04-17 14:24:35  can0  18FF1610#55 TX
2018-04-17 14:24:35  can0  18FF2420#4D0E0000F0FFFFFF RX
2018-04-17 14:24:35  can0  18FF1610#55 TX
2018-04-17 14:24:36  can0  18FF1720#21FFFFFFFFFFFFFF RX
2018-04-17 14:24:36  can0  18FF1610#55 TX
2018-04-17 14:24:36  can0  18FF2420#4D0E0000F0FFFFFF RX
2018-04-17 14:24:36  can0  18FF1610#55 TX
2018-04-17 14:24:37  can0  18FF1720#21FFFFFFFFFFFFFF RX
2018-04-17 14:24:37  can0  18FF1610#55 TX
2018-04-17 14:24:37  can0  18FF2420#4D0E0000F0FFFFFF RX
2018-04-17 14:24:37  can0  18FF1610#55 TX
2018-04-17 14:24:38  can0  18FF1720#21FFFFFFFFFFFFFF RX
2018-04-17 14:24:38  can0  18FF1610#55 TX
2018-04-17 14:24:38  can0  18FF2420#4D0E0000F0FFFFFF RX
2018-04-17 14:24:38  can0  18FF1610#55 TX
2018-04-17 14:24:39  can0  18FF1720#21FFFFFFFFFFFFFF RX
2018-04-17 14:24:39  can0  18FF1610#55 TX
2018-04-17 14:24:39  can0  18FF2420#4D0E0000F0FFFFFF RX
2018-04-17 14:24:39  can0  18FF1610#55 TX
2018-04-17 14:24:40  can0  18FF1720#21FFFFFFFFFFFFFF RX
2018-04-17 14:24:40  can0  18FF1610#55 TX
2018-04-17 14:24:40  can0  18FF2420#4D0E0000F0FFFFFF RX
2018-04-17 14:24:40  can0  18FF1610#55 TX
2018-04-17 14:24:41  can0  18FF1720#21FFFFFFFFFFFFFF RX
2018-04-17 14:24:41  can0  18FF1610#55 TX
2018-04-17 14:24:41  can0  18FF2420#4D0E0000F0FFFFFF RX
2018-04-17 14:24:41  can0  18FF1610#55 TX
2018-04-17 14:24:42  can0  18FF1720#21FFFFFFFFFFFFFF RX
2018-04-17 14:24:42  can0  18FF1610#55 TX
2018-04-17 14:24:42  can0  18FF2420#4D0E0000F0FFFFFF RX
2018-04-17 14:24:42  can0  18FF1610#55 TX
2018-04-17 14:24:43  can0  18FF1720#21FFFFFFFFFFFFFF RX
2018-04-17 14:24:43  can0  18FF1610#55 TX
2018-04-17 14:24:43  can0  18FF2420#4D0E0000F0FFFFFF RX
2018-04-17 14:24:43  can0  18FF1610#55 TX
2018-04-17 14:24:44  can0  18FF1720#21FFFFFFFFFFFFFF RX
2018-04-17 14:24:44  can0  18FF1610#55 TX
2018-04-17 14:24:44  can0  18FF2420#4D0E0000F0FFFFFF RX
2018-04-17 14:24:44  can0  18FF1610#55 TX
2018-04-17 14:24:45  can0  18FF1720#21FFFFFFFFFFFFFF RX
2018-04-17 14:24:45  can0  18FF1610#55 TX
2018-04-17 14:24:45  can0  18FF2420#4D0E0000F0FFFFFF RX
2018-04-17 14:24:45  can0  18FF1610#55 TX
2018-04-17 14:24:46  can0  18FF1720#21FFFFFFFFFFFFFF RX
2018-04-17 14:24:46  can0  18FF1610#55 TX
2018-04-17 14:24:46  can0  18FF2420#4D0E0000F0FFFFFF RX
2018-04-17 14:24:46  can0  18FF1610#55 TX
2018-04-17 14:24:47  can0  18FF1720#21FFFFFFFFFFFFFF RX
2018-04-17 14:24:47  can0  18FF1610#55 TX
2018-04-17 14:24:47  can0  18FF2420#4D0E0000F0FFFFFF RX
2018-04-17 14:24:47  can0  18FF1610#55 TX
2018-04-17 14:24:48  can0  18FF1720#21FFFFFFFFFFFFFF RX
2018-04-17 14:24:48  can0  18FF1610#55 TX
2018-04-17 14:24:48  can0  18FF2420#4D0E0000F0FFFFFF RX
2018-04-17 14:24:48  can0  18FF1610#55 TX
2018-04-17 14:24:49  can0  18FF1720#21FFFFFFFFFFFFFF RX
2018-04-17 14:24:49  can0  18FF1610#55 TX
2018-04-17 14:24:49  can0  18FF2420#4D0E0000F0FFFFFF RX
2018-04-17 14:24:49  can0  18FF1610#55 TX
2018-04-17 14:24:50  can0  18FF1720#21FFFFFFFFFFFFFF RX
2018-04-17 14:24:50  can0  18FF1610#55 TX
2018-04-17 14:24:50  can0  18FF2420#4D0E0000F0FFFFFF RX
2018-04-17 14:24:50  can0  18FF1610#55 TX
2018-04-17 14:24:51  can0  18FF1720#21FFFFFFFFFFFFFF RX
2018-04-17 14:24:51  can0  18FF1610#55 TX
2018-04-17 14:24:51  can0  18FF2420#4D0E0000F0FFFFFF RX
2018-04-17 14:24:51  can0  18FF1610#55 TX
2018-04-17 14:24:52  can0  18FF1720#21FFFFFFFFFFFFFF RX
2018-04-17 14:24:52  can0  18FF1610#55 TX
2018-04-17 14:24:52  can0  18FF2420#4D0E0000F0FFFFFF RX
2018-04-17 14:24:52  can0  18FF1610#55 TX
2018-04-17 14:24:53  can0  18FF1720#21FFFFFFFFFFFFFF RX
2018-04-17 14:24:53  can0  18FF1610#55 TX
2018-04-17 14:24:53  can0  18FF2420#4D0E0000F0FFFFFF RX
2018-04-17 14:24:53  can0  18FF1610#55 TX
2018-04-17 14:24:54  can0  18FF1720#21FFFFFFFFFFFFFF RX
2018-04-17 14:24:54  can0  18FF1610#55 TX
2018-04-17 14:24:54  can0  18FF2420#4D0E0000F0FFFFFF RX
2018-04-17 14:24:54  can0  18FF1610#55 TX
2018-04-17 14:24:55  can0  18FF1720#21FFFFFFFFFFFFFF RX
2018-04-17 14:24:55  can0  18FF1610#55 TX
2018-04-17 14:24:55  can0  18FF2420#4D0E0000F0FFFFFF RX
2018-04-17 14:24:55  can0  18FF1610#55 TX
2018-04-17 14:24:56  can0  18FF1720#21FFFFFFFFFFFFFF RX
2018-04-17 14:24:56  can0  18FF1610#55 TX
2018-04-17 14:24:56  can0  18FF2420#4D0E0000F0FFFFFF RX
2018-04-17 14:24:56  can0  18FF1610#55 TX
2018-04-17 14:24:57  can0  18FF1720#21FFFFFFFFFFFFFF RX
2018-04-17 14:24:57  can0  18FF1610#55 TX
2018-04-17 14:24:57  can0  18FF2420#4D0E0000F0FFFFFF RX
2018-04-17 14:24:57  can0  18FF1610#55 TX
2018-04-17 14:24:58  can0  18FF1720#21FFFFFFFFFFFFFF RX
2018-04-17 14:24:58  can0  18FF1610#55 TX
2018-04-17 14:24:58  can0  18FF2420#4D0E0000F0FFFFFF RX
2018-04-17 14:24:58  can0  18FF1610#55 TX
2018-04-17 14:24:59  can0  18FF1720#21FFFFFFFFFFFFFF RX
2018-04-17 14:24:59  can0  18FF1610#55 TX
2018-04-17 14:24:59  can0  18FF2420#4D0E0000F0FFFFFF RX
2018-04-17 14:24:59  can0  18FF1610#55 TX
2018-04-17 14:25:00  can0  18FF1720#21FFFFFFFFFFFFFF RX
2018-04-17 14:25:00  can0  18FF1610#55 TX
2018-04-17 14:25:00  can0  18FF2420#4D0E0000F0FFFFFF RX
2018-04-17 14:25:00  can0  18FF1610#55 TX
2018-04-17 14:25:01  can0  18FF1720#21FFFFFFFFFFFFFF RX
2018-04-17 14:25:01  can0  18FF1610#55 TX
2018-04-17 14:25:01  can0  18FF2420#4D0E0000F0FFFFFF RX
2018-04-17 14:25:01  can0  18FF1610#55 TX
2018-04-17 14:25:02  can0  18FF1720#21FFFFFFFFFFFFFF RX
2018-04-17 14:25:02  can0  18FF1610#55 TX
2018-04-17 14:25:02  can0  18FF2420#4D0E0000F0FFFFFF RX
2018-04-17 14:25:02  can0  18FF1610#55 TX
2018-04-17 14:25:03  can0  18FF1720#21FFFFFFFFFFFFFF RX
2018-04-17 14:25:03  can0  18FF1610#55 TX
2018-04-17 14:25:03  can0  18FF2420#4D0E0000F0FFFFFF RX
2018-04-17 14:25:03  can0  18FF1610#55 TX
2018-04-17 14:25:04  can0  18FF1720#21FFFFFFFFFFFFFF RX
2018-04-17 14:25:04  can0  18FF1610#55 TX
2018-04-17 14:25:04  can0  18FF2420#4D0E0000F0FFFFFF RX
2018-04-17 14:25:04  can0  18FF1610#55 TX
2018-04-17 14:25:05  can0  18FF1720#21FFFFFFFFFFFFFF RX
2018-04-17 14:25:05  can0  18FF1610#55 TX
2018-04-17 14:25:05  can0  18FF2420#4D0E0000F0FFFFFF RX
2018-04-17 14:25:05  can0  18FF1610#55 TX
2018-04-17 14:25:06  can0  18FF1720#21FFFFFFFFFFFFFF RX
2018-04-17 14:25:06  can0  18FF1610#55 TX
2018-04-17 14:25:06  can0  18FF2420#4D0E0000F0FFFFFF RX
2018-04-17 14:25:06  can0  18FF1610#55 TX
2018-04-17 14:25:07  can0  18FF1720#21FFFFFFFFFFFFFF RX
2018-04-17 14:25:07  can0  18FF1610#55 TX
2018-04-17 14:25:07  can0  18FF2420#4D0E0000F0FFFFFF RX
2018-04-17 14:25:07  can0  18FF1610#55 TX
2018-04-17 14:25:08  can0  18FF1720#21FFFFFFFFFFFFFF RX
2018-04-17 14:25:08  can0  18FF1610#55 TX
2018-04-17 14:25:08  can0  18FF2420#4D0E0000F0FFFFFF RX
2018-04-17 14:25:08  can0  18FF1610#55 TX
2018-04-17 14:25:09  can0  18FF1720#21FFFFFFFFFFFFFF RX
2018-04-17 14:25:09  can0  18FF1610#55 TX
2018-04-17 14:25:09  can0  18FF2420#4D0E0000F0FFFFFF RX
2018-04-17 14:25:09  can0  18FF1610#55 TX
2018-04-17 14:25:10  can0  18FF1720#21FFFFFFFFFFFFFF RX
2018-04-17 14:25:10  can0  18FF1610#55 TX
2018-04-17 14:25:10  can0  18FF2420#4D0E0000F0FFFFFF RX
2018-04-17 14:25:10  can0  18FF1610#55 TX
2018-04-17 14:25:11  can0  18FF1720#21FFFFFFFFFFFFFF RX
2018-04-17 14:25:11  can0  18FF1610#55 TX
2018-04-17 14:25:11  can0  18FF2420#4D0E0000F0FFFFFF RX
2018-04-17 14:25:11  can0  18FF1610#55 TX
2018-04-17 14:25:12  can0  18FF1720#21FFFFFFFFFFFFFF RX
2018-04-17 14:25:12  can0  18FF1610#55 TX
2018-04-17 14:25:12  can0  18FF2420#4D0E0000F0FFFFFF RX
2018-04-17 14:25:12  can0  18FF1610#55 TX
2018-04-17 14:25:13  can0  18FF1720#21FFFFFFFFFFFFFF RX
2018-04-17 14:25:13  can0  18FF1610#55 TX
2018-04-17 14:25:13  can0  18FF2420#4D0E0000F0FFFFFF RX
2018-04-17 14:25:13  can0  18FF1610#55 TX
2018-04-17 14:25:14  can0  18FF1720#21FFFFFFFFFFFFFF RX
2018-04-17 14:25:14  can0  18FF1610#55 TX
2018-04-17 14:25:14  can0  18FF2420#4D0E0000F0FFFFFF RX
2018-04-17 14:25:14  can0  18FF1610#55 TX
2018-04-17 14:25:15  can0  18FF1720#21FFFFFFFFFFFFFF RX
2018-04-17 14:25:15  can0  18FF1610#55 TX
2018-04-17 14:25:15  can0  18FF2420#4D0E0000F0FFFFFF RX
2018-04-17 14:25:15  can0  18FF1610#55 TX
2018-04-17 14:25:16  can0  18FF1720#21FFFFFFFFFFFFFF RX
2018-04-17 14:25:16  can0  18FF1610#55 TX
2018-04-17 14:25:16  can0  18FF2420#4D0E0000F0FFFFFF RX
2018-04-17 14:25:16  can0  18FF1610#55 TX
2018-04-17 14:25:17  can0  18FF1720#21FFFFFFFFFFFFFF RX
2018-04-17 14:25:17  can0  18FF1610#55 TX
2018-04-17 14:25:17  can0  18FF2420#4D0E0000F0FFFFFF RX
2018-04-17 14:25:17  can0  18FF1610#55 TX
2018-04-17 14:25:18  can0  18FF1720#21FFFFFFFFFFFFFF RX
2018-04-17 14:25:18  can0  18FF1610#55 TX
2018-04-17 14:25:18  can0  18FF2420#4D0E0000F0FFFFFF RX
2018-04-17 14:25:18  can0  18FF1610#55 TX
2018-04-17 14:25:19  can0  18FF1720#21FFFFFFFFFFFFFF RX
2018-04-17 14:25:19  can0  18FF1610#55 TX
2018-04-17 14:25:19  can0  18FF2420#4D0E0000F0FFFFFF RX
2018-04-17 14:25:19  can0  18FF1610#55 TX
2018-04-17 14:25:20  can0  18FF1720#21FFFFFFFFFFFFFF RX
2018-04-17 14:25:20  can0  18FF1610#55 TX
2018-04-17 14:25:20  can0  18FF2420#4D0E0000F0FFFFFF RX
2018-04-17 14:25:20  can0  18FF1610#55 TX
2018-04-17 14:25:21  can0  18FF1720#21FFFFFFFFFFFFFF RX
2018-04-17 14:25:21  can0  18FF1610#55 TX
2018-04-17 14:25:21  can0  18FF2420#4D0E0000F0FFFFFF RX
2018-04-17 14:25:21  can0  18FF1610#55 TX
2018-04-17 14:25:22  can0  18FF1720#21FFFFFFFFFFFFFF RX
2018-04-17 14:25:22  can0  18FF1610#55 TX
2018-04-17 14:25:22  can0  18FF2420#4D0E0000F0FFFFFF RX
2018-04-17 14:25:22  can0  18FF1610#55 TX
2018-04-17 14:25:23  can0  18FF1720#21FFFFFFFFFFFFFF RX
2018-04-17 14:25:23  can0  18FF1610#55 TX
2018-04-17 14:25:23  can0  18FF2420#4D0E0000F0FFFFFF RX
2018-04-17 14:25:23  can0  18FF1610#55 TX
2018-04-17 14:25:24  can0  18FF1720#21FFFFFFFFFFFFFF RX
2018-04-17 14:25:24  can0  18FF1610#55 TX
2018-04-17 14:25:24  can0  18FF2420#4D0E0000F0FFFFFF RX
2018-04-17 14:25:24  can0  18FF1610#55 TX
2018-04-17 14:25:25  can0  18FF1720#21FFFFFFFFFFFFFF RX
2018-04-17 14:25:25  can0  18FF1610#55 TX
2018-04-17 14:25:25  can0  18FF2420#4D0E0000F0FFFFFF RX
2018-04-17 14:25:25  can0  18FF1610#55 TX
2018-04-17 14:25:26  can0  18FF1720#21FFFFFFFFFFFFFF RX
2018-04-17 14:25:26  can0  18FF1610#55 TX
2018-04-17 14:25:26  can0  18FF2420#4D0E0000F0FFFFFF RX
2018-04-17 14:25:26  can0  18FF1610#55 TX
2018-04-17 14:25:27  can0  18FF1720#21FFFFFFFFFFFFFF RX
2018-04-17 14:25:27  can0  18FF1610#55 TX
2018-04-17 14:25:27  can0  18FF2420#4D0E0000F0FFFFFF RX
2018-04-17 14:25:27  can0  18FF1610#55 TX
2018-04-17 14:25:28  can0  18FF1720#21FFFFFFFFFFFFFF RX
2018-04-17 14:25:28  can0  18FF1610#55 TX
2018-04-17 14:25:28  can0  18FF2420#4D0E0000F0FFFFFF RX
2018-04-17 14:25:28  can0  18FF1610#55 TX
2018-04-17 14:25:29  can0  18FF1720#21FFFFFFFFFFFFFF RX
2018-04-17 14:25:29  can0  18FF1610#55 TX
2018-04-17 14:25:29  can0  18FF2420#4D0E0000F0FFFFFF RX
2018-04-17 14:25:29  can0  18FF1610#55 TX
2018-04-17 14:25:30  can0  18FF1720#21FFFFFFFFFFFFFF RX
2018-04-17 14:25:30  can0  18FF1610#55 TX
2018-04-17 14:25:30  can0  18FF2420#4D0E0000F0FFFFFF RX
2018-04-17 14:25:30  can0  18FF1610#55 TX
2018-04-17 14:25:31  can0  18FF1720#21FFFFFFFFFFFFFF RX
2018-04-17 14:25:31  can0  18FF1610#55 TX
2018-04-17 14:25:31  can0  18FF2420#4D0E0000F0FFFFFF RX
2018-04-17 14:25:31  can0  18FF1610#55 TX
2018-04-17 14:25:32  can0  18FF1720#21FFFFFFFFFFFFFF RX
2018-04-17 14:25:32  can0  18FF1610#55 TX
2018-04-17 14:25:32  can0  18FF2420#4D0E0000F0FFFFFF RX
2018-04-17 14:25:32  can0  18FF1610#55 TX
2018-04-17 14:25:33  can0  18FF1720#21FFFFFFFFFFFFFF RX
2018-04-17 14:25:33  can0  18FF1610#55 TX
2018-04-17 14:25:33  can0  18FF2420#4D0E0000F0FFFFFF RX
2018-04-17 14:25:33  can0  18FF1610#55 TX
2018-04-17 14:25:34  can0  18FF1720#21FFFFFFFFFFFFFF RX
2018-04-17 14:25:34  can0  18FF1610#55 TX
2018-04-17 14:25:34  can0  18FF2420#4D0E0000F0FFFFFF RX
2018-04-17 14:25:34  can0  18FF1610#55 TX
2018-04-17 14:25:35  can0  18FF1720#21FFFFFFFFFFFFFF RX
2018-04-17 14:25:35  can0  18FF1610#55 TX
2018-04-17 14:25:35  can0  18FF2420#4D0E0000F0FFFFFF RX
2018-04-17 14:25:35  can0  18FF1610#55 TX
2018-04-17 14:25:36  can0  18FF1720#21FFFFFFFFFFFFFF RX
2018-04-17 14:25:36  can0  18FF1610#55 TX
2018-04-17 14:25:36  can0  18FF2420#4D0E0000F0FFFFFF RX
2018-04-17 14:25:36  can0  18FF1610#55 TX
2018-04-17 14:25:37  can0  18FF1720#21FFFFFFFFFFFFFF RX
2018-04-17 14:25:37  can0  18FF1610#55 TX
2018-04-17 14:25:37  can0  18FF2420#4D0E0000F0FFFFFF RX
2018-04-17 14:25:37  can0  18FF1610#55 TX
2018-04-17 14:25:38  can0  18FF1720#21FFFFFFFFFFFFFF RX
2018-04-17 14:25:38  can0  18FF1610#55 TX
2018-04-17 14:25:38  can0  18FF2420#4D0E0000F0FFFFFF RX
2018-04-17 14:25:38  can0  18FF1610#55 TX
2018-04-17 14:25:39  can0  18FF1720#21FFFFFFFFFFFFFF RX
2018-04-17 14:25:39  can0  18FF1610#55 TX
2018-04-17 14:25:39  can0  18FF2420#4D0E0000F0FFFFFF RX
2018-04-17 14:25:39  can0  18FF1610#55 TX
2018-04-17 14:25:40  can0  18FF1720#21FFFFFFFFFFFFFF RX
2018-04-17 14:25:40  can0  18FF1610#55 TX
2018-04-17 14:25:40  can0  18FF2420#4D0E0000F0FFFFFF RX
2018-04-17 14:25:40  can0  18FF1610#55 TX
2018-04-17 14:25:41  can0  18FF1720#21FFFFFFFFFFFFFF RX
2018-04-17 14:25:41  can0  18FF1610#55 TX
2018-04-17 14:25:41  can0  18FF2420#4D0E0000F0FFFFFF RX
2018-04-17 14:25:41  can0  18FF1610#55 TX
2018-04-17 14:25:42  can0  18FF1720#21FFFFFFFFFFFFFF RX
2018-04-17 14:25:42  can0  18FF1610#55 TX
2018-04-17 14:25:42  can0  18FF2420#4D0E0000F0FFFFFF RX
2018-04-17 14:25:42  can0  18FF1610#55 TX
2018-04-17 14:25:43  can0  18FF1720#21FFFFFFFFFFFFFF RX
2018-04-17 14:25:43  can0  18FF1610#55 TX
2018-04-17 14:25:43  can0  18FF2420#4D0E0000F0FFFFFF RX
2018-04-17 14:25:43  can0  18FF1610#55 TX
2018-04-17 14:25:44  can0  18FF1720#21FFFFFFFFFFFFFF RX
2018-04-17 14:25:44  can0  18FF1610#55 TX
2018-04-17 14:25:44  can0  18FF2420#4D0E0000F0FFFFFF RX
2018-04-17 14:25:44  can0  18FF1610#55 TX
2018-04-17 14:25:45  can0  18FF1720#21FFFFFFFFFFFFFF RX
2018-04-17 14:25:45  can0  18FF1610#55 TX
2018-04-17 14:25:45  can0  18FF2420#4D0E0000F0FFFFFF RX
2018-04-17 14:25:45  can0  18FF1610#55 TX
2018-04-17 14:25:46  can0  18FF1720#21FFFFFFFFFFFFFF RX
2018-04-17 14:25:46  can0  18FF1610#55 TX
2018-04-17 14:25:46  can0  18FF2420#4D0E0000F0FFFFFF RX
2018-04-17 14:25:46  can0  18FF1610#55 TX
2018-04-17 14:25:47  can0  18FF1720#21FFFFFFFFFFFFFF RX
2018-04-17 14:25:47  can0  18FF1610#55 TX
2018-04-17 14:25:47  can0  18FF2420#4D0E0000F0FFFFFF RX
2018-04-17 14:25:47  can0  18FF1610#55 TX
2018-04-17 14:25:48  can0  18FF1720#21FFFFFFFFFFFFFF RX
2018-04-17 14:25:48  can0  18FF1610#55 TX
2018-04-17 14:25:48  can0  18FF2420#4D0E0000F0FFFFFF RX
2018-04-17 14:25:48  can0  18FF1610#55 TX
2018-04-17 14:25:49  can0  18FF1720#21FFFFFFFFFFFFFF RX
2018-04-17 14:25:49  can0  18FF1610#65 TX
2018-04-17 14:25:49  can0  18FF2420#4D0E0000F0FFFFFF RX
2018-04-17 14:25:49  can0  18FF1610#65 TX
2018-04-17 14:25:50  can0  18FF1720#21FFFFFFFFFFFFFF RX
2018-04-17 14:25:50  can0  18FF1610#65 TX
2018-04-17 14:25:50  can0  18FF2420#4D0E0000F0FFFFFF RX
2018-04-17 14:25:50  can0  18FF1610#65 TX
2018-04-17 14:25:51  can0  18FF1610#65 TX
No response from generator
Time Out Error: CAN line might be disconnected or generator can interface is down
Resetting CAN interface on server
2018-04-17 14:25:52  can0  18FF1720#27FFFFFFFFFFFFFF RX
2018-04-17 14:25:52  can0  18FF1610#65 TX
2018-04-17 14:25:52  can0  18FF2420#4D0E0000F0FFFFFF RX
2018-04-17 14:25:52  can0  18FF1610#65 TX
2018-04-17 14:25:53  can0  18FF1720#27FFFFFFFFFFFFFF RX
2018-04-17 14:25:53  can0  18FF1610#65 TX
2018-04-17 14:25:53  can0  18FF2420#4D0E0000F0FFFFFF RX
2018-04-17 14:25:53  can0  18FF1610#65 TX
2018-04-17 14:25:54  can0  18FF1720#27FFFFFFFFFFFFFF RX
2018-04-17 14:25:54  can0  18FF1610#65 TX
2018-04-17 14:25:54  can0  18FF2420#4D0E0000F0FFFFFF RX
2018-04-17 14:25:54  can0  18FF1610#65 TX
2018-04-17 14:25:55  can0  18FF1720#27FFFFFFFFFFFFFF RX
2018-04-17 14:25:55  can0  18FF1610#65 TX
2018-04-17 14:25:55  can0  18FF2420#4D0E0000F0FFFFFF RX
2018-04-17 14:25:55  can0  18FF1610#65 TX
2018-04-17 14:25:56  can0  18FF1720#27FFFFFFFFFFFFFF RX
2018-04-17 14:25:56  can0  18FF1610#65 TX
2018-04-17 14:25:56  can0  18FF2420#4D0E0000F0FFFFFF RX
2018-04-17 14:25:56  can0  18FF1610#65 TX
2018-04-17 14:25:57  can0  18FF1720#27FFFFFFFFFFFFFF RX
2018-04-17 14:25:57  can0  18FF1610#65 TX
2018-04-17 14:25:57  can0  18FF2420#4D0E0000F0FFFFFF RX
2018-04-17 14:25:57  can0  18FF1610#65 TX
2018-04-17 14:25:58  can0  18FF1720#27FFFFFFFFFFFFFF RX
2018-04-17 14:25:58  can0  18FF1610#65 TX
2018-04-17 14:25:58  can0  18FF2420#4D0E0000F0FFFFFF RX
2018-04-17 14:25:58  can0  18FF1610#65 TX
2018-04-17 14:25:59  can0  18FF1720#27FFFFFFFFFFFFFF RX
2018-04-17 14:25:59  can0  18FF1610#65 TX
2018-04-17 14:25:59  can0  18FF2420#4D0E0000F0FFFFFF RX
2018-04-17 14:25:59  can0  18FF1610#65 TX
2018-04-17 14:26:00  can0  18FF1720#27FFFFFFFFFFFFFF RX
2018-04-17 14:26:00  can0  18FF1610#65 TX
2018-04-17 14:26:00  can0  18FF2420#4D0E0000F0FFFFFF RX
2018-04-17 14:26:00  can0  18FF1610#65 TX
2018-04-17 14:26:01  can0  18FF1720#27FFFFFFFFFFFFFF RX
2018-04-17 14:26:01  can0  18FF1610#65 TX
2018-04-17 14:26:01  can0  18FF2420#4D0E0000F0FFFFFF RX
2018-04-17 14:26:01  can0  18FF1610#65 TX
2018-04-17 14:26:02  can0  18FF1720#27FFFFFFFFFFFFFF RX
2018-04-17 14:26:02  can0  18FF1610#65 TX
2018-04-17 14:26:02  can0  18FF2420#4D0E0000F0FFFFFF RX
2018-04-17 14:26:02  can0  18FF1610#65 TX
2018-04-17 14:26:03  can0  18FF1720#27FFFFFFFFFFFFFF RX
2018-04-17 14:26:03  can0  18FF1610#65 TX
2018-04-17 14:26:03  can0  18FF2420#4D0E0000F0FFFFFF RX
2018-04-17 14:26:03  can0  18FF1610#65 TX
2018-04-17 14:26:04  can0  18FF1720#27FFFFFFFFFFFFFF RX
2018-04-17 14:26:04  can0  18FF1610#65 TX
2018-04-17 14:26:04  can0  18FF2420#4D0E0000F0FFFFFF RX
2018-04-17 14:26:04  can0  18FF1610#65 TX
2018-04-17 14:26:05  can0  18FF1720#27FFFFFFFFFFFFFF RX
2018-04-17 14:26:05  can0  18FF1610#65 TX
2018-04-17 14:26:05  can0  18FF2420#4D0E0000F0FFFFFF RX
2018-04-17 14:26:05  can0  18FF1610#65 TX
2018-04-17 14:26:06  can0  18FF1720#27FFFFFFFFFFFFFF RX
2018-04-17 14:26:06  can0  18FF1610#65 TX
2018-04-17 14:26:06  can0  18FF2420#4D0E0000F0FFFFFF RX
2018-04-17 14:26:06  can0  18FF1610#65 TX
2018-04-17 14:26:07  can0  18FF1720#27FFFFFFFFFFFFFF RX
2018-04-17 14:26:07  can0  18FF1610#65 TX
2018-04-17 14:26:07  can0  18FF2420#4D0E0000F0FFFFFF RX
2018-04-17 14:26:07  can0  18FF1610#65 TX
2018-04-17 14:26:08  can0  18FF1720#27FFFFFFFFFFFFFF RX
2018-04-17 14:26:08  can0  18FF1610#65 TX
2018-04-17 14:26:08  can0  18FF2420#4D0E0000F0FFFFFF RX
2018-04-17 14:26:08  can0  18FF1610#65 TX
2018-04-17 14:26:09  can0  18FF1720#27FFFFFFFFFFFFFF RX
2018-04-17 14:26:09  can0  18FF1610#65 TX
2018-04-17 14:26:09  can0  18FF2420#4D0E0000F0FFFFFF RX
2018-04-17 14:26:09  can0  18FF1610#65 TX
2018-04-17 14:26:10  can0  18FF1720#27FFFFFFFFFFFFFF RX
2018-04-17 14:26:10  can0  18FF1610#65 TX
2018-04-17 14:26:10  can0  18FF2420#4D0E0000F0FFFFFF RX
2018-04-17 14:26:10  can0  18FF1610#65 TX
2018-04-17 14:26:11  can0  18FF1720#27FFFFFFFFFFFFFF RX
2018-04-17 14:26:11  can0  18FF1610#65 TX
2018-04-17 14:26:11  can0  18FF2420#4D0E0000F0FFFFFF RX
2018-04-17 14:26:11  can0  18FF1610#65 TX
2018-04-17 14:26:12  can0  18FF1720#27FFFFFFFFFFFFFF RX
2018-04-17 14:26:12  can0  18FF1610#65 TX
2018-04-17 14:26:12  can0  18FF2420#4D0E0000F0FFFFFF RX
2018-04-17 14:26:12  can0  18FF1610#65 TX
2018-04-17 14:26:13  can0  18FF1720#27FFFFFFFFFFFFFF RX
2018-04-17 14:26:13  can0  18FF1610#65 TX
2018-04-17 14:26:13  can0  18FF2420#4D0E0000F0FFFFFF RX
2018-04-17 14:26:13  can0  18FF1610#65 TX
2018-04-17 14:26:14  can0  18FF1720#27FFFFFFFFFFFFFF RX
2018-04-17 14:26:14  can0  18FF1610#65 TX
2018-04-17 14:26:14  can0  18FF2420#4D0E0000F0FFFFFF RX
2018-04-17 14:26:14  can0  18FF1610#65 TX
2018-04-17 14:26:15  can0  18FF1720#27FFFFFFFFFFFFFF RX
2018-04-17 14:26:15  can0  18FF1610#65 TX
2018-04-17 14:26:15  can0  18FF2420#4D0E0000F0FFFFFF RX
2018-04-17 14:26:15  can0  18FF1610#65 TX
2018-04-17 14:26:16  can0  18FF1720#27FFFFFFFFFFFFFF RX
2018-04-17 14:26:16  can0  18FF1610#65 TX
2018-04-17 14:26:16  can0  18FF2420#4D0E0000F0FFFFFF RX
2018-04-17 14:26:16  can0  18FF1610#65 TX
2018-04-17 14:26:17  can0  18FF1720#27FFFFFFFFFFFFFF RX
2018-04-17 14:26:17  can0  18FF1610#65 TX
2018-04-17 14:26:17  can0  18FF2420#4D0E0000F0FFFFFF RX
2018-04-17 14:26:17  can0  18FF1610#65 TX
2018-04-17 14:26:18  can0  18FF1720#27FFFFFFFFFFFFFF RX
2018-04-17 14:26:18  can0  18FF1610#65 TX
2018-04-17 14:26:18  can0  18FF2420#4D0E0000F0FFFFFF RX
2018-04-17 14:26:18  can0  18FF1610#65 TX
2018-04-17 14:26:19  can0  18FF1720#27FFFFFFFFFFFFFF RX
2018-04-17 14:26:19  can0  18FF1610#65 TX
2018-04-17 14:26:19  can0  18FF2420#4D0E0000F0FFFFFF RX
2018-04-17 14:26:19  can0  18FF1610#65 TX
2018-04-17 14:26:20  can0  18FF1720#27FFFFFFFFFFFFFF RX
2018-04-17 14:26:20  can0  18FF1610#65 TX
2018-04-17 14:26:20  can0  18FF2420#4D0E0000F0FFFFFF RX
2018-04-17 14:26:20  can0  18FF1610#65 TX
2018-04-17 14:26:21  can0  18FF1720#27FFFFFFFFFFFFFF RX
2018-04-17 14:26:21  can0  18FF1610#65 TX
2018-04-17 14:26:21  can0  18FF2420#4D0E0000F0FFFFFF RX
2018-04-17 14:26:21  can0  18FF1610#65 TX
2018-04-17 14:26:22  can0  18FF1720#25FFFFFFFFFFFFFF RX
2018-04-17 14:26:22  can0  18FF1610#65 TX
2018-04-17 14:26:22  can0  18FF2420#4D0E0000F0FFFFFF RX
2018-04-17 14:26:22  can0  18FF1610#65 TX
2018-04-17 14:26:23  can0  18FF1720#25FFFFFFFFFFFFFF RX
2018-04-17 14:26:23  can0  18FF1610#65 TX
2018-04-17 14:26:23  can0  18FF2420#4D0E0000F0FFFFFF RX
2018-04-17 14:26:23  can0  18FF1610#65 TX
2018-04-17 14:26:24  can0  18FF1720#25FFFFFFFFFFFFFF RX
2018-04-17 14:26:24  can0  18FF1610#65 TX
2018-04-17 14:26:24  can0  18FF2420#4D0E0000F0FFFFFF RX
2018-04-17 14:26:24  can0  18FF1610#65 TX
2018-04-17 14:26:25  can0  18FF1720#25FFFFFFFFFFFFFF RX
2018-04-17 14:26:25  can0  18FF1610#65 TX
2018-04-17 14:26:25  can0  18FF2420#4D0E0000F0FFFFFF RX
2018-04-17 14:26:25  can0  18FF1610#65 TX
2018-04-17 14:26:26  can0  18FF1720#25FFFFFFFFFFFFFF RX
2018-04-17 14:26:26  can0  18FF1610#65 TX
2018-04-17 14:26:26  can0  18FF2420#4D0E0000F0FFFFFF RX
2018-04-17 14:26:26  can0  18FF1610#65 TX
2018-04-17 14:26:27  can0  18FF1720#25FFFFFFFFFFFFFF RX
2018-04-17 14:26:27  can0  18FF1610#65 TX
2018-04-17 14:26:27  can0  18FF2420#4D0E0000F0FFFFFF RX
2018-04-17 14:26:27  can0  18FF1610#65 TX
2018-04-17 14:26:28  can0  18FF1720#25FFFFFFFFFFFFFF RX
2018-04-17 14:26:28  can0  18FF1610#65 TX
2018-04-17 14:26:28  can0  18FF2420#4D0E0000F0FFFFFF RX
2018-04-17 14:26:28  can0  18FF1610#65 TX
2018-04-17 14:26:29  can0  18FF1720#25FFFFFFFFFFFFFF RX
2018-04-17 14:26:29  can0  18FF1610#65 TX
2018-04-17 14:26:29  can0  18FF2420#4D0E0000F0FFFFFF RX
2018-04-17 14:26:29  can0  18FF1610#65 TX
2018-04-17 14:26:30  can0  18FF1720#25FFFFFFFFFFFFFF RX
2018-04-17 14:26:30  can0  18FF1610#65 TX
2018-04-17 14:26:30  can0  18FF2420#4D0E0000F0FFFFFF RX
2018-04-17 14:26:30  can0  18FF1610#65 TX
2018-04-17 14:26:31  can0  18FF1720#25FFFFFFFFFFFFFF RX
2018-04-17 14:26:31  can0  18FF1610#65 TX
2018-04-17 14:26:31  can0  18FF2420#4D0E0000F0FFFFFF RX
2018-04-17 14:26:31  can0  18FF1610#65 TX
2018-04-17 14:26:32  can0  18FF1720#25FFFFFFFFFFFFFF RX
2018-04-17 14:26:32  can0  18FF1610#65 TX
2018-04-17 14:26:32  can0  18FF2420#4D0E0000F0FFFFFF RX
2018-04-17 14:26:32  can0  18FF1610#65 TX
2018-04-17 14:26:33  can0  18FF1720#25FFFFFFFFFFFFFF RX
2018-04-17 14:26:33  can0  18FF1610#65 TX
2018-04-17 14:26:33  can0  18FF2420#4D0E0000F0FFFFFF RX
2018-04-17 14:26:33  can0  18FF1610#65 TX
2018-04-17 14:26:34  can0  18FF1720#25FFFFFFFFFFFFFF RX
2018-04-17 14:26:34  can0  18FF1610#65 TX
2018-04-17 14:26:34  can0  18FF2420#4D0E0000F0FFFFFF RX
2018-04-17 14:26:34  can0  18FF1610#65 TX
2018-04-17 14:26:35  can0  18FF1720#25FFFFFFFFFFFFFF RX
2018-04-17 14:26:35  can0  18FF1610#65 TX
2018-04-17 14:26:35  can0  18FF2420#4D0E0000F0FFFFFF RX
2018-04-17 14:26:35  can0  18FF1610#65 TX
2018-04-17 14:26:36  can0  18FF1720#25FFFFFFFFFFFFFF RX
2018-04-17 14:26:36  can0  18FF1610#65 TX
2018-04-17 14:26:36  can0  18FF2420#4D0E0000F0FFFFFF RX
2018-04-17 14:26:36  can0  18FF1610#65 TX
2018-04-17 14:26:37  can0  18FF1720#25FFFFFFFFFFFFFF RX
2018-04-17 14:26:37  can0  18FF1610#65 TX
2018-04-17 14:26:37  can0  18FF2420#4D0E0000F0FFFFFF RX
2018-04-17 14:26:37  can0  18FF1610#65 TX
2018-04-17 14:26:38  can0  18FF1720#25FFFFFFFFFFFFFF RX
2018-04-17 14:26:38  can0  18FF1610#65 TX
2018-04-17 14:26:38  can0  18FF2420#4D0E0000F0FFFFFF RX
2018-04-17 14:26:38  can0  18FF1610#65 TX
2018-04-17 14:26:39  can0  18FF1720#25FFFFFFFFFFFFFF RX
2018-04-17 14:26:39  can0  18FF1610#65 TX
2018-04-17 14:26:39  can0  18FF2420#4D0E0000F0FFFFFF RX
2018-04-17 14:26:39  can0  18FF1610#65 TX
2018-04-17 14:26:40  can0  18FF1720#25FFFFFFFFFFFFFF RX
2018-04-17 14:26:40  can0  18FF1610#65 TX
2018-04-17 14:26:40  can0  18FF2420#4D0E0000F0FFFFFF RX
2018-04-17 14:26:40  can0  18FF1610#65 TX
2018-04-17 14:26:41  can0  18FF1720#25FFFFFFFFFFFFFF RX
2018-04-17 14:26:41  can0  18FF1610#65 TX
2018-04-17 14:26:41  can0  18FF2420#4D0E0000F0FFFFFF RX
2018-04-17 14:26:41  can0  18FF1610#65 TX
2018-04-17 14:26:42  can0  18FF1720#25FFFFFFFFFFFFFF RX
2018-04-17 14:26:42  can0  18FF1610#65 TX
2018-04-17 14:26:42  can0  18FF2420#4D0E0000F0FFFFFF RX
2018-04-17 14:26:42  can0  18FF1610#65 TX
2018-04-17 14:26:43  can0  18FF1720#25FFFFFFFFFFFFFF RX
2018-04-17 14:26:43  can0  18FF1610#65 TX
2018-04-17 14:26:43  can0  18FF2420#4D0E0000F0FFFFFF RX
2018-04-17 14:26:43  can0  18FF1610#65 TX
2018-04-17 14:26:44  can0  18FF1720#25FFFFFFFFFFFFFF RX
2018-04-17 14:26:44  can0  18FF1610#65 TX
2018-04-17 14:26:44  can0  18FF2420#4D0E0000F0FFFFFF RX
2018-04-17 14:26:44  can0  18FF1610#65 TX
2018-04-17 14:26:45  can0  18FF1720#25FFFFFFFFFFFFFF RX
2018-04-17 14:26:45  can0  18FF1610#65 TX
2018-04-17 14:26:45  can0  18FF2420#4D0E0000F0FFFFFF RX
2018-04-17 14:26:45  can0  18FF1610#65 TX
2018-04-17 14:26:46  can0  18FF1720#25FFFFFFFFFFFFFF RX
2018-04-17 14:26:46  can0  18FF1610#65 TX
2018-04-17 14:26:46  can0  18FF2420#4D0E0000F0FFFFFF RX
2018-04-17 14:26:46  can0  18FF1610#65 TX
2018-04-17 14:26:47  can0  18FF1720#25FFFFFFFFFFFFFF RX
2018-04-17 14:26:47  can0  18FF1610#65 TX
2018-04-17 14:26:47  can0  18FF2420#4D0E0000F0FFFFFF RX
2018-04-17 14:26:47  can0  18FF1610#65 TX
2018-04-17 14:26:48  can0  18FF1720#25FFFFFFFFFFFFFF RX
2018-04-17 14:26:48  can0  18FF1610#65 TX
2018-04-17 14:26:48  can0  18FF2420#4D0E0000F0FFFFFF RX
2018-04-17 14:26:48  can0  18FF1610#65 TX
2018-04-17 14:26:49  can0  18FF1720#25FFFFFFFFFFFFFF RX
2018-04-17 14:26:49  can0  18FF1610#65 TX
2018-04-17 14:26:49  can0  18FF2420#4D0E0000F0FFFFFF RX
2018-04-17 14:26:49  can0  18FF1610#65 TX
2018-04-17 14:26:50  can0  18FF1720#25FFFFFFFFFFFFFF RX
2018-04-17 14:26:50  can0  18FF1610#65 TX
2018-04-17 14:26:50  can0  18FF2420#4D0E0000F0FFFFFF RX
2018-04-17 14:26:50  can0  18FF1610#65 TX
2018-04-17 14:26:51  can0  18FF1720#25FFFFFFFFFFFFFF RX
2018-04-17 14:26:51  can0  18FF1610#65 TX
2018-04-17 14:26:51  can0  18FF2420#4D0E0000F0FFFFFF RX
2018-04-17 14:26:51  can0  18FF1610#65 TX
2018-04-17 14:26:52  can0  18FF1720#25FFFFFFFFFFFFFF RX
2018-04-17 14:26:52  can0  18FF1610#65 TX
2018-04-17 14:26:52  can0  18FF2420#4D0E0000F0FFFFFF RX
2018-04-17 14:26:52  can0  18FF1610#65 TX
2018-04-17 14:26:53  can0  18FF1720#25FFFFFFFFFFFFFF RX
2018-04-17 14:26:53  can0  18FF1610#65 TX
2018-04-17 14:26:53  can0  18FF2420#4D0E0000F0FFFFFF RX
2018-04-17 14:26:53  can0  18FF1610#65 TX
2018-04-17 14:26:54  can0  18FF1720#25FFFFFFFFFFFFFF RX
2018-04-17 14:26:54  can0  18FF1610#65 TX
2018-04-17 14:26:54  can0  18FF2420#4D0E0000F0FFFFFF RX
2018-04-17 14:26:54  can0  18FF1610#65 TX
2018-04-17 14:26:55  can0  18FF1720#25FFFFFFFFFFFFFF RX
2018-04-17 14:26:55  can0  18FF1610#65 TX
2018-04-17 14:26:55  can0  18FF2420#4D0E0000F0FFFFFF RX
2018-04-17 14:26:55  can0  18FF1610#65 TX
2018-04-17 14:26:56  can0  18FF1720#25FFFFFFFFFFFFFF RX
2018-04-17 14:26:56  can0  18FF1610#65 TX
2018-04-17 14:26:56  can0  18FF2420#4D0E0000F0FFFFFF RX
2018-04-17 14:26:56  can0  18FF1610#65 TX
2018-04-17 14:26:57  can0  18FF1720#25FFFFFFFFFFFFFF RX
2018-04-17 14:26:57  can0  18FF1610#65 TX
2018-04-17 14:26:57  can0  18FF2420#4D0E0000F0FFFFFF RX
2018-04-17 14:26:57  can0  18FF1610#65 TX
2018-04-17 14:26:58  can0  18FF1720#25FFFFFFFFFFFFFF RX
2018-04-17 14:26:58  can0  18FF1610#65 TX
2018-04-17 14:26:58  can0  18FF2420#4D0E0000F0FFFFFF RX
2018-04-17 14:26:58  can0  18FF1610#65 TX
2018-04-17 14:26:58  can0  18FF2320#73029F00A50300FF RX
2018-04-17 14:26:58  can0  18FF1610#65 TX
2018-04-17 14:26:59  can0  18FF1720#25FFFFFFFFFFFFFF RX
2018-04-17 14:26:59  can0  18FF1610#65 TX
2018-04-17 14:26:59  can0  18FF2420#4D0E0000F0FFFFFF RX
2018-04-17 14:26:59  can0  18FF1610#65 TX
2018-04-17 14:27:00  can0  18FF1720#25FFFFFFFFFFFFFF RX
2018-04-17 14:27:00  can0  18FF1610#65 TX
2018-04-17 14:27:00  can0  18FF2420#4D0E0000F0FFFFFF RX
2018-04-17 14:27:00  can0  18FF1610#65 TX
2018-04-17 14:27:01  can0  18FF1720#25FFFFFFFFFFFFFF RX
2018-04-17 14:27:01  can0  18FF1610#65 TX
2018-04-17 14:27:01  can0  18FF2420#4D0E0000F0FFFFFF RX
2018-04-17 14:27:01  can0  18FF1610#65 TX
2018-04-17 14:27:02  can0  18FF1720#25FFFFFFFFFFFFFF RX
2018-04-17 14:27:02  can0  18FF1610#65 TX
2018-04-17 14:27:02  can0  18FF2420#4D0E0000F0FFFFFF RX
2018-04-17 14:27:02  can0  18FF1610#65 TX
2018-04-17 14:27:03  can0  18FF1720#25FFFFFFFFFFFFFF RX
2018-04-17 14:27:03  can0  18FF1610#65 TX
2018-04-17 14:27:03  can0  18FF2420#4D0E0000F0FFFFFF RX
2018-04-17 14:27:03  can0  18FF1610#65 TX
2018-04-17 14:27:04  can0  18FF1720#25FFFFFFFFFFFFFF RX
2018-04-17 14:27:04  can0  18FF1610#65 TX
2018-04-17 14:27:04  can0  18FF2420#4D0E0000F0FFFFFF RX
2018-04-17 14:27:04  can0  18FF1610#65 TX
2018-04-17 14:27:05  can0  18FF1720#25FFFFFFFFFFFFFF RX
2018-04-17 14:27:05  can0  18FF1610#65 TX
2018-04-17 14:27:05  can0  18FF2420#4D0E0000F0FFFFFF RX
2018-04-17 14:27:05  can0  18FF1610#65 TX
2018-04-17 14:27:06  can0  18FF1720#25FFFFFFFFFFFFFF RX
2018-04-17 14:27:06  can0  18FF1610#65 TX
2018-04-17 14:27:06  can0  18FF2420#4D0E0000F0FFFFFF RX
2018-04-17 14:27:06  can0  18FF1610#65 TX
2018-04-17 14:27:07  can0  18FF1720#25FFFFFFFFFFFFFF RX
2018-04-17 14:27:07  can0  18FF1610#65 TX
2018-04-17 14:27:07  can0  18FF2420#4D0E0000F0FFFFFF RX
2018-04-17 14:27:07  can0  18FF1610#65 TX
2018-04-17 14:27:08  can0  18FF1720#25FFFFFFFFFFFFFF RX
2018-04-17 14:27:08  can0  18FF1610#65 TX
2018-04-17 14:27:08  can0  18FF2420#4D0E0000F0FFFFFF RX
2018-04-17 14:27:08  can0  18FF1610#65 TX
2018-04-17 14:27:09  can0  18FF1720#25FFFFFFFFFFFFFF RX
2018-04-17 14:27:09  can0  18FF1610#65 TX
2018-04-17 14:27:09  can0  18FF2420#4D0E0000F0FFFFFF RX
2018-04-17 14:27:09  can0  18FF1610#65 TX
2018-04-17 14:27:10  can0  18FF1720#25FFFFFFFFFFFFFF RX
2018-04-17 14:27:10  can0  18FF1610#65 TX
2018-04-17 14:27:10  can0  18FF2420#4D0E0000F0FFFFFF RX
2018-04-17 14:27:10  can0  18FF1610#65 TX
2018-04-17 14:27:11  can0  18FF1720#25FFFFFFFFFFFFFF RX
2018-04-17 14:27:11  can0  18FF1610#65 TX
2018-04-17 14:27:11  can0  18FF2420#4D0E0000F0FFFFFF RX
2018-04-17 14:27:11  can0  18FF1610#65 TX
2018-04-17 14:27:12  can0  18FF1720#25FFFFFFFFFFFFFF RX
2018-04-17 14:27:12  can0  18FF1610#65 TX
2018-04-17 14:27:12  can0  18FF2420#4D0E0000F0FFFFFF RX
2018-04-17 14:27:12  can0  18FF1610#65 TX
2018-04-17 14:27:13  can0  18FF1720#25FFFFFFFFFFFFFF RX
2018-04-17 14:27:13  can0  18FF1610#65 TX
2018-04-17 14:27:13  can0  18FF2420#4D0E0000F0FFFFFF RX
2018-04-17 14:27:13  can0  18FF1610#65 TX
2018-04-17 14:27:14  can0  18FF1720#25FFFFFFFFFFFFFF RX
2018-04-17 14:27:14  can0  18FF1610#65 TX
2018-04-17 14:27:14  can0  18FF2420#4D0E0000F0FFFFFF RX
2018-04-17 14:27:14  can0  18FF1610#65 TX
2018-04-17 14:27:15  can0  18FF1720#25FFFFFFFFFFFFFF RX
2018-04-17 14:27:15  can0  18FF1610#65 TX
2018-04-17 14:27:15  can0  18FF2420#4D0E0000F0FFFFFF RX
2018-04-17 14:27:15  can0  18FF1610#65 TX
2018-04-17 14:27:16  can0  18FF1720#25FFFFFFFFFFFFFF RX
2018-04-17 14:27:16  can0  18FF1610#65 TX
2018-04-17 14:27:16  can0  18FF2420#4D0E0000F0FFFFFF RX
2018-04-17 14:27:16  can0  18FF1610#65 TX
2018-04-17 14:27:17  can0  18FF1720#25FFFFFFFFFFFFFF RX
2018-04-17 14:27:17  can0  18FF1610#65 TX
2018-04-17 14:27:17  can0  18FF2420#4D0E0000F0FFFFFF RX
2018-04-17 14:27:17  can0  18FF1610#65 TX
2018-04-17 14:27:18  can0  18FF1720#25FFFFFFFFFFFFFF RX
2018-04-17 14:27:18  can0  18FF1610#65 TX
2018-04-17 14:27:18  can0  18FF2420#4D0E0000F0FFFFFF RX
2018-04-17 14:27:18  can0  18FF1610#65 TX
2018-04-17 14:27:19  can0  18FF1720#25FFFFFFFFFFFFFF RX
2018-04-17 14:27:19  can0  18FF1610#65 TX
2018-04-17 14:27:19  can0  18FF2420#4D0E0000F0FFFFFF RX
2018-04-17 14:27:19  can0  18FF1610#65 TX
2018-04-17 14:27:20  can0  18FF1720#25FFFFFFFFFFFFFF RX
2018-04-17 14:27:20  can0  18FF1610#65 TX
2018-04-17 14:27:20  can0  18FF2420#4D0E0000F0FFFFFF RX
2018-04-17 14:27:20  can0  18FF1610#65 TX
2018-04-17 14:27:21  can0  18FF1720#25FFFFFFFFFFFFFF RX
2018-04-17 14:27:21  can0  18FF1610#65 TX
2018-04-17 14:27:21  can0  18FF2420#4D0E0000F0FFFFFF RX
2018-04-17 14:27:21  can0  18FF1610#65 TX
2018-04-17 14:27:22  can0  18FF1720#25FFFFFFFFFFFFFF RX
2018-04-17 14:27:22  can0  18FF1610#65 TX
2018-04-17 14:27:22  can0  18FF2420#4D0E0000F0FFFFFF RX
2018-04-17 14:27:22  can0  18FF1610#65 TX
2018-04-17 14:27:23  can0  18FF1720#25FFFFFFFFFFFFFF RX
2018-04-17 14:27:23  can0  18FF1610#65 TX
2018-04-17 14:27:23  can0  18FF2420#4D0E0000F0FFFFFF RX
2018-04-17 14:27:23  can0  18FF1610#65 TX
2018-04-17 14:27:24  can0  18FF1720#25FFFFFFFFFFFFFF RX
2018-04-17 14:27:24  can0  18FF1610#65 TX
2018-04-17 14:27:24  can0  18FF2420#4D0E0000F0FFFFFF RX
2018-04-17 14:27:24  can0  18FF1610#65 TX
2018-04-17 14:27:25  can0  18FF1720#25FFFFFFFFFFFFFF RX
2018-04-17 14:27:25  can0  18FF1610#65 TX
2018-04-17 14:27:25  can0  18FF2420#4D0E0000F0FFFFFF RX
2018-04-17 14:27:25  can0  18FF1610#65 TX
2018-04-17 14:27:26  can0  18FF1720#25FFFFFFFFFFFFFF RX
2018-04-17 14:27:26  can0  18FF1610#65 TX
2018-04-17 14:27:26  can0  18FF2420#4D0E0000F0FFFFFF RX
2018-04-17 14:27:26  can0  18FF1610#65 TX
2018-04-17 14:27:27  can0  18FF1720#25FFFFFFFFFFFFFF RX
2018-04-17 14:27:27  can0  18FF1610#65 TX
2018-04-17 14:27:27  can0  18FF2420#4D0E0000F0FFFFFF RX
2018-04-17 14:27:27  can0  18FF1610#65 TX
2018-04-17 14:27:28  can0  18FF1720#25FFFFFFFFFFFFFF RX
2018-04-17 14:27:28  can0  18FF1610#65 TX
2018-04-17 14:27:28  can0  18FF2420#4D0E0000F0FFFFFF RX
2018-04-17 14:27:28  can0  18FF1610#65 TX
2018-04-17 14:27:29  can0  18FF1720#25FFFFFFFFFFFFFF RX
2018-04-17 14:27:29  can0  18FF1610#65 TX
2018-04-17 14:27:29  can0  18FF2420#4D0E0000F0FFFFFF RX
2018-04-17 14:27:29  can0  18FF1610#65 TX
2018-04-17 14:27:30  can0  18FF1720#25FFFFFFFFFFFFFF RX
2018-04-17 14:27:30  can0  18FF1610#65 TX
2018-04-17 14:27:30  can0  18FF2420#4D0E0000F0FFFFFF RX
2018-04-17 14:27:30  can0  18FF1610#65 TX
2018-04-17 14:27:31  can0  18FF1720#25FFFFFFFFFFFFFF RX
2018-04-17 14:27:31  can0  18FF1610#65 TX
2018-04-17 14:27:31  can0  18FF2420#4D0E0000F0FFFFFF RX
2018-04-17 14:27:31  can0  18FF1610#65 TX
2018-04-17 14:27:32  can0  18FF1720#25FFFFFFFFFFFFFF RX
2018-04-17 14:27:32  can0  18FF1610#65 TX
2018-04-17 14:27:32  can0  18FF2420#4D0E0000F0FFFFFF RX
2018-04-17 14:27:32  can0  18FF1610#65 TX
2018-04-17 14:27:33  can0  18FF1720#25FFFFFFFFFFFFFF RX
2018-04-17 14:27:33  can0  18FF1610#65 TX
2018-04-17 14:27:33  can0  18FF2420#4D0E0000F0FFFFFF RX
2018-04-17 14:27:33  can0  18FF1610#65 TX
2018-04-17 14:27:34  can0  18FF1720#25FFFFFFFFFFFFFF RX
2018-04-17 14:27:34  can0  18FF1610#65 TX
2018-04-17 14:27:34  can0  18FF2420#4D0E0000F0FFFFFF RX
2018-04-17 14:27:34  can0  18FF1610#65 TX
2018-04-17 14:27:35  can0  18FF1720#25FFFFFFFFFFFFFF RX
2018-04-17 14:27:35  can0  18FF1610#65 TX
2018-04-17 14:27:35  can0  18FF2420#4D0E0000F0FFFFFF RX
2018-04-17 14:27:35  can0  18FF1610#65 TX
2018-04-17 14:27:36  can0  18FF1720#25FFFFFFFFFFFFFF RX
2018-04-17 14:27:36  can0  18FF1610#65 TX
2018-04-17 14:27:36  can0  18FF2420#4D0E0000F0FFFFFF RX
2018-04-17 14:27:36  can0  18FF1610#65 TX
2018-04-17 14:27:37  can0  18FF1720#25FFFFFFFFFFFFFF RX
2018-04-17 14:27:37  can0  18FF1610#65 TX
2018-04-17 14:27:37  can0  18FF2420#4D0E0000F0FFFFFF RX
2018-04-17 14:27:37  can0  18FF1610#65 TX
2018-04-17 14:27:38  can0  18FF1720#25FFFFFFFFFFFFFF RX
2018-04-17 14:27:38  can0  18FF1610#65 TX
2018-04-17 14:27:38  can0  18FF2420#4D0E0000F0FFFFFF RX
2018-04-17 14:27:38  can0  18FF1610#65 TX
2018-04-17 14:27:39  can0  18FF1720#25FFFFFFFFFFFFFF RX
2018-04-17 14:27:39  can0  18FF1610#65 TX
2018-04-17 14:27:39  can0  18FF2420#4D0E0000F0FFFFFF RX
2018-04-17 14:27:39  can0  18FF1610#65 TX
2018-04-17 14:27:40  can0  18FF1720#25FFFFFFFFFFFFFF RX
2018-04-17 14:27:40  can0  18FF1610#65 TX
2018-04-17 14:27:40  can0  18FF2420#4D0E0000F0FFFFFF RX
2018-04-17 14:27:40  can0  18FF1610#65 TX
2018-04-17 14:27:41  can0  18FF1720#25FFFFFFFFFFFFFF RX
2018-04-17 14:27:41  can0  18FF1610#65 TX
2018-04-17 14:27:41  can0  18FF2420#4D0E0000F0FFFFFF RX
2018-04-17 14:27:41  can0  18FF1610#65 TX
2018-04-17 14:27:42  can0  18FF1720#25FFFFFFFFFFFFFF RX
2018-04-17 14:27:42  can0  18FF1610#65 TX
2018-04-17 14:27:42  can0  18FF2420#4D0E0000F0FFFFFF RX
2018-04-17 14:27:42  can0  18FF1610#65 TX
2018-04-17 14:27:43  can0  18FF1720#25FFFFFFFFFFFFFF RX
2018-04-17 14:27:43  can0  18FF1610#65 TX
2018-04-17 14:27:43  can0  18FF2420#4D0E0000F0FFFFFF RX
2018-04-17 14:27:43  can0  18FF1610#65 TX
2018-04-17 14:27:44  can0  18FF1720#25FFFFFFFFFFFFFF RX
2018-04-17 14:27:44  can0  18FF1610#65 TX
2018-04-17 14:27:44  can0  18FF2420#4D0E0000F0FFFFFF RX
2018-04-17 14:27:44  can0  18FF1610#65 TX
2018-04-17 14:27:45  can0  18FF1720#25FFFFFFFFFFFFFF RX
2018-04-17 14:27:45  can0  18FF1610#65 TX
2018-04-17 14:27:45  can0  18FF2420#4D0E0000F0FFFFFF RX
2018-04-17 14:27:45  can0  18FF1610#65 TX
2018-04-17 14:27:46  can0  18FF1720#25FFFFFFFFFFFFFF RX
2018-04-17 14:27:46  can0  18FF1610#65 TX
2018-04-17 14:27:46  can0  18FF2420#4D0E0000F0FFFFFF RX
2018-04-17 14:27:46  can0  18FF1610#65 TX
2018-04-17 14:27:47  can0  18FF1720#25FFFFFFFFFFFFFF RX
2018-04-17 14:27:47  can0  18FF1610#65 TX
2018-04-17 14:27:47  can0  18FF2420#4D0E0000F0FFFFFF RX
2018-04-17 14:27:47  can0  18FF1610#65 TX
2018-04-17 14:27:48  can0  18FF1720#25FFFFFFFFFFFFFF RX
2018-04-17 14:27:48  can0  18FF1610#65 TX
2018-04-17 14:27:48  can0  18FF2420#4D0E0000F0FFFFFF RX
2018-04-17 14:27:48  can0  18FF1610#65 TX
2018-04-17 14:27:49  can0  18FF1720#25FFFFFFFFFFFFFF RX
2018-04-17 14:27:49  can0  18FF1610#65 TX
2018-04-17 14:27:49  can0  18FF2420#4D0E0000F0FFFFFF RX
2018-04-17 14:27:49  can0  18FF1610#65 TX
2018-04-17 14:27:50  can0  18FF1720#25FFFFFFFFFFFFFF RX
2018-04-17 14:27:50  can0  18FF1610#65 TX
2018-04-17 14:27:50  can0  18FF2420#4D0E0000F0FFFFFF RX
2018-04-17 14:27:50  can0  18FF1610#65 TX
2018-04-17 14:27:51  can0  18FF1720#25FFFFFFFFFFFFFF RX
2018-04-17 14:27:51  can0  18FF1610#65 TX
2018-04-17 14:27:51  can0  18FF2420#4D0E0000F0FFFFFF RX
2018-04-17 14:27:51  can0  18FF1610#65 TX
2018-04-17 14:27:52  can0  18FF1720#25FFFFFFFFFFFFFF RX
2018-04-17 14:27:52  can0  18FF1610#65 TX
2018-04-17 14:27:52  can0  18FF2420#4D0E0000F0FFFFFF RX
2018-04-17 14:27:52  can0  18FF1610#65 TX
2018-04-17 14:27:53  can0  18FF1720#25FFFFFFFFFFFFFF RX
2018-04-17 14:27:53  can0  18FF1610#65 TX
2018-04-17 14:27:53  can0  18FF2420#4D0E0000F0FFFFFF RX
2018-04-17 14:27:53  can0  18FF1610#65 TX
2018-04-17 14:27:54  can0  18FF1720#25FFFFFFFFFFFFFF RX
2018-04-17 14:27:54  can0  18FF1610#65 TX
2018-04-17 14:27:54  can0  18FF2420#4D0E0000F0FFFFFF RX
2018-04-17 14:27:54  can0  18FF1610#65 TX
2018-04-17 14:27:55  can0  18FF1720#25FFFFFFFFFFFFFF RX
2018-04-17 14:27:55  can0  18FF1610#65 TX
2018-04-17 14:27:55  can0  18FF2420#4D0E0000F0FFFFFF RX
2018-04-17 14:27:55  can0  18FF1610#65 TX
2018-04-17 14:27:56  can0  18FF1720#25FFFFFFFFFFFFFF RX
2018-04-17 14:27:56  can0  18FF1610#65 TX
2018-04-17 14:27:56  can0  18FF2420#4D0E0000F0FFFFFF RX
2018-04-17 14:27:56  can0  18FF1610#65 TX
2018-04-17 14:27:57  can0  18FF1720#25FFFFFFFFFFFFFF RX
2018-04-17 14:27:57  can0  18FF1610#65 TX
2018-04-17 14:27:57  can0  18FF2420#4D0E0000F0FFFFFF RX
2018-04-17 14:27:57  can0  18FF1610#65 TX
2018-04-17 14:27:58  can0  18FF1720#25FFFFFFFFFFFFFF RX
2018-04-17 14:27:58  can0  18FF1610#65 TX
2018-04-17 14:27:58  can0  18FF2420#4D0E0000F0FFFFFF RX
2018-04-17 14:27:58  can0  18FF1610#65 TX
2018-04-17 14:27:59  can0  18FF1720#25FFFFFFFFFFFFFF RX
2018-04-17 14:27:59  can0  18FF1610#65 TX
2018-04-17 14:27:59  can0  18FF2420#4D0E0000F0FFFFFF RX
2018-04-17 14:27:59  can0  18FF1610#65 TX
2018-04-17 14:28:00  can0  18FF1720#25FFFFFFFFFFFFFF RX
2018-04-17 14:28:00  can0  18FF1610#65 TX
2018-04-17 14:28:00  can0  18FF2420#4D0E0000F0FFFFFF RX
2018-04-17 14:28:00  can0  18FF1610#65 TX
2018-04-17 14:28:01  can0  18FF1720#25FFFFFFFFFFFFFF RX
2018-04-17 14:28:01  can0  18FF1610#65 TX
2018-04-17 14:28:01  can0  18FF2420#4D0E0000F0FFFFFF RX
2018-04-17 14:28:01  can0  18FF1610#65 TX
2018-04-17 14:28:02  can0  18FF1720#25FFFFFFFFFFFFFF RX
2018-04-17 14:28:02  can0  18FF1610#65 TX
2018-04-17 14:28:02  can0  18FF2420#4D0E0000F0FFFFFF RX
2018-04-17 14:28:02  can0  18FF1610#65 TX
2018-04-17 14:28:03  can0  18FF1720#25FFFFFFFFFFFFFF RX
2018-04-17 14:28:03  can0  18FF1610#65 TX
2018-04-17 14:28:03  can0  18FF2420#4D0E0000F0FFFFFF RX
2018-04-17 14:28:03  can0  18FF1610#65 TX
2018-04-17 14:28:04  can0  18FF1720#25FFFFFFFFFFFFFF RX
2018-04-17 14:28:04  can0  18FF1610#65 TX
2018-04-17 14:28:04  can0  18FF2420#4D0E0000F0FFFFFF RX
2018-04-17 14:28:04  can0  18FF1610#65 TX
2018-04-17 14:28:05  can0  18FF1720#25FFFFFFFFFFFFFF RX
2018-04-17 14:28:05  can0  18FF1610#65 TX
2018-04-17 14:28:05  can0  18FF2420#4D0E0000F0FFFFFF RX
2018-04-17 14:28:05  can0  18FF1610#65 TX
2018-04-17 14:28:06  can0  18FF1720#25FFFFFFFFFFFFFF RX
2018-04-17 14:28:06  can0  18FF1610#65 TX
2018-04-17 14:28:06  can0  18FF2420#4D0E0000F0FFFFFF RX
2018-04-17 14:28:06  can0  18FF1610#65 TX
2018-04-17 14:28:07  can0  18FF1720#25FFFFFFFFFFFFFF RX
2018-04-17 14:28:07  can0  18FF1610#65 TX
2018-04-17 14:28:07  can0  18FF2420#4D0E0000F0FFFFFF RX
2018-04-17 14:28:07  can0  18FF1610#65 TX
2018-04-17 14:28:08  can0  18FF1720#25FFFFFFFFFFFFFF RX
2018-04-17 14:28:08  can0  18FF1610#65 TX
2018-04-17 14:28:08  can0  18FF2420#4D0E0000F0FFFFFF RX
2018-04-17 14:28:08  can0  18FF1610#65 TX
2018-04-17 14:28:09  can0  18FF1720#25FFFFFFFFFFFFFF RX
2018-04-17 14:28:09  can0  18FF1610#65 TX
2018-04-17 14:28:09  can0  18FF2420#4D0E0000F0FFFFFF RX
2018-04-17 14:28:09  can0  18FF1610#65 TX
2018-04-17 14:28:10  can0  18FF1720#25FFFFFFFFFFFFFF RX
2018-04-17 14:28:10  can0  18FF1610#65 TX
2018-04-17 14:28:10  can0  18FF2420#4D0E0000F0FFFFFF RX
2018-04-17 14:28:10  can0  18FF1610#65 TX
2018-04-17 14:28:11  can0  18FF1720#25FFFFFFFFFFFFFF RX
2018-04-17 14:28:11  can0  18FF1610#65 TX
2018-04-17 14:28:11  can0  18FF2420#4D0E0000F0FFFFFF RX
2018-04-17 14:28:11  can0  18FF1610#65 TX
2018-04-17 14:28:12  can0  18FF1720#25FFFFFFFFFFFFFF RX
2018-04-17 14:28:12  can0  18FF1610#65 TX
2018-04-17 14:28:12  can0  18FF2420#4D0E0000F0FFFFFF RX
2018-04-17 14:28:12  can0  18FF1610#65 TX
2018-04-17 14:28:13  can0  18FF1720#25FFFFFFFFFFFFFF RX
2018-04-17 14:28:13  can0  18FF1610#65 TX
2018-04-17 14:28:13  can0  18FF2420#4D0E0000F0FFFFFF RX
2018-04-17 14:28:13  can0  18FF1610#65 TX
2018-04-17 14:28:14  can0  18FF1720#25FFFFFFFFFFFFFF RX
2018-04-17 14:28:14  can0  18FF1610#65 TX
2018-04-17 14:28:14  can0  18FF2420#4D0E0000F0FFFFFF RX
2018-04-17 14:28:14  can0  18FF1610#65 TX
2018-04-17 14:28:15  can0  18FF1720#25FFFFFFFFFFFFFF RX
2018-04-17 14:28:15  can0  18FF1610#65 TX
2018-04-17 14:28:15  can0  18FF2420#4D0E0000F0FFFFFF RX
2018-04-17 14:28:15  can0  18FF1610#65 TX
2018-04-17 14:28:16  can0  18FF1720#25FFFFFFFFFFFFFF RX
2018-04-17 14:28:16  can0  18FF1610#65 TX
2018-04-17 14:28:16  can0  18FF2420#4D0E0000F0FFFFFF RX
2018-04-17 14:28:16  can0  18FF1610#65 TX
2018-04-17 14:28:17  can0  18FF1720#25FFFFFFFFFFFFFF RX
2018-04-17 14:28:17  can0  18FF1610#65 TX
2018-04-17 14:28:17  can0  18FF2420#4D0E0000F0FFFFFF RX
2018-04-17 14:28:17  can0  18FF1610#65 TX
2018-04-17 14:28:18  can0  18FF1720#25FFFFFFFFFFFFFF RX
2018-04-17 14:28:18  can0  18FF1610#65 TX
2018-04-17 14:28:18  can0  18FF2420#4D0E0000F0FFFFFF RX
2018-04-17 14:28:18  can0  18FF1610#65 TX
2018-04-17 14:28:19  can0  18FF1720#25FFFFFFFFFFFFFF RX
2018-04-17 14:28:19  can0  18FF1610#65 TX
2018-04-17 14:28:19  can0  18FF2420#4D0E0000F0FFFFFF RX
2018-04-17 14:28:19  can0  18FF1610#65 TX
2018-04-17 14:28:20  can0  18FF1720#25FFFFFFFFFFFFFF RX
2018-04-17 14:28:20  can0  18FF1610#65 TX
2018-04-17 14:28:20  can0  18FF2420#4D0E0000F0FFFFFF RX
2018-04-17 14:28:20  can0  18FF1610#65 TX
2018-04-17 14:28:21  can0  18FF1720#25FFFFFFFFFFFFFF RX
2018-04-17 14:28:21  can0  18FF1610#65 TX
2018-04-17 14:28:21  can0  18FF2420#4D0E0000F0FFFFFF RX
2018-04-17 14:28:21  can0  18FF1610#65 TX
2018-04-17 14:28:22  can0  18FF1720#25FFFFFFFFFFFFFF RX
2018-04-17 14:28:22  can0  18FF1610#65 TX
2018-04-17 14:28:22  can0  18FF2420#4D0E0000F0FFFFFF RX
2018-04-17 14:28:22  can0  18FF1610#65 TX
2018-04-17 14:28:23  can0  18FF1720#25FFFFFFFFFFFFFF RX
2018-04-17 14:28:23  can0  18FF1610#65 TX
2018-04-17 14:28:23  can0  18FF2420#4D0E0000F0FFFFFF RX
2018-04-17 14:28:23  can0  18FF1610#65 TX
2018-04-17 14:28:24  can0  18FF1720#25FFFFFFFFFFFFFF RX
2018-04-17 14:28:24  can0  18FF1610#65 TX
2018-04-17 14:28:24  can0  18FF2420#4D0E0000F0FFFFFF RX
2018-04-17 14:28:24  can0  18FF1610#65 TX
2018-04-17 14:28:25  can0  18FF1720#25FFFFFFFFFFFFFF RX
2018-04-17 14:28:25  can0  18FF1610#65 TX
2018-04-17 14:28:25  can0  18FF2420#4D0E0000F0FFFFFF RX
2018-04-17 14:28:25  can0  18FF1610#65 TX
2018-04-17 14:28:26  can0  18FF1720#25FFFFFFFFFFFFFF RX
2018-04-17 14:28:26  can0  18FF1610#65 TX
2018-04-17 14:28:26  can0  18FF2420#4D0E0000F0FFFFFF RX
2018-04-17 14:28:26  can0  18FF1610#65 TX
2018-04-17 14:28:27  can0  18FF1720#25FFFFFFFFFFFFFF RX
2018-04-17 14:28:27  can0  18FF1610#65 TX
2018-04-17 14:28:27  can0  18FF2420#4D0E0000F0FFFFFF RX
2018-04-17 14:28:27  can0  18FF1610#65 TX
2018-04-17 14:28:28  can0  18FF1720#25FFFFFFFFFFFFFF RX
2018-04-17 14:28:28  can0  18FF1610#65 TX
2018-04-17 14:28:28  can0  18FF2420#4D0E0000F0FFFFFF RX
2018-04-17 14:28:28  can0  18FF1610#65 TX
2018-04-17 14:28:29  can0  18FF1720#25FFFFFFFFFFFFFF RX
2018-04-17 14:28:29  can0  18FF1610#65 TX
2018-04-17 14:28:29  can0  18FF2420#4D0E0000F0FFFFFF RX
2018-04-17 14:28:29  can0  18FF1610#65 TX
2018-04-17 14:28:30  can0  18FF1720#25FFFFFFFFFFFFFF RX
2018-04-17 14:28:30  can0  18FF1610#65 TX
2018-04-17 14:28:30  can0  18FF2420#4D0E0000F0FFFFFF RX
2018-04-17 14:28:30  can0  18FF1610#65 TX
2018-04-17 14:28:31  can0  18FF1720#25FFFFFFFFFFFFFF RX
2018-04-17 14:28:31  can0  18FF1610#65 TX
2018-04-17 14:28:31  can0  18FF2420#4D0E0000F0FFFFFF RX
2018-04-17 14:28:31  can0  18FF1610#65 TX
2018-04-17 14:28:32  can0  18FF1720#25FFFFFFFFFFFFFF RX
2018-04-17 14:28:32  can0  18FF1610#65 TX
2018-04-17 14:28:32  can0  18FF2420#4D0E0000F0FFFFFF RX
2018-04-17 14:28:32  can0  18FF1610#65 TX
2018-04-17 14:28:33  can0  18FF1720#25FFFFFFFFFFFFFF RX
2018-04-17 14:28:33  can0  18FF1610#65 TX
2018-04-17 14:28:33  can0  18FF2420#4D0E0000F0FFFFFF RX
2018-04-17 14:28:33  can0  18FF1610#65 TX
2018-04-17 14:28:34  can0  18FF1720#25FFFFFFFFFFFFFF RX
2018-04-17 14:28:34  can0  18FF1610#65 TX
2018-04-17 14:28:34  can0  18FF2420#4D0E0000F0FFFFFF RX
2018-04-17 14:28:34  can0  18FF1610#65 TX
2018-04-17 14:28:35  can0  18FF1720#25FFFFFFFFFFFFFF RX
2018-04-17 14:28:35  can0  18FF1610#65 TX
2018-04-17 14:28:35  can0  18FF2420#4D0E0000F0FFFFFF RX
2018-04-17 14:28:35  can0  18FF1610#65 TX
2018-04-17 14:28:36  can0  18FF1720#25FFFFFFFFFFFFFF RX
2018-04-17 14:28:36  can0  18FF1610#65 TX
2018-04-17 14:28:36  can0  18FF2420#4D0E0000F0FFFFFF RX
2018-04-17 14:28:36  can0  18FF1610#65 TX
2018-04-17 14:28:37  can0  18FF1720#25FFFFFFFFFFFFFF RX
2018-04-17 14:28:37  can0  18FF1610#65 TX
2018-04-17 14:28:37  can0  18FF2420#4D0E0000F0FFFFFF RX
2018-04-17 14:28:37  can0  18FF1610#65 TX
2018-04-17 14:28:38  can0  18FF1720#25FFFFFFFFFFFFFF RX
2018-04-17 14:28:38  can0  18FF1610#65 TX
2018-04-17 14:28:38  can0  18FF2420#4D0E0000F0FFFFFF RX
2018-04-17 14:28:38  can0  18FF1610#65 TX
2018-04-17 14:28:39  can0  18FF1720#25FFFFFFFFFFFFFF RX
2018-04-17 14:28:39  can0  18FF1610#65 TX
2018-04-17 14:28:39  can0  18FF2420#4D0E0000F0FFFFFF RX
2018-04-17 14:28:39  can0  18FF1610#65 TX
2018-04-17 14:28:40  can0  18FF1720#25FFFFFFFFFFFFFF RX
2018-04-17 14:28:40  can0  18FF1610#65 TX
2018-04-17 14:28:40  can0  18FF2420#4D0E0000F0FFFFFF RX
2018-04-17 14:28:40  can0  18FF1610#65 TX
2018-04-17 14:28:41  can0  18FF1720#25FFFFFFFFFFFFFF RX
2018-04-17 14:28:41  can0  18FF1610#65 TX
2018-04-17 14:28:41  can0  18FF2420#4D0E0000F0FFFFFF RX
2018-04-17 14:28:41  can0  18FF1610#65 TX
2018-04-17 14:28:42  can0  18FF1720#25FFFFFFFFFFFFFF RX
2018-04-17 14:28:42  can0  18FF1610#65 TX
2018-04-17 14:28:42  can0  18FF2420#4D0E0000F0FFFFFF RX
2018-04-17 14:28:42  can0  18FF1610#65 TX
2018-04-17 14:28:43  can0  18FF1720#25FFFFFFFFFFFFFF RX
2018-04-17 14:28:43  can0  18FF1610#65 TX
2018-04-17 14:28:43  can0  18FF2420#4D0E0000F0FFFFFF RX
2018-04-17 14:28:43  can0  18FF1610#65 TX
2018-04-17 14:28:44  can0  18FF1720#25FFFFFFFFFFFFFF RX
2018-04-17 14:28:44  can0  18FF1610#65 TX
2018-04-17 14:28:44  can0  18FF2420#4D0E0000F0FFFFFF RX
2018-04-17 14:28:44  can0  18FF1610#65 TX
2018-04-17 14:28:45  can0  18FF1720#25FFFFFFFFFFFFFF RX
2018-04-17 14:28:45  can0  18FF1610#65 TX
2018-04-17 14:28:45  can0  18FF2420#4D0E0000F0FFFFFF RX
2018-04-17 14:28:45  can0  18FF1610#65 TX
2018-04-17 14:28:46  can0  18FF1720#25FFFFFFFFFFFFFF RX
2018-04-17 14:28:46  can0  18FF1610#65 TX
2018-04-17 14:28:46  can0  18FF2420#4D0E0000F0FFFFFF RX
2018-04-17 14:28:46  can0  18FF1610#65 TX
2018-04-17 14:28:47  can0  18FF1720#25FFFFFFFFFFFFFF RX
2018-04-17 14:28:47  can0  18FF1610#65 TX
2018-04-17 14:28:47  can0  18FF2420#4D0E0000F0FFFFFF RX
2018-04-17 14:28:47  can0  18FF1610#65 TX
2018-04-17 14:28:48  can0  18FF1720#25FFFFFFFFFFFFFF RX
2018-04-17 14:28:48  can0  18FF1610#65 TX
2018-04-17 14:28:48  can0  18FF2420#4D0E0000F0FFFFFF RX
2018-04-17 14:28:48  can0  18FF1610#65 TX
2018-04-17 14:28:49  can0  18FF1720#25FFFFFFFFFFFFFF RX
2018-04-17 14:28:49  can0  18FF1610#65 TX
2018-04-17 14:28:49  can0  18FF2420#4D0E0000F0FFFFFF RX
2018-04-17 14:28:49  can0  18FF1610#65 TX
2018-04-17 14:28:50  can0  18FF1720#25FFFFFFFFFFFFFF RX
2018-04-17 14:28:50  can0  18FF1610#65 TX
2018-04-17 14:28:50  can0  18FF2420#4D0E0000F0FFFFFF RX
2018-04-17 14:28:50  can0  18FF1610#65 TX
2018-04-17 14:28:51  can0  18FF1720#25FFFFFFFFFFFFFF RX
2018-04-17 14:28:51  can0  18FF1610#65 TX
2018-04-17 14:28:51  can0  18FF2420#4D0E0000F0FFFFFF RX
2018-04-17 14:28:51  can0  18FF1610#65 TX
2018-04-17 14:28:52  can0  18FF1720#25FFFFFFFFFFFFFF RX
2018-04-17 14:28:52  can0  18FF1610#65 TX
2018-04-17 14:28:52  can0  18FF2420#4D0E0000F0FFFFFF RX
2018-04-17 14:28:52  can0  18FF1610#65 TX
2018-04-17 14:28:53  can0  18FF1720#25FFFFFFFFFFFFFF RX
2018-04-17 14:28:53  can0  18FF1610#65 TX
2018-04-17 14:28:53  can0  18FF2420#4D0E0000F0FFFFFF RX
2018-04-17 14:28:53  can0  18FF1610#65 TX
2018-04-17 14:28:54  can0  18FF1720#25FFFFFFFFFFFFFF RX
2018-04-17 14:28:54  can0  18FF1610#65 TX
2018-04-17 14:28:54  can0  18FF2420#4D0E0000F0FFFFFF RX
2018-04-17 14:28:54  can0  18FF1610#65 TX
2018-04-17 14:28:55  can0  18FF1720#25FFFFFFFFFFFFFF RX
2018-04-17 14:28:55  can0  18FF1610#65 TX
2018-04-17 14:28:55  can0  18FF2420#4D0E0000F0FFFFFF RX
2018-04-17 14:28:55  can0  18FF1610#65 TX
2018-04-17 14:28:56  can0  18FF1720#25FFFFFFFFFFFFFF RX
2018-04-17 14:28:56  can0  18FF1610#65 TX
2018-04-17 14:28:56  can0  18FF2420#4D0E0000F0FFFFFF RX
2018-04-17 14:28:56  can0  18FF1610#65 TX
2018-04-17 14:28:57  can0  18FF1720#25FFFFFFFFFFFFFF RX
2018-04-17 14:28:57  can0  18FF1610#65 TX
2018-04-17 14:28:57  can0  18FF2420#4D0E0000F0FFFFFF RX
2018-04-17 14:28:57  can0  18FF1610#65 TX
2018-04-17 14:28:58  can0  18FF1720#25FFFFFFFFFFFFFF RX
2018-04-17 14:28:58  can0  18FF1610#65 TX
2018-04-17 14:28:58  can0  18FF2420#4D0E0000F0FFFFFF RX
2018-04-17 14:28:58  can0  18FF1610#65 TX
2018-04-17 14:28:59  can0  18FF1720#25FFFFFFFFFFFFFF RX
2018-04-17 14:28:59  can0  18FF1610#65 TX
2018-04-17 14:28:59  can0  18FF2420#4D0E0000F0FFFFFF RX
2018-04-17 14:28:59  can0  18FF1610#65 TX
2018-04-17 14:29:00  can0  18FF1720#25FFFFFFFFFFFFFF RX
2018-04-17 14:29:00  can0  18FF1610#65 TX
2018-04-17 14:29:00  can0  18FF2420#4D0E0000F0FFFFFF RX
2018-04-17 14:29:00  can0  18FF1610#65 TX
2018-04-17 14:29:01  can0  18FF1720#25FFFFFFFFFFFFFF RX
2018-04-17 14:29:01  can0  18FF1610#65 TX
2018-04-17 14:29:01  can0  18FF2420#4D0E0000F0FFFFFF RX
2018-04-17 14:29:01  can0  18FF1610#65 TX
2018-04-17 14:29:02  can0  18FF1720#25FFFFFFFFFFFFFF RX
2018-04-17 14:29:02  can0  18FF1610#65 TX
2018-04-17 14:29:02  can0  18FF2420#4D0E0000F0FFFFFF RX
2018-04-17 14:29:02  can0  18FF1610#65 TX
2018-04-17 14:29:03  can0  18FF1720#25FFFFFFFFFFFFFF RX
2018-04-17 14:29:03  can0  18FF1610#65 TX
2018-04-17 14:29:03  can0  18FF2420#4D0E0000F0FFFFFF RX
2018-04-17 14:29:03  can0  18FF1610#65 TX
2018-04-17 14:29:04  can0  18FF1720#25FFFFFFFFFFFFFF RX
2018-04-17 14:29:04  can0  18FF1610#65 TX
2018-04-17 14:29:04  can0  18FF2420#4D0E0000F0FFFFFF RX
2018-04-17 14:29:04  can0  18FF1610#65 TX
2018-04-17 14:29:05  can0  18FF1720#25FFFFFFFFFFFFFF RX
2018-04-17 14:29:05  can0  18FF1610#65 TX
2018-04-17 14:29:05  can0  18FF2420#4D0E0000F0FFFFFF RX
2018-04-17 14:29:05  can0  18FF1610#65 TX
2018-04-17 14:29:06  can0  18FF1720#25FFFFFFFFFFFFFF RX
2018-04-17 14:29:06  can0  18FF1610#65 TX
2018-04-17 14:29:06  can0  18FF2420#4D0E0000F0FFFFFF RX
2018-04-17 14:29:06  can0  18FF1610#65 TX
2018-04-17 14:29:07  can0  18FF1720#25FFFFFFFFFFFFFF RX
2018-04-17 14:29:07  can0  18FF1610#65 TX
2018-04-17 14:29:07  can0  18FF2420#4D0E0000F0FFFFFF RX
2018-04-17 14:29:07  can0  18FF1610#65 TX
2018-04-17 14:29:08  can0  18FF1720#25FFFFFFFFFFFFFF RX
2018-04-17 14:29:08  can0  18FF1610#65 TX
2018-04-17 14:29:08  can0  18FF2420#4D0E0000F0FFFFFF RX
2018-04-17 14:29:08  can0  18FF1610#65 TX
2018-04-17 14:29:09  can0  18FF1720#25FFFFFFFFFFFFFF RX
2018-04-17 14:29:09  can0  18FF1610#65 TX
2018-04-17 14:29:09  can0  18FF2420#4D0E0000F0FFFFFF RX
2018-04-17 14:29:09  can0  18FF1610#65 TX
2018-04-17 14:29:10  can0  18FF1720#25FFFFFFFFFFFFFF RX
2018-04-17 14:29:10  can0  18FF1610#65 TX
2018-04-17 14:29:10  can0  18FF2420#4D0E0000F0FFFFFF RX
2018-04-17 14:29:10  can0  18FF1610#65 TX
2018-04-17 14:29:11  can0  18FF1720#25FFFFFFFFFFFFFF RX
2018-04-17 14:29:11  can0  18FF1610#65 TX
2018-04-17 14:29:11  can0  18FF2420#4D0E0000F0FFFFFF RX
2018-04-17 14:29:11  can0  18FF1610#65 TX
2018-04-17 14:29:12  can0  18FF1720#25FFFFFFFFFFFFFF RX
2018-04-17 14:29:12  can0  18FF1610#65 TX
2018-04-17 14:29:12  can0  18FF2420#4D0E0000F0FFFFFF RX
2018-04-17 14:29:12  can0  18FF1610#65 TX
2018-04-17 14:29:13  can0  18FF1720#25FFFFFFFFFFFFFF RX
2018-04-17 14:29:13  can0  18FF1610#65 TX
2018-04-17 14:29:13  can0  18FF2420#4D0E0000F0FFFFFF RX
2018-04-17 14:29:13  can0  18FF1610#65 TX
2018-04-17 14:29:14  can0  18FF1720#25FFFFFFFFFFFFFF RX
2018-04-17 14:29:14  can0  18FF1610#65 TX
2018-04-17 14:29:14  can0  18FF2420#4D0E0000F0FFFFFF RX
2018-04-17 14:29:14  can0  18FF1610#65 TX
2018-04-17 14:29:15  can0  18FF1720#25FFFFFFFFFFFFFF RX
2018-04-17 14:29:15  can0  18FF1610#65 TX
2018-04-17 14:29:15  can0  18FF2420#4D0E0000F0FFFFFF RX
2018-04-17 14:29:15  can0  18FF1610#65 TX
2018-04-17 14:29:16  can0  18FF1720#25FFFFFFFFFFFFFF RX
2018-04-17 14:29:16  can0  18FF1610#65 TX
2018-04-17 14:29:16  can0  18FF2420#4D0E0000F0FFFFFF RX
2018-04-17 14:29:16  can0  18FF1610#65 TX
2018-04-17 14:29:17  can0  18FF1720#25FFFFFFFFFFFFFF RX
2018-04-17 14:29:17  can0  18FF1610#65 TX
2018-04-17 14:29:17  can0  18FF2420#4D0E0000F0FFFFFF RX
2018-04-17 14:29:17  can0  18FF1610#65 TX
2018-04-17 14:29:18  can0  18FF1720#25FFFFFFFFFFFFFF RX
2018-04-17 14:29:18  can0  18FF1610#65 TX
2018-04-17 14:29:18  can0  18FF2420#4D0E0000F0FFFFFF RX
2018-04-17 14:29:18  can0  18FF1610#65 TX
2018-04-17 14:29:19  can0  18FF1720#25FFFFFFFFFFFFFF RX
2018-04-17 14:29:19  can0  18FF1610#65 TX
2018-04-17 14:29:19  can0  18FF2420#4D0E0000F0FFFFFF RX
2018-04-17 14:29:19  can0  18FF1610#65 TX
2018-04-17 14:29:20  can0  18FF1720#25FFFFFFFFFFFFFF RX
2018-04-17 14:29:20  can0  18FF1610#65 TX
2018-04-17 14:29:20  can0  18FF2420#4D0E0000F0FFFFFF RX
2018-04-17 14:29:20  can0  18FF1610#65 TX
2018-04-17 14:29:21  can0  18FF1720#25FFFFFFFFFFFFFF RX
2018-04-17 14:29:21  can0  18FF1610#65 TX
2018-04-17 14:29:21  can0  18FF2420#4D0E0000F0FFFFFF RX
2018-04-17 14:29:21  can0  18FF1610#65 TX
2018-04-17 14:29:22  can0  18FF1720#25FFFFFFFFFFFFFF RX
2018-04-17 14:29:22  can0  18FF1610#65 TX
2018-04-17 14:29:22  can0  18FF2420#4D0E0000F0FFFFFF RX
2018-04-17 14:29:22  can0  18FF1610#65 TX
2018-04-17 14:29:23  can0  18FF1720#25FFFFFFFFFFFFFF RX
2018-04-17 14:29:23  can0  18FF1610#65 TX
2018-04-17 14:29:23  can0  18FF2420#4D0E0000F0FFFFFF RX
2018-04-17 14:29:23  can0  18FF1610#65 TX
2018-04-17 14:29:24  can0  18FF1720#25FFFFFFFFFFFFFF RX
2018-04-17 14:29:24  can0  18FF1610#65 TX
2018-04-17 14:29:24  can0  18FF2420#4D0E0000F0FFFFFF RX
2018-04-17 14:29:24  can0  18FF1610#65 TX
2018-04-17 14:29:25  can0  18FF1720#25FFFFFFFFFFFFFF RX
2018-04-17 14:29:25  can0  18FF1610#65 TX
2018-04-17 14:29:25  can0  18FF2420#4D0E0000F0FFFFFF RX
2018-04-17 14:29:25  can0  18FF1610#65 TX
2018-04-17 14:29:26  can0  18FF1720#25FFFFFFFFFFFFFF RX
2018-04-17 14:29:26  can0  18FF1610#65 TX
2018-04-17 14:29:26  can0  18FF2420#4D0E0000F0FFFFFF RX
2018-04-17 14:29:26  can0  18FF1610#65 TX
2018-04-17 14:29:27  can0  18FF1720#25FFFFFFFFFFFFFF RX
2018-04-17 14:29:27  can0  18FF1610#65 TX
2018-04-17 14:29:27  can0  18FF2420#4D0E0000F0FFFFFF RX
2018-04-17 14:29:27  can0  18FF1610#65 TX
2018-04-17 14:29:28  can0  18FF1720#25FFFFFFFFFFFFFF RX
2018-04-17 14:29:28  can0  18FF1610#65 TX
2018-04-17 14:29:28  can0  18FF2420#4D0E0000F0FFFFFF RX
2018-04-17 14:29:28  can0  18FF1610#65 TX
2018-04-17 14:29:29  can0  18FF1720#25FFFFFFFFFFFFFF RX
2018-04-17 14:29:29  can0  18FF1610#65 TX
2018-04-17 14:29:29  can0  18FF2420#4D0E0000F0FFFFFF RX
2018-04-17 14:29:29  can0  18FF1610#65 TX
2018-04-17 14:29:30  can0  18FF1720#25FFFFFFFFFFFFFF RX
2018-04-17 14:29:30  can0  18FF1610#65 TX
2018-04-17 14:29:30  can0  18FF2420#4D0E0000F0FFFFFF RX
2018-04-17 14:29:30  can0  18FF1610#65 TX
2018-04-17 14:29:31  can0  18FF1720#25FFFFFFFFFFFFFF RX
2018-04-17 14:29:31  can0  18FF1610#65 TX
2018-04-17 14:29:31  can0  18FF2420#4D0E0000F0FFFFFF RX
2018-04-17 14:29:31  can0  18FF1610#65 TX
2018-04-17 14:29:32  can0  18FF1720#25FFFFFFFFFFFFFF RX
2018-04-17 14:29:32  can0  18FF1610#65 TX
2018-04-17 14:29:32  can0  18FF2420#4D0E0000F0FFFFFF RX
2018-04-17 14:29:32  can0  18FF1610#65 TX
2018-04-17 14:29:33  can0  18FF1720#25FFFFFFFFFFFFFF RX
2018-04-17 14:29:33  can0  18FF1610#65 TX
2018-04-17 14:29:33  can0  18FF2420#4D0E0000F0FFFFFF RX
2018-04-17 14:29:33  can0  18FF1610#65 TX
2018-04-17 14:29:34  can0  18FF1720#25FFFFFFFFFFFFFF RX
2018-04-17 14:29:34  can0  18FF1610#65 TX
2018-04-17 14:29:34  can0  18FF2420#4D0E0000F0FFFFFF RX
2018-04-17 14:29:34  can0  18FF1610#65 TX
2018-04-17 14:29:35  can0  18FF1720#25FFFFFFFFFFFFFF RX
2018-04-17 14:29:35  can0  18FF1610#65 TX
2018-04-17 14:29:35  can0  18FF2420#4D0E0000F0FFFFFF RX
2018-04-17 14:29:35  can0  18FF1610#65 TX
2018-04-17 14:29:36  can0  18FF1720#25FFFFFFFFFFFFFF RX
2018-04-17 14:29:36  can0  18FF1610#65 TX
2018-04-17 14:29:36  can0  18FF2420#4D0E0000F0FFFFFF RX
2018-04-17 14:29:36  can0  18FF1610#65 TX
2018-04-17 14:29:37  can0  18FF1720#25FFFFFFFFFFFFFF RX
2018-04-17 14:29:37  can0  18FF1610#65 TX
2018-04-17 14:29:37  can0  18FF2420#4D0E0000F0FFFFFF RX
2018-04-17 14:29:37  can0  18FF1610#65 TX
2018-04-17 14:29:38  can0  18FF1720#25FFFFFFFFFFFFFF RX
2018-04-17 14:29:38  can0  18FF1610#65 TX
2018-04-17 14:29:38  can0  18FF2420#4D0E0000F0FFFFFF RX
2018-04-17 14:29:38  can0  18FF1610#65 TX
2018-04-17 14:29:39  can0  18FF1720#25FFFFFFFFFFFFFF RX
2018-04-17 14:29:39  can0  18FF1610#65 TX
2018-04-17 14:29:39  can0  18FF2420#4D0E0000F0FFFFFF RX
2018-04-17 14:29:39  can0  18FF1610#65 TX
2018-04-17 14:29:40  can0  18FF1720#25FFFFFFFFFFFFFF RX
2018-04-17 14:29:40  can0  18FF1610#65 TX
2018-04-17 14:29:40  can0  18FF2420#4D0E0000F0FFFFFF RX
2018-04-17 14:29:40  can0  18FF1610#65 TX
2018-04-17 14:29:41  can0  18FF1720#25FFFFFFFFFFFFFF RX
2018-04-17 14:29:41  can0  18FF1610#65 TX
2018-04-17 14:29:41  can0  18FF2420#4D0E0000F0FFFFFF RX
2018-04-17 14:29:41  can0  18FF1610#65 TX
2018-04-17 14:29:42  can0  18FF1720#25FFFFFFFFFFFFFF RX
2018-04-17 14:29:42  can0  18FF1610#65 TX
2018-04-17 14:29:42  can0  18FF2420#4D0E0000F0FFFFFF RX
2018-04-17 14:29:42  can0  18FF1610#65 TX
2018-04-17 14:29:43  can0  18FF1720#25FFFFFFFFFFFFFF RX
2018-04-17 14:29:43  can0  18FF1610#65 TX
2018-04-17 14:29:43  can0  18FF2420#4D0E0000F0FFFFFF RX
2018-04-17 14:29:43  can0  18FF1610#65 TX
2018-04-17 14:29:44  can0  18FF1720#25FFFFFFFFFFFFFF RX
2018-04-17 14:29:44  can0  18FF1610#65 TX
2018-04-17 14:29:44  can0  18FF2420#4D0E0000F0FFFFFF RX
2018-04-17 14:29:44  can0  18FF1610#65 TX
2018-04-17 14:29:45  can0  18FF1720#25FFFFFFFFFFFFFF RX
2018-04-17 14:29:45  can0  18FF1610#65 TX
2018-04-17 14:29:45  can0  18FF2420#4D0E0000F0FFFFFF RX
2018-04-17 14:29:45  can0  18FF1610#65 TX
2018-04-17 14:29:46  can0  18FF1720#25FFFFFFFFFFFFFF RX
2018-04-17 14:29:46  can0  18FF1610#65 TX
2018-04-17 14:29:46  can0  18FF2420#4D0E0000F0FFFFFF RX
2018-04-17 14:29:46  can0  18FF1610#65 TX
2018-04-17 14:29:47  can0  18FF1720#25FFFFFFFFFFFFFF RX
2018-04-17 14:29:47  can0  18FF1610#65 TX
2018-04-17 14:29:47  can0  18FF2420#4D0E0000F0FFFFFF RX
2018-04-17 14:29:47  can0  18FF1610#65 TX
2018-04-17 14:29:48  can0  18FF1720#25FFFFFFFFFFFFFF RX
2018-04-17 14:29:48  can0  18FF1610#65 TX
2018-04-17 14:29:48  can0  18FF2420#4D0E0000F0FFFFFF RX
2018-04-17 14:29:48  can0  18FF1610#65 TX
2018-04-17 14:29:49  can0  18FF1720#25FFFFFFFFFFFFFF RX
2018-04-17 14:29:49  can0  18FF1610#65 TX
2018-04-17 14:29:49  can0  18FF2420#4D0E0000F0FFFFFF RX
2018-04-17 14:29:49  can0  18FF1610#65 TX
2018-04-17 14:29:50  can0  18FF1720#25FFFFFFFFFFFFFF RX
2018-04-17 14:29:50  can0  18FF1610#65 TX
2018-04-17 14:29:50  can0  18FF2420#4D0E0000F0FFFFFF RX
2018-04-17 14:29:50  can0  18FF1610#65 TX
2018-04-17 14:29:51  can0  18FF1720#25FFFFFFFFFFFFFF RX
2018-04-17 14:29:51  can0  18FF1610#65 TX
2018-04-17 14:29:51  can0  18FF2420#4D0E0000F0FFFFFF RX
2018-04-17 14:29:51  can0  18FF1610#65 TX
2018-04-17 14:29:52  can0  18FF1720#25FFFFFFFFFFFFFF RX
2018-04-17 14:29:52  can0  18FF1610#65 TX
2018-04-17 14:29:52  can0  18FF2420#4D0E0000F0FFFFFF RX
2018-04-17 14:29:52  can0  18FF1610#65 TX
2018-04-17 14:29:53  can0  18FF1720#25FFFFFFFFFFFFFF RX
2018-04-17 14:29:53  can0  18FF1610#65 TX
2018-04-17 14:29:53  can0  18FF2420#4D0E0000F0FFFFFF RX
2018-04-17 14:29:53  can0  18FF1610#65 TX
2018-04-17 14:29:54  can0  18FF1720#25FFFFFFFFFFFFFF RX
2018-04-17 14:29:54  can0  18FF1610#65 TX
2018-04-17 14:29:54  can0  18FF2420#4D0E0000F0FFFFFF RX
2018-04-17 14:29:54  can0  18FF1610#65 TX
2018-04-17 14:29:55  can0  18FF1720#25FFFFFFFFFFFFFF RX
2018-04-17 14:29:55  can0  18FF1610#65 TX
2018-04-17 14:29:55  can0  18FF2420#4D0E0000F0FFFFFF RX
2018-04-17 14:29:55  can0  18FF1610#65 TX
2018-04-17 14:29:56  can0  18FF1720#25FFFFFFFFFFFFFF RX
2018-04-17 14:29:56  can0  18FF1610#65 TX
2018-04-17 14:29:56  can0  18FF2420#4D0E0000F0FFFFFF RX
2018-04-17 14:29:56  can0  18FF1610#65 TX
2018-04-17 14:29:57  can0  18FF1720#25FFFFFFFFFFFFFF RX
2018-04-17 14:29:57  can0  18FF1610#65 TX
2018-04-17 14:29:57  can0  18FF2420#4D0E0000F0FFFFFF RX
2018-04-17 14:29:57  can0  18FF1610#65 TX
2018-04-17 14:29:58  can0  18FF1720#25FFFFFFFFFFFFFF RX
2018-04-17 14:29:58  can0  18FF1610#65 TX
2018-04-17 14:29:58  can0  18FF2420#4D0E0000F0FFFFFF RX
2018-04-17 14:29:58  can0  18FF1610#65 TX
2018-04-17 14:29:58  can0  18FF2320#75029E00A50300FF RX
2018-04-17 14:29:58  can0  18FF1610#65 TX
2018-04-17 14:29:59  can0  18FF1720#25FFFFFFFFFFFFFF RX
2018-04-17 14:29:59  can0  18FF1610#65 TX
2018-04-17 14:29:59  can0  18FF2420#4D0E0000F0FFFFFF RX
2018-04-17 14:29:59  can0  18FF1610#65 TX
2018-04-17 14:30:00  can0  18FF1720#25FFFFFFFFFFFFFF RX
2018-04-17 14:30:00  can0  18FF1610#65 TX
2018-04-17 14:30:00  can0  18FF2420#4D0E0000F0FFFFFF RX
2018-04-17 14:30:00  can0  18FF1610#65 TX
2018-04-17 14:30:01  can0  18FF1720#25FFFFFFFFFFFFFF RX
2018-04-17 14:30:01  can0  18FF1610#65 TX
2018-04-17 14:30:01  can0  18FF2420#4D0E0000F0FFFFFF RX
2018-04-17 14:30:01  can0  18FF1610#65 TX
2018-04-17 14:30:02  can0  18FF1720#25FFFFFFFFFFFFFF RX
2018-04-17 14:30:02  can0  18FF1610#65 TX
2018-04-17 14:30:02  can0  18FF2420#4D0E0000F0FFFFFF RX
2018-04-17 14:30:02  can0  18FF1610#65 TX
2018-04-17 14:30:03  can0  18FF1720#25FFFFFFFFFFFFFF RX
2018-04-17 14:30:03  can0  18FF1610#65 TX
2018-04-17 14:30:03  can0  18FF2420#4D0E0000F0FFFFFF RX
2018-04-17 14:30:03  can0  18FF1610#65 TX
2018-04-17 14:30:04  can0  18FF1720#25FFFFFFFFFFFFFF RX
2018-04-17 14:30:04  can0  18FF1610#65 TX
2018-04-17 14:30:04  can0  18FF2420#4D0E0000F0FFFFFF RX
2018-04-17 14:30:04  can0  18FF1610#65 TX
2018-04-17 14:30:05  can0  18FF1720#25FFFFFFFFFFFFFF RX
2018-04-17 14:30:05  can0  18FF1610#65 TX
2018-04-17 14:30:05  can0  18FF2420#4D0E0000F0FFFFFF RX
2018-04-17 14:30:05  can0  18FF1610#65 TX
2018-04-17 14:30:06  can0  18FF1720#25FFFFFFFFFFFFFF RX
2018-04-17 14:30:06  can0  18FF1610#65 TX
2018-04-17 14:30:06  can0  18FF2420#4D0E0000F0FFFFFF RX
2018-04-17 14:30:06  can0  18FF1610#65 TX
2018-04-17 14:30:07  can0  18FF1720#25FFFFFFFFFFFFFF RX
2018-04-17 14:30:07  can0  18FF1610#65 TX
2018-04-17 14:30:07  can0  18FF2420#4D0E0000F0FFFFFF RX
2018-04-17 14:30:07  can0  18FF1610#65 TX
2018-04-17 14:30:08  can0  18FF1720#25FFFFFFFFFFFFFF RX
2018-04-17 14:30:08  can0  18FF1610#65 TX
2018-04-17 14:30:08  can0  18FF2420#4D0E0000F0FFFFFF RX
2018-04-17 14:30:08  can0  18FF1610#65 TX
2018-04-17 14:30:09  can0  18FF1720#25FFFFFFFFFFFFFF RX
2018-04-17 14:30:09  can0  18FF1610#65 TX
2018-04-17 14:30:09  can0  18FF2420#4D0E0000F0FFFFFF RX
2018-04-17 14:30:09  can0  18FF1610#65 TX
2018-04-17 14:30:10  can0  18FF1720#25FFFFFFFFFFFFFF RX
2018-04-17 14:30:10  can0  18FF1610#65 TX
2018-04-17 14:30:10  can0  18FF2420#4D0E0000F0FFFFFF RX
2018-04-17 14:30:10  can0  18FF1610#65 TX
2018-04-17 14:30:11  can0  18FF1720#25FFFFFFFFFFFFFF RX
2018-04-17 14:30:11  can0  18FF1610#65 TX
2018-04-17 14:30:11  can0  18FF2420#4D0E0000F0FFFFFF RX
2018-04-17 14:30:11  can0  18FF1610#65 TX
2018-04-17 14:30:12  can0  18FF1720#25FFFFFFFFFFFFFF RX
2018-04-17 14:30:12  can0  18FF1610#65 TX
2018-04-17 14:30:12  can0  18FF2420#4D0E0000F0FFFFFF RX
2018-04-17 14:30:12  can0  18FF1610#65 TX
2018-04-17 14:30:13  can0  18FF1720#25FFFFFFFFFFFFFF RX
2018-04-17 14:30:13  can0  18FF1610#65 TX
2018-04-17 14:30:13  can0  18FF2420#4D0E0000F0FFFFFF RX
2018-04-17 14:30:13  can0  18FF1610#65 TX
2018-04-17 14:30:14  can0  18FF1720#25FFFFFFFFFFFFFF RX
2018-04-17 14:30:14  can0  18FF1610#65 TX
2018-04-17 14:30:14  can0  18FF2420#4D0E0000F0FFFFFF RX
2018-04-17 14:30:14  can0  18FF1610#65 TX
2018-04-17 14:30:15  can0  18FF1720#25FFFFFFFFFFFFFF RX
2018-04-17 14:30:15  can0  18FF1610#65 TX
2018-04-17 14:30:15  can0  18FF2420#4D0E0000F0FFFFFF RX
2018-04-17 14:30:15  can0  18FF1610#65 TX
2018-04-17 14:30:16  can0  18FF1720#25FFFFFFFFFFFFFF RX
2018-04-17 14:30:16  can0  18FF1610#65 TX
2018-04-17 14:30:16  can0  18FF2420#4D0E0000F0FFFFFF RX
2018-04-17 14:30:16  can0  18FF1610#65 TX
2018-04-17 14:30:17  can0  18FF1720#25FFFFFFFFFFFFFF RX
2018-04-17 14:30:17  can0  18FF1610#65 TX
2018-04-17 14:30:17  can0  18FF2420#4D0E0000F0FFFFFF RX
2018-04-17 14:30:17  can0  18FF1610#65 TX
2018-04-17 14:30:18  can0  18FF1720#25FFFFFFFFFFFFFF RX
2018-04-17 14:30:18  can0  18FF1610#65 TX
2018-04-17 14:30:18  can0  18FF2420#4D0E0000F0FFFFFF RX
2018-04-17 14:30:18  can0  18FF1610#65 TX
2018-04-17 14:30:19  can0  18FF1720#25FFFFFFFFFFFFFF RX
2018-04-17 14:30:19  can0  18FF1610#65 TX
2018-04-17 14:30:19  can0  18FF2420#4D0E0000F0FFFFFF RX
2018-04-17 14:30:19  can0  18FF1610#65 TX
2018-04-17 14:30:20  can0  18FF1720#25FFFFFFFFFFFFFF RX
2018-04-17 14:30:20  can0  18FF1610#65 TX
2018-04-17 14:30:20  can0  18FF2420#4D0E0000F0FFFFFF RX
2018-04-17 14:30:20  can0  18FF1610#65 TX
2018-04-17 14:30:21  can0  18FF1720#25FFFFFFFFFFFFFF RX
2018-04-17 14:30:21  can0  18FF1610#65 TX
2018-04-17 14:30:21  can0  18FF2420#4D0E0000F0FFFFFF RX
2018-04-17 14:30:21  can0  18FF1610#65 TX
2018-04-17 14:30:22  can0  18FF1720#25FFFFFFFFFFFFFF RX
2018-04-17 14:30:22  can0  18FF1610#65 TX
2018-04-17 14:30:22  can0  18FF2420#4D0E0000F0FFFFFF RX
2018-04-17 14:30:22  can0  18FF1610#65 TX
2018-04-17 14:30:23  can0  18FF1720#25FFFFFFFFFFFFFF RX
2018-04-17 14:30:23  can0  18FF1610#65 TX
2018-04-17 14:30:23  can0  18FF2420#4D0E0000F0FFFFFF RX
2018-04-17 14:30:23  can0  18FF1610#65 TX
2018-04-17 14:30:24  can0  18FF1720#25FFFFFFFFFFFFFF RX
2018-04-17 14:30:24  can0  18FF1610#65 TX
2018-04-17 14:30:24  can0  18FF2420#4D0E0000F0FFFFFF RX
2018-04-17 14:30:24  can0  18FF1610#65 TX
2018-04-17 14:30:25  can0  18FF1720#25FFFFFFFFFFFFFF RX
2018-04-17 14:30:25  can0  18FF1610#65 TX
2018-04-17 14:30:25  can0  18FF2420#4D0E0000F0FFFFFF RX
2018-04-17 14:30:25  can0  18FF1610#65 TX
2018-04-17 14:30:26  can0  18FF1720#25FFFFFFFFFFFFFF RX
2018-04-17 14:30:26  can0  18FF1610#65 TX
2018-04-17 14:30:26  can0  18FF2420#4D0E0000F0FFFFFF RX
2018-04-17 14:30:26  can0  18FF1610#65 TX
2018-04-17 14:30:27  can0  18FF1720#25FFFFFFFFFFFFFF RX
2018-04-17 14:30:27  can0  18FF1610#65 TX
2018-04-17 14:30:27  can0  18FF2420#4D0E0000F0FFFFFF RX
2018-04-17 14:30:27  can0  18FF1610#65 TX
2018-04-17 14:30:28  can0  18FF1720#25FFFFFFFFFFFFFF RX
2018-04-17 14:30:28  can0  18FF1610#65 TX
2018-04-17 14:30:28  can0  18FF2420#4D0E0000F0FFFFFF RX
2018-04-17 14:30:28  can0  18FF1610#65 TX
2018-04-17 14:30:29  can0  18FF1720#25FFFFFFFFFFFFFF RX
2018-04-17 14:30:29  can0  18FF1610#65 TX
2018-04-17 14:30:29  can0  18FF2420#4D0E0000F0FFFFFF RX
2018-04-17 14:30:29  can0  18FF1610#65 TX
2018-04-17 14:30:30  can0  18FF1720#25FFFFFFFFFFFFFF RX
2018-04-17 14:30:30  can0  18FF1610#65 TX
2018-04-17 14:30:30  can0  18FF2420#4D0E0000F0FFFFFF RX
2018-04-17 14:30:30  can0  18FF1610#65 TX
2018-04-17 14:30:31  can0  18FF1720#25FFFFFFFFFFFFFF RX
2018-04-17 14:30:31  can0  18FF1610#65 TX
2018-04-17 14:30:31  can0  18FF2420#4D0E0000F0FFFFFF RX
2018-04-17 14:30:31  can0  18FF1610#65 TX
2018-04-17 14:30:32  can0  18FF1720#25FFFFFFFFFFFFFF RX
2018-04-17 14:30:32  can0  18FF1610#65 TX
2018-04-17 14:30:32  can0  18FF2420#4D0E0000F0FFFFFF RX
2018-04-17 14:30:32  can0  18FF1610#65 TX
2018-04-17 14:30:33  can0  18FF1720#25FFFFFFFFFFFFFF RX
2018-04-17 14:30:33  can0  18FF1610#65 TX
2018-04-17 14:30:33  can0  18FF2420#4D0E0000F0FFFFFF RX
2018-04-17 14:30:33  can0  18FF1610#65 TX
2018-04-17 14:30:34  can0  18FF1720#25FFFFFFFFFFFFFF RX
2018-04-17 14:30:34  can0  18FF1610#65 TX
2018-04-17 14:30:34  can0  18FF2420#4D0E0000F0FFFFFF RX
2018-04-17 14:30:34  can0  18FF1610#65 TX
2018-04-17 14:30:35  can0  18FF1720#25FFFFFFFFFFFFFF RX
2018-04-17 14:30:35  can0  18FF1610#65 TX
2018-04-17 14:30:35  can0  18FF2420#4D0E0000F0FFFFFF RX
2018-04-17 14:30:35  can0  18FF1610#65 TX
2018-04-17 14:30:36  can0  18FF1720#25FFFFFFFFFFFFFF RX
2018-04-17 14:30:36  can0  18FF1610#65 TX
2018-04-17 14:30:36  can0  18FF2420#4D0E0000F0FFFFFF RX
2018-04-17 14:30:36  can0  18FF1610#65 TX
2018-04-17 14:30:37  can0  18FF1720#25FFFFFFFFFFFFFF RX
2018-04-17 14:30:37  can0  18FF1610#65 TX
2018-04-17 14:30:37  can0  18FF2420#4D0E0000F0FFFFFF RX
2018-04-17 14:30:37  can0  18FF1610#65 TX
2018-04-17 14:30:38  can0  18FF1720#25FFFFFFFFFFFFFF RX
2018-04-17 14:30:38  can0  18FF1610#65 TX
2018-04-17 14:30:38  can0  18FF2420#4D0E0000F0FFFFFF RX
2018-04-17 14:30:38  can0  18FF1610#65 TX
2018-04-17 14:30:39  can0  18FF1720#25FFFFFFFFFFFFFF RX
2018-04-17 14:30:39  can0  18FF1610#65 TX
2018-04-17 14:30:39  can0  18FF2420#4D0E0000F0FFFFFF RX
2018-04-17 14:30:39  can0  18FF1610#65 TX
2018-04-17 14:30:40  can0  18FF1720#25FFFFFFFFFFFFFF RX
2018-04-17 14:30:40  can0  18FF1610#65 TX
2018-04-17 14:30:40  can0  18FF2420#4D0E0000F0FFFFFF RX
2018-04-17 14:30:40  can0  18FF1610#65 TX
2018-04-17 14:30:41  can0  18FF1720#25FFFFFFFFFFFFFF RX
2018-04-17 14:30:41  can0  18FF1610#65 TX
2018-04-17 14:30:41  can0  18FF2420#4D0E0000F0FFFFFF RX
2018-04-17 14:30:41  can0  18FF1610#65 TX
2018-04-17 14:30:42  can0  18FF1720#25FFFFFFFFFFFFFF RX
2018-04-17 14:30:42  can0  18FF1610#65 TX
2018-04-17 14:30:42  can0  18FF2420#4D0E0000F0FFFFFF RX
2018-04-17 14:30:42  can0  18FF1610#65 TX
2018-04-17 14:30:43  can0  18FF1720#25FFFFFFFFFFFFFF RX
2018-04-17 14:30:43  can0  18FF1610#65 TX
2018-04-17 14:30:43  can0  18FF2420#4D0E0000F0FFFFFF RX
2018-04-17 14:30:43  can0  18FF1610#65 TX
2018-04-17 14:30:44  can0  18FF1720#25FFFFFFFFFFFFFF RX
2018-04-17 14:30:44  can0  18FF1610#65 TX
2018-04-17 14:30:44  can0  18FF2420#4D0E0000F0FFFFFF RX
2018-04-17 14:30:44  can0  18FF1610#65 TX
2018-04-17 14:30:45  can0  18FF1720#25FFFFFFFFFFFFFF RX
2018-04-17 14:30:45  can0  18FF1610#65 TX
2018-04-17 14:30:45  can0  18FF2420#4D0E0000F0FFFFFF RX
2018-04-17 14:30:45  can0  18FF1610#65 TX
2018-04-17 14:30:46  can0  18FF1720#25FFFFFFFFFFFFFF RX
2018-04-17 14:30:46  can0  18FF1610#65 TX
2018-04-17 14:30:46  can0  18FF2420#4D0E0000F0FFFFFF RX
2018-04-17 14:30:46  can0  18FF1610#65 TX
2018-04-17 14:30:47  can0  18FF1720#25FFFFFFFFFFFFFF RX
2018-04-17 14:30:47  can0  18FF1610#55 TX
2018-04-17 14:30:47  can0  18FF2420#4D0E0000F0FFFFFF RX
2018-04-17 14:30:47  can0  18FF1610#55 TX
2018-04-17 14:30:48  can0  18FF1720#25FFFFFFFFFFFFFF RX
2018-04-17 14:30:48  can0  18FF1610#55 TX
2018-04-17 14:30:48  can0  18FF2420#4D0E0000F0FFFFFF RX
2018-04-17 14:30:48  can0  18FF1610#55 TX
2018-04-17 14:30:49  can0  18FF1720#20FFFFFFFFFFFFFF RX
2018-04-17 14:30:49  can0  18FF1610#55 TX
2018-04-17 14:30:49  can0  18FF2420#4D0E0000F0FFFFFF RX
2018-04-17 14:30:49  can0  18FF1610#55 TX
2018-04-17 14:30:50  can0  18FF1720#20FFFFFFFFFFFFFF RX
2018-04-17 14:30:50  can0  18FF1610#55 TX
2018-04-17 14:30:50  can0  18FF2420#4D0E0000F0FFFFFF RX
2018-04-17 14:30:50  can0  18FF1610#55 TX
2018-04-17 14:30:51  can0  18FF1720#20FFFFFFFFFFFFFF RX
2018-04-17 14:30:51  can0  18FF1610#55 TX
2018-04-17 14:30:51  can0  18FF2420#4D0E0000F0FFFFFF RX
2018-04-17 14:30:51  can0  18FF1610#55 TX
2018-04-17 14:30:52  can0  18FF1720#20FFFFFFFFFFFFFF RX
2018-04-17 14:30:52  can0  18FF1610#55 TX
2018-04-17 14:30:52  can0  18FF2420#4D0E0000F0FFFFFF RX
2018-04-17 14:30:52  can0  18FF1610#55 TX
2018-04-17 14:30:53  can0  18FF1610#55 TX
No response from generator
Time Out Error: CAN line might be disconnected or generator can interface is down
Resetting CAN interface on server
2018-04-17 14:30:53  can0  18FF1720#21FFFFFFFFFFFFFF RX
2018-04-17 14:30:53  can0  18FF1610#55 TX
2018-04-17 14:30:53  can0  18FF2420#4D0E0000F0FFFFFF RX
2018-04-17 14:30:53  can0  18FF1610#55 TX
2018-04-17 14:30:54  can0  18FF1720#21FFFFFFFFFFFFFF RX
2018-04-17 14:30:54  can0  18FF1610#55 TX
2018-04-17 14:30:54  can0  18FF2420#4D0E0000F0FFFFFF RX
2018-04-17 14:30:54  can0  18FF1610#55 TX
2018-04-17 14:30:55  can0  18FF1720#21FFFFFFFFFFFFFF RX
2018-04-17 14:30:55  can0  18FF1610#55 TX
2018-04-17 14:30:55  can0  18FF2420#4D0E0000F0FFFFFF RX
2018-04-17 14:30:55  can0  18FF1610#55 TX
2018-04-17 14:30:56  can0  18FF1720#21FFFFFFFFFFFFFF RX
2018-04-17 14:30:56  can0  18FF1610#55 TX
2018-04-17 14:30:56  can0  18FF2420#4D0E0000F0FFFFFF RX
2018-04-17 14:30:56  can0  18FF1610#55 TX
2018-04-17 14:30:57  can0  18FF1720#21FFFFFFFFFFFFFF RX
2018-04-17 14:30:57  can0  18FF1610#55 TX
2018-04-17 14:30:57  can0  18FF2420#4D0E0000F0FFFFFF RX
2018-04-17 14:30:57  can0  18FF1610#55 TX
2018-04-17 14:30:58  can0  18FF1720#21FFFFFFFFFFFFFF RX
2018-04-17 14:30:58  can0  18FF1610#55 TX
2018-04-17 14:30:58  can0  18FF2420#4D0E0000F0FFFFFF RX
2018-04-17 14:30:58  can0  18FF1610#55 TX
2018-04-17 14:30:59  can0  18FF1720#21FFFFFFFFFFFFFF RX
2018-04-17 14:30:59  can0  18FF1610#55 TX
2018-04-17 14:30:59  can0  18FF2420#4D0E0000F0FFFFFF RX
2018-04-17 14:30:59  can0  18FF1610#55 TX
2018-04-17 14:31:00  can0  18FF1720#21FFFFFFFFFFFFFF RX
2018-04-17 14:31:00  can0  18FF1610#55 TX
2018-04-17 14:31:00  can0  18FF2420#4D0E0000F0FFFFFF RX
2018-04-17 14:31:00  can0  18FF1610#55 TX
2018-04-17 14:31:01  can0  18FF1720#21FFFFFFFFFFFFFF RX
2018-04-17 14:31:01  can0  18FF1610#55 TX
2018-04-17 14:31:01  can0  18FF2420#4D0E0000F0FFFFFF RX
2018-04-17 14:31:01  can0  18FF1610#55 TX
2018-04-17 14:31:02  can0  18FF1720#21FFFFFFFFFFFFFF RX
2018-04-17 14:31:02  can0  18FF1610#55 TX
2018-04-17 14:31:02  can0  18FF2420#4D0E0000F0FFFFFF RX
2018-04-17 14:31:02  can0  18FF1610#55 TX
2018-04-17 14:31:03  can0  18FF1720#21FFFFFFFFFFFFFF RX
2018-04-17 14:31:03  can0  18FF1610#55 TX
2018-04-17 14:31:03  can0  18FF2420#4D0E0000F0FFFFFF RX
2018-04-17 14:31:03  can0  18FF1610#55 TX
2018-04-17 14:31:04  can0  18FF1720#21FFFFFFFFFFFFFF RX
2018-04-17 14:31:04  can0  18FF1610#55 TX
2018-04-17 14:31:04  can0  18FF2420#4D0E0000F0FFFFFF RX
2018-04-17 14:31:04  can0  18FF1610#55 TX
2018-04-17 14:31:05  can0  18FF1720#21FFFFFFFFFFFFFF RX
2018-04-17 14:31:05  can0  18FF1610#55 TX
2018-04-17 14:31:05  can0  18FF2420#4D0E0000F0FFFFFF RX
2018-04-17 14:31:05  can0  18FF1610#55 TX
2018-04-17 14:31:06  can0  18FF1720#21FFFFFFFFFFFFFF RX
2018-04-17 14:31:06  can0  18FF1610#55 TX
2018-04-17 14:31:06  can0  18FF2420#4D0E0000F0FFFFFF RX
2018-04-17 14:31:06  can0  18FF1610#55 TX
2018-04-17 14:31:07  can0  18FF1720#21FFFFFFFFFFFFFF RX
2018-04-17 14:31:07  can0  18FF1610#55 TX
2018-04-17 14:31:07  can0  18FF2420#4D0E0000F0FFFFFF RX
2018-04-17 14:31:07  can0  18FF1610#55 TX
2018-04-17 14:31:08  can0  18FF1720#21FFFFFFFFFFFFFF RX
2018-04-17 14:31:08  can0  18FF1610#55 TX
2018-04-17 14:31:08  can0  18FF2420#4D0E0000F0FFFFFF RX
2018-04-17 14:31:08  can0  18FF1610#55 TX
2018-04-17 14:31:09  can0  18FF1720#21FFFFFFFFFFFFFF RX
2018-04-17 14:31:09  can0  18FF1610#55 TX
2018-04-17 14:31:09  can0  18FF2420#4D0E0000F0FFFFFF RX
2018-04-17 14:31:09  can0  18FF1610#55 TX
2018-04-17 14:31:10  can0  18FF1720#21FFFFFFFFFFFFFF RX
2018-04-17 14:31:10  can0  18FF1610#55 TX
2018-04-17 14:31:10  can0  18FF2420#4D0E0000F0FFFFFF RX
2018-04-17 14:31:10  can0  18FF1610#55 TX
2018-04-17 14:31:11  can0  18FF1720#21FFFFFFFFFFFFFF RX
2018-04-17 14:31:11  can0  18FF1610#55 TX
2018-04-17 14:31:11  can0  18FF2420#4D0E0000F0FFFFFF RX
2018-04-17 14:31:11  can0  18FF1610#55 TX
2018-04-17 14:31:12  can0  18FF1720#21FFFFFFFFFFFFFF RX
2018-04-17 14:31:12  can0  18FF1610#55 TX
2018-04-17 14:31:12  can0  18FF2420#4D0E0000F0FFFFFF RX
2018-04-17 14:31:12  can0  18FF1610#55 TX
2018-04-17 14:31:13  can0  18FF1720#21FFFFFFFFFFFFFF RX
2018-04-17 14:31:13  can0  18FF1610#55 TX
2018-04-17 14:31:13  can0  18FF2420#4D0E0000F0FFFFFF RX
2018-04-17 14:31:13  can0  18FF1610#55 TX
2018-04-17 14:31:14  can0  18FF1720#21FFFFFFFFFFFFFF RX
2018-04-17 14:31:14  can0  18FF1610#55 TX
2018-04-17 14:31:14  can0  18FF2420#4D0E0000F0FFFFFF RX
2018-04-17 14:31:14  can0  18FF1610#55 TX
2018-04-17 14:31:15  can0  18FF1720#21FFFFFFFFFFFFFF RX
2018-04-17 14:31:15  can0  18FF1610#55 TX
2018-04-17 14:31:15  can0  18FF2420#4D0E0000F0FFFFFF RX
2018-04-17 14:31:15  can0  18FF1610#55 TX
2018-04-17 14:31:16  can0  18FF1720#21FFFFFFFFFFFFFF RX
2018-04-17 14:31:16  can0  18FF1610#55 TX
2018-04-17 14:31:16  can0  18FF2420#4D0E0000F0FFFFFF RX
2018-04-17 14:31:16  can0  18FF1610#55 TX
2018-04-17 14:31:17  can0  18FF1720#21FFFFFFFFFFFFFF RX
2018-04-17 14:31:17  can0  18FF1610#55 TX
2018-04-17 14:31:17  can0  18FF2420#4D0E0000F0FFFFFF RX
2018-04-17 14:31:17  can0  18FF1610#55 TX
2018-04-17 14:31:18  can0  18FF1720#21FFFFFFFFFFFFFF RX
2018-04-17 14:31:18  can0  18FF1610#55 TX
2018-04-17 14:31:18  can0  18FF2420#4D0E0000F0FFFFFF RX
2018-04-17 14:31:18  can0  18FF1610#55 TX
2018-04-17 14:31:19  can0  18FF1720#21FFFFFFFFFFFFFF RX
2018-04-17 14:31:19  can0  18FF1610#55 TX
2018-04-17 14:31:19  can0  18FF2420#4D0E0000F0FFFFFF RX
2018-04-17 14:31:19  can0  18FF1610#55 TX
2018-04-17 14:31:20  can0  18FF1720#21FFFFFFFFFFFFFF RX
2018-04-17 14:31:20  can0  18FF1610#55 TX
2018-04-17 14:31:20  can0  18FF2420#4D0E0000F0FFFFFF RX
2018-04-17 14:31:20  can0  18FF1610#55 TX
2018-04-17 14:31:21  can0  18FF1720#21FFFFFFFFFFFFFF RX
2018-04-17 14:31:21  can0  18FF1610#55 TX
2018-04-17 14:31:21  can0  18FF2420#4D0E0000F0FFFFFF RX
2018-04-17 14:31:21  can0  18FF1610#55 TX
2018-04-17 14:31:22  can0  18FF1720#21FFFFFFFFFFFFFF RX
2018-04-17 14:31:22  can0  18FF1610#55 TX
2018-04-17 14:31:22  can0  18FF2420#4D0E0000F0FFFFFF RX
2018-04-17 14:31:22  can0  18FF1610#55 TX
2018-04-17 14:31:23  can0  18FF1720#21FFFFFFFFFFFFFF RX
2018-04-17 14:31:23  can0  18FF1610#55 TX
2018-04-17 14:31:23  can0  18FF2420#4D0E0000F0FFFFFF RX
2018-04-17 14:31:23  can0  18FF1610#55 TX
2018-04-17 14:31:24  can0  18FF1720#21FFFFFFFFFFFFFF RX
2018-04-17 14:31:24  can0  18FF1610#55 TX
2018-04-17 14:31:24  can0  18FF2420#4D0E0000F0FFFFFF RX
2018-04-17 14:31:24  can0  18FF1610#55 TX
2018-04-17 14:31:25  can0  18FF1720#21FFFFFFFFFFFFFF RX
2018-04-17 14:31:25  can0  18FF1610#55 TX
2018-04-17 14:31:25  can0  18FF2420#4D0E0000F0FFFFFF RX
2018-04-17 14:31:25  can0  18FF1610#55 TX
2018-04-17 14:31:26  can0  18FF1720#21FFFFFFFFFFFFFF RX
2018-04-17 14:31:26  can0  18FF1610#55 TX
2018-04-17 14:31:26  can0  18FF2420#4D0E0000F0FFFFFF RX
2018-04-17 14:31:26  can0  18FF1610#55 TX
2018-04-17 14:31:27  can0  18FF1720#21FFFFFFFFFFFFFF RX
2018-04-17 14:31:27  can0  18FF1610#55 TX
2018-04-17 14:31:27  can0  18FF2420#4D0E0000F0FFFFFF RX
2018-04-17 14:31:27  can0  18FF1610#55 TX
2018-04-17 14:31:28  can0  18FF1720#21FFFFFFFFFFFFFF RX
