2018-04-17 14:02:36  can0  18FF1610#55 TX
2018-04-17 14:02:36  can0  18FF1720#21FFFFFFFFFFFFFF RX
2018-04-17 14:02:36  can0  18FF1610#55 TX
2018-04-17 14:02:36  can0  18FF2420#69180000F0FFFFFF RX
2018-04-17 14:02:36  can0  18FF1610#55 TX
2018-04-17 14:02:37  can0  18FF1720#21FFFFFFFFFFFFFF RX
2018-04-17 14:02:37  can0  18FF1610#55 TX
2018-04-17 14:02:37  can0  18FF2420#69180000F0FFFFFF RX
2018-04-17 14:02:37  can0  18FF1610#55 TX
2018-04-17 14:02:38  can0  18FF1720#21FFFFFFFFFFFFFF RX
2018-04-17 14:02:38  can0  18FF1610#55 TX
2018-04-17 14:02:38  can0  18FF2420#69180000F0FFFFFF RX
2018-04-17 14:02:38  can0  18FF1610#55 TX
2018-04-17 14:02:39  can0  18FF1720#21FFFFFFFFFFFFFF RX
2018-04-17 14:02:39  can0  18FF1610#55 TX
2018-04-17 14:02:39  can0  18FF2420#69180000F0FFFFFF RX
2018-04-17 14:02:39  can0  18FF1610#55 TX
2018-04-17 14:02:40  can0  18FF1720#21FFFFFFFFFFFFFF RX
2018-04-17 14:02:40  can0  18FF1610#55 TX
2018-04-17 14:02:40  can0  18FF2420#69180000F0FFFFFF RX
2018-04-17 14:02:40  can0  18FF1610#55 TX
2018-04-17 14:02:41  can0  18FF2500#297300440100FCFF RX
2018-04-17 14:02:41  can0  18FF1610#55 TX
2018-04-17 14:02:41  can0  18FF2400#69180000F0FFFFFF RX
2018-04-17 14:02:41  can0  18FF1610#55 TX
2018-04-17 14:02:42  can0  18FF2500#297300540100FCFF RX
2018-04-17 14:02:42  can0  18FF1610#55 TX
2018-04-17 14:02:42  can0  18FF2400#69180000F0FFFFFF RX
2018-04-17 14:02:42  can0  18FF1610#55 TX
2018-04-17 14:02:43  can0  18FF1610#55 TX
No response from generator
Time Out Error: CAN line might be disconnected or generator can interface is down
Resetting CAN interface on server
2018-04-17 14:02:44  can0  18FF2500#297300540100FCFF RX
2018-04-17 14:02:44  can0  18FF1610#55 TX
2018-04-17 14:02:44  can0  18FF2400#4D0E0000F0FFFFFF RX
2018-04-17 14:02:44  can0  18FF1610#55 TX
2018-04-17 14:02:45  can0  18FF2500#297300540100FCFF RX
2018-04-17 14:02:45  can0  18FF1610#55 TX
2018-04-17 14:02:45  can0  18FF2400#4D0E0000F0FFFFFF RX
2018-04-17 14:02:45  can0  18FF1610#55 TX
2018-04-17 14:02:46  can0  18FF2500#297300540100FCFF RX
2018-04-17 14:02:46  can0  18FF1610#55 TX
2018-04-17 14:02:46  can0  18FF2400#4D0E0000F0FFFFFF RX
2018-04-17 14:02:46  can0  18FF1610#55 TX
2018-04-17 14:02:47  can0  18FF2500#297300540100FCFF RX
2018-04-17 14:02:47  can0  18FF1610#55 TX
2018-04-17 14:02:47  can0  18FF2400#4D0E0000F0FFFFFF RX
2018-04-17 14:02:47  can0  18FF1610#55 TX
2018-04-17 14:02:48  can0  18FF1720#21FFFFFFFFFFFFFF RX
2018-04-17 14:02:48  can0  18FF1610#55 TX
2018-04-17 14:02:48  can0  18FF2420#4D0E0000F0FFFFFF RX
2018-04-17 14:02:48  can0  18FF1610#55 TX
2018-04-17 14:02:49  can0  18FF1720#21FFFFFFFFFFFFFF RX
2018-04-17 14:02:49  can0  18FF1610#55 TX
2018-04-17 14:02:49  can0  18FF2420#4D0E0000F0FFFFFF RX
2018-04-17 14:02:49  can0  18FF1610#55 TX
2018-04-17 14:02:50  can0  18FF1720#21FFFFFFFFFFFFFF RX
2018-04-17 14:02:50  can0  18FF1610#55 TX
2018-04-17 14:02:50  can0  18FF2420#4D0E0000F0FFFFFF RX
2018-04-17 14:02:50  can0  18FF1610#55 TX
2018-04-17 14:02:51  can0  18FF1720#21FFFFFFFFFFFFFF RX
2018-04-17 14:02:51  can0  18FF1610#55 TX
2018-04-17 14:02:51  can0  18FF2420#4D0E0000F0FFFFFF RX
2018-04-17 14:02:51  can0  18FF1610#55 TX
2018-04-17 14:02:52  can0  18FF1720#21FFFFFFFFFFFFFF RX
2018-04-17 14:02:52  can0  18FF1610#55 TX
2018-04-17 14:02:52  can0  18FF2420#4D0E0000F0FFFFFF RX
2018-04-17 14:02:52  can0  18FF1610#55 TX
2018-04-17 14:02:53  can0  18FF1720#21FFFFFFFFFFFFFF RX
2018-04-17 14:02:53  can0  18FF1610#55 TX
2018-04-17 14:02:53  can0  18FF2420#4D0E0000F0FFFFFF RX
2018-04-17 14:02:53  can0  18FF1610#55 TX
2018-04-17 14:02:54  can0  18FF1720#21FFFFFFFFFFFFFF RX
2018-04-17 14:02:54  can0  18FF1610#55 TX
2018-04-17 14:02:54  can0  18FF2420#4D0E0000F0FFFFFF RX
2018-04-17 14:02:54  can0  18FF1610#55 TX
2018-04-17 14:02:55  can0  18FF1720#21FFFFFFFFFFFFFF RX
2018-04-17 14:02:55  can0  18FF1610#55 TX
2018-04-17 14:02:55  can0  18FF2420#4D0E0000F0FFFFFF RX
2018-04-17 14:02:55  can0  18FF1610#55 TX
2018-04-17 14:02:56  can0  18FF1720#21FFFFFFFFFFFFFF RX
2018-04-17 14:02:56  can0  18FF1610#55 TX
2018-04-17 14:02:56  can0  18FF2420#4D0E0000F0FFFFFF RX
2018-04-17 14:02:56  can0  18FF1610#55 TX
2018-04-17 14:02:57  can0  18FF1720#21FFFFFFFFFFFFFF RX
2018-04-17 14:02:57  can0  18FF1610#55 TX
2018-04-17 14:02:57  can0  18FF2420#4D0E0000F0FFFFFF RX
2018-04-17 14:02:57  can0  18FF1610#55 TX
2018-04-17 14:02:58  can0  18FF1720#21FFFFFFFFFFFFFF RX
2018-04-17 14:02:58  can0  18FF1610#55 TX
2018-04-17 14:02:58  can0  18FF2420#4D0E0000F0FFFFFF RX
2018-04-17 14:02:58  can0  18FF1610#55 TX
2018-04-17 14:02:59  can0  18FF1720#21FFFFFFFFFFFFFF RX
2018-04-17 14:02:59  can0  18FF1610#55 TX
2018-04-17 14:02:59  can0  18FF2420#4D0E0000F0FFFFFF RX
2018-04-17 14:02:59  can0  18FF1610#55 TX
2018-04-17 14:03:00  can0  18FF1720#21FFFFFFFFFFFFFF RX
2018-04-17 14:03:00  can0  18FF1610#55 TX
2018-04-17 14:03:00  can0  18FF2420#4D0E0000F0FFFFFF RX
2018-04-17 14:03:00  can0  18FF1610#55 TX
2018-04-17 14:03:01  can0  18FF1720#21FFFFFFFFFFFFFF RX
2018-04-17 14:03:01  can0  18FF1610#55 TX
2018-04-17 14:03:01  can0  18FF2420#4D0E0000F0FFFFFF RX
2018-04-17 14:03:01  can0  18FF1610#55 TX
2018-04-17 14:03:02  can0  18FF1720#21FFFFFFFFFFFFFF RX
2018-04-17 14:03:02  can0  18FF1610#55 TX
2018-04-17 14:03:02  can0  18FF2420#4D0E0000F0FFFFFF RX
2018-04-17 14:03:02  can0  18FF1610#55 TX
2018-04-17 14:03:03  can0  18FF1720#21FFFFFFFFFFFFFF RX
2018-04-17 14:03:03  can0  18FF1610#55 TX
2018-04-17 14:03:03  can0  18FF2420#4D0E0000F0FFFFFF RX
2018-04-17 14:03:03  can0  18FF1610#55 TX
2018-04-17 14:03:04  can0  18FF1720#21FFFFFFFFFFFFFF RX
2018-04-17 14:03:04  can0  18FF1610#55 TX
2018-04-17 14:03:04  can0  18FF2420#4D0E0000F0FFFFFF RX
2018-04-17 14:03:04  can0  18FF1610#55 TX
2018-04-17 14:03:05  can0  18FF1720#21FFFFFFFFFFFFFF RX
2018-04-17 14:03:05  can0  18FF1610#55 TX
2018-04-17 14:03:05  can0  18FF2420#4D0E0000F0FFFFFF RX
2018-04-17 14:03:05  can0  18FF1610#55 TX
2018-04-17 14:03:06  can0  18FF1720#21FFFFFFFFFFFFFF RX
2018-04-17 14:03:06  can0  18FF1610#55 TX
2018-04-17 14:03:06  can0  18FF2420#4D0E0000F0FFFFFF RX
2018-04-17 14:03:06  can0  18FF1610#55 TX
2018-04-17 14:03:07  can0  18FF1720#21FFFFFFFFFFFFFF RX
2018-04-17 14:03:07  can0  18FF1610#55 TX
2018-04-17 14:03:07  can0  18FF2420#4D0E0000F0FFFFFF RX
2018-04-17 14:03:07  can0  18FF1610#55 TX
2018-04-17 14:03:08  can0  18FF1720#21FFFFFFFFFFFFFF RX
2018-04-17 14:03:08  can0  18FF1610#55 TX
2018-04-17 14:03:08  can0  18FF2420#4D0E0000F0FFFFFF RX
2018-04-17 14:03:08  can0  18FF1610#55 TX
2018-04-17 14:03:09  can0  18FF1720#21FFFFFFFFFFFFFF RX
2018-04-17 14:03:09  can0  18FF1610#55 TX
2018-04-17 14:03:09  can0  18FF2420#4D0E0000F0FFFFFF RX
2018-04-17 14:03:09  can0  18FF1610#55 TX
2018-04-17 14:03:10  can0  18FF1720#21FFFFFFFFFFFFFF RX
2018-04-17 14:03:10  can0  18FF1610#55 TX
2018-04-17 14:03:10  can0  18FF2420#4D0E0000F0FFFFFF RX
2018-04-17 14:03:10  can0  18FF1610#55 TX
2018-04-17 14:03:11  can0  18FF1720#21FFFFFFFFFFFFFF RX
2018-04-17 14:03:11  can0  18FF1610#55 TX
2018-04-17 14:03:11  can0  18FF2420#4D0E0000F0FFFFFF RX
2018-04-17 14:03:11  can0  18FF1610#55 TX
2018-04-17 14:03:12  can0  18FF1720#21FFFFFFFFFFFFFF RX
2018-04-17 14:03:12  can0  18FF1610#55 TX
2018-04-17 14:03:12  can0  18FF2420#4D0E0000F0FFFFFF RX
2018-04-17 14:03:12  can0  18FF1610#55 TX
2018-04-17 14:03:13  can0  18FF1720#21FFFFFFFFFFFFFF RX
2018-04-17 14:03:13  can0  18FF1610#55 TX
2018-04-17 14:03:13  can0  18FF2420#4D0E0000F0FFFFFF RX
2018-04-17 14:03:13  can0  18FF1610#55 TX
2018-04-17 14:03:14  can0  18FF1720#21FFFFFFFFFFFFFF RX
2018-04-17 14:03:14  can0  18FF1610#65 TX
2018-04-17 14:03:14  can0  18FF2420#4D0E0000F0FFFFFF RX
2018-04-17 14:03:14  can0  18FF1610#65 TX
2018-04-17 14:03:15  can0  18FF1720#21FFFFFFFFFFFFFF RX
2018-04-17 14:03:15  can0  18FF1610#65 TX
2018-04-17 14:03:15  can0  18FF2420#4D0E0000F0FFFFFF RX
2018-04-17 14:03:15  can0  18FF1610#65 TX
2018-04-17 14:03:16  can0  18FF1610#65 TX
No response from generator
Time Out Error: CAN line might be disconnected or generator can interface is down
Resetting CAN interface on server
2018-04-17 14:03:17  can0  18FF1720#27FFFFFFFFFFFFFF RX
2018-04-17 14:03:17  can0  18FF1610#65 TX
2018-04-17 14:03:17  can0  18FF2420#4D0E0000F0FFFFFF RX
2018-04-17 14:03:17  can0  18FF1610#65 TX
2018-04-17 14:03:18  can0  18FF1720#27FFFFFFFFFFFFFF RX
2018-04-17 14:03:18  can0  18FF1610#65 TX
2018-04-17 14:03:18  can0  18FF2420#4D0E0000F0FFFFFF RX
2018-04-17 14:03:18  can0  18FF1610#65 TX
2018-04-17 14:03:19  can0  18FF1720#27FFFFFFFFFFFFFF RX
2018-04-17 14:03:19  can0  18FF1610#65 TX
2018-04-17 14:03:19  can0  18FF2420#4D0E0000F0FFFFFF RX
2018-04-17 14:03:19  can0  18FF1610#65 TX
2018-04-17 14:03:20  can0  18FF1720#27FFFFFFFFFFFFFF RX
2018-04-17 14:03:20  can0  18FF1610#65 TX
2018-04-17 14:03:20  can0  18FF2420#4D0E0000F0FFFFFF RX
2018-04-17 14:03:20  can0  18FF1610#65 TX
2018-04-17 14:03:21  can0  18FF1720#27FFFFFFFFFFFFFF RX
2018-04-17 14:03:21  can0  18FF1610#65 TX
2018-04-17 14:03:21  can0  18FF2420#4D0E0000F0FFFFFF RX
2018-04-17 14:03:21  can0  18FF1610#65 TX
2018-04-17 14:03:22  can0  18FF1720#27FFFFFFFFFFFFFF RX
2018-04-17 14:03:22  can0  18FF1610#65 TX
2018-04-17 14:03:22  can0  18FF2420#4D0E0000F0FFFFFF RX
2018-04-17 14:03:22  can0  18FF1610#65 TX
2018-04-17 14:03:23  can0  18FF1720#27FFFFFFFFFFFFFF RX
2018-04-17 14:03:23  can0  18FF1610#65 TX
2018-04-17 14:03:23  can0  18FF2420#4D0E0000F0FFFFFF RX
2018-04-17 14:03:23  can0  18FF1610#65 TX
2018-04-17 14:03:24  can0  18FF1720#27FFFFFFFFFFFFFF RX
2018-04-17 14:03:24  can0  18FF1610#65 TX
2018-04-17 14:03:24  can0  18FF2420#4D0E0000F0FFFFFF RX
2018-04-17 14:03:24  can0  18FF1610#65 TX
2018-04-17 14:03:25  can0  18FF1720#27FFFFFFFFFFFFFF RX
2018-04-17 14:03:25  can0  18FF1610#65 TX
2018-04-17 14:03:25  can0  18FF2420#4D0E0000F0FFFFFF RX
2018-04-17 14:03:25  can0  18FF1610#65 TX
2018-04-17 14:03:26  can0  18FF1720#27FFFFFFFFFFFFFF RX
2018-04-17 14:03:26  can0  18FF1610#65 TX
2018-04-17 14:03:26  can0  18FF2420#4D0E0000F0FFFFFF RX
2018-04-17 14:03:26  can0  18FF1610#65 TX
2018-04-17 14:03:27  can0  18FF1720#27FFFFFFFFFFFFFF RX
2018-04-17 14:03:27  can0  18FF1610#65 TX
2018-04-17 14:03:27  can0  18FF2420#4D0E0000F0FFFFFF RX
2018-04-17 14:03:27  can0  18FF1610#65 TX
2018-04-17 14:03:28  can0  18FF1720#27FFFFFFFFFFFFFF RX
2018-04-17 14:03:28  can0  18FF1610#65 TX
2018-04-17 14:03:28  can0  18FF2420#4D0E0000F0FFFFFF RX
2018-04-17 14:03:28  can0  18FF1610#65 TX
2018-04-17 14:03:29  can0  18FF1720#27FFFFFFFFFFFFFF RX
2018-04-17 14:03:29  can0  18FF1610#65 TX
2018-04-17 14:03:29  can0  18FF2420#4D0E0000F0FFFFFF RX
2018-04-17 14:03:29  can0  18FF1610#65 TX
2018-04-17 14:03:30  can0  18FF1720#27FFFFFFFFFFFFFF RX
2018-04-17 14:03:30  can0  18FF1610#65 TX
2018-04-17 14:03:30  can0  18FF2420#4D0E0000F0FFFFFF RX
2018-04-17 14:03:30  can0  18FF1610#65 TX
2018-04-17 14:03:31  can0  18FF1720#27FFFFFFFFFFFFFF RX
2018-04-17 14:03:31  can0  18FF1610#65 TX
2018-04-17 14:03:31  can0  18FF2420#4D0E0000F0FFFFFF RX
2018-04-17 14:03:31  can0  18FF1610#65 TX
2018-04-17 14:03:32  can0  18FF1720#27FFFFFFFFFFFFFF RX
2018-04-17 14:03:32  can0  18FF1610#65 TX
2018-04-17 14:03:32  can0  18FF2420#4D0E0000F0FFFFFF RX
2018-04-17 14:03:32  can0  18FF1610#65 TX
2018-04-17 14:03:33  can0  18FF1720#27FFFFFFFFFFFFFF RX
2018-04-17 14:03:33  can0  18FF1610#65 TX
2018-04-17 14:03:33  can0  18FF2420#4D0E0000F0FFFFFF RX
2018-04-17 14:03:33  can0  18FF1610#65 TX
2018-04-17 14:03:34  can0  18FF1720#27FFFFFFFFFFFFFF RX
2018-04-17 14:03:34  can0  18FF1610#65 TX
2018-04-17 14:03:34  can0  18FF2420#4D0E0000F0FFFFFF RX
2018-04-17 14:03:34  can0  18FF1610#65 TX
2018-04-17 14:03:35  can0  18FF1720#27FFFFFFFFFFFFFF RX
2018-04-17 14:03:35  can0  18FF1610#65 TX
2018-04-17 14:03:35  can0  18FF2420#4D0E0000F0FFFFFF RX
2018-04-17 14:03:35  can0  18FF1610#65 TX
2018-04-17 14:03:36  can0  18FF1720#27FFFFFFFFFFFFFF RX
2018-04-17 14:03:36  can0  18FF1610#65 TX
2018-04-17 14:03:36  can0  18FF2420#4D0E0000F0FFFFFF RX
2018-04-17 14:03:36  can0  18FF1610#65 TX
2018-04-17 14:03:37  can0  18FF1720#27FFFFFFFFFFFFFF RX
2018-04-17 14:03:37  can0  18FF1610#65 TX
2018-04-17 14:03:37  can0  18FF2420#4D0E0000F0FFFFFF RX
2018-04-17 14:03:37  can0  18FF1610#65 TX
2018-04-17 14:03:38  can0  18FF1720#27FFFFFFFFFFFFFF RX
2018-04-17 14:03:38  can0  18FF1610#65 TX
2018-04-17 14:03:38  can0  18FF2420#4D0E0000F0FFFFFF RX
2018-04-17 14:03:38  can0  18FF1610#65 TX
2018-04-17 14:03:39  can0  18FF1720#27FFFFFFFFFFFFFF RX
2018-04-17 14:03:39  can0  18FF1610#65 TX
2018-04-17 14:03:39  can0  18FF2420#4D0E0000F0FFFFFF RX
2018-04-17 14:03:39  can0  18FF1610#65 TX
2018-04-17 14:03:40  can0  18FF1720#27FFFFFFFFFFFFFF RX
2018-04-17 14:03:40  can0  18FF1610#A5 TX
2018-04-17 14:03:40  can0  18FF2420#4D0E0000F0FFFFFF RX
2018-04-17 14:03:40  can0  18FF1610#A5 TX
2018-04-17 14:03:40  can0  18FF2320#7502A000A40300FF RX
2018-04-17 14:03:40  can0  18FF1610#A5 TX
2018-04-17 14:03:41  can0  18FF1720#27FFFFFFFFFFFFFF RX
2018-04-17 14:03:41  can0  18FF1610#A5 TX
2018-04-17 14:03:41  can0  18FF2420#4D0E0000F0FFFFFF RX
2018-04-17 14:03:41  can0  18FF1610#A5 TX
2018-04-17 14:03:42  can0  18FF1720#27FFFFFFFFFFFFFF RX
2018-04-17 14:03:42  can0  18FF1610#A5 TX
2018-04-17 14:03:42  can0  18FF2420#4D0E0000F0FFFFFF RX
2018-04-17 14:03:42  can0  18FF1610#A5 TX
2018-04-17 14:03:43  can0  18FF1720#27FFFFFFFFFFFFFF RX
2018-04-17 14:03:43  can0  18FF1610#A5 TX
2018-04-17 14:03:43  can0  18FF2420#4D0E0000F0FFFFFF RX
2018-04-17 14:03:43  can0  18FF1610#A5 TX
2018-04-17 14:03:44  can0  18FF1720#27FFFFFFFFFFFFFF RX
2018-04-17 14:03:44  can0  18FF1610#A5 TX
2018-04-17 14:03:44  can0  18FF2420#4D0E0000F0FFFFFF RX
2018-04-17 14:03:44  can0  18FF1610#A5 TX
2018-04-17 14:03:45  can0  18FF1720#27FFFFFFFFFFFFFF RX
2018-04-17 14:03:45  can0  18FF1610#A5 TX
2018-04-17 14:03:45  can0  18FF2420#4D0E0000F0FFFFFF RX
2018-04-17 14:03:45  can0  18FF1610#A5 TX
2018-04-17 14:03:46  can0  18FF1720#27FFFFFFFFFFFFFF RX
2018-04-17 14:03:46  can0  18FF1610#A5 TX
2018-04-17 14:03:46  can0  18FF2420#4D0E0000F0FFFFFF RX
2018-04-17 14:03:46  can0  18FF1610#A5 TX
2018-04-17 14:03:47  can0  18FF1720#25FFFFFFFFFFFFFF RX
2018-04-17 14:03:47  can0  18FF1610#A5 TX
2018-04-17 14:03:47  can0  18FF2420#4D0E0000F0FFFFFF RX
2018-04-17 14:03:47  can0  18FF1610#A5 TX
2018-04-17 14:03:48  can0  18FF1720#25FFFFFFFFFFFFFF RX
2018-04-17 14:03:48  can0  18FF1610#A5 TX
2018-04-17 14:03:48  can0  18FF2420#4D0E0000F0FFFFFF RX
2018-04-17 14:03:48  can0  18FF1610#A5 TX
2018-04-17 14:03:49  can0  18FF1720#25FFFFFFFFFFFFFF RX
2018-04-17 14:03:49  can0  18FF1610#A5 TX
2018-04-17 14:03:49  can0  18FF2420#4D0E0000F0FFFFFF RX
2018-04-17 14:03:49  can0  18FF1610#A5 TX
2018-04-17 14:03:50  can0  18FF1720#25FFFFFFFFFFFFFF RX
2018-04-17 14:03:50  can0  18FF1610#65 TX
2018-04-17 14:03:50  can0  18FF2420#4D0E0000F0FFFFFF RX
2018-04-17 14:03:50  can0  18FF1610#65 TX
2018-04-17 14:03:51  can0  18FF1720#25FFFFFFFFFFFFFF RX
2018-04-17 14:03:51  can0  18FF1610#65 TX
2018-04-17 14:03:51  can0  18FF2420#4D0E0000F0FFFFFF RX
2018-04-17 14:03:51  can0  18FF1610#65 TX
2018-04-17 14:03:52  can0  18FF1720#25FFFFFFFFFFFFFF RX
2018-04-17 14:03:52  can0  18FF1610#65 TX
2018-04-17 14:03:52  can0  18FF2420#4D0E0000F0FFFFFF RX
2018-04-17 14:03:52  can0  18FF1610#65 TX
2018-04-17 14:03:53  can0  18FF1720#25FFFFFFFFFFFFFF RX
2018-04-17 14:03:53  can0  18FF1610#65 TX
2018-04-17 14:03:53  can0  18FF2420#4D0E0000F0FFFFFF RX
2018-04-17 14:03:53  can0  18FF1610#65 TX
2018-04-17 14:03:54  can0  18FF1720#25FFFFFFFFFFFFFF RX
2018-04-17 14:03:54  can0  18FF1610#65 TX
2018-04-17 14:03:54  can0  18FF2420#4D0E0000F0FFFFFF RX
2018-04-17 14:03:54  can0  18FF1610#65 TX
2018-04-17 14:03:55  can0  18FF1720#25FFFFFFFFFFFFFF RX
2018-04-17 14:03:55  can0  18FF1610#65 TX
2018-04-17 14:03:55  can0  18FF2420#4D0E0000F0FFFFFF RX
2018-04-17 14:03:55  can0  18FF1610#65 TX
2018-04-17 14:03:56  can0  18FF1720#25FFFFFFFFFFFFFF RX
2018-04-17 14:03:56  can0  18FF1610#55 TX
2018-04-17 14:03:56  can0  18FF2420#4D0E0000F0FFFFFF RX
2018-04-17 14:03:56  can0  18FF1610#55 TX
2018-04-17 14:03:57  can0  18FF1720#25FFFFFFFFFFFFFF RX
2018-04-17 14:03:57  can0  18FF1610#55 TX
2018-04-17 14:03:57  can0  18FF2420#4D0E0000F0FFFFFF RX
2018-04-17 14:03:57  can0  18FF1610#55 TX
2018-04-17 14:03:58  can0  18FF1720#20FFFFFFFFFFFFFF RX
2018-04-17 14:03:58  can0  18FF1610#55 TX
2018-04-17 14:03:58  can0  18FF2420#4D0E0000F0FFFFFF RX
2018-04-17 14:03:58  can0  18FF1610#55 TX
2018-04-17 14:03:59  can0  18FF1720#20FFFFFFFFFFFFFF RX
2018-04-17 14:03:59  can0  18FF1610#55 TX
2018-04-17 14:03:59  can0  18FF2420#4D0E0000F0FFFFFF RX
2018-04-17 14:03:59  can0  18FF1610#55 TX
2018-04-17 14:04:00  can0  18FF1720#20FFFFFFFFFFFFFF RX
2018-04-17 14:04:00  can0  18FF1610#55 TX
2018-04-17 14:04:00  can0  18FF2420#4D0E0000F0FFFFFF RX
2018-04-17 14:04:00  can0  18FF1610#55 TX
2018-04-17 14:04:01  can0  18FF1610#65 TX
No response from generator
Time Out Error: CAN line might be disconnected or generator can interface is down
Resetting CAN interface on server
2018-04-17 14:04:01  can0  18FF1720#21FFFFFFFFFFFFFF RX
2018-04-17 14:04:01  can0  18FF1610#65 TX
2018-04-17 14:04:01  can0  18FF2420#4D0E0000F0FFFFFF RX
2018-04-17 14:04:01  can0  18FF1610#65 TX
2018-04-17 14:04:02  can0  18FF1610#65 TX
No response from generator
Time Out Error: CAN line might be disconnected or generator can interface is down
Resetting CAN interface on server
2018-04-17 14:04:03  can0  18FF1720#27FFFFFFFFFFFFFF RX
2018-04-17 14:04:03  can0  18FF1610#65 TX
2018-04-17 14:04:03  can0  18FF2420#4D0E0000F0FFFFFF RX
2018-04-17 14:04:03  can0  18FF1610#65 TX
2018-04-17 14:04:04  can0  18FF1720#27FFFFFFFFFFFFFF RX
2018-04-17 14:04:04  can0  18FF1610#65 TX
2018-04-17 14:04:04  can0  18FF2420#4D0E0000F0FFFFFF RX
2018-04-17 14:04:04  can0  18FF1610#65 TX
2018-04-17 14:04:05  can0  18FF1720#27FFFFFFFFFFFFFF RX
2018-04-17 14:04:05  can0  18FF1610#65 TX
2018-04-17 14:04:05  can0  18FF2420#4D0E0000F0FFFFFF RX
2018-04-17 14:04:05  can0  18FF1610#65 TX
2018-04-17 14:04:06  can0  18FF1720#27FFFFFFFFFFFFFF RX
2018-04-17 14:04:06  can0  18FF1610#65 TX
2018-04-17 14:04:06  can0  18FF2420#4D0E0000F0FFFFFF RX
2018-04-17 14:04:06  can0  18FF1610#65 TX
2018-04-17 14:04:07  can0  18FF1720#27FFFFFFFFFFFFFF RX
2018-04-17 14:04:07  can0  18FF1610#65 TX
2018-04-17 14:04:07  can0  18FF2420#4D0E0000F0FFFFFF RX
2018-04-17 14:04:07  can0  18FF1610#65 TX
2018-04-17 14:04:08  can0  18FF1720#27FFFFFFFFFFFFFF RX
2018-04-17 14:04:08  can0  18FF1610#65 TX
2018-04-17 14:04:08  can0  18FF2420#4D0E0000F0FFFFFF RX
2018-04-17 14:04:08  can0  18FF1610#65 TX
2018-04-17 14:04:09  can0  18FF1720#27FFFFFFFFFFFFFF RX
2018-04-17 14:04:09  can0  18FF1610#65 TX
2018-04-17 14:04:09  can0  18FF2420#4D0E0000F0FFFFFF RX
2018-04-17 14:04:09  can0  18FF1610#65 TX
2018-04-17 14:04:10  can0  18FF1720#27FFFFFFFFFFFFFF RX
2018-04-17 14:04:10  can0  18FF1610#65 TX
2018-04-17 14:04:10  can0  18FF2420#4D0E0000F0FFFFFF RX
2018-04-17 14:04:10  can0  18FF1610#65 TX
2018-04-17 14:04:11  can0  18FF1720#27FFFFFFFFFFFFFF RX
2018-04-17 14:04:11  can0  18FF1610#65 TX
2018-04-17 14:04:11  can0  18FF2420#4D0E0000F0FFFFFF RX
2018-04-17 14:04:11  can0  18FF1610#65 TX
2018-04-17 14:04:12  can0  18FF1720#27FFFFFFFFFFFFFF RX
2018-04-17 14:04:12  can0  18FF1610#65 TX
2018-04-17 14:04:12  can0  18FF2420#4D0E0000F0FFFFFF RX
2018-04-17 14:04:12  can0  18FF1610#65 TX
2018-04-17 14:04:13  can0  18FF1720#27FFFFFFFFFFFFFF RX
2018-04-17 14:04:13  can0  18FF1610#65 TX
2018-04-17 14:04:13  can0  18FF2420#4D0E0000F0FFFFFF RX
2018-04-17 14:04:13  can0  18FF1610#65 TX
2018-04-17 14:04:14  can0  18FF1720#27FFFFFFFFFFFFFF RX
2018-04-17 14:04:14  can0  18FF1610#65 TX
2018-04-17 14:04:14  can0  18FF2420#4D0E0000F0FFFFFF RX
2018-04-17 14:04:14  can0  18FF1610#65 TX
2018-04-17 14:04:15  can0  18FF1720#27FFFFFFFFFFFFFF RX
2018-04-17 14:04:15  can0  18FF1610#65 TX
2018-04-17 14:04:15  can0  18FF2420#4D0E0000F0FFFFFF RX
2018-04-17 14:04:15  can0  18FF1610#65 TX
2018-04-17 14:04:16  can0  18FF1720#27FFFFFFFFFFFFFF RX
2018-04-17 14:04:16  can0  18FF1610#65 TX
2018-04-17 14:04:16  can0  18FF2420#4D0E0000F0FFFFFF RX
2018-04-17 14:04:16  can0  18FF1610#65 TX
2018-04-17 14:04:17  can0  18FF1720#27FFFFFFFFFFFFFF RX
2018-04-17 14:04:17  can0  18FF1610#65 TX
2018-04-17 14:04:17  can0  18FF2420#4D0E0000F0FFFFFF RX
2018-04-17 14:04:17  can0  18FF1610#65 TX
2018-04-17 14:04:18  can0  18FF1720#27FFFFFFFFFFFFFF RX
2018-04-17 14:04:18  can0  18FF1610#65 TX
2018-04-17 14:04:18  can0  18FF2420#4D0E0000F0FFFFFF RX
2018-04-17 14:04:18  can0  18FF1610#65 TX
2018-04-17 14:04:19  can0  18FF1720#27FFFFFFFFFFFFFF RX
2018-04-17 14:04:19  can0  18FF1610#65 TX
2018-04-17 14:04:19  can0  18FF2420#4D0E0000F0FFFFFF RX
2018-04-17 14:04:19  can0  18FF1610#65 TX
2018-04-17 14:04:20  can0  18FF1720#27FFFFFFFFFFFFFF RX
2018-04-17 14:04:20  can0  18FF1610#65 TX
2018-04-17 14:04:20  can0  18FF2420#4D0E0000F0FFFFFF RX
2018-04-17 14:04:20  can0  18FF1610#65 TX
2018-04-17 14:04:21  can0  18FF1720#27FFFFFFFFFFFFFF RX
2018-04-17 14:04:21  can0  18FF1610#65 TX
2018-04-17 14:04:21  can0  18FF2420#4D0E0000F0FFFFFF RX
2018-04-17 14:04:21  can0  18FF1610#65 TX
2018-04-17 14:04:22  can0  18FF1720#27FFFFFFFFFFFFFF RX
2018-04-17 14:04:22  can0  18FF1610#65 TX
2018-04-17 14:04:22  can0  18FF2420#4D0E0000F0FFFFFF RX
2018-04-17 14:04:22  can0  18FF1610#65 TX
2018-04-17 14:04:23  can0  18FF1720#27FFFFFFFFFFFFFF RX
2018-04-17 14:04:23  can0  18FF1610#65 TX
2018-04-17 14:04:23  can0  18FF2420#4D0E0000F0FFFFFF RX
2018-04-17 14:04:23  can0  18FF1610#65 TX
2018-04-17 14:04:24  can0  18FF1720#27FFFFFFFFFFFFFF RX
2018-04-17 14:04:24  can0  18FF1610#65 TX
2018-04-17 14:04:24  can0  18FF2420#4D0E0000F0FFFFFF RX
2018-04-17 14:04:24  can0  18FF1610#65 TX
2018-04-17 14:04:25  can0  18FF1720#27FFFFFFFFFFFFFF RX
2018-04-17 14:04:25  can0  18FF1610#65 TX
2018-04-17 14:04:25  can0  18FF2420#4D0E0000F0FFFFFF RX
2018-04-17 14:04:25  can0  18FF1610#65 TX
2018-04-17 14:04:26  can0  18FF1720#27FFFFFFFFFFFFFF RX
2018-04-17 14:04:26  can0  18FF1610#65 TX
2018-04-17 14:04:26  can0  18FF2420#4D0E0000F0FFFFFF RX
2018-04-17 14:04:26  can0  18FF1610#65 TX
2018-04-17 14:04:27  can0  18FF1720#27FFFFFFFFFFFFFF RX
2018-04-17 14:04:27  can0  18FF1610#65 TX
2018-04-17 14:04:27  can0  18FF2420#4D0E0000F0FFFFFF RX
2018-04-17 14:04:27  can0  18FF1610#65 TX
2018-04-17 14:04:28  can0  18FF1720#27FFFFFFFFFFFFFF RX
2018-04-17 14:04:28  can0  18FF1610#65 TX
2018-04-17 14:04:28  can0  18FF2420#4D0E0000F0FFFFFF RX
2018-04-17 14:04:28  can0  18FF1610#65 TX
2018-04-17 14:04:29  can0  18FF1720#27FFFFFFFFFFFFFF RX
2018-04-17 14:04:29  can0  18FF1610#65 TX
2018-04-17 14:04:29  can0  18FF2420#4D0E0000F0FFFFFF RX
2018-04-17 14:04:29  can0  18FF1610#65 TX
2018-04-17 14:04:30  can0  18FF1720#27FFFFFFFFFFFFFF RX
2018-04-17 14:04:30  can0  18FF1610#65 TX
2018-04-17 14:04:30  can0  18FF2420#4D0E0000F0FFFFFF RX
2018-04-17 14:04:30  can0  18FF1610#65 TX
2018-04-17 14:04:31  can0  18FF1720#27FFFFFFFFFFFFFF RX
2018-04-17 14:04:31  can0  18FF1610#65 TX
2018-04-17 14:04:31  can0  18FF2420#4D0E0000F0FFFFFF RX
2018-04-17 14:04:31  can0  18FF1610#65 TX
2018-04-17 14:04:32  can0  18FF1720#27FFFFFFFFFFFFFF RX
2018-04-17 14:04:32  can0  18FF1610#65 TX
2018-04-17 14:04:32  can0  18FF2420#4D0E0000F0FFFFFF RX
2018-04-17 14:04:32  can0  18FF1610#65 TX
2018-04-17 14:04:33  can0  18FF1720#25FFFFFFFFFFFFFF RX
2018-04-17 14:04:33  can0  18FF1610#65 TX
2018-04-17 14:04:33  can0  18FF2420#4D0E0000F0FFFFFF RX
2018-04-17 14:04:33  can0  18FF1610#65 TX
2018-04-17 14:04:34  can0  18FF1720#25FFFFFFFFFFFFFF RX
2018-04-17 14:04:34  can0  18FF1610#65 TX
2018-04-17 14:04:34  can0  18FF2420#4D0E0000F0FFFFFF RX
2018-04-17 14:04:34  can0  18FF1610#65 TX
2018-04-17 14:04:35  can0  18FF1720#25FFFFFFFFFFFFFF RX
2018-04-17 14:04:35  can0  18FF1610#65 TX
2018-04-17 14:04:35  can0  18FF2420#4D0E0000F0FFFFFF RX
2018-04-17 14:04:35  can0  18FF1610#65 TX
2018-04-17 14:04:36  can0  18FF1720#25FFFFFFFFFFFFFF RX
2018-04-17 14:04:36  can0  18FF1610#65 TX
2018-04-17 14:04:36  can0  18FF2420#4D0E0000F0FFFFFF RX
2018-04-17 14:04:36  can0  18FF1610#65 TX
2018-04-17 14:04:37  can0  18FF1720#25FFFFFFFFFFFFFF RX
2018-04-17 14:04:37  can0  18FF1610#65 TX
2018-04-17 14:04:37  can0  18FF2420#4D0E0000F0FFFFFF RX
2018-04-17 14:04:37  can0  18FF1610#65 TX
2018-04-17 14:04:38  can0  18FF1720#25FFFFFFFFFFFFFF RX
2018-04-17 14:04:38  can0  18FF1610#A5 TX
2018-04-17 14:04:38  can0  18FF2420#4D0E0000F0FFFFFF RX
2018-04-17 14:04:38  can0  18FF1610#A5 TX
2018-04-17 14:04:39  can0  18FF1720#25FFFFFFFFFFFFFF RX
2018-04-17 14:04:39  can0  18FF1610#A5 TX
2018-04-17 14:04:39  can0  18FF2420#4D0E0000F0FFFFFF RX
2018-04-17 14:04:39  can0  18FF1610#A5 TX
2018-04-17 14:04:40  can0  18FF1720#25FFFFFFFFFFFFFF RX
2018-04-17 14:04:40  can0  18FF1610#A5 TX
2018-04-17 14:04:40  can0  18FF2420#4D0E0000F0FFFFFF RX
2018-04-17 14:04:40  can0  18FF1610#A5 TX
2018-04-17 14:04:41  can0  18FF1720#25FFFFFFFFFFFFFF RX
2018-04-17 14:04:41  can0  18FF1610#A5 TX
2018-04-17 14:04:41  can0  18FF2420#4D0E0000F0FFFFFF RX
2018-04-17 14:04:41  can0  18FF1610#A5 TX
2018-04-17 14:04:42  can0  18FF1720#25FFFFFFFFFFFFFF RX
2018-04-17 14:04:42  can0  18FF1610#A5 TX
2018-04-17 14:04:42  can0  18FF2420#4D0E0000F0FFFFFF RX
2018-04-17 14:04:42  can0  18FF1610#A5 TX
2018-04-17 14:04:43  can0  18FF1720#25FFFFFFFFFFFFFF RX
2018-04-17 14:04:43  can0  18FF1610#A5 TX
2018-04-17 14:04:43  can0  18FF2420#4D0E0000F8FFFFFF RX
2018-04-17 14:04:43  can0  18FF1610#A5 TX
2018-04-17 14:04:44  can0  18FF1720#25FFFFFFFFFFFFFF RX
2018-04-17 14:04:44  can0  18FF1610#A5 TX
2018-04-17 14:04:44  can0  18FF2420#4D0E0000F8FFFFFF RX
2018-04-17 14:04:44  can0  18FF1610#A5 TX
2018-04-17 14:04:45  can0  18FF1720#25FFFFFFFFFFFFFF RX
2018-04-17 14:04:45  can0  18FF1610#A5 TX
2018-04-17 14:04:45  can0  18FF2420#4D0E0000F8FFFFFF RX
2018-04-17 14:04:45  can0  18FF1610#A5 TX
2018-04-17 14:04:46  can0  18FF1720#25FFFFFFFFFFFFFF RX
2018-04-17 14:04:46  can0  18FF1610#A5 TX
2018-04-17 14:04:46  can0  18FF2420#4D0E0000F8FFFFFF RX
2018-04-17 14:04:46  can0  18FF1610#A5 TX
2018-04-17 14:04:47  can0  18FF1720#25FFFFFFFFFFFFFF RX
2018-04-17 14:04:47  can0  18FF1610#A5 TX
2018-04-17 14:04:47  can0  18FF2420#4D0E0000F8FFFFFF RX
2018-04-17 14:04:47  can0  18FF1610#A5 TX
2018-04-17 14:04:48  can0  18FF1720#25FFFFFFFFFFFFFF RX
2018-04-17 14:04:48  can0  18FF1610#A5 TX
2018-04-17 14:04:48  can0  18FF2420#4D0E0000F8FFFFFF RX
2018-04-17 14:04:48  can0  18FF1610#A5 TX
2018-04-17 14:04:49  can0  18FF1720#25FFFFFFFFFFFFFF RX
2018-04-17 14:04:49  can0  18FF1610#A5 TX
2018-04-17 14:04:49  can0  18FF2420#4D0E0000F8FFFFFF RX
2018-04-17 14:04:49  can0  18FF1610#A5 TX
2018-04-17 14:04:50  can0  18FF1720#25FFFFFFFFFFFFFF RX
2018-04-17 14:04:50  can0  18FF1610#A5 TX
2018-04-17 14:04:50  can0  18FF2420#4D0E0000F8FFFFFF RX
2018-04-17 14:04:50  can0  18FF1610#A5 TX
2018-04-17 14:04:51  can0  18FF1720#25FFFFFFFFFFFFFF RX
2018-04-17 14:04:51  can0  18FF1610#A5 TX
2018-04-17 14:04:51  can0  18FF2420#4D0E0000F8FFFFFF RX
2018-04-17 14:04:51  can0  18FF1610#A5 TX
2018-04-17 14:04:52  can0  18FF1720#25FFFFFFFFFFFFFF RX
2018-04-17 14:04:52  can0  18FF1610#A5 TX
2018-04-17 14:04:52  can0  18FF2420#4D0E0000F8FFFFFF RX
2018-04-17 14:04:52  can0  18FF1610#A5 TX
2018-04-17 14:04:53  can0  18FF1720#25FFFFFFFFFFFFFF RX
2018-04-17 14:04:53  can0  18FF1610#A5 TX
2018-04-17 14:04:53  can0  18FF2420#4D0E0000F8FFFFFF RX
2018-04-17 14:04:53  can0  18FF1610#A5 TX
2018-04-17 14:04:54  can0  18FF1720#25FFFFFFFFFFFFFF RX
2018-04-17 14:04:54  can0  18FF1610#A5 TX
2018-04-17 14:04:54  can0  18FF2420#4D0E0000F8FFFFFF RX
2018-04-17 14:04:54  can0  18FF1610#A5 TX
2018-04-17 14:04:55  can0  18FF1720#25FFFFFFFFFFFFFF RX
2018-04-17 14:04:55  can0  18FF1610#A5 TX
2018-04-17 14:04:55  can0  18FF2420#4D0E0000F8FFFFFF RX
2018-04-17 14:04:55  can0  18FF1610#A5 TX
2018-04-17 14:04:56  can0  18FF1720#25FFFFFFFFFFFFFF RX
2018-04-17 14:04:56  can0  18FF1610#A5 TX
2018-04-17 14:04:56  can0  18FF2420#4D0E0000F8FFFFFF RX
2018-04-17 14:04:56  can0  18FF1610#A5 TX
2018-04-17 14:04:57  can0  18FF1720#25FFFFFFFFFFFFFF RX
2018-04-17 14:04:57  can0  18FF1610#A5 TX
2018-04-17 14:04:57  can0  18FF2420#4D0E0000F8FFFFFF RX
2018-04-17 14:04:57  can0  18FF1610#A5 TX
2018-04-17 14:04:58  can0  18FF1720#25FFFFFFFFFFFFFF RX
2018-04-17 14:04:58  can0  18FF1610#A5 TX
2018-04-17 14:04:58  can0  18FF2420#4D0E0000F8FFFFFF RX
2018-04-17 14:04:58  can0  18FF1610#A5 TX
2018-04-17 14:04:59  can0  18FF1720#25FFFFFFFFFFFFFF RX
2018-04-17 14:04:59  can0  18FF1610#A5 TX
2018-04-17 14:04:59  can0  18FF2420#4D0E0000F8FFFFFF RX
2018-04-17 14:04:59  can0  18FF1610#A5 TX
2018-04-17 14:05:00  can0  18FF1720#25FFFFFFFFFFFFFF RX
2018-04-17 14:05:00  can0  18FF1610#A5 TX
2018-04-17 14:05:00  can0  18FF2420#4D0E0000F8FFFFFF RX
2018-04-17 14:05:00  can0  18FF1610#A5 TX
2018-04-17 14:05:01  can0  18FF1720#25FFFFFFFFFFFFFF RX
2018-04-17 14:05:01  can0  18FF1610#A5 TX
2018-04-17 14:05:01  can0  18FF2420#4D0E0000F8FFFFFF RX
2018-04-17 14:05:01  can0  18FF1610#A5 TX
2018-04-17 14:05:02  can0  18FF1720#25FFFFFFFFFFFFFF RX
2018-04-17 14:05:02  can0  18FF1610#A5 TX
2018-04-17 14:05:02  can0  18FF2420#4D0E0000F8FFFFFF RX
2018-04-17 14:05:02  can0  18FF1610#A5 TX
2018-04-17 14:05:03  can0  18FF1720#25FFFFFFFFFFFFFF RX
2018-04-17 14:05:03  can0  18FF1610#A5 TX
2018-04-17 14:05:03  can0  18FF2420#4D0E0000F8FFFFFF RX
2018-04-17 14:05:03  can0  18FF1610#A5 TX
2018-04-17 14:05:04  can0  18FF1720#25FFFFFFFFFFFFFF RX
2018-04-17 14:05:04  can0  18FF1610#A5 TX
2018-04-17 14:05:04  can0  18FF2420#4D0E0000F8FFFFFF RX
2018-04-17 14:05:04  can0  18FF1610#A5 TX
2018-04-17 14:05:05  can0  18FF1720#25FFFFFFFFFFFFFF RX
2018-04-17 14:05:05  can0  18FF1610#A5 TX
2018-04-17 14:05:05  can0  18FF2420#4D0E0000F8FFFFFF RX
2018-04-17 14:05:05  can0  18FF1610#A5 TX
2018-04-17 14:05:06  can0  18FF1720#25FFFFFFFFFFFFFF RX
2018-04-17 14:05:06  can0  18FF1610#A5 TX
2018-04-17 14:05:06  can0  18FF2420#4D0E0000F8FFFFFF RX
2018-04-17 14:05:06  can0  18FF1610#A5 TX
2018-04-17 14:05:07  can0  18FF1720#25FFFFFFFFFFFFFF RX
2018-04-17 14:05:07  can0  18FF1610#A5 TX
2018-04-17 14:05:07  can0  18FF2420#4D0E0000F8FFFFFF RX
2018-04-17 14:05:07  can0  18FF1610#A5 TX
2018-04-17 14:05:08  can0  18FF1720#25FFFFFFFFFFFFFF RX
2018-04-17 14:05:08  can0  18FF1610#A5 TX
2018-04-17 14:05:08  can0  18FF2420#4D0E0000F8FFFFFF RX
2018-04-17 14:05:08  can0  18FF1610#A5 TX
2018-04-17 14:05:09  can0  18FF1720#25FFFFFFFFFFFFFF RX
2018-04-17 14:05:09  can0  18FF1610#A5 TX
2018-04-17 14:05:09  can0  18FF2420#4D0E0000F8FFFFFF RX
2018-04-17 14:05:09  can0  18FF1610#A5 TX
2018-04-17 14:05:10  can0  18FF1720#25FFFFFFFFFFFFFF RX
2018-04-17 14:05:10  can0  18FF1610#A5 TX
2018-04-17 14:05:10  can0  18FF2420#4D0E0000F8FFFFFF RX
2018-04-17 14:05:10  can0  18FF1610#A5 TX
2018-04-17 14:05:11  can0  18FF1720#25FFFFFFFFFFFFFF RX
2018-04-17 14:05:11  can0  18FF1610#A5 TX
2018-04-17 14:05:11  can0  18FF2420#4D0E0000F8FFFFFF RX
2018-04-17 14:05:11  can0  18FF1610#A5 TX
2018-04-17 14:05:12  can0  18FF1720#25FFFFFFFFFFFFFF RX
2018-04-17 14:05:12  can0  18FF1610#A5 TX
2018-04-17 14:05:12  can0  18FF2420#4D0E0000F8FFFFFF RX
2018-04-17 14:05:12  can0  18FF1610#A5 TX
2018-04-17 14:05:13  can0  18FF1720#25FFFFFFFFFFFFFF RX
2018-04-17 14:05:13  can0  18FF1610#A5 TX
2018-04-17 14:05:13  can0  18FF2420#4D0E0000F8FFFFFF RX
2018-04-17 14:05:13  can0  18FF1610#A5 TX
2018-04-17 14:05:14  can0  18FF1720#25FFFFFFFFFFFFFF RX
2018-04-17 14:05:14  can0  18FF1610#A5 TX
2018-04-17 14:05:14  can0  18FF2420#4D0E0000F8FFFFFF RX
2018-04-17 14:05:14  can0  18FF1610#A5 TX
2018-04-17 14:05:15  can0  18FF1720#25FFFFFFFFFFFFFF RX
2018-04-17 14:05:15  can0  18FF1610#A5 TX
2018-04-17 14:05:15  can0  18FF2420#4D0E0000F8FFFFFF RX
2018-04-17 14:05:15  can0  18FF1610#A5 TX
2018-04-17 14:05:16  can0  18FF1720#25FFFFFFFFFFFFFF RX
2018-04-17 14:05:16  can0  18FF1610#A5 TX
2018-04-17 14:05:16  can0  18FF2420#4D0E0000F8FFFFFF RX
2018-04-17 14:05:16  can0  18FF1610#A5 TX
2018-04-17 14:05:17  can0  18FF1720#25FFFFFFFFFFFFFF RX
2018-04-17 14:05:17  can0  18FF1610#A5 TX
2018-04-17 14:05:17  can0  18FF2420#4D0E0000F8FFFFFF RX
2018-04-17 14:05:17  can0  18FF1610#A5 TX
2018-04-17 14:05:18  can0  18FF1720#25FFFFFFFFFFFFFF RX
2018-04-17 14:05:18  can0  18FF1610#A5 TX
2018-04-17 14:05:18  can0  18FF2420#4D0E0000F8FFFFFF RX
2018-04-17 14:05:18  can0  18FF1610#A5 TX
2018-04-17 14:05:19  can0  18FF1720#25FFFFFFFFFFFFFF RX
2018-04-17 14:05:19  can0  18FF1610#A5 TX
2018-04-17 14:05:19  can0  18FF2420#4D0E0000F8FFFFFF RX
2018-04-17 14:05:19  can0  18FF1610#A5 TX
2018-04-17 14:05:20  can0  18FF1720#25FFFFFFFFFFFFFF RX
2018-04-17 14:05:20  can0  18FF1610#A5 TX
2018-04-17 14:05:20  can0  18FF2420#4D0E0000F8FFFFFF RX
2018-04-17 14:05:20  can0  18FF1610#A5 TX
2018-04-17 14:05:21  can0  18FF1720#25FFFFFFFFFFFFFF RX
2018-04-17 14:05:21  can0  18FF1610#A5 TX
2018-04-17 14:05:21  can0  18FF2420#4D0E0000F8FFFFFF RX
2018-04-17 14:05:21  can0  18FF1610#A5 TX
2018-04-17 14:05:22  can0  18FF1720#25FFFFFFFFFFFFFF RX
2018-04-17 14:05:22  can0  18FF1610#65 TX
2018-04-17 14:05:22  can0  18FF2420#4D0E0000F8FFFFFF RX
2018-04-17 14:05:22  can0  18FF1610#65 TX
2018-04-17 14:05:23  can0  18FF1720#25FFFFFFFFFFFFFF RX
2018-04-17 14:05:23  can0  18FF1610#65 TX
2018-04-17 14:05:23  can0  18FF2420#4D0E0000F8FFFFFF RX
2018-04-17 14:05:23  can0  18FF1610#65 TX
2018-04-17 14:05:24  can0  18FF1720#25FFFFFFFFFFFFFF RX
2018-04-17 14:05:24  can0  18FF1610#65 TX
2018-04-17 14:05:24  can0  18FF2420#4D0E0000F0FFFFFF RX
2018-04-17 14:05:24  can0  18FF1610#65 TX
2018-04-17 14:05:25  can0  18FF1720#25FFFFFFFFFFFFFF RX
2018-04-17 14:05:25  can0  18FF1610#65 TX
2018-04-17 14:05:25  can0  18FF2420#4D0E0000F0FFFFFF RX
2018-04-17 14:05:25  can0  18FF1610#65 TX
2018-04-17 14:05:26  can0  18FF1720#25FFFFFFFFFFFFFF RX
2018-04-17 14:05:26  can0  18FF1610#65 TX
2018-04-17 14:05:26  can0  18FF2420#4D0E0000F0FFFFFF RX
2018-04-17 14:05:26  can0  18FF1610#65 TX
2018-04-17 14:05:27  can0  18FF1720#25FFFFFFFFFFFFFF RX
2018-04-17 14:05:27  can0  18FF1610#65 TX
2018-04-17 14:05:27  can0  18FF2420#4D0E0000F0FFFFFF RX
2018-04-17 14:05:27  can0  18FF1610#65 TX
2018-04-17 14:05:28  can0  18FF1720#25FFFFFFFFFFFFFF RX
2018-04-17 14:05:28  can0  18FF1610#65 TX
2018-04-17 14:05:28  can0  18FF2420#4D0E0000F0FFFFFF RX
2018-04-17 14:05:28  can0  18FF1610#65 TX
2018-04-17 14:05:29  can0  18FF1720#25FFFFFFFFFFFFFF RX
2018-04-17 14:05:29  can0  18FF1610#65 TX
2018-04-17 14:05:29  can0  18FF2420#4D0E0000F0FFFFFF RX
2018-04-17 14:05:29  can0  18FF1610#65 TX
2018-04-17 14:05:30  can0  18FF1720#25FFFFFFFFFFFFFF RX
2018-04-17 14:05:30  can0  18FF1610#65 TX
2018-04-17 14:05:30  can0  18FF2420#4D0E0000F0FFFFFF RX
2018-04-17 14:05:30  can0  18FF1610#65 TX
2018-04-17 14:05:31  can0  18FF1720#25FFFFFFFFFFFFFF RX
2018-04-17 14:05:31  can0  18FF1610#65 TX
2018-04-17 14:05:31  can0  18FF2420#4D0E0000F0FFFFFF RX
2018-04-17 14:05:31  can0  18FF1610#65 TX
2018-04-17 14:05:32  can0  18FF1720#25FFFFFFFFFFFFFF RX
2018-04-17 14:05:32  can0  18FF1610#65 TX
2018-04-17 14:05:32  can0  18FF2420#4D0E0000F0FFFFFF RX
2018-04-17 14:05:32  can0  18FF1610#65 TX
2018-04-17 14:05:33  can0  18FF1720#25FFFFFFFFFFFFFF RX
2018-04-17 14:05:33  can0  18FF1610#65 TX
2018-04-17 14:05:33  can0  18FF2420#4D0E0000F0FFFFFF RX
2018-04-17 14:05:33  can0  18FF1610#65 TX
2018-04-17 14:05:34  can0  18FF1720#25FFFFFFFFFFFFFF RX
2018-04-17 14:05:34  can0  18FF1610#65 TX
2018-04-17 14:05:34  can0  18FF2420#4D0E0000F0FFFFFF RX
2018-04-17 14:05:34  can0  18FF1610#65 TX
2018-04-17 14:05:35  can0  18FF1720#25FFFFFFFFFFFFFF RX
2018-04-17 14:05:35  can0  18FF1610#65 TX
2018-04-17 14:05:35  can0  18FF2420#4D0E0000F0FFFFFF RX
2018-04-17 14:05:35  can0  18FF1610#65 TX
2018-04-17 14:05:36  can0  18FF1720#25FFFFFFFFFFFFFF RX
2018-04-17 14:05:36  can0  18FF1610#55 TX
2018-04-17 14:05:36  can0  18FF2420#4D0E0000F0FFFFFF RX
2018-04-17 14:05:36  can0  18FF1610#55 TX
2018-04-17 14:05:37  can0  18FF1720#25FFFFFFFFFFFFFF RX
2018-04-17 14:05:37  can0  18FF1610#55 TX
2018-04-17 14:05:37  can0  18FF2420#4D0E0000F0FFFFFF RX
2018-04-17 14:05:37  can0  18FF1610#55 TX
2018-04-17 14:05:38  can0  18FF1720#20FFFFFFFFFFFFFF RX
2018-04-17 14:05:38  can0  18FF1610#55 TX
2018-04-17 14:05:38  can0  18FF2420#4D0E0000F0FFFFFF RX
2018-04-17 14:05:38  can0  18FF1610#55 TX
2018-04-17 14:05:39  can0  18FF1720#20FFFFFFFFFFFFFF RX
2018-04-17 14:05:39  can0  18FF1610#55 TX
2018-04-17 14:05:39  can0  18FF2420#4D0E0000F0FFFFFF RX
2018-04-17 14:05:39  can0  18FF1610#55 TX
2018-04-17 14:05:40  can0  18FF1720#20FFFFFFFFFFFFFF RX
2018-04-17 14:05:40  can0  18FF1610#55 TX
2018-04-17 14:05:40  can0  18FF2420#4D0E0000F0FFFFFF RX
2018-04-17 14:05:40  can0  18FF1610#55 TX
2018-04-17 14:05:41  can0  18FF1720#20FFFFFFFFFFFFFF RX
2018-04-17 14:05:41  can0  18FF1610#55 TX
2018-04-17 14:05:41  can0  18FF2420#4D0E0000F0FFFFFF RX
2018-04-17 14:05:41  can0  18FF1610#55 TX
2018-04-17 14:05:42  can0  18FF1610#55 TX
No response from generator
Time Out Error: CAN line might be disconnected or generator can interface is down
Resetting CAN interface on server
2018-04-17 14:05:43  can0  18FF1720#21FFFFFFFFFFFFFF RX
2018-04-17 14:05:43  can0  18FF1610#55 TX
2018-04-17 14:05:43  can0  18FF2420#4D0E0000F0FFFFFF RX
2018-04-17 14:05:43  can0  18FF1610#55 TX
2018-04-17 14:05:44  can0  18FF1720#21FFFFFFFFFFFFFF RX
2018-04-17 14:05:44  can0  18FF1610#55 TX
2018-04-17 14:05:44  can0  18FF2420#4D0E0000F0FFFFFF RX
2018-04-17 14:05:44  can0  18FF1610#55 TX
2018-04-17 14:05:45  can0  18FF1720#21FFFFFFFFFFFFFF RX
2018-04-17 14:05:45  can0  18FF1610#55 TX
2018-04-17 14:05:45  can0  18FF2420#4D0E0000F0FFFFFF RX
2018-04-17 14:05:45  can0  18FF1610#55 TX
2018-04-17 14:05:46  can0  18FF1720#21FFFFFFFFFFFFFF RX
2018-04-17 14:05:46  can0  18FF1610#55 TX
2018-04-17 14:05:46  can0  18FF2420#4D0E0000F0FFFFFF RX
2018-04-17 14:05:46  can0  18FF1610#55 TX
2018-04-17 14:05:47  can0  18FF1720#21FFFFFFFFFFFFFF RX
2018-04-17 14:05:47  can0  18FF1610#55 TX
2018-04-17 14:05:47  can0  18FF2420#4D0E0000F0FFFFFF RX
2018-04-17 14:05:47  can0  18FF1610#55 TX
2018-04-17 14:05:48  can0  18FF1720#21FFFFFFFFFFFFFF RX
2018-04-17 14:05:48  can0  18FF1610#55 TX
2018-04-17 14:05:48  can0  18FF2420#4D0E0000F0FFFFFF RX
2018-04-17 14:05:48  can0  18FF1610#55 TX
2018-04-17 14:05:49  can0  18FF1720#21FFFFFFFFFFFFFF RX
2018-04-17 14:05:49  can0  18FF1610#55 TX
2018-04-17 14:05:49  can0  18FF2420#4D0E0000F0FFFFFF RX
2018-04-17 14:05:49  can0  18FF1610#55 TX
2018-04-17 14:05:50  can0  18FF1720#21FFFFFFFFFFFFFF RX
2018-04-17 14:05:50  can0  18FF1610#55 TX
2018-04-17 14:05:50  can0  18FF2420#4D0E0000F0FFFFFF RX
2018-04-17 14:05:50  can0  18FF1610#55 TX
2018-04-17 14:05:51  can0  18FF1720#21FFFFFFFFFFFFFF RX
2018-04-17 14:05:51  can0  18FF1610#55 TX
2018-04-17 14:05:51  can0  18FF2420#4D0E0000F0FFFFFF RX
2018-04-17 14:05:51  can0  18FF1610#55 TX
2018-04-17 14:05:52  can0  18FF1720#21FFFFFFFFFFFFFF RX
2018-04-17 14:05:52  can0  18FF1610#55 TX
2018-04-17 14:05:52  can0  18FF2420#4D0E0000F0FFFFFF RX
2018-04-17 14:05:52  can0  18FF1610#55 TX
2018-04-17 14:05:53  can0  18FF1720#21FFFFFFFFFFFFFF RX
2018-04-17 14:05:53  can0  18FF1610#55 TX
2018-04-17 14:05:53  can0  18FF2420#4D0E0000F0FFFFFF RX
2018-04-17 14:05:53  can0  18FF1610#55 TX
2018-04-17 14:05:54  can0  18FF1720#21FFFFFFFFFFFFFF RX
2018-04-17 14:05:54  can0  18FF1610#55 TX
2018-04-17 14:05:54  can0  18FF2420#4D0E0000F0FFFFFF RX
2018-04-17 14:05:54  can0  18FF1610#55 TX
2018-04-17 14:05:55  can0  18FF1720#21FFFFFFFFFFFFFF RX
2018-04-17 14:05:55  can0  18FF1610#55 TX
2018-04-17 14:05:55  can0  18FF2420#4D0E0000F0FFFFFF RX
2018-04-17 14:05:55  can0  18FF1610#55 TX
2018-04-17 14:05:56  can0  18FF1720#21FFFFFFFFFFFFFF RX
2018-04-17 14:05:56  can0  18FF1610#55 TX
2018-04-17 14:05:56  can0  18FF2420#4D0E0000F0FFFFFF RX
2018-04-17 14:05:56  can0  18FF1610#55 TX
2018-04-17 14:05:57  can0  18FF1720#21FFFFFFFFFFFFFF RX
2018-04-17 14:05:57  can0  18FF1610#55 TX
2018-04-17 14:05:57  can0  18FF2420#4D0E0000F0FFFFFF RX
2018-04-17 14:05:57  can0  18FF1610#55 TX
2018-04-17 14:05:58  can0  18FF1720#21FFFFFFFFFFFFFF RX
2018-04-17 14:05:58  can0  18FF1610#55 TX
2018-04-17 14:05:58  can0  18FF2420#4D0E0000F0FFFFFF RX
2018-04-17 14:05:58  can0  18FF1610#55 TX
2018-04-17 14:05:59  can0  18FF1720#21FFFFFFFFFFFFFF RX
2018-04-17 14:05:59  can0  18FF1610#55 TX
2018-04-17 14:05:59  can0  18FF2420#4D0E0000F0FFFFFF RX
2018-04-17 14:05:59  can0  18FF1610#55 TX
2018-04-17 14:06:00  can0  18FF1720#21FFFFFFFFFFFFFF RX
2018-04-17 14:06:00  can0  18FF1610#55 TX
2018-04-17 14:06:00  can0  18FF2420#4D0E0000F0FFFFFF RX
2018-04-17 14:06:00  can0  18FF1610#55 TX
2018-04-17 14:06:01  can0  18FF1720#21FFFFFFFFFFFFFF RX
2018-04-17 14:06:01  can0  18FF1610#55 TX
2018-04-17 14:06:01  can0  18FF2420#4D0E0000F0FFFFFF RX
2018-04-17 14:06:01  can0  18FF1610#55 TX
2018-04-17 14:06:02  can0  18FF1720#21FFFFFFFFFFFFFF RX
2018-04-17 14:06:02  can0  18FF1610#55 TX
2018-04-17 14:06:02  can0  18FF2420#4D0E0000F0FFFFFF RX
2018-04-17 14:06:02  can0  18FF1610#55 TX
2018-04-17 14:06:03  can0  18FF1720#21FFFFFFFFFFFFFF RX
2018-04-17 14:06:03  can0  18FF1610#55 TX
2018-04-17 14:06:03  can0  18FF2420#4D0E0000F0FFFFFF RX
2018-04-17 14:06:03  can0  18FF1610#55 TX
2018-04-17 14:06:04  can0  18FF1720#21FFFFFFFFFFFFFF RX
2018-04-17 14:06:04  can0  18FF1610#55 TX
2018-04-17 14:06:04  can0  18FF2420#4D0E0000F0FFFFFF RX
2018-04-17 14:06:04  can0  18FF1610#55 TX
2018-04-17 14:06:05  can0  18FF1720#21FFFFFFFFFFFFFF RX
2018-04-17 14:06:05  can0  18FF1610#55 TX
2018-04-17 14:06:05  can0  18FF2420#4D0E0000F0FFFFFF RX
2018-04-17 14:06:05  can0  18FF1610#55 TX
2018-04-17 14:06:06  can0  18FF1720#21FFFFFFFFFFFFFF RX
2018-04-17 14:06:06  can0  18FF1610#55 TX
2018-04-17 14:06:06  can0  18FF2420#4D0E0000F0FFFFFF RX
2018-04-17 14:06:06  can0  18FF1610#55 TX
2018-04-17 14:06:07  can0  18FF1720#21FFFFFFFFFFFFFF RX
2018-04-17 14:06:07  can0  18FF1610#55 TX
2018-04-17 14:06:07  can0  18FF2420#4D0E0000F0FFFFFF RX
2018-04-17 14:06:07  can0  18FF1610#55 TX
2018-04-17 14:06:08  can0  18FF1720#21FFFFFFFFFFFFFF RX
2018-04-17 14:06:08  can0  18FF1610#55 TX
2018-04-17 14:06:08  can0  18FF2420#4D0E0000F0FFFFFF RX
2018-04-17 14:06:08  can0  18FF1610#55 TX
2018-04-17 14:06:09  can0  18FF1720#21FFFFFFFFFFFFFF RX
2018-04-17 14:06:09  can0  18FF1610#55 TX
2018-04-17 14:06:09  can0  18FF2420#4D0E0000F0FFFFFF RX
2018-04-17 14:06:09  can0  18FF1610#55 TX
2018-04-17 14:06:10  can0  18FF1720#21FFFFFFFFFFFFFF RX
2018-04-17 14:06:10  can0  18FF1610#55 TX
2018-04-17 14:06:10  can0  18FF2420#4D0E0000F0FFFFFF RX
2018-04-17 14:06:10  can0  18FF1610#55 TX
2018-04-17 14:06:11  can0  18FF1720#21FFFFFFFFFFFFFF RX
2018-04-17 14:06:11  can0  18FF1610#55 TX
2018-04-17 14:06:11  can0  18FF2420#4D0E0000F0FFFFFF RX
2018-04-17 14:06:11  can0  18FF1610#55 TX
2018-04-17 14:06:12  can0  18FF1720#21FFFFFFFFFFFFFF RX
2018-04-17 14:06:12  can0  18FF1610#55 TX
2018-04-17 14:06:12  can0  18FF2420#4D0E0000F0FFFFFF RX
2018-04-17 14:06:12  can0  18FF1610#55 TX
2018-04-17 14:06:13  can0  18FF1720#21FFFFFFFFFFFFFF RX
2018-04-17 14:06:13  can0  18FF1610#55 TX
2018-04-17 14:06:13  can0  18FF2420#4D0E0000F0FFFFFF RX
2018-04-17 14:06:13  can0  18FF1610#55 TX
2018-04-17 14:06:14  can0  18FF1720#21FFFFFFFFFFFFFF RX
2018-04-17 14:06:14  can0  18FF1610#55 TX
2018-04-17 14:06:14  can0  18FF2420#4D0E0000F0FFFFFF RX
2018-04-17 14:06:14  can0  18FF1610#55 TX
2018-04-17 14:06:15  can0  18FF1720#21FFFFFFFFFFFFFF RX
2018-04-17 14:06:15  can0  18FF1610#55 TX
2018-04-17 14:06:15  can0  18FF2420#4D0E0000F0FFFFFF RX
2018-04-17 14:06:15  can0  18FF1610#55 TX
2018-04-17 14:06:16  can0  18FF1720#21FFFFFFFFFFFFFF RX
2018-04-17 14:06:16  can0  18FF1610#55 TX
2018-04-17 14:06:16  can0  18FF2420#4D0E0000F0FFFFFF RX
2018-04-17 14:06:16  can0  18FF1610#55 TX
2018-04-17 14:06:17  can0  18FF1720#21FFFFFFFFFFFFFF RX
2018-04-17 14:06:17  can0  18FF1610#55 TX
2018-04-17 14:06:17  can0  18FF2420#4D0E0000F0FFFFFF RX
2018-04-17 14:06:17  can0  18FF1610#55 TX
2018-04-17 14:06:18  can0  18FF1720#21FFFFFFFFFFFFFF RX
2018-04-17 14:06:18  can0  18FF1610#55 TX
2018-04-17 14:06:18  can0  18FF2420#4D0E0000F0FFFFFF RX
2018-04-17 14:06:18  can0  18FF1610#55 TX
2018-04-17 14:06:19  can0  18FF1720#21FFFFFFFFFFFFFF RX
2018-04-17 14:06:19  can0  18FF1610#55 TX
2018-04-17 14:06:19  can0  18FF2420#4D0E0000F0FFFFFF RX
2018-04-17 14:06:19  can0  18FF1610#55 TX
2018-04-17 14:06:20  can0  18FF1720#21FFFFFFFFFFFFFF RX
2018-04-17 14:06:20  can0  18FF1610#55 TX
2018-04-17 14:06:20  can0  18FF2420#4D0E0000F0FFFFFF RX
2018-04-17 14:06:20  can0  18FF1610#55 TX
2018-04-17 14:06:21  can0  18FF1720#21FFFFFFFFFFFFFF RX
2018-04-17 14:06:21  can0  18FF1610#55 TX
2018-04-17 14:06:21  can0  18FF2420#4D0E0000F0FFFFFF RX
2018-04-17 14:06:21  can0  18FF1610#55 TX
2018-04-17 14:06:22  can0  18FF1720#21FFFFFFFFFFFFFF RX
2018-04-17 14:06:22  can0  18FF1610#55 TX
2018-04-17 14:06:22  can0  18FF2420#4D0E0000F0FFFFFF RX
2018-04-17 14:06:22  can0  18FF1610#55 TX
2018-04-17 14:06:23  can0  18FF1720#21FFFFFFFFFFFFFF RX
2018-04-17 14:06:23  can0  18FF1610#55 TX
2018-04-17 14:06:23  can0  18FF2420#4D0E0000F0FFFFFF RX
2018-04-17 14:06:23  can0  18FF1610#55 TX
2018-04-17 14:06:24  can0  18FF1720#21FFFFFFFFFFFFFF RX
2018-04-17 14:06:24  can0  18FF1610#55 TX
2018-04-17 14:06:24  can0  18FF2420#4D0E0000F0FFFFFF RX
2018-04-17 14:06:24  can0  18FF1610#55 TX
2018-04-17 14:06:25  can0  18FF1720#21FFFFFFFFFFFFFF RX
2018-04-17 14:06:25  can0  18FF1610#55 TX
2018-04-17 14:06:25  can0  18FF2420#4D0E0000F0FFFFFF RX
2018-04-17 14:06:25  can0  18FF1610#55 TX
2018-04-17 14:06:26  can0  18FF1720#21FFFFFFFFFFFFFF RX
2018-04-17 14:06:26  can0  18FF1610#55 TX
2018-04-17 14:06:26  can0  18FF2420#4D0E0000F0FFFFFF RX
2018-04-17 14:06:26  can0  18FF1610#55 TX
2018-04-17 14:06:27  can0  18FF1720#21FFFFFFFFFFFFFF RX
2018-04-17 14:06:27  can0  18FF1610#55 TX
2018-04-17 14:06:27  can0  18FF2420#4D0E0000F0FFFFFF RX
2018-04-17 14:06:27  can0  18FF1610#55 TX
2018-04-17 14:06:28  can0  18FF1720#21FFFFFFFFFFFFFF RX
2018-04-17 14:06:28  can0  18FF1610#55 TX
2018-04-17 14:06:28  can0  18FF2420#4D0E0000F0FFFFFF RX
2018-04-17 14:06:28  can0  18FF1610#55 TX
2018-04-17 14:06:29  can0  18FF1720#21FFFFFFFFFFFFFF RX
2018-04-17 14:06:29  can0  18FF1610#55 TX
2018-04-17 14:06:29  can0  18FF2420#4D0E0000F0FFFFFF RX
2018-04-17 14:06:29  can0  18FF1610#55 TX
2018-04-17 14:06:30  can0  18FF1720#21FFFFFFFFFFFFFF RX
2018-04-17 14:06:30  can0  18FF1610#55 TX
2018-04-17 14:06:30  can0  18FF2420#4D0E0000F0FFFFFF RX
2018-04-17 14:06:30  can0  18FF1610#55 TX
2018-04-17 14:06:31  can0  18FF1720#21FFFFFFFFFFFFFF RX
2018-04-17 14:06:31  can0  18FF1610#55 TX
2018-04-17 14:06:31  can0  18FF2420#4D0E0000F0FFFFFF RX
2018-04-17 14:06:31  can0  18FF1610#55 TX
2018-04-17 14:06:32  can0  18FF1720#21FFFFFFFFFFFFFF RX
2018-04-17 14:06:32  can0  18FF1610#55 TX
2018-04-17 14:06:32  can0  18FF2420#4D0E0000F0FFFFFF RX
2018-04-17 14:06:32  can0  18FF1610#55 TX
2018-04-17 14:06:33  can0  18FF1720#21FFFFFFFFFFFFFF RX
2018-04-17 14:06:33  can0  18FF1610#55 TX
2018-04-17 14:06:33  can0  18FF2420#4D0E0000F0FFFFFF RX
2018-04-17 14:06:33  can0  18FF1610#55 TX
2018-04-17 14:06:34  can0  18FF1720#21FFFFFFFFFFFFFF RX
2018-04-17 14:06:34  can0  18FF1610#55 TX
2018-04-17 14:06:34  can0  18FF2420#4D0E0000F0FFFFFF RX
2018-04-17 14:06:34  can0  18FF1610#55 TX
2018-04-17 14:06:35  can0  18FF1720#21FFFFFFFFFFFFFF RX
2018-04-17 14:06:35  can0  18FF1610#55 TX
2018-04-17 14:06:35  can0  18FF2420#4D0E0000F0FFFFFF RX
2018-04-17 14:06:35  can0  18FF1610#55 TX
2018-04-17 14:06:36  can0  18FF1720#21FFFFFFFFFFFFFF RX
2018-04-17 14:06:36  can0  18FF1610#55 TX
2018-04-17 14:06:36  can0  18FF2420#4D0E0000F0FFFFFF RX
2018-04-17 14:06:36  can0  18FF1610#55 TX
2018-04-17 14:06:37  can0  18FF1720#21FFFFFFFFFFFFFF RX
2018-04-17 14:06:37  can0  18FF1610#55 TX
2018-04-17 14:06:37  can0  18FF2420#4D0E0000F0FFFFFF RX
2018-04-17 14:06:37  can0  18FF1610#55 TX
2018-04-17 14:06:38  can0  18FF1720#21FFFFFFFFFFFFFF RX
2018-04-17 14:06:38  can0  18FF1610#55 TX
2018-04-17 14:06:38  can0  18FF2420#4D0E0000F0FFFFFF RX
2018-04-17 14:06:38  can0  18FF1610#55 TX
2018-04-17 14:06:39  can0  18FF1720#21FFFFFFFFFFFFFF RX
2018-04-17 14:06:39  can0  18FF1610#55 TX
2018-04-17 14:06:39  can0  18FF2420#4D0E0000F0FFFFFF RX
2018-04-17 14:06:39  can0  18FF1610#55 TX
2018-04-17 14:06:40  can0  18FF1720#21FFFFFFFFFFFFFF RX
2018-04-17 14:06:40  can0  18FF1610#55 TX
2018-04-17 14:06:40  can0  18FF2420#4D0E0000F0FFFFFF RX
2018-04-17 14:06:40  can0  18FF1610#55 TX
2018-04-17 14:06:41  can0  18FF1720#21FFFFFFFFFFFFFF RX
2018-04-17 14:06:41  can0  18FF1610#55 TX
2018-04-17 14:06:41  can0  18FF2420#4D0E0000F0FFFFFF RX
2018-04-17 14:06:41  can0  18FF1610#55 TX
2018-04-17 14:06:41  can0  18FF2320#7802A000A40300FF RX
2018-04-17 14:06:41  can0  18FF1610#55 TX
2018-04-17 14:06:42  can0  18FF1720#21FFFFFFFFFFFFFF RX
2018-04-17 14:06:42  can0  18FF1610#55 TX
2018-04-17 14:06:42  can0  18FF2420#4D0E0000F0FFFFFF RX
2018-04-17 14:06:42  can0  18FF1610#55 TX
2018-04-17 14:06:43  can0  18FF1720#21FFFFFFFFFFFFFF RX
2018-04-17 14:06:43  can0  18FF1610#55 TX
2018-04-17 14:06:43  can0  18FF2420#4D0E0000F0FFFFFF RX
2018-04-17 14:06:43  can0  18FF1610#55 TX
2018-04-17 14:06:44  can0  18FF1720#21FFFFFFFFFFFFFF RX
2018-04-17 14:06:44  can0  18FF1610#55 TX
2018-04-17 14:06:44  can0  18FF2420#4D0E0000F0FFFFFF RX
2018-04-17 14:06:44  can0  18FF1610#55 TX
2018-04-17 14:06:45  can0  18FF1720#21FFFFFFFFFFFFFF RX
2018-04-17 14:06:45  can0  18FF1610#55 TX
2018-04-17 14:06:45  can0  18FF2420#4D0E0000F0FFFFFF RX
2018-04-17 14:06:45  can0  18FF1610#55 TX
2018-04-17 14:06:46  can0  18FF1720#21FFFFFFFFFFFFFF RX
2018-04-17 14:06:46  can0  18FF1610#55 TX
2018-04-17 14:06:46  can0  18FF2420#4D0E0000F0FFFFFF RX
2018-04-17 14:06:46  can0  18FF1610#55 TX
2018-04-17 14:06:47  can0  18FF1720#21FFFFFFFFFFFFFF RX
2018-04-17 14:06:47  can0  18FF1610#55 TX
2018-04-17 14:06:47  can0  18FF2420#4D0E0000F0FFFFFF RX
2018-04-17 14:06:47  can0  18FF1610#55 TX
2018-04-17 14:06:48  can0  18FF1720#21FFFFFFFFFFFFFF RX
2018-04-17 14:06:48  can0  18FF1610#55 TX
2018-04-17 14:06:48  can0  18FF2420#4D0E0000F0FFFFFF RX
2018-04-17 14:06:48  can0  18FF1610#55 TX
2018-04-17 14:06:49  can0  18FF1720#21FFFFFFFFFFFFFF RX
2018-04-17 14:06:49  can0  18FF1610#55 TX
2018-04-17 14:06:49  can0  18FF2420#4D0E0000F0FFFFFF RX
2018-04-17 14:06:49  can0  18FF1610#55 TX
2018-04-17 14:06:50  can0  18FF1720#21FFFFFFFFFFFFFF RX
2018-04-17 14:06:50  can0  18FF1610#55 TX
2018-04-17 14:06:50  can0  18FF2420#4D0E0000F0FFFFFF RX
2018-04-17 14:06:50  can0  18FF1610#55 TX
2018-04-17 14:06:51  can0  18FF1720#21FFFFFFFFFFFFFF RX
2018-04-17 14:06:51  can0  18FF1610#55 TX
2018-04-17 14:06:51  can0  18FF2420#4D0E0000F0FFFFFF RX
2018-04-17 14:06:51  can0  18FF1610#55 TX
2018-04-17 14:06:52  can0  18FF1720#21FFFFFFFFFFFFFF RX
2018-04-17 14:06:52  can0  18FF1610#55 TX
2018-04-17 14:06:52  can0  18FF2420#4D0E0000F0FFFFFF RX
2018-04-17 14:06:52  can0  18FF1610#55 TX
2018-04-17 14:06:53  can0  18FF1720#21FFFFFFFFFFFFFF RX
2018-04-17 14:06:53  can0  18FF1610#55 TX
2018-04-17 14:06:53  can0  18FF2420#4D0E0000F0FFFFFF RX
2018-04-17 14:06:53  can0  18FF1610#55 TX
2018-04-17 14:06:54  can0  18FF1720#21FFFFFFFFFFFFFF RX
2018-04-17 14:06:54  can0  18FF1610#55 TX
2018-04-17 14:06:54  can0  18FF2420#4D0E0000F0FFFFFF RX
2018-04-17 14:06:54  can0  18FF1610#55 TX
2018-04-17 14:06:55  can0  18FF1720#21FFFFFFFFFFFFFF RX
2018-04-17 14:06:55  can0  18FF1610#55 TX
2018-04-17 14:06:55  can0  18FF2420#4D0E0000F0FFFFFF RX
2018-04-17 14:06:55  can0  18FF1610#55 TX
2018-04-17 14:06:56  can0  18FF1720#21FFFFFFFFFFFFFF RX
2018-04-17 14:06:56  can0  18FF1610#55 TX
2018-04-17 14:06:56  can0  18FF2420#4D0E0000F0FFFFFF RX
2018-04-17 14:06:56  can0  18FF1610#55 TX
2018-04-17 14:06:57  can0  18FF1720#21FFFFFFFFFFFFFF RX
2018-04-17 14:06:57  can0  18FF1610#55 TX
2018-04-17 14:06:57  can0  18FF2420#4D0E0000F0FFFFFF RX
2018-04-17 14:06:57  can0  18FF1610#55 TX
2018-04-17 14:06:58  can0  18FF1720#21FFFFFFFFFFFFFF RX
2018-04-17 14:06:58  can0  18FF1610#55 TX
2018-04-17 14:06:58  can0  18FF2420#4D0E0000F0FFFFFF RX
2018-04-17 14:06:58  can0  18FF1610#55 TX
2018-04-17 14:06:59  can0  18FF1720#21FFFFFFFFFFFFFF RX
2018-04-17 14:06:59  can0  18FF1610#55 TX
2018-04-17 14:06:59  can0  18FF2420#4D0E0000F0FFFFFF RX
2018-04-17 14:06:59  can0  18FF1610#55 TX
2018-04-17 14:07:00  can0  18FF1720#21FFFFFFFFFFFFFF RX
2018-04-17 14:07:00  can0  18FF1610#55 TX
2018-04-17 14:07:00  can0  18FF2420#4D0E0000F0FFFFFF RX
2018-04-17 14:07:00  can0  18FF1610#55 TX
2018-04-17 14:07:01  can0  18FF1720#21FFFFFFFFFFFFFF RX
2018-04-17 14:07:01  can0  18FF1610#55 TX
2018-04-17 14:07:01  can0  18FF2420#4D0E0000F0FFFFFF RX
2018-04-17 14:07:01  can0  18FF1610#55 TX
2018-04-17 14:07:02  can0  18FF1720#21FFFFFFFFFFFFFF RX
2018-04-17 14:07:02  can0  18FF1610#55 TX
2018-04-17 14:07:02  can0  18FF2420#4D0E0000F0FFFFFF RX
2018-04-17 14:07:02  can0  18FF1610#55 TX
2018-04-17 14:07:03  can0  18FF1720#21FFFFFFFFFFFFFF RX
2018-04-17 14:07:03  can0  18FF1610#55 TX
2018-04-17 14:07:03  can0  18FF2420#4D0E0000F0FFFFFF RX
2018-04-17 14:07:03  can0  18FF1610#55 TX
2018-04-17 14:07:04  can0  18FF1720#21FFFFFFFFFFFFFF RX
2018-04-17 14:07:04  can0  18FF1610#55 TX
2018-04-17 14:07:04  can0  18FF2420#4D0E0000F0FFFFFF RX
2018-04-17 14:07:04  can0  18FF1610#55 TX
2018-04-17 14:07:05  can0  18FF1720#21FFFFFFFFFFFFFF RX
2018-04-17 14:07:05  can0  18FF1610#55 TX
2018-04-17 14:07:05  can0  18FF2420#4D0E0000F0FFFFFF RX
2018-04-17 14:07:05  can0  18FF1610#55 TX
2018-04-17 14:07:06  can0  18FF1720#21FFFFFFFFFFFFFF RX
2018-04-17 14:07:06  can0  18FF1610#55 TX
2018-04-17 14:07:06  can0  18FF2420#4D0E0000F0FFFFFF RX
2018-04-17 14:07:06  can0  18FF1610#55 TX
2018-04-17 14:07:07  can0  18FF1720#21FFFFFFFFFFFFFF RX
2018-04-17 14:07:07  can0  18FF1610#55 TX
2018-04-17 14:07:07  can0  18FF2420#4D0E0000F0FFFFFF RX
2018-04-17 14:07:07  can0  18FF1610#55 TX
2018-04-17 14:07:08  can0  18FF1720#21FFFFFFFFFFFFFF RX
2018-04-17 14:07:08  can0  18FF1610#55 TX
2018-04-17 14:07:08  can0  18FF2420#4D0E0000F0FFFFFF RX
2018-04-17 14:07:08  can0  18FF1610#55 TX
2018-04-17 14:07:09  can0  18FF1720#21FFFFFFFFFFFFFF RX
2018-04-17 14:07:09  can0  18FF1610#55 TX
2018-04-17 14:07:09  can0  18FF2420#4D0E0000F0FFFFFF RX
2018-04-17 14:07:09  can0  18FF1610#55 TX
2018-04-17 14:07:10  can0  18FF1720#21FFFFFFFFFFFFFF RX
2018-04-17 14:07:10  can0  18FF1610#55 TX
2018-04-17 14:07:10  can0  18FF2420#4D0E0000F0FFFFFF RX
2018-04-17 14:07:10  can0  18FF1610#55 TX
2018-04-17 14:07:11  can0  18FF1720#21FFFFFFFFFFFFFF RX
2018-04-17 14:07:11  can0  18FF1610#55 TX
2018-04-17 14:07:11  can0  18FF2420#4D0E0000F0FFFFFF RX
2018-04-17 14:07:11  can0  18FF1610#55 TX
2018-04-17 14:07:12  can0  18FF1720#21FFFFFFFFFFFFFF RX
2018-04-17 14:07:12  can0  18FF1610#55 TX
2018-04-17 14:07:12  can0  18FF2420#4D0E0000F0FFFFFF RX
2018-04-17 14:07:12  can0  18FF1610#55 TX
2018-04-17 14:07:13  can0  18FF1720#21FFFFFFFFFFFFFF RX
2018-04-17 14:07:13  can0  18FF1610#55 TX
2018-04-17 14:07:13  can0  18FF2420#4D0E0000F0FFFFFF RX
2018-04-17 14:07:13  can0  18FF1610#55 TX
2018-04-17 14:07:14  can0  18FF1720#21FFFFFFFFFFFFFF RX
2018-04-17 14:07:14  can0  18FF1610#55 TX
2018-04-17 14:07:14  can0  18FF2420#4D0E0000F0FFFFFF RX
2018-04-17 14:07:14  can0  18FF1610#55 TX
2018-04-17 14:07:15  can0  18FF1720#21FFFFFFFFFFFFFF RX
2018-04-17 14:07:15  can0  18FF1610#55 TX
2018-04-17 14:07:15  can0  18FF2420#4D0E0000F0FFFFFF RX
2018-04-17 14:07:15  can0  18FF1610#55 TX
2018-04-17 14:07:16  can0  18FF1720#21FFFFFFFFFFFFFF RX
2018-04-17 14:07:16  can0  18FF1610#55 TX
2018-04-17 14:07:16  can0  18FF2420#4D0E0000F0FFFFFF RX
2018-04-17 14:07:16  can0  18FF1610#55 TX
2018-04-17 14:07:17  can0  18FF1720#21FFFFFFFFFFFFFF RX
2018-04-17 14:07:17  can0  18FF1610#55 TX
2018-04-17 14:07:17  can0  18FF2420#4D0E0000F0FFFFFF RX
2018-04-17 14:07:17  can0  18FF1610#55 TX
2018-04-17 14:07:18  can0  18FF1720#21FFFFFFFFFFFFFF RX
2018-04-17 14:07:18  can0  18FF1610#55 TX
2018-04-17 14:07:18  can0  18FF2420#4D0E0000F0FFFFFF RX
2018-04-17 14:07:18  can0  18FF1610#55 TX
2018-04-17 14:07:19  can0  18FF1720#21FFFFFFFFFFFFFF RX
2018-04-17 14:07:19  can0  18FF1610#55 TX
2018-04-17 14:07:19  can0  18FF2420#4D0E0000F0FFFFFF RX
2018-04-17 14:07:19  can0  18FF1610#55 TX
2018-04-17 14:07:20  can0  18FF1720#21FFFFFFFFFFFFFF RX
2018-04-17 14:07:20  can0  18FF1610#55 TX
2018-04-17 14:07:20  can0  18FF2420#4D0E0000F0FFFFFF RX
2018-04-17 14:07:20  can0  18FF1610#55 TX
2018-04-17 14:07:21  can0  18FF1720#21FFFFFFFFFFFFFF RX
2018-04-17 14:07:21  can0  18FF1610#55 TX
2018-04-17 14:07:21  can0  18FF2420#4D0E0000F0FFFFFF RX
2018-04-17 14:07:21  can0  18FF1610#55 TX
2018-04-17 14:07:22  can0  18FF1720#21FFFFFFFFFFFFFF RX
2018-04-17 14:07:22  can0  18FF1610#55 TX
2018-04-17 14:07:22  can0  18FF2420#4D0E0000F0FFFFFF RX
2018-04-17 14:07:22  can0  18FF1610#55 TX
2018-04-17 14:07:23  can0  18FF1720#21FFFFFFFFFFFFFF RX
2018-04-17 14:07:23  can0  18FF1610#55 TX
2018-04-17 14:07:23  can0  18FF2420#4D0E0000F0FFFFFF RX
2018-04-17 14:07:23  can0  18FF1610#55 TX
2018-04-17 14:07:24  can0  18FF1720#21FFFFFFFFFFFFFF RX
2018-04-17 14:07:24  can0  18FF1610#55 TX
2018-04-17 14:07:24  can0  18FF2420#4D0E0000F0FFFFFF RX
2018-04-17 14:07:24  can0  18FF1610#55 TX
2018-04-17 14:07:25  can0  18FF1720#21FFFFFFFFFFFFFF RX
2018-04-17 14:07:25  can0  18FF1610#55 TX
2018-04-17 14:07:25  can0  18FF2420#4D0E0000F0FFFFFF RX
2018-04-17 14:07:25  can0  18FF1610#55 TX
2018-04-17 14:07:26  can0  18FF1720#21FFFFFFFFFFFFFF RX
2018-04-17 14:07:26  can0  18FF1610#55 TX
2018-04-17 14:07:26  can0  18FF2420#4D0E0000F0FFFFFF RX
2018-04-17 14:07:26  can0  18FF1610#55 TX
2018-04-17 14:07:27  can0  18FF1720#21FFFFFFFFFFFFFF RX
2018-04-17 14:07:27  can0  18FF1610#55 TX
2018-04-17 14:07:27  can0  18FF2420#4D0E0000F0FFFFFF RX
2018-04-17 14:07:27  can0  18FF1610#55 TX
2018-04-17 14:07:28  can0  18FF1720#21FFFFFFFFFFFFFF RX
2018-04-17 14:07:28  can0  18FF1610#55 TX
2018-04-17 14:07:28  can0  18FF2420#4D0E0000F0FFFFFF RX
2018-04-17 14:07:28  can0  18FF1610#55 TX
2018-04-17 14:07:29  can0  18FF1720#21FFFFFFFFFFFFFF RX
2018-04-17 14:07:29  can0  18FF1610#55 TX
2018-04-17 14:07:29  can0  18FF2420#4D0E0000F0FFFFFF RX
2018-04-17 14:07:29  can0  18FF1610#55 TX
2018-04-17 14:07:30  can0  18FF1720#21FFFFFFFFFFFFFF RX
2018-04-17 14:07:30  can0  18FF1610#55 TX
2018-04-17 14:07:30  can0  18FF2420#4D0E0000F0FFFFFF RX
2018-04-17 14:07:30  can0  18FF1610#55 TX
2018-04-17 14:07:31  can0  18FF1720#21FFFFFFFFFFFFFF RX
2018-04-17 14:07:31  can0  18FF1610#55 TX
2018-04-17 14:07:31  can0  18FF2420#4D0E0000F0FFFFFF RX
2018-04-17 14:07:31  can0  18FF1610#55 TX
2018-04-17 14:07:32  can0  18FF1720#21FFFFFFFFFFFFFF RX
2018-04-17 14:07:32  can0  18FF1610#55 TX
2018-04-17 14:07:32  can0  18FF2420#4D0E0000F0FFFFFF RX
2018-04-17 14:07:32  can0  18FF1610#55 TX
2018-04-17 14:07:33  can0  18FF1720#21FFFFFFFFFFFFFF RX
2018-04-17 14:07:33  can0  18FF1610#55 TX
2018-04-17 14:07:33  can0  18FF2420#4D0E0000F0FFFFFF RX
2018-04-17 14:07:33  can0  18FF1610#55 TX
2018-04-17 14:07:34  can0  18FF1720#21FFFFFFFFFFFFFF RX
2018-04-17 14:07:34  can0  18FF1610#55 TX
2018-04-17 14:07:34  can0  18FF2420#4D0E0000F0FFFFFF RX
2018-04-17 14:07:34  can0  18FF1610#55 TX
2018-04-17 14:07:35  can0  18FF1720#21FFFFFFFFFFFFFF RX
2018-04-17 14:07:35  can0  18FF1610#55 TX
2018-04-17 14:07:35  can0  18FF2420#4D0E0000F0FFFFFF RX
2018-04-17 14:07:35  can0  18FF1610#55 TX
2018-04-17 14:07:36  can0  18FF1720#21FFFFFFFFFFFFFF RX
2018-04-17 14:07:36  can0  18FF1610#55 TX
2018-04-17 14:07:36  can0  18FF2420#4D0E0000F0FFFFFF RX
2018-04-17 14:07:36  can0  18FF1610#55 TX
2018-04-17 14:07:37  can0  18FF1720#21FFFFFFFFFFFFFF RX
2018-04-17 14:07:37  can0  18FF1610#55 TX
2018-04-17 14:07:37  can0  18FF2420#4D0E0000F0FFFFFF RX
2018-04-17 14:07:37  can0  18FF1610#55 TX
2018-04-17 14:07:38  can0  18FF1720#21FFFFFFFFFFFFFF RX
2018-04-17 14:07:38  can0  18FF1610#55 TX
2018-04-17 14:07:38  can0  18FF2420#4D0E0000F0FFFFFF RX
2018-04-17 14:07:38  can0  18FF1610#55 TX
2018-04-17 14:07:39  can0  18FF1720#21FFFFFFFFFFFFFF RX
2018-04-17 14:07:39  can0  18FF1610#55 TX
2018-04-17 14:07:39  can0  18FF2420#4D0E0000F0FFFFFF RX
2018-04-17 14:07:39  can0  18FF1610#55 TX
2018-04-17 14:07:40  can0  18FF1720#21FFFFFFFFFFFFFF RX
2018-04-17 14:07:40  can0  18FF1610#55 TX
2018-04-17 14:07:40  can0  18FF2420#4D0E0000F0FFFFFF RX
2018-04-17 14:07:40  can0  18FF1610#55 TX
2018-04-17 14:07:41  can0  18FF1720#21FFFFFFFFFFFFFF RX
2018-04-17 14:07:41  can0  18FF1610#55 TX
2018-04-17 14:07:41  can0  18FF2420#4D0E0000F0FFFFFF RX
2018-04-17 14:07:41  can0  18FF1610#55 TX
2018-04-17 14:07:42  can0  18FF1720#21FFFFFFFFFFFFFF RX
2018-04-17 14:07:42  can0  18FF1610#55 TX
2018-04-17 14:07:42  can0  18FF2420#4D0E0000F0FFFFFF RX
2018-04-17 14:07:42  can0  18FF1610#55 TX
2018-04-17 14:07:43  can0  18FF1720#21FFFFFFFFFFFFFF RX
2018-04-17 14:07:43  can0  18FF1610#55 TX
2018-04-17 14:07:43  can0  18FF2420#4D0E0000F0FFFFFF RX
2018-04-17 14:07:43  can0  18FF1610#55 TX
2018-04-17 14:07:44  can0  18FF1720#21FFFFFFFFFFFFFF RX
2018-04-17 14:07:44  can0  18FF1610#55 TX
2018-04-17 14:07:44  can0  18FF2420#4D0E0000F0FFFFFF RX
2018-04-17 14:07:44  can0  18FF1610#55 TX
2018-04-17 14:07:45  can0  18FF1720#21FFFFFFFFFFFFFF RX
2018-04-17 14:07:45  can0  18FF1610#55 TX
2018-04-17 14:07:45  can0  18FF2420#4D0E0000F0FFFFFF RX
2018-04-17 14:07:45  can0  18FF1610#55 TX
2018-04-17 14:07:46  can0  18FF1720#21FFFFFFFFFFFFFF RX
2018-04-17 14:07:46  can0  18FF1610#55 TX
2018-04-17 14:07:46  can0  18FF2420#4D0E0000F0FFFFFF RX
2018-04-17 14:07:46  can0  18FF1610#55 TX
2018-04-17 14:07:47  can0  18FF1720#21FFFFFFFFFFFFFF RX
2018-04-17 14:07:47  can0  18FF1610#55 TX
2018-04-17 14:07:47  can0  18FF2420#4D0E0000F0FFFFFF RX
2018-04-17 14:07:47  can0  18FF1610#55 TX
2018-04-17 14:07:48  can0  18FF1720#21FFFFFFFFFFFFFF RX
2018-04-17 14:07:48  can0  18FF1610#55 TX
2018-04-17 14:07:48  can0  18FF2420#4D0E0000F0FFFFFF RX
2018-04-17 14:07:48  can0  18FF1610#55 TX
2018-04-17 14:07:49  can0  18FF1720#21FFFFFFFFFFFFFF RX
2018-04-17 14:07:49  can0  18FF1610#55 TX
2018-04-17 14:07:49  can0  18FF2420#4D0E0000F0FFFFFF RX
2018-04-17 14:07:49  can0  18FF1610#55 TX
2018-04-17 14:07:50  can0  18FF1720#21FFFFFFFFFFFFFF RX
2018-04-17 14:07:50  can0  18FF1610#55 TX
2018-04-17 14:07:50  can0  18FF2420#4D0E0000F0FFFFFF RX
2018-04-17 14:07:50  can0  18FF1610#55 TX
2018-04-17 14:07:51  can0  18FF1720#21FFFFFFFFFFFFFF RX
2018-04-17 14:07:51  can0  18FF1610#55 TX
2018-04-17 14:07:51  can0  18FF2420#4D0E0000F0FFFFFF RX
2018-04-17 14:07:51  can0  18FF1610#55 TX
2018-04-17 14:07:52  can0  18FF1720#21FFFFFFFFFFFFFF RX
2018-04-17 14:07:52  can0  18FF1610#55 TX
2018-04-17 14:07:52  can0  18FF2420#4D0E0000F0FFFFFF RX
2018-04-17 14:07:52  can0  18FF1610#55 TX
2018-04-17 14:07:53  can0  18FF1720#21FFFFFFFFFFFFFF RX
2018-04-17 14:07:53  can0  18FF1610#55 TX
2018-04-17 14:07:53  can0  18FF2420#4D0E0000F0FFFFFF RX
2018-04-17 14:07:53  can0  18FF1610#55 TX
2018-04-17 14:07:54  can0  18FF1720#21FFFFFFFFFFFFFF RX
2018-04-17 14:07:54  can0  18FF1610#55 TX
2018-04-17 14:07:54  can0  18FF2420#4D0E0000F0FFFFFF RX
2018-04-17 14:07:54  can0  18FF1610#55 TX
2018-04-17 14:07:55  can0  18FF1720#21FFFFFFFFFFFFFF RX
2018-04-17 14:07:55  can0  18FF1610#55 TX
2018-04-17 14:07:55  can0  18FF2420#4D0E0000F0FFFFFF RX
2018-04-17 14:07:55  can0  18FF1610#55 TX
2018-04-17 14:07:56  can0  18FF1720#21FFFFFFFFFFFFFF RX
2018-04-17 14:07:56  can0  18FF1610#55 TX
2018-04-17 14:07:56  can0  18FF2420#4D0E0000F0FFFFFF RX
2018-04-17 14:07:56  can0  18FF1610#55 TX
2018-04-17 14:07:57  can0  18FF1720#21FFFFFFFFFFFFFF RX
2018-04-17 14:07:57  can0  18FF1610#55 TX
2018-04-17 14:07:57  can0  18FF2420#4D0E0000F0FFFFFF RX
2018-04-17 14:07:57  can0  18FF1610#55 TX
2018-04-17 14:07:58  can0  18FF1720#21FFFFFFFFFFFFFF RX
2018-04-17 14:07:58  can0  18FF1610#55 TX
2018-04-17 14:07:58  can0  18FF2420#4D0E0000F0FFFFFF RX
2018-04-17 14:07:58  can0  18FF1610#55 TX
2018-04-17 14:07:59  can0  18FF1720#21FFFFFFFFFFFFFF RX
2018-04-17 14:07:59  can0  18FF1610#55 TX
2018-04-17 14:07:59  can0  18FF2420#4D0E0000F0FFFFFF RX
2018-04-17 14:07:59  can0  18FF1610#55 TX
2018-04-17 14:08:00  can0  18FF1720#21FFFFFFFFFFFFFF RX
2018-04-17 14:08:00  can0  18FF1610#55 TX
2018-04-17 14:08:00  can0  18FF2420#4D0E0000F0FFFFFF RX
2018-04-17 14:08:00  can0  18FF1610#55 TX
2018-04-17 14:08:01  can0  18FF1720#21FFFFFFFFFFFFFF RX
2018-04-17 14:08:01  can0  18FF1610#55 TX
2018-04-17 14:08:01  can0  18FF2420#4D0E0000F0FFFFFF RX
2018-04-17 14:08:01  can0  18FF1610#55 TX
2018-04-17 14:08:02  can0  18FF1720#21FFFFFFFFFFFFFF RX
2018-04-17 14:08:02  can0  18FF1610#55 TX
2018-04-17 14:08:02  can0  18FF2420#4D0E0000F0FFFFFF RX
2018-04-17 14:08:02  can0  18FF1610#55 TX
2018-04-17 14:08:03  can0  18FF1720#21FFFFFFFFFFFFFF RX
2018-04-17 14:08:03  can0  18FF1610#55 TX
2018-04-17 14:08:03  can0  18FF2420#4D0E0000F0FFFFFF RX
2018-04-17 14:08:03  can0  18FF1610#55 TX
2018-04-17 14:08:04  can0  18FF1720#21FFFFFFFFFFFFFF RX
2018-04-17 14:08:04  can0  18FF1610#55 TX
2018-04-17 14:08:04  can0  18FF2420#4D0E0000F0FFFFFF RX
2018-04-17 14:08:04  can0  18FF1610#55 TX
2018-04-17 14:08:05  can0  18FF1720#21FFFFFFFFFFFFFF RX
2018-04-17 14:08:05  can0  18FF1610#55 TX
2018-04-17 14:08:05  can0  18FF2420#4D0E0000F0FFFFFF RX
2018-04-17 14:08:05  can0  18FF1610#55 TX
2018-04-17 14:08:06  can0  18FF1720#21FFFFFFFFFFFFFF RX
2018-04-17 14:08:06  can0  18FF1610#55 TX
2018-04-17 14:08:06  can0  18FF2420#4D0E0000F0FFFFFF RX
2018-04-17 14:08:06  can0  18FF1610#55 TX
2018-04-17 14:08:07  can0  18FF1720#21FFFFFFFFFFFFFF RX
2018-04-17 14:08:07  can0  18FF1610#55 TX
2018-04-17 14:08:07  can0  18FF2420#4D0E0000F0FFFFFF RX
2018-04-17 14:08:07  can0  18FF1610#55 TX
2018-04-17 14:08:08  can0  18FF1720#21FFFFFFFFFFFFFF RX
2018-04-17 14:08:08  can0  18FF1610#55 TX
2018-04-17 14:08:08  can0  18FF2420#4D0E0000F0FFFFFF RX
2018-04-17 14:08:08  can0  18FF1610#55 TX
2018-04-17 14:08:09  can0  18FF1720#21FFFFFFFFFFFFFF RX
2018-04-17 14:08:09  can0  18FF1610#55 TX
2018-04-17 14:08:09  can0  18FF2420#4D0E0000F0FFFFFF RX
2018-04-17 14:08:09  can0  18FF1610#55 TX
2018-04-17 14:08:10  can0  18FF1720#21FFFFFFFFFFFFFF RX
2018-04-17 14:08:10  can0  18FF1610#55 TX
2018-04-17 14:08:10  can0  18FF2420#4D0E0000F0FFFFFF RX
2018-04-17 14:08:10  can0  18FF1610#55 TX
2018-04-17 14:08:11  can0  18FF1720#21FFFFFFFFFFFFFF RX
2018-04-17 14:08:11  can0  18FF1610#55 TX
2018-04-17 14:08:11  can0  18FF2420#4D0E0000F0FFFFFF RX
2018-04-17 14:08:11  can0  18FF1610#55 TX
2018-04-17 14:08:12  can0  18FF1720#21FFFFFFFFFFFFFF RX
2018-04-17 14:08:12  can0  18FF1610#55 TX
2018-04-17 14:08:12  can0  18FF2420#4D0E0000F0FFFFFF RX
2018-04-17 14:08:12  can0  18FF1610#55 TX
2018-04-17 14:08:13  can0  18FF1720#21FFFFFFFFFFFFFF RX
2018-04-17 14:08:13  can0  18FF1610#55 TX
2018-04-17 14:08:13  can0  18FF2420#4D0E0000F0FFFFFF RX
2018-04-17 14:08:13  can0  18FF1610#55 TX
2018-04-17 14:08:14  can0  18FF1720#21FFFFFFFFFFFFFF RX
2018-04-17 14:08:14  can0  18FF1610#55 TX
2018-04-17 14:08:14  can0  18FF2420#4D0E0000F0FFFFFF RX
2018-04-17 14:08:14  can0  18FF1610#55 TX
2018-04-17 14:08:15  can0  18FF1720#21FFFFFFFFFFFFFF RX
2018-04-17 14:08:15  can0  18FF1610#55 TX
2018-04-17 14:08:15  can0  18FF2420#4D0E0000F0FFFFFF RX
2018-04-17 14:08:15  can0  18FF1610#55 TX
2018-04-17 14:08:16  can0  18FF1720#21FFFFFFFFFFFFFF RX
