2018-04-17 13:59:47  can0  18FF1610#55 TX
2018-04-17 13:59:48  can0  18FF2500#297300540100FCFF RX
2018-04-17 13:59:48  can0  18FF1610#55 TX
2018-04-17 13:59:48  can0  18FF2400#4D0E0000F0FFFFFF RX
2018-04-17 13:59:48  can0  18FF1610#55 TX
2018-04-17 13:59:49  can0  18FF2500#297300540100FCFF RX
2018-04-17 13:59:49  can0  18FF1610#55 TX
2018-04-17 13:59:49  can0  18FF2400#4D0E0000F0FFFFFF RX
2018-04-17 13:59:49  can0  18FF1610#55 TX
2018-04-17 13:59:50  can0  18FF2500#297300540100FCFF RX
2018-04-17 13:59:50  can0  18FF1610#55 TX
2018-04-17 13:59:50  can0  18FF2400#4D0E0000F0FFFFFF RX
2018-04-17 13:59:50  can0  18FF1610#55 TX
2018-04-17 13:59:51  can0  18FF2500#297300540100FCFF RX
2018-04-17 13:59:51  can0  18FF1610#55 TX
2018-04-17 13:59:51  can0  18FF2400#4D0E0000F0FFFFFF RX
2018-04-17 13:59:51  can0  18FF1610#55 TX
2018-04-17 13:59:52  can0  18FF2500#297300540100FCFF RX
2018-04-17 13:59:52  can0  18FF1610#55 TX
2018-04-17 13:59:52  can0  18FF2400#4D0E0000F0FFFFFF RX
2018-04-17 13:59:52  can0  18FF1610#55 TX
2018-04-17 13:59:53  can0  18FF2500#297300540100FCFF RX
2018-04-17 13:59:53  can0  18FF1610#55 TX
2018-04-17 13:59:53  can0  18FF2400#4D0E0000F0FFFFFF RX
2018-04-17 13:59:53  can0  18FF1610#55 TX
2018-04-17 13:59:54  can0  18FF2500#297300540100FCFF RX
2018-04-17 13:59:54  can0  18FF1610#55 TX
2018-04-17 13:59:54  can0  18FF2400#4D0E0000F0FFFFFF RX
2018-04-17 13:59:54  can0  18FF1610#55 TX
2018-04-17 13:59:55  can0  18FF2500#297300540100FCFF RX
2018-04-17 13:59:55  can0  18FF1610#55 TX
2018-04-17 13:59:55  can0  18FF2400#4D0E0000F0FFFFFF RX
2018-04-17 13:59:55  can0  18FF1610#55 TX
2018-04-17 13:59:56  can0  18FF2500#297300540100FCFF RX
2018-04-17 13:59:56  can0  18FF1610#55 TX
2018-04-17 13:59:56  can0  18FF2400#4D0E0000F0FFFFFF RX
2018-04-17 13:59:56  can0  18FF1610#55 TX
2018-04-17 13:59:57  can0  18FF1720#21FFFFFFFFFFFFFF RX
2018-04-17 13:59:57  can0  18FF1610#55 TX
2018-04-17 13:59:57  can0  18FF2420#4D0E0000F0FFFFFF RX
2018-04-17 13:59:57  can0  18FF1610#55 TX
2018-04-17 13:59:58  can0  18FF1720#21FFFFFFFFFFFFFF RX
2018-04-17 13:59:58  can0  18FF1610#55 TX
2018-04-17 13:59:58  can0  18FF2420#4D0E0000F0FFFFFF RX
2018-04-17 13:59:58  can0  18FF1610#55 TX
2018-04-17 13:59:59  can0  18FF1720#21FFFFFFFFFFFFFF RX
2018-04-17 13:59:59  can0  18FF1610#55 TX
2018-04-17 13:59:59  can0  18FF2420#4D0E0000F0FFFFFF RX
2018-04-17 13:59:59  can0  18FF1610#55 TX
2018-04-17 14:00:00  can0  18FF1720#21FFFFFFFFFFFFFF RX
2018-04-17 14:00:00  can0  18FF1610#55 TX
2018-04-17 14:00:00  can0  18FF2420#4D0E0000F0FFFFFF RX
2018-04-17 14:00:00  can0  18FF1610#55 TX
2018-04-17 14:00:01  can0  18FF1720#21FFFFFFFFFFFFFF RX
2018-04-17 14:00:01  can0  18FF1610#55 TX
2018-04-17 14:00:01  can0  18FF2420#4D0E0000F0FFFFFF RX
2018-04-17 14:00:01  can0  18FF1610#55 TX
2018-04-17 14:00:02  can0  18FF1720#21FFFFFFFFFFFFFF RX
2018-04-17 14:00:02  can0  18FF1610#55 TX
2018-04-17 14:00:02  can0  18FF2420#4D0E0000F0FFFFFF RX
2018-04-17 14:00:02  can0  18FF1610#55 TX
2018-04-17 14:00:03  can0  18FF1720#21FFFFFFFFFFFFFF RX
2018-04-17 14:00:03  can0  18FF1610#55 TX
2018-04-17 14:00:03  can0  18FF2420#4D0E0000F0FFFFFF RX
2018-04-17 14:00:03  can0  18FF1610#55 TX
2018-04-17 14:00:04  can0  18FF1720#21FFFFFFFFFFFFFF RX
2018-04-17 14:00:04  can0  18FF1610#55 TX
2018-04-17 14:00:04  can0  18FF2420#4D0E0000F0FFFFFF RX
2018-04-17 14:00:04  can0  18FF1610#55 TX
2018-04-17 14:00:05  can0  18FF1720#21FFFFFFFFFFFFFF RX
2018-04-17 14:00:05  can0  18FF1610#55 TX
2018-04-17 14:00:05  can0  18FF2420#4D0E0000F0FFFFFF RX
2018-04-17 14:00:05  can0  18FF1610#55 TX
2018-04-17 14:00:06  can0  18FF1720#21FFFFFFFFFFFFFF RX
2018-04-17 14:00:06  can0  18FF1610#55 TX
2018-04-17 14:00:06  can0  18FF2420#4D0E0000F0FFFFFF RX
2018-04-17 14:00:06  can0  18FF1610#55 TX
2018-04-17 14:00:07  can0  18FF1720#21FFFFFFFFFFFFFF RX
2018-04-17 14:00:07  can0  18FF1610#55 TX
2018-04-17 14:00:07  can0  18FF2420#4D0E0000F0FFFFFF RX
2018-04-17 14:00:07  can0  18FF1610#55 TX
2018-04-17 14:00:08  can0  18FF1720#21FFFFFFFFFFFFFF RX
2018-04-17 14:00:08  can0  18FF1610#55 TX
2018-04-17 14:00:08  can0  18FF2420#4D0E0000F0FFFFFF RX
2018-04-17 14:00:08  can0  18FF1610#55 TX
2018-04-17 14:00:09  can0  18FF1720#21FFFFFFFFFFFFFF RX
2018-04-17 14:00:09  can0  18FF1610#55 TX
2018-04-17 14:00:09  can0  18FF2420#4D0E0000F0FFFFFF RX
2018-04-17 14:00:09  can0  18FF1610#55 TX
2018-04-17 14:00:10  can0  18FF1720#21FFFFFFFFFFFFFF RX
2018-04-17 14:00:10  can0  18FF1610#55 TX
2018-04-17 14:00:10  can0  18FF2420#4D0E0000F0FFFFFF RX
2018-04-17 14:00:10  can0  18FF1610#55 TX
2018-04-17 14:00:11  can0  18FF1720#21FFFFFFFFFFFFFF RX
2018-04-17 14:00:11  can0  18FF1610#55 TX
2018-04-17 14:00:11  can0  18FF2420#4D0E0000F0FFFFFF RX
2018-04-17 14:00:11  can0  18FF1610#55 TX
2018-04-17 14:00:12  can0  18FF1720#21FFFFFFFFFFFFFF RX
2018-04-17 14:00:12  can0  18FF1610#55 TX
2018-04-17 14:00:12  can0  18FF2420#4D0E0000F0FFFFFF RX
2018-04-17 14:00:12  can0  18FF1610#55 TX
2018-04-17 14:00:13  can0  18FF1720#21FFFFFFFFFFFFFF RX
2018-04-17 14:00:13  can0  18FF1610#55 TX
2018-04-17 14:00:13  can0  18FF2420#4D0E0000F0FFFFFF RX
2018-04-17 14:00:13  can0  18FF1610#55 TX
2018-04-17 14:00:14  can0  18FF1720#21FFFFFFFFFFFFFF RX
2018-04-17 14:00:14  can0  18FF1610#55 TX
2018-04-17 14:00:14  can0  18FF2420#4D0E0000F0FFFFFF RX
2018-04-17 14:00:14  can0  18FF1610#55 TX
2018-04-17 14:00:15  can0  18FF1720#21FFFFFFFFFFFFFF RX
2018-04-17 14:00:15  can0  18FF1610#55 TX
2018-04-17 14:00:15  can0  18FF2420#4D0E0000F0FFFFFF RX
2018-04-17 14:00:15  can0  18FF1610#55 TX
2018-04-17 14:00:16  can0  18FF1720#21FFFFFFFFFFFFFF RX
2018-04-17 14:00:16  can0  18FF1610#55 TX
2018-04-17 14:00:16  can0  18FF2420#4D0E0000F0FFFFFF RX
2018-04-17 14:00:16  can0  18FF1610#55 TX
2018-04-17 14:00:17  can0  18FF1720#21FFFFFFFFFFFFFF RX
2018-04-17 14:00:17  can0  18FF1610#55 TX
2018-04-17 14:00:17  can0  18FF2420#4D0E0000F0FFFFFF RX
2018-04-17 14:00:17  can0  18FF1610#55 TX
2018-04-17 14:00:18  can0  18FF1720#21FFFFFFFFFFFFFF RX
2018-04-17 14:00:18  can0  18FF1610#55 TX
2018-04-17 14:00:18  can0  18FF2420#4D0E0000F0FFFFFF RX
2018-04-17 14:00:18  can0  18FF1610#55 TX
2018-04-17 14:00:19  can0  18FF1720#21FFFFFFFFFFFFFF RX
2018-04-17 14:00:19  can0  18FF1610#55 TX
2018-04-17 14:00:19  can0  18FF2420#4D0E0000F0FFFFFF RX
2018-04-17 14:00:19  can0  18FF1610#55 TX
2018-04-17 14:00:20  can0  18FF1720#21FFFFFFFFFFFFFF RX
2018-04-17 14:00:20  can0  18FF1610#55 TX
2018-04-17 14:00:20  can0  18FF2420#4D0E0000F0FFFFFF RX
2018-04-17 14:00:20  can0  18FF1610#55 TX
2018-04-17 14:00:21  can0  18FF1720#21FFFFFFFFFFFFFF RX
2018-04-17 14:00:21  can0  18FF1610#55 TX
2018-04-17 14:00:21  can0  18FF2420#4D0E0000F0FFFFFF RX
2018-04-17 14:00:21  can0  18FF1610#55 TX
2018-04-17 14:00:22  can0  18FF1720#21FFFFFFFFFFFFFF RX
2018-04-17 14:00:22  can0  18FF1610#65 TX
2018-04-17 14:00:22  can0  18FF2420#4D0E0000F0FFFFFF RX
2018-04-17 14:00:22  can0  18FF1610#65 TX
2018-04-17 14:00:23  can0  18FF1720#21FFFFFFFFFFFFFF RX
2018-04-17 14:00:23  can0  18FF1610#65 TX
2018-04-17 14:00:23  can0  18FF2420#4D0E0000F0FFFFFF RX
2018-04-17 14:00:23  can0  18FF1610#65 TX
2018-04-17 14:00:24  can0  18FF1610#65 TX
No response from generator
Time Out Error: CAN line might be disconnected or generator can interface is down
Resetting CAN interface on server
2018-04-17 14:00:25  can0  18FF1720#27FFFFFFFFFFFFFF RX
2018-04-17 14:00:25  can0  18FF1610#65 TX
2018-04-17 14:00:25  can0  18FF2420#4D0E0000F0FFFFFF RX
2018-04-17 14:00:25  can0  18FF1610#65 TX
2018-04-17 14:00:26  can0  18FF1720#27FFFFFFFFFFFFFF RX
2018-04-17 14:00:26  can0  18FF1610#65 TX
2018-04-17 14:00:26  can0  18FF2420#4D0E0000F0FFFFFF RX
2018-04-17 14:00:26  can0  18FF1610#65 TX
2018-04-17 14:00:27  can0  18FF1720#27FFFFFFFFFFFFFF RX
2018-04-17 14:00:27  can0  18FF1610#65 TX
2018-04-17 14:00:27  can0  18FF2420#4D0E0000F0FFFFFF RX
2018-04-17 14:00:27  can0  18FF1610#65 TX
2018-04-17 14:00:28  can0  18FF1720#27FFFFFFFFFFFFFF RX
2018-04-17 14:00:28  can0  18FF1610#65 TX
2018-04-17 14:00:28  can0  18FF2420#4D0E0000F0FFFFFF RX
2018-04-17 14:00:28  can0  18FF1610#65 TX
2018-04-17 14:00:29  can0  18FF1720#27FFFFFFFFFFFFFF RX
2018-04-17 14:00:29  can0  18FF1610#65 TX
2018-04-17 14:00:29  can0  18FF2420#4D0E0000F0FFFFFF RX
2018-04-17 14:00:29  can0  18FF1610#65 TX
2018-04-17 14:00:30  can0  18FF1720#27FFFFFFFFFFFFFF RX
2018-04-17 14:00:30  can0  18FF1610#65 TX
2018-04-17 14:00:30  can0  18FF2420#4D0E0000F0FFFFFF RX
2018-04-17 14:00:30  can0  18FF1610#65 TX
2018-04-17 14:00:31  can0  18FF1720#27FFFFFFFFFFFFFF RX
2018-04-17 14:00:31  can0  18FF1610#65 TX
2018-04-17 14:00:31  can0  18FF2420#4D0E0000F0FFFFFF RX
2018-04-17 14:00:31  can0  18FF1610#65 TX
2018-04-17 14:00:32  can0  18FF1720#27FFFFFFFFFFFFFF RX
2018-04-17 14:00:32  can0  18FF1610#65 TX
2018-04-17 14:00:32  can0  18FF2420#4D0E0000F0FFFFFF RX
2018-04-17 14:00:32  can0  18FF1610#65 TX
2018-04-17 14:00:33  can0  18FF1720#27FFFFFFFFFFFFFF RX
2018-04-17 14:00:33  can0  18FF1610#65 TX
2018-04-17 14:00:33  can0  18FF2420#4D0E0000F0FFFFFF RX
2018-04-17 14:00:33  can0  18FF1610#65 TX
2018-04-17 14:00:34  can0  18FF1720#27FFFFFFFFFFFFFF RX
2018-04-17 14:00:34  can0  18FF1610#55 TX
2018-04-17 14:00:34  can0  18FF2420#4D0E0000F0FFFFFF RX
2018-04-17 14:00:34  can0  18FF1610#55 TX
2018-04-17 14:00:35  can0  18FF1720#27FFFFFFFFFFFFFF RX
2018-04-17 14:00:35  can0  18FF1610#55 TX
2018-04-17 14:00:35  can0  18FF2420#4D0E0000F0FFFFFF RX
2018-04-17 14:00:35  can0  18FF1610#55 TX
2018-04-17 14:00:36  can0  18FF1720#20FFFFFFFFFFFFFF RX
2018-04-17 14:00:36  can0  18FF1610#55 TX
2018-04-17 14:00:36  can0  18FF2420#4D0E0000F0FFFFFF RX
2018-04-17 14:00:36  can0  18FF1610#55 TX
2018-04-17 14:00:37  can0  18FF1720#20FFFFFFFFFFFFFF RX
2018-04-17 14:00:37  can0  18FF1610#55 TX
2018-04-17 14:00:37  can0  18FF2420#4D0E0000F0FFFFFF RX
2018-04-17 14:00:37  can0  18FF1610#55 TX
2018-04-17 14:00:38  can0  18FF1720#20FFFFFFFFFFFFFF RX
2018-04-17 14:00:38  can0  18FF1610#55 TX
2018-04-17 14:00:38  can0  18FF2420#4D0E0000F0FFFFFF RX
2018-04-17 14:00:38  can0  18FF1610#55 TX
2018-04-17 14:00:39  can0  18FF1720#20FFFFFFFFFFFFFF RX
2018-04-17 14:00:39  can0  18FF1610#55 TX
2018-04-17 14:00:39  can0  18FF2420#4D0E0000F0FFFFFF RX
2018-04-17 14:00:39  can0  18FF1610#55 TX
2018-04-17 14:00:40  can0  18FF1720#20FFFFFFFFFFFFFF RX
2018-04-17 14:00:40  can0  18FF1610#55 TX
2018-04-17 14:00:40  can0  18FF2420#4D0E0000F0FFFFFF RX
2018-04-17 14:00:40  can0  18FF1610#55 TX
2018-04-17 14:00:40  can0  18FF2320#7A02A000A40300FF RX
2018-04-17 14:00:40  can0  18FF1610#55 TX
2018-04-17 14:00:41  can0  18FF1610#55 TX
No response from generator
Time Out Error: CAN line might be disconnected or generator can interface is down
Resetting CAN interface on server
2018-04-17 14:00:41  can0  18FF1720#21FFFFFFFFFFFFFF RX
2018-04-17 14:00:41  can0  18FF1610#55 TX
2018-04-17 14:00:41  can0  18FF2420#4D0E0000F0FFFFFF RX
2018-04-17 14:00:41  can0  18FF1610#55 TX
2018-04-17 14:00:42  can0  18FF1720#21FFFFFFFFFFFFFF RX
2018-04-17 14:00:42  can0  18FF1610#55 TX
2018-04-17 14:00:42  can0  18FF2420#4D0E0000F0FFFFFF RX
2018-04-17 14:00:42  can0  18FF1610#55 TX
2018-04-17 14:00:43  can0  18FF1720#21FFFFFFFFFFFFFF RX
2018-04-17 14:00:43  can0  18FF1610#55 TX
2018-04-17 14:00:43  can0  18FF2420#4D0E0000F0FFFFFF RX
2018-04-17 14:00:43  can0  18FF1610#55 TX
2018-04-17 14:00:44  can0  18FF1720#21FFFFFFFFFFFFFF RX
2018-04-17 14:00:44  can0  18FF1610#55 TX
2018-04-17 14:00:44  can0  18FF2420#4D0E0000F0FFFFFF RX
2018-04-17 14:00:44  can0  18FF1610#55 TX
2018-04-17 14:00:45  can0  18FF1720#21FFFFFFFFFFFFFF RX
2018-04-17 14:00:45  can0  18FF1610#55 TX
2018-04-17 14:00:45  can0  18FF2420#4D0E0000F0FFFFFF RX
2018-04-17 14:00:45  can0  18FF1610#55 TX
2018-04-17 14:00:46  can0  18FF1720#21FFFFFFFFFFFFFF RX
2018-04-17 14:00:46  can0  18FF1610#55 TX
2018-04-17 14:00:46  can0  18FF2420#4D0E0000F0FFFFFF RX
2018-04-17 14:00:46  can0  18FF1610#55 TX
2018-04-17 14:00:47  can0  18FF1720#21FFFFFFFFFFFFFF RX
2018-04-17 14:00:47  can0  18FF1610#55 TX
2018-04-17 14:00:47  can0  18FF2420#4D0E0000F0FFFFFF RX
2018-04-17 14:00:47  can0  18FF1610#55 TX
2018-04-17 14:00:48  can0  18FF1720#21FFFFFFFFFFFFFF RX
2018-04-17 14:00:48  can0  18FF1610#55 TX
2018-04-17 14:00:48  can0  18FF2420#4D0E0000F0FFFFFF RX
2018-04-17 14:00:48  can0  18FF1610#55 TX
2018-04-17 14:00:49  can0  18FF1720#21FFFFFFFFFFFFFF RX
2018-04-17 14:00:49  can0  18FF1610#55 TX
2018-04-17 14:00:49  can0  18FF2420#4D0E0000F0FFFFFF RX
2018-04-17 14:00:49  can0  18FF1610#55 TX
2018-04-17 14:00:50  can0  18FF1720#21FFFFFFFFFFFFFF RX
2018-04-17 14:00:50  can0  18FF1610#55 TX
2018-04-17 14:00:50  can0  18FF2420#4D0E0000F0FFFFFF RX
2018-04-17 14:00:50  can0  18FF1610#55 TX
2018-04-17 14:00:51  can0  18FF1720#21FFFFFFFFFFFFFF RX
2018-04-17 14:00:51  can0  18FF1610#55 TX
2018-04-17 14:00:51  can0  18FF2420#4D0E0000F0FFFFFF RX
2018-04-17 14:00:51  can0  18FF1610#55 TX
2018-04-17 14:00:52  can0  18FF1720#21FFFFFFFFFFFFFF RX
2018-04-17 14:00:52  can0  18FF1610#55 TX
2018-04-17 14:00:52  can0  18FF2420#4D0E0000F0FFFFFF RX
2018-04-17 14:00:52  can0  18FF1610#55 TX
2018-04-17 14:00:53  can0  18FF1720#21FFFFFFFFFFFFFF RX
2018-04-17 14:00:53  can0  18FF1610#55 TX
2018-04-17 14:00:53  can0  18FF2420#4D0E0000F0FFFFFF RX
2018-04-17 14:00:53  can0  18FF1610#55 TX
2018-04-17 14:00:54  can0  18FF1720#21FFFFFFFFFFFFFF RX
2018-04-17 14:00:54  can0  18FF1610#55 TX
2018-04-17 14:00:54  can0  18FF2420#4D0E0000F0FFFFFF RX
2018-04-17 14:00:54  can0  18FF1610#55 TX
2018-04-17 14:00:55  can0  18FF1720#21FFFFFFFFFFFFFF RX
2018-04-17 14:00:55  can0  18FF1610#55 TX
2018-04-17 14:00:55  can0  18FF2420#4D0E0000F0FFFFFF RX
2018-04-17 14:00:55  can0  18FF1610#55 TX
2018-04-17 14:00:56  can0  18FF1720#21FFFFFFFFFFFFFF RX
2018-04-17 14:00:56  can0  18FF1610#55 TX
2018-04-17 14:00:56  can0  18FF2420#4D0E0000F0FFFFFF RX
2018-04-17 14:00:56  can0  18FF1610#55 TX
2018-04-17 14:00:57  can0  18FF1720#21FFFFFFFFFFFFFF RX
2018-04-17 14:00:57  can0  18FF1610#55 TX
2018-04-17 14:00:57  can0  18FF2420#4D0E0000F0FFFFFF RX
2018-04-17 14:00:57  can0  18FF1610#55 TX
2018-04-17 14:00:58  can0  18FF1720#21FFFFFFFFFFFFFF RX
2018-04-17 14:00:58  can0  18FF1610#55 TX
2018-04-17 14:00:58  can0  18FF2420#4D0E0000F0FFFFFF RX
2018-04-17 14:00:58  can0  18FF1610#55 TX
2018-04-17 14:00:59  can0  18FF1720#21FFFFFFFFFFFFFF RX
2018-04-17 14:00:59  can0  18FF1610#55 TX
2018-04-17 14:00:59  can0  18FF2420#4D0E0000F0FFFFFF RX
2018-04-17 14:00:59  can0  18FF1610#55 TX
2018-04-17 14:01:00  can0  18FF1720#21FFFFFFFFFFFFFF RX
2018-04-17 14:01:00  can0  18FF1610#55 TX
2018-04-17 14:01:00  can0  18FF2420#4D0E0000F0FFFFFF RX
2018-04-17 14:01:00  can0  18FF1610#55 TX
2018-04-17 14:01:01  can0  18FF1720#21FFFFFFFFFFFFFF RX
2018-04-17 14:01:01  can0  18FF1610#55 TX
2018-04-17 14:01:01  can0  18FF2420#4D0E0000F0FFFFFF RX
2018-04-17 14:01:01  can0  18FF1610#55 TX
2018-04-17 14:01:02  can0  18FF1720#21FFFFFFFFFFFFFF RX
2018-04-17 14:01:02  can0  18FF1610#55 TX
2018-04-17 14:01:02  can0  18FF2420#4D0E0000F0FFFFFF RX
2018-04-17 14:01:02  can0  18FF1610#55 TX
2018-04-17 14:01:03  can0  18FF1720#21FFFFFFFFFFFFFF RX
2018-04-17 14:01:03  can0  18FF1610#55 TX
2018-04-17 14:01:03  can0  18FF2420#4D0E0000F0FFFFFF RX
2018-04-17 14:01:03  can0  18FF1610#55 TX
2018-04-17 14:01:04  can0  18FF1720#21FFFFFFFFFFFFFF RX
2018-04-17 14:01:04  can0  18FF1610#55 TX
2018-04-17 14:01:04  can0  18FF2420#4D0E0000F0FFFFFF RX
2018-04-17 14:01:04  can0  18FF1610#55 TX
2018-04-17 14:01:05  can0  18FF1720#21FFFFFFFFFFFFFF RX
2018-04-17 14:01:05  can0  18FF1610#55 TX
2018-04-17 14:01:05  can0  18FF2420#4D0E0000F0FFFFFF RX
2018-04-17 14:01:05  can0  18FF1610#55 TX
2018-04-17 14:01:06  can0  18FF1720#21FFFFFFFFFFFFFF RX
2018-04-17 14:01:06  can0  18FF1610#55 TX
2018-04-17 14:01:06  can0  18FF2420#4D0E0000F0FFFFFF RX
2018-04-17 14:01:06  can0  18FF1610#55 TX
2018-04-17 14:01:07  can0  18FF1720#21FFFFFFFFFFFFFF RX
2018-04-17 14:01:07  can0  18FF1610#55 TX
2018-04-17 14:01:07  can0  18FF2420#4D0E0000F0FFFFFF RX
2018-04-17 14:01:07  can0  18FF1610#55 TX
2018-04-17 14:01:08  can0  18FF1720#21FFFFFFFFFFFFFF RX
