2018-04-17 15:47:18  can0  18FF1610#55 TX
2018-04-17 15:47:19  can0  18FF2500#297300540100FCFF RX
2018-04-17 15:47:19  can0  18FF1610#55 TX
2018-04-17 15:47:19  can0  18FF2400#4D0E0000F0FFFFFF RX
2018-04-17 15:47:19  can0  18FF1610#55 TX
2018-04-17 15:47:20  can0  18FF2500#297300540100FCFF RX
2018-04-17 15:47:20  can0  18FF1610#55 TX
2018-04-17 15:47:20  can0  18FF2400#4D0E0000F0FFFFFF RX
2018-04-17 15:47:20  can0  18FF1610#55 TX
2018-04-17 15:47:21  can0  18FF2500#297300540100FCFF RX
2018-04-17 15:47:21  can0  18FF1610#55 TX
2018-04-17 15:47:21  can0  18FF2400#4D0E0000F0FFFFFF RX
2018-04-17 15:47:21  can0  18FF1610#55 TX
2018-04-17 15:47:22  can0  18FF2500#297300540100FCFF RX
2018-04-17 15:47:22  can0  18FF1610#55 TX
2018-04-17 15:47:22  can0  18FF2400#4D0E0000F0FFFFFF RX
2018-04-17 15:47:22  can0  18FF1610#55 TX
2018-04-17 15:47:23  can0  18FF2500#297300540100FCFF RX
2018-04-17 15:47:23  can0  18FF1610#55 TX
2018-04-17 15:47:23  can0  18FF2400#4D0E0000F0FFFFFF RX
2018-04-17 15:47:23  can0  18FF1610#55 TX
2018-04-17 15:47:24  can0  18FF2500#297300540100FCFF RX
2018-04-17 15:47:24  can0  18FF1610#55 TX
2018-04-17 15:47:24  can0  18FF2400#4D0E0000F0FFFFFF RX
2018-04-17 15:47:24  can0  18FF1610#55 TX
2018-04-17 15:47:25  can0  18FF2500#297300540100FCFF RX
2018-04-17 15:47:25  can0  18FF1610#55 TX
2018-04-17 15:47:25  can0  18FF2400#4D0E0000F0FFFFFF RX
2018-04-17 15:47:25  can0  18FF1610#55 TX
2018-04-17 15:47:26  can0  18FF2500#297300540100FCFF RX
2018-04-17 15:47:26  can0  18FF1610#55 TX
2018-04-17 15:47:26  can0  18FF2400#4D0E0000F0FFFFFF RX
2018-04-17 15:47:26  can0  18FF1610#55 TX
2018-04-17 15:47:27  can0  18FF2500#297300540100FCFF RX
2018-04-17 15:47:27  can0  18FF1610#55 TX
2018-04-17 15:47:27  can0  18FF2400#4D0E0000F0FFFFFF RX
2018-04-17 15:47:27  can0  18FF1610#55 TX
2018-04-17 15:47:28  can0  18FF2500#297300540100FCFF RX
2018-04-17 15:47:28  can0  18FF1610#55 TX
2018-04-17 15:47:28  can0  18FF2400#4D0E0000F0FFFFFF RX
2018-04-17 15:47:28  can0  18FF1610#55 TX
2018-04-17 15:47:29  can0  18FF2500#297300540100FCFF RX
2018-04-17 15:47:29  can0  18FF1610#55 TX
2018-04-17 15:47:29  can0  18FF2400#4D0E0000F0FFFFFF RX
2018-04-17 15:47:29  can0  18FF1610#55 TX
2018-04-17 15:47:30  can0  18FF2500#297300540100FCFF RX
2018-04-17 15:47:30  can0  18FF1610#55 TX
2018-04-17 15:47:30  can0  18FF2400#4D0E0000F0FFFFFF RX
2018-04-17 15:47:30  can0  18FF1610#55 TX
2018-04-17 15:47:31  can0  18FF2500#297300540100FCFF RX
2018-04-17 15:47:31  can0  18FF1610#55 TX
2018-04-17 15:47:31  can0  18FF2400#4D0E0000F0FFFFFF RX
2018-04-17 15:47:31  can0  18FF1610#55 TX
2018-04-17 15:47:32  can0  18FF2500#297300540100FCFF RX
2018-04-17 15:47:32  can0  18FF1610#55 TX
2018-04-17 15:47:32  can0  18FF2400#4D0E0000F0FFFFFF RX
2018-04-17 15:47:32  can0  18FF1610#55 TX
2018-04-17 15:47:33  can0  18FF2500#297300540100FCFF RX
2018-04-17 15:47:33  can0  18FF1610#55 TX
2018-04-17 15:47:33  can0  18FF2400#4D0E0000F0FFFFFF RX
2018-04-17 15:47:33  can0  18FF1610#55 TX
2018-04-17 15:47:34  can0  18FF2500#297300540100FCFF RX
2018-04-17 15:47:34  can0  18FF1610#55 TX
2018-04-17 15:47:34  can0  18FF2400#4D0E0000F0FFFFFF RX
2018-04-17 15:47:34  can0  18FF1610#55 TX
2018-04-17 15:47:35  can0  18FF2500#297300540100FCFF RX
2018-04-17 15:47:35  can0  18FF1610#55 TX
2018-04-17 15:47:35  can0  18FF2400#4D0E0000F0FFFFFF RX
2018-04-17 15:47:35  can0  18FF1610#55 TX
2018-04-17 15:47:36  can0  18FF2500#297300540100FCFF RX
2018-04-17 15:47:36  can0  18FF1610#55 TX
2018-04-17 15:47:36  can0  18FF2400#4D0E0000F0FFFFFF RX
2018-04-17 15:47:36  can0  18FF1610#55 TX
2018-04-17 15:47:37  can0  18FF2500#297300540100FCFF RX
2018-04-17 15:47:37  can0  18FF1610#55 TX
2018-04-17 15:47:37  can0  18FF2400#4D0E0000F0FFFFFF RX
2018-04-17 15:47:37  can0  18FF1610#55 TX
2018-04-17 15:47:38  can0  18FF2500#297300540100FCFF RX
2018-04-17 15:47:38  can0  18FF1610#55 TX
2018-04-17 15:47:38  can0  18FF2400#4D0E0000F0FFFFFF RX
2018-04-17 15:47:38  can0  18FF1610#55 TX
2018-04-17 15:47:39  can0  18FF2500#297300540100FCFF RX
2018-04-17 15:47:39  can0  18FF1610#55 TX
2018-04-17 15:47:39  can0  18FF2400#4D0E0000F0FFFFFF RX
2018-04-17 15:47:39  can0  18FF1610#55 TX
2018-04-17 15:47:40  can0  18FF2500#297300540100FCFF RX
2018-04-17 15:47:40  can0  18FF1610#55 TX
2018-04-17 15:47:40  can0  18FF2400#4D0E0000F0FFFFFF RX
2018-04-17 15:47:40  can0  18FF1610#55 TX
2018-04-17 15:47:41  can0  18FF2500#297300540100FCFF RX
2018-04-17 15:47:41  can0  18FF1610#55 TX
2018-04-17 15:47:41  can0  18FF2400#4D0E0000F0FFFFFF RX
2018-04-17 15:47:41  can0  18FF1610#55 TX
2018-04-17 15:47:42  can0  18FF2500#297300540100FCFF RX
2018-04-17 15:47:42  can0  18FF1610#55 TX
2018-04-17 15:47:42  can0  18FF2400#4D0E0000F0FFFFFF RX
2018-04-17 15:47:42  can0  18FF1610#55 TX
2018-04-17 15:47:43  can0  18FF2500#297300540100FCFF RX
2018-04-17 15:47:43  can0  18FF1610#55 TX
2018-04-17 15:47:43  can0  18FF2400#4D0E0000F0FFFFFF RX
2018-04-17 15:47:43  can0  18FF1610#55 TX
2018-04-17 15:47:44  can0  18FF2500#297300540100FCFF RX
2018-04-17 15:47:44  can0  18FF1610#55 TX
2018-04-17 15:47:44  can0  18FF2400#4D0E0000F0FFFFFF RX
2018-04-17 15:47:44  can0  18FF1610#55 TX
2018-04-17 15:47:45  can0  18FF2500#297300540100FCFF RX
2018-04-17 15:47:45  can0  18FF1610#55 TX
2018-04-17 15:47:45  can0  18FF2400#4D0E0000F0FFFFFF RX
2018-04-17 15:47:45  can0  18FF1610#55 TX
2018-04-17 15:47:46  can0  18FF2500#297300540100FCFF RX
2018-04-17 15:47:46  can0  18FF1610#55 TX
2018-04-17 15:47:46  can0  18FF2400#4D0E0000F0FFFFFF RX
2018-04-17 15:47:46  can0  18FF1610#55 TX
2018-04-17 15:47:47  can0  18FF2500#297300540100FCFF RX
2018-04-17 15:47:47  can0  18FF1610#55 TX
2018-04-17 15:47:47  can0  18FF2400#4D0E0000F0FFFFFF RX
2018-04-17 15:47:47  can0  18FF1610#55 TX
2018-04-17 15:47:48  can0  18FF2500#297300540100FCFF RX
2018-04-17 15:47:48  can0  18FF1610#55 TX
2018-04-17 15:47:48  can0  18FF2400#4D0E0000F0FFFFFF RX
2018-04-17 15:47:48  can0  18FF1610#55 TX
2018-04-17 15:47:49  can0  18FF2500#297300540100FCFF RX
2018-04-17 15:47:49  can0  18FF1610#55 TX
2018-04-17 15:47:49  can0  18FF2400#4D0E0000F0FFFFFF RX
2018-04-17 15:47:49  can0  18FF1610#55 TX
2018-04-17 15:47:50  can0  18FF2500#297300540100FCFF RX
2018-04-17 15:47:50  can0  18FF1610#55 TX
2018-04-17 15:47:50  can0  18FF2400#4D0E0000F0FFFFFF RX
2018-04-17 15:47:50  can0  18FF1610#55 TX
2018-04-17 15:47:51  can0  18FF2500#297300540100FCFF RX
2018-04-17 15:47:51  can0  18FF1610#55 TX
2018-04-17 15:47:51  can0  18FF2400#4D0E0000F0FFFFFF RX
2018-04-17 15:47:51  can0  18FF1610#55 TX
2018-04-17 15:47:52  can0  18FF2500#297300540100FCFF RX
2018-04-17 15:47:52  can0  18FF1610#55 TX
2018-04-17 15:47:52  can0  18FF2400#4D0E0000F0FFFFFF RX
2018-04-17 15:47:52  can0  18FF1610#55 TX
2018-04-17 15:47:53  can0  18FF2500#297300540100FCFF RX
2018-04-17 15:47:53  can0  18FF1610#55 TX
2018-04-17 15:47:53  can0  18FF2400#4D0E0000F0FFFFFF RX
2018-04-17 15:47:53  can0  18FF1610#55 TX
2018-04-17 15:47:54  can0  18FF2500#297300540100FCFF RX
2018-04-17 15:47:54  can0  18FF1610#55 TX
2018-04-17 15:47:54  can0  18FF2400#4D0E0000F0FFFFFF RX
2018-04-17 15:47:54  can0  18FF1610#55 TX
2018-04-17 15:47:55  can0  18FF2500#297300540100FCFF RX
2018-04-17 15:47:55  can0  18FF1610#55 TX
2018-04-17 15:47:55  can0  18FF2400#4D0E0000F0FFFFFF RX
2018-04-17 15:47:55  can0  18FF1610#55 TX
2018-04-17 15:47:56  can0  18FF2500#297300540100FCFF RX
2018-04-17 15:47:56  can0  18FF1610#55 TX
2018-04-17 15:47:56  can0  18FF2400#4D0E0000F0FFFFFF RX
2018-04-17 15:47:56  can0  18FF1610#55 TX
2018-04-17 15:47:57  can0  18FF2500#297300540100FCFF RX
2018-04-17 15:47:57  can0  18FF1610#55 TX
2018-04-17 15:47:57  can0  18FF2400#4D0E0000F0FFFFFF RX
2018-04-17 15:47:57  can0  18FF1610#55 TX
2018-04-17 15:47:58  can0  18FF2500#297300540100FCFF RX
2018-04-17 15:47:58  can0  18FF1610#55 TX
2018-04-17 15:47:58  can0  18FF2400#4D0E0000F0FFFFFF RX
2018-04-17 15:47:58  can0  18FF1610#55 TX
2018-04-17 15:47:59  can0  18FF2500#297300540100FCFF RX
2018-04-17 15:47:59  can0  18FF1610#55 TX
2018-04-17 15:47:59  can0  18FF2400#4D0E0000F0FFFFFF RX
2018-04-17 15:47:59  can0  18FF1610#55 TX
2018-04-17 15:48:00  can0  18FF2500#297300540100FCFF RX
2018-04-17 15:48:00  can0  18FF1610#55 TX
2018-04-17 15:48:00  can0  18FF2400#4D0E0000F0FFFFFF RX
2018-04-17 15:48:00  can0  18FF1610#55 TX
2018-04-17 15:48:01  can0  18FF2500#297300540100FCFF RX
2018-04-17 15:48:01  can0  18FF1610#55 TX
2018-04-17 15:48:01  can0  18FF2400#4D0E0000F0FFFFFF RX
2018-04-17 15:48:01  can0  18FF1610#55 TX
2018-04-17 15:48:02  can0  18FF2500#297300540100FCFF RX
2018-04-17 15:48:02  can0  18FF1610#55 TX
2018-04-17 15:48:02  can0  18FF2400#4D0E0000F0FFFFFF RX
2018-04-17 15:48:02  can0  18FF1610#55 TX
2018-04-17 15:48:03  can0  18FF2500#297300540100FCFF RX
2018-04-17 15:48:03  can0  18FF1610#55 TX
2018-04-17 15:48:03  can0  18FF2400#4D0E0000F0FFFFFF RX
2018-04-17 15:48:03  can0  18FF1610#55 TX
2018-04-17 15:48:04  can0  18FF2500#297300540100FCFF RX
2018-04-17 15:48:04  can0  18FF1610#55 TX
2018-04-17 15:48:04  can0  18FF2400#4D0E0000F0FFFFFF RX
2018-04-17 15:48:04  can0  18FF1610#55 TX
2018-04-17 15:48:05  can0  18FF2500#297300540100FCFF RX
2018-04-17 15:48:05  can0  18FF1610#55 TX
2018-04-17 15:48:05  can0  18FF2400#4D0E0000F0FFFFFF RX
2018-04-17 15:48:05  can0  18FF1610#55 TX
2018-04-17 15:48:06  can0  18FF2500#297300540100FCFF RX
2018-04-17 15:48:06  can0  18FF1610#55 TX
2018-04-17 15:48:06  can0  18FF2400#4D0E0000F0FFFFFF RX
2018-04-17 15:48:06  can0  18FF1610#55 TX
2018-04-17 15:48:07  can0  18FF2500#297300540100FCFF RX
2018-04-17 15:48:07  can0  18FF1610#55 TX
2018-04-17 15:48:07  can0  18FF2400#4D0E0000F0FFFFFF RX
2018-04-17 15:48:07  can0  18FF1610#55 TX
2018-04-17 15:48:08  can0  18FF2500#297300540100FCFF RX
2018-04-17 15:48:08  can0  18FF1610#55 TX
2018-04-17 15:48:08  can0  18FF2400#4D0E0000F0FFFFFF RX
2018-04-17 15:48:08  can0  18FF1610#55 TX
2018-04-17 15:48:09  can0  18FF2500#297300540100FCFF RX
2018-04-17 15:48:09  can0  18FF1610#55 TX
2018-04-17 15:48:09  can0  18FF2400#4D0E0000F0FFFFFF RX
2018-04-17 15:48:09  can0  18FF1610#55 TX
2018-04-17 15:48:10  can0  18FF2500#297300540100FCFF RX
2018-04-17 15:48:10  can0  18FF1610#55 TX
2018-04-17 15:48:10  can0  18FF2400#4D0E0000F0FFFFFF RX
2018-04-17 15:48:10  can0  18FF1610#55 TX
2018-04-17 15:48:11  can0  18FF2500#297300540100FCFF RX
2018-04-17 15:48:11  can0  18FF1610#55 TX
2018-04-17 15:48:11  can0  18FF2400#4D0E0000F0FFFFFF RX
2018-04-17 15:48:11  can0  18FF1610#55 TX
2018-04-17 15:48:12  can0  18FF2500#297300540100FCFF RX
2018-04-17 15:48:12  can0  18FF1610#55 TX
2018-04-17 15:48:12  can0  18FF2400#4D0E0000F0FFFFFF RX
2018-04-17 15:48:12  can0  18FF1610#55 TX
2018-04-17 15:48:13  can0  18FF2500#297300540100FCFF RX
2018-04-17 15:48:13  can0  18FF1610#55 TX
2018-04-17 15:48:13  can0  18FF2400#4D0E0000F0FFFFFF RX
2018-04-17 15:48:13  can0  18FF1610#55 TX
2018-04-17 15:48:14  can0  18FF2500#297300540100FCFF RX
2018-04-17 15:48:14  can0  18FF1610#55 TX
2018-04-17 15:48:14  can0  18FF2400#4D0E0000F0FFFFFF RX
2018-04-17 15:48:14  can0  18FF1610#55 TX
2018-04-17 15:48:15  can0  18FF2500#297300540100FCFF RX
2018-04-17 15:48:15  can0  18FF1610#55 TX
2018-04-17 15:48:15  can0  18FF2400#4D0E0000F0FFFFFF RX
2018-04-17 15:48:15  can0  18FF1610#55 TX
2018-04-17 15:48:16  can0  18FF2500#297300540100FCFF RX
2018-04-17 15:48:16  can0  18FF1610#55 TX
2018-04-17 15:48:16  can0  18FF2400#4D0E0000F0FFFFFF RX
2018-04-17 15:48:16  can0  18FF1610#55 TX
2018-04-17 15:48:17  can0  18FF2500#297300540100FCFF RX
2018-04-17 15:48:17  can0  18FF1610#55 TX
2018-04-17 15:48:17  can0  18FF2400#4D0E0000F0FFFFFF RX
2018-04-17 15:48:17  can0  18FF1610#55 TX
2018-04-17 15:48:18  can0  18FF2500#297300540100FCFF RX
2018-04-17 15:48:18  can0  18FF1610#55 TX
2018-04-17 15:48:18  can0  18FF2400#4D0E0000F0FFFFFF RX
2018-04-17 15:48:18  can0  18FF1610#55 TX
2018-04-17 15:48:19  can0  18FF2500#297300540100FCFF RX
2018-04-17 15:48:19  can0  18FF1610#55 TX
2018-04-17 15:48:19  can0  18FF2400#4D0E0000F0FFFFFF RX
2018-04-17 15:48:19  can0  18FF1610#55 TX
2018-04-17 15:48:20  can0  18FF2500#297300540100FCFF RX
2018-04-17 15:48:20  can0  18FF1610#55 TX
2018-04-17 15:48:20  can0  18FF2400#4D0E0000F0FFFFFF RX
2018-04-17 15:48:20  can0  18FF1610#55 TX
2018-04-17 15:48:21  can0  18FF2500#297300540100FCFF RX
2018-04-17 15:48:21  can0  18FF1610#55 TX
2018-04-17 15:48:21  can0  18FF2400#4D0E0000F0FFFFFF RX
2018-04-17 15:48:21  can0  18FF1610#55 TX
2018-04-17 15:48:22  can0  18FF2500#297300540100FCFF RX
2018-04-17 15:48:22  can0  18FF1610#55 TX
2018-04-17 15:48:22  can0  18FF2400#4D0E0000F0FFFFFF RX
2018-04-17 15:48:22  can0  18FF1610#55 TX
2018-04-17 15:48:23  can0  18FF2500#297300540100FCFF RX
2018-04-17 15:48:23  can0  18FF1610#55 TX
2018-04-17 15:48:23  can0  18FF2400#4D0E0000F0FFFFFF RX
2018-04-17 15:48:23  can0  18FF1610#55 TX
2018-04-17 15:48:24  can0  18FF2500#297300540100FCFF RX
2018-04-17 15:48:24  can0  18FF1610#55 TX
2018-04-17 15:48:24  can0  18FF2400#4D0E0000F0FFFFFF RX
2018-04-17 15:48:24  can0  18FF1610#55 TX
2018-04-17 15:48:25  can0  18FF2500#297300540100FCFF RX
2018-04-17 15:48:25  can0  18FF1610#55 TX
2018-04-17 15:48:25  can0  18FF2400#4D0E0000F0FFFFFF RX
2018-04-17 15:48:25  can0  18FF1610#55 TX
2018-04-17 15:48:26  can0  18FF2500#297300540100FCFF RX
2018-04-17 15:48:26  can0  18FF1610#55 TX
2018-04-17 15:48:26  can0  18FF2400#4D0E0000F0FFFFFF RX
2018-04-17 15:48:26  can0  18FF1610#55 TX
2018-04-17 15:48:27  can0  18FF2500#297300540100FCFF RX
2018-04-17 15:48:27  can0  18FF1610#55 TX
2018-04-17 15:48:27  can0  18FF2400#4D0E0000F0FFFFFF RX
2018-04-17 15:48:27  can0  18FF1610#55 TX
2018-04-17 15:48:28  can0  18FF2500#297300540100FCFF RX
2018-04-17 15:48:28  can0  18FF1610#55 TX
2018-04-17 15:48:28  can0  18FF2400#4D0E0000F0FFFFFF RX
2018-04-17 15:48:28  can0  18FF1610#55 TX
2018-04-17 15:48:29  can0  18FF2500#297300540100FCFF RX
2018-04-17 15:48:29  can0  18FF1610#55 TX
2018-04-17 15:48:29  can0  18FF2400#4D0E0000F0FFFFFF RX
2018-04-17 15:48:29  can0  18FF1610#55 TX
2018-04-17 15:48:30  can0  18FF2500#297300540100FCFF RX
2018-04-17 15:48:30  can0  18FF1610#55 TX
2018-04-17 15:48:30  can0  18FF2400#4D0E0000F0FFFFFF RX
2018-04-17 15:48:30  can0  18FF1610#55 TX
2018-04-17 15:48:31  can0  18FF2500#297300540100FCFF RX
2018-04-17 15:48:31  can0  18FF1610#55 TX
2018-04-17 15:48:31  can0  18FF2400#4D0E0000F0FFFFFF RX
2018-04-17 15:48:31  can0  18FF1610#55 TX
2018-04-17 15:48:32  can0  18FF2500#297300540100FCFF RX
2018-04-17 15:48:32  can0  18FF1610#55 TX
2018-04-17 15:48:32  can0  18FF2400#4D0E0000F0FFFFFF RX
2018-04-17 15:48:32  can0  18FF1610#55 TX
2018-04-17 15:48:33  can0  18FF2500#297300540100FCFF RX
2018-04-17 15:48:33  can0  18FF1610#55 TX
2018-04-17 15:48:33  can0  18FF2400#4D0E0000F0FFFFFF RX
2018-04-17 15:48:33  can0  18FF1610#55 TX
2018-04-17 15:48:34  can0  18FF2500#297300540100FCFF RX
2018-04-17 15:48:34  can0  18FF1610#55 TX
2018-04-17 15:48:34  can0  18FF2400#4D0E0000F0FFFFFF RX
2018-04-17 15:48:34  can0  18FF1610#55 TX
2018-04-17 15:48:35  can0  18FF1720#01FFFFFFFFFFFFFF RX
2018-04-17 15:48:35  can0  18FF1610#55 TX
2018-04-17 15:48:35  can0  18FF2400#4D0E0000F0FFFFFF RX
2018-04-17 15:48:35  can0  18FF1610#55 TX
2018-04-17 15:48:36  can0  18FF2500#297300540100FCFF RX
2018-04-17 15:48:36  can0  18FF1610#55 TX
2018-04-17 15:48:36  can0  18FF2400#4D0E0000F0FFFFFF RX
2018-04-17 15:48:36  can0  18FF1610#55 TX
2018-04-17 15:48:37  can0  18FF2500#297300540100FCFF RX
2018-04-17 15:48:37  can0  18FF1610#55 TX
2018-04-17 15:48:37  can0  18FF2400#4D0E0000F0FFFFFF RX
2018-04-17 15:48:37  can0  18FF1610#55 TX
2018-04-17 15:48:38  can0  18FF2500#297300540100FCFF RX
2018-04-17 15:48:38  can0  18FF1610#55 TX
2018-04-17 15:48:38  can0  18FF2400#4D0E0000F0FFFFFF RX
2018-04-17 15:48:38  can0  18FF1610#55 TX
2018-04-17 15:48:39  can0  18FF2500#297300540100FCFF RX
2018-04-17 15:48:39  can0  18FF1610#55 TX
2018-04-17 15:48:39  can0  18FF2400#4D0E0000F0FFFFFF RX
2018-04-17 15:48:39  can0  18FF1610#55 TX
2018-04-17 15:48:40  can0  18FF2500#297300540100FCFF RX
2018-04-17 15:48:40  can0  18FF1610#55 TX
2018-04-17 15:48:40  can0  18FF2400#4D0E0000F0FFFFFF RX
2018-04-17 15:48:40  can0  18FF1610#55 TX
2018-04-17 15:48:40  can0  18FF2300#57029600AE0300FF RX
2018-04-17 15:48:40  can0  18FF1610#55 TX
2018-04-17 15:48:41  can0  18FF2500#297300540100FCFF RX
2018-04-17 15:48:41  can0  18FF1610#55 TX
2018-04-17 15:48:41  can0  18FF2400#4D0E0000F0FFFFFF RX
2018-04-17 15:48:41  can0  18FF1610#55 TX
2018-04-17 15:48:42  can0  18FF2500#297300540100FCFF RX
2018-04-17 15:48:42  can0  18FF1610#55 TX
2018-04-17 15:48:42  can0  18FF2400#4D0E0000F0FFFFFF RX
2018-04-17 15:48:42  can0  18FF1610#55 TX
2018-04-17 15:48:43  can0  18FF2500#297300540100FCFF RX
2018-04-17 15:48:43  can0  18FF1610#55 TX
2018-04-17 15:48:43  can0  18FF2400#4D0E0000F0FFFFFF RX
2018-04-17 15:48:43  can0  18FF1610#55 TX
2018-04-17 15:48:44  can0  18FF1720#21FFFFFFFFFFFFFF RX
2018-04-17 15:48:44  can0  18FF1610#55 TX
2018-04-17 15:48:44  can0  18FF2420#4D0E0000F0FFFFFF RX
2018-04-17 15:48:44  can0  18FF1610#55 TX
2018-04-17 15:48:45  can0  18FF1720#21FFFFFFFFFFFFFF RX
2018-04-17 15:48:45  can0  18FF1610#55 TX
2018-04-17 15:48:45  can0  18FF2420#4D0E0000F0FFFFFF RX
2018-04-17 15:48:45  can0  18FF1610#55 TX
2018-04-17 15:48:46  can0  18FF1720#21FFFFFFFFFFFFFF RX
2018-04-17 15:48:46  can0  18FF1610#55 TX
2018-04-17 15:48:46  can0  18FF2420#4D0E0000F0FFFFFF RX
2018-04-17 15:48:46  can0  18FF1610#55 TX
2018-04-17 15:48:47  can0  18FF1720#21FFFFFFFFFFFFFF RX
2018-04-17 15:48:47  can0  18FF1610#55 TX
2018-04-17 15:48:47  can0  18FF2420#4D0E0000F0FFFFFF RX
2018-04-17 15:48:47  can0  18FF1610#55 TX
2018-04-17 15:48:48  can0  18FF1720#21FFFFFFFFFFFFFF RX
2018-04-17 15:48:48  can0  18FF1610#55 TX
2018-04-17 15:48:48  can0  18FF2420#4D0E0000F0FFFFFF RX
2018-04-17 15:48:48  can0  18FF1610#55 TX
2018-04-17 15:48:49  can0  18FF1720#21FFFFFFFFFFFFFF RX
2018-04-17 15:48:49  can0  18FF1610#55 TX
2018-04-17 15:48:49  can0  18FF2420#4D0E0000F0FFFFFF RX
2018-04-17 15:48:49  can0  18FF1610#55 TX
2018-04-17 15:48:50  can0  18FF1720#21FFFFFFFFFFFFFF RX
2018-04-17 15:48:50  can0  18FF1610#55 TX
2018-04-17 15:48:50  can0  18FF2420#4D0E0000F0FFFFFF RX
2018-04-17 15:48:50  can0  18FF1610#55 TX
2018-04-17 15:48:51  can0  18FF1720#21FFFFFFFFFFFFFF RX
2018-04-17 15:48:51  can0  18FF1610#55 TX
2018-04-17 15:48:51  can0  18FF2420#4D0E0000F0FFFFFF RX
2018-04-17 15:48:51  can0  18FF1610#55 TX
2018-04-17 15:48:52  can0  18FF1720#21FFFFFFFFFFFFFF RX
2018-04-17 15:48:52  can0  18FF1610#55 TX
2018-04-17 15:48:52  can0  18FF2420#4D0E0000F0FFFFFF RX
2018-04-17 15:48:52  can0  18FF1610#55 TX
2018-04-17 15:48:53  can0  18FF1720#21FFFFFFFFFFFFFF RX
2018-04-17 15:48:53  can0  18FF1610#55 TX
2018-04-17 15:48:53  can0  18FF2420#4D0E0000F0FFFFFF RX
2018-04-17 15:48:53  can0  18FF1610#55 TX
2018-04-17 15:48:54  can0  18FF1720#21FFFFFFFFFFFFFF RX
2018-04-17 15:48:54  can0  18FF1610#55 TX
2018-04-17 15:48:54  can0  18FF2420#4D0E0000F0FFFFFF RX
2018-04-17 15:48:54  can0  18FF1610#55 TX
2018-04-17 15:48:55  can0  18FF1720#21FFFFFFFFFFFFFF RX
2018-04-17 15:48:55  can0  18FF1610#55 TX
2018-04-17 15:48:55  can0  18FF2420#4D0E0000F0FFFFFF RX
2018-04-17 15:48:55  can0  18FF1610#55 TX
2018-04-17 15:48:56  can0  18FF1720#21FFFFFFFFFFFFFF RX
2018-04-17 15:48:56  can0  18FF1610#55 TX
2018-04-17 15:48:56  can0  18FF2420#4D0E0000F0FFFFFF RX
2018-04-17 15:48:56  can0  18FF1610#55 TX
2018-04-17 15:48:57  can0  18FF1720#21FFFFFFFFFFFFFF RX
2018-04-17 15:48:57  can0  18FF1610#55 TX
2018-04-17 15:48:57  can0  18FF2420#4D0E0000F0FFFFFF RX
2018-04-17 15:48:57  can0  18FF1610#55 TX
2018-04-17 15:48:58  can0  18FF1720#21FFFFFFFFFFFFFF RX
2018-04-17 15:48:58  can0  18FF1610#55 TX
2018-04-17 15:48:58  can0  18FF2420#4D0E0000F0FFFFFF RX
2018-04-17 15:48:58  can0  18FF1610#55 TX
2018-04-17 15:48:59  can0  18FF1720#21FFFFFFFFFFFFFF RX
2018-04-17 15:48:59  can0  18FF1610#55 TX
2018-04-17 15:48:59  can0  18FF2420#4D0E0000F0FFFFFF RX
2018-04-17 15:48:59  can0  18FF1610#55 TX
2018-04-17 15:49:00  can0  18FF1720#21FFFFFFFFFFFFFF RX
2018-04-17 15:49:00  can0  18FF1610#55 TX
2018-04-17 15:49:00  can0  18FF2420#4D0E0000F0FFFFFF RX
2018-04-17 15:49:00  can0  18FF1610#55 TX
2018-04-17 15:49:01  can0  18FF1720#21FFFFFFFFFFFFFF RX
2018-04-17 15:49:01  can0  18FF1610#55 TX
2018-04-17 15:49:01  can0  18FF2420#4D0E0000F0FFFFFF RX
2018-04-17 15:49:01  can0  18FF1610#55 TX
2018-04-17 15:49:02  can0  18FF1720#21FFFFFFFFFFFFFF RX
2018-04-17 15:49:02  can0  18FF1610#55 TX
2018-04-17 15:49:02  can0  18FF2420#4D0E0000F0FFFFFF RX
2018-04-17 15:49:02  can0  18FF1610#55 TX
2018-04-17 15:49:03  can0  18FF1720#21FFFFFFFFFFFFFF RX
2018-04-17 15:49:03  can0  18FF1610#55 TX
2018-04-17 15:49:03  can0  18FF2420#4D0E0000F0FFFFFF RX
2018-04-17 15:49:03  can0  18FF1610#55 TX
2018-04-17 15:49:04  can0  18FF1720#21FFFFFFFFFFFFFF RX
2018-04-17 15:49:04  can0  18FF1610#55 TX
2018-04-17 15:49:04  can0  18FF2420#4D0E0000F0FFFFFF RX
2018-04-17 15:49:04  can0  18FF1610#55 TX
2018-04-17 15:49:05  can0  18FF1720#21FFFFFFFFFFFFFF RX
2018-04-17 15:49:05  can0  18FF1610#55 TX
2018-04-17 15:49:05  can0  18FF2420#4D0E0000F0FFFFFF RX
2018-04-17 15:49:05  can0  18FF1610#55 TX
2018-04-17 15:49:06  can0  18FF1720#21FFFFFFFFFFFFFF RX
2018-04-17 15:49:06  can0  18FF1610#55 TX
2018-04-17 15:49:06  can0  18FF2420#4D0E0000F0FFFFFF RX
2018-04-17 15:49:06  can0  18FF1610#55 TX
2018-04-17 15:49:07  can0  18FF1720#21FFFFFFFFFFFFFF RX
2018-04-17 15:49:07  can0  18FF1610#55 TX
2018-04-17 15:49:07  can0  18FF2420#4D0E0000F0FFFFFF RX
2018-04-17 15:49:07  can0  18FF1610#55 TX
2018-04-17 15:49:08  can0  18FF1720#21FFFFFFFFFFFFFF RX
2018-04-17 15:49:08  can0  18FF1610#55 TX
2018-04-17 15:49:08  can0  18FF2420#4D0E0000F0FFFFFF RX
2018-04-17 15:49:08  can0  18FF1610#55 TX
2018-04-17 15:49:09  can0  18FF1720#21FFFFFFFFFFFFFF RX
2018-04-17 15:49:09  can0  18FF1610#55 TX
2018-04-17 15:49:09  can0  18FF2420#4D0E0000F0FFFFFF RX
2018-04-17 15:49:09  can0  18FF1610#55 TX
2018-04-17 15:49:10  can0  18FF1720#21FFFFFFFFFFFFFF RX
2018-04-17 15:49:10  can0  18FF1610#55 TX
2018-04-17 15:49:10  can0  18FF2420#4D0E0000F0FFFFFF RX
2018-04-17 15:49:10  can0  18FF1610#55 TX
2018-04-17 15:49:11  can0  18FF1720#21FFFFFFFFFFFFFF RX
2018-04-17 15:49:11  can0  18FF1610#55 TX
2018-04-17 15:49:11  can0  18FF2420#4D0E0000F0FFFFFF RX
2018-04-17 15:49:11  can0  18FF1610#55 TX
2018-04-17 15:49:12  can0  18FF1720#21FFFFFFFFFFFFFF RX
2018-04-17 15:49:12  can0  18FF1610#55 TX
2018-04-17 15:49:12  can0  18FF2420#4D0E0000F0FFFFFF RX
2018-04-17 15:49:12  can0  18FF1610#55 TX
2018-04-17 15:49:13  can0  18FF1720#21FFFFFFFFFFFFFF RX
2018-04-17 15:49:13  can0  18FF1610#55 TX
2018-04-17 15:49:13  can0  18FF2420#4D0E0000F0FFFFFF RX
2018-04-17 15:49:13  can0  18FF1610#55 TX
2018-04-17 15:49:14  can0  18FF1720#21FFFFFFFFFFFFFF RX
2018-04-17 15:49:14  can0  18FF1610#55 TX
2018-04-17 15:49:14  can0  18FF2420#4D0E0000F0FFFFFF RX
2018-04-17 15:49:14  can0  18FF1610#55 TX
2018-04-17 15:49:15  can0  18FF1720#21FFFFFFFFFFFFFF RX
2018-04-17 15:49:15  can0  18FF1610#55 TX
2018-04-17 15:49:15  can0  18FF2420#4D0E0000F0FFFFFF RX
2018-04-17 15:49:15  can0  18FF1610#55 TX
2018-04-17 15:49:16  can0  18FF1720#21FFFFFFFFFFFFFF RX
2018-04-17 15:49:16  can0  18FF1610#55 TX
2018-04-17 15:49:16  can0  18FF2420#4D0E0000F0FFFFFF RX
2018-04-17 15:49:16  can0  18FF1610#55 TX
2018-04-17 15:49:17  can0  18FF1720#21FFFFFFFFFFFFFF RX
2018-04-17 15:49:17  can0  18FF1610#55 TX
2018-04-17 15:49:17  can0  18FF2420#4D0E0000F0FFFFFF RX
2018-04-17 15:49:17  can0  18FF1610#55 TX
2018-04-17 15:49:18  can0  18FF1720#21FFFFFFFFFFFFFF RX
2018-04-17 15:49:18  can0  18FF1610#55 TX
2018-04-17 15:49:18  can0  18FF2420#4D0E0000F0FFFFFF RX
2018-04-17 15:49:18  can0  18FF1610#55 TX
2018-04-17 15:49:19  can0  18FF1720#21FFFFFFFFFFFFFF RX
2018-04-17 15:49:19  can0  18FF1610#55 TX
2018-04-17 15:49:19  can0  18FF2420#4D0E0000F0FFFFFF RX
2018-04-17 15:49:19  can0  18FF1610#55 TX
2018-04-17 15:49:20  can0  18FF1720#21FFFFFFFFFFFFFF RX
2018-04-17 15:49:20  can0  18FF1610#55 TX
2018-04-17 15:49:20  can0  18FF2420#4D0E0000F0FFFFFF RX
2018-04-17 15:49:20  can0  18FF1610#55 TX
2018-04-17 15:49:21  can0  18FF1720#21FFFFFFFFFFFFFF RX
2018-04-17 15:49:21  can0  18FF1610#55 TX
2018-04-17 15:49:21  can0  18FF2420#4D0E0000F0FFFFFF RX
2018-04-17 15:49:21  can0  18FF1610#55 TX
2018-04-17 15:49:22  can0  18FF1720#21FFFFFFFFFFFFFF RX
2018-04-17 15:49:22  can0  18FF1610#55 TX
2018-04-17 15:49:22  can0  18FF2420#4D0E0000F0FFFFFF RX
2018-04-17 15:49:22  can0  18FF1610#55 TX
2018-04-17 15:49:23  can0  18FF1720#21FFFFFFFFFFFFFF RX
2018-04-17 15:49:23  can0  18FF1610#55 TX
2018-04-17 15:49:23  can0  18FF2420#4D0E0000F0FFFFFF RX
2018-04-17 15:49:23  can0  18FF1610#55 TX
2018-04-17 15:49:24  can0  18FF1720#21FFFFFFFFFFFFFF RX
2018-04-17 15:49:24  can0  18FF1610#55 TX
2018-04-17 15:49:24  can0  18FF2420#4D0E0000F0FFFFFF RX
2018-04-17 15:49:24  can0  18FF1610#55 TX
2018-04-17 15:49:25  can0  18FF1720#21FFFFFFFFFFFFFF RX
2018-04-17 15:49:25  can0  18FF1610#55 TX
2018-04-17 15:49:25  can0  18FF2420#4D0E0000F0FFFFFF RX
2018-04-17 15:49:25  can0  18FF1610#55 TX
2018-04-17 15:49:26  can0  18FF1720#21FFFFFFFFFFFFFF RX
2018-04-17 15:49:26  can0  18FF1610#55 TX
2018-04-17 15:49:26  can0  18FF2420#4D0E0000F0FFFFFF RX
2018-04-17 15:49:26  can0  18FF1610#55 TX
2018-04-17 15:49:27  can0  18FF1720#21FFFFFFFFFFFFFF RX
2018-04-17 15:49:27  can0  18FF1610#55 TX
2018-04-17 15:49:27  can0  18FF2420#4D0E0000F0FFFFFF RX
2018-04-17 15:49:27  can0  18FF1610#55 TX
2018-04-17 15:49:28  can0  18FF1720#21FFFFFFFFFFFFFF RX
2018-04-17 15:49:28  can0  18FF1610#55 TX
2018-04-17 15:49:28  can0  18FF2420#4D0E0000F0FFFFFF RX
2018-04-17 15:49:28  can0  18FF1610#55 TX
2018-04-17 15:49:29  can0  18FF1720#21FFFFFFFFFFFFFF RX
2018-04-17 15:49:29  can0  18FF1610#55 TX
2018-04-17 15:49:29  can0  18FF2420#4D0E0000F0FFFFFF RX
2018-04-17 15:49:29  can0  18FF1610#55 TX
2018-04-17 15:49:30  can0  18FF1720#21FFFFFFFFFFFFFF RX
2018-04-17 15:49:30  can0  18FF1610#55 TX
2018-04-17 15:49:30  can0  18FF2420#4D0E0000F0FFFFFF RX
2018-04-17 15:49:30  can0  18FF1610#55 TX
2018-04-17 15:49:31  can0  18FF1720#21FFFFFFFFFFFFFF RX
2018-04-17 15:49:31  can0  18FF1610#55 TX
2018-04-17 15:49:31  can0  18FF2420#4D0E0000F0FFFFFF RX
2018-04-17 15:49:31  can0  18FF1610#55 TX
2018-04-17 15:49:32  can0  18FF1720#21FFFFFFFFFFFFFF RX
2018-04-17 15:49:32  can0  18FF1610#55 TX
2018-04-17 15:49:32  can0  18FF2420#4D0E0000F0FFFFFF RX
2018-04-17 15:49:32  can0  18FF1610#55 TX
2018-04-17 15:49:33  can0  18FF1720#21FFFFFFFFFFFFFF RX
2018-04-17 15:49:33  can0  18FF1610#55 TX
2018-04-17 15:49:33  can0  18FF2420#4D0E0000F0FFFFFF RX
2018-04-17 15:49:33  can0  18FF1610#55 TX
2018-04-17 15:49:34  can0  18FF1720#21FFFFFFFFFFFFFF RX
2018-04-17 15:49:34  can0  18FF1610#55 TX
2018-04-17 15:49:34  can0  18FF2420#4D0E0000F0FFFFFF RX
2018-04-17 15:49:34  can0  18FF1610#55 TX
2018-04-17 15:49:35  can0  18FF1720#21FFFFFFFFFFFFFF RX
2018-04-17 15:49:35  can0  18FF1610#55 TX
2018-04-17 15:49:35  can0  18FF2420#4D0E0000F0FFFFFF RX
2018-04-17 15:49:35  can0  18FF1610#55 TX
2018-04-17 15:49:36  can0  18FF1720#21FFFFFFFFFFFFFF RX
2018-04-17 15:49:36  can0  18FF1610#55 TX
2018-04-17 15:49:36  can0  18FF2420#4D0E0000F0FFFFFF RX
2018-04-17 15:49:36  can0  18FF1610#55 TX
2018-04-17 15:49:37  can0  18FF1720#21FFFFFFFFFFFFFF RX
2018-04-17 15:49:37  can0  18FF1610#55 TX
2018-04-17 15:49:37  can0  18FF2420#4D0E0000F0FFFFFF RX
2018-04-17 15:49:37  can0  18FF1610#55 TX
2018-04-17 15:49:38  can0  18FF1720#21FFFFFFFFFFFFFF RX
2018-04-17 15:49:38  can0  18FF1610#55 TX
2018-04-17 15:49:38  can0  18FF2420#4D0E0000F0FFFFFF RX
2018-04-17 15:49:38  can0  18FF1610#55 TX
2018-04-17 15:49:39  can0  18FF1720#21FFFFFFFFFFFFFF RX
2018-04-17 15:49:39  can0  18FF1610#55 TX
2018-04-17 15:49:39  can0  18FF2420#4D0E0000F0FFFFFF RX
2018-04-17 15:49:39  can0  18FF1610#55 TX
2018-04-17 15:49:40  can0  18FF1720#21FFFFFFFFFFFFFF RX
2018-04-17 15:49:40  can0  18FF1610#55 TX
2018-04-17 15:49:40  can0  18FF2420#4D0E0000F0FFFFFF RX
2018-04-17 15:49:40  can0  18FF1610#55 TX
2018-04-17 15:49:41  can0  18FF1720#21FFFFFFFFFFFFFF RX
2018-04-17 15:49:41  can0  18FF1610#55 TX
2018-04-17 15:49:41  can0  18FF2420#4D0E0000F0FFFFFF RX
2018-04-17 15:49:41  can0  18FF1610#55 TX
2018-04-17 15:49:42  can0  18FF1720#21FFFFFFFFFFFFFF RX
2018-04-17 15:49:42  can0  18FF1610#55 TX
2018-04-17 15:49:42  can0  18FF2420#4D0E0000F0FFFFFF RX
2018-04-17 15:49:42  can0  18FF1610#55 TX
2018-04-17 15:49:43  can0  18FF1720#21FFFFFFFFFFFFFF RX
2018-04-17 15:49:43  can0  18FF1610#55 TX
2018-04-17 15:49:43  can0  18FF2420#4D0E0000F0FFFFFF RX
2018-04-17 15:49:43  can0  18FF1610#55 TX
2018-04-17 15:49:44  can0  18FF1720#21FFFFFFFFFFFFFF RX
2018-04-17 15:49:44  can0  18FF1610#55 TX
2018-04-17 15:49:44  can0  18FF2420#4D0E0000F0FFFFFF RX
2018-04-17 15:49:44  can0  18FF1610#55 TX
2018-04-17 15:49:45  can0  18FF1720#21FFFFFFFFFFFFFF RX
2018-04-17 15:49:45  can0  18FF1610#55 TX
2018-04-17 15:49:45  can0  18FF2420#4D0E0000F0FFFFFF RX
2018-04-17 15:49:45  can0  18FF1610#55 TX
2018-04-17 15:49:46  can0  18FF1720#21FFFFFFFFFFFFFF RX
2018-04-17 15:49:46  can0  18FF1610#55 TX
2018-04-17 15:49:46  can0  18FF2420#4D0E0000F0FFFFFF RX
2018-04-17 15:49:46  can0  18FF1610#55 TX
2018-04-17 15:49:47  can0  18FF1720#21FFFFFFFFFFFFFF RX
2018-04-17 15:49:47  can0  18FF1610#55 TX
2018-04-17 15:49:47  can0  18FF2420#4D0E0000F0FFFFFF RX
2018-04-17 15:49:47  can0  18FF1610#55 TX
2018-04-17 15:49:48  can0  18FF1720#21FFFFFFFFFFFFFF RX
2018-04-17 15:49:48  can0  18FF1610#55 TX
2018-04-17 15:49:48  can0  18FF2420#4D0E0000F0FFFFFF RX
2018-04-17 15:49:48  can0  18FF1610#55 TX
2018-04-17 15:49:49  can0  18FF1720#21FFFFFFFFFFFFFF RX
2018-04-17 15:49:49  can0  18FF1610#55 TX
2018-04-17 15:49:49  can0  18FF2420#4D0E0000F0FFFFFF RX
2018-04-17 15:49:49  can0  18FF1610#55 TX
2018-04-17 15:49:50  can0  18FF1720#21FFFFFFFFFFFFFF RX
2018-04-17 15:49:50  can0  18FF1610#55 TX
2018-04-17 15:49:50  can0  18FF2420#4D0E0000F0FFFFFF RX
2018-04-17 15:49:50  can0  18FF1610#55 TX
2018-04-17 15:49:51  can0  18FF1720#21FFFFFFFFFFFFFF RX
2018-04-17 15:49:51  can0  18FF1610#55 TX
2018-04-17 15:49:51  can0  18FF2420#4D0E0000F0FFFFFF RX
2018-04-17 15:49:51  can0  18FF1610#55 TX
2018-04-17 15:49:52  can0  18FF1720#21FFFFFFFFFFFFFF RX
2018-04-17 15:49:52  can0  18FF1610#65 TX
2018-04-17 15:49:52  can0  18FF2420#4D0E0000F0FFFFFF RX
2018-04-17 15:49:52  can0  18FF1610#65 TX
2018-04-17 15:49:53  can0  18FF1720#21FFFFFFFFFFFFFF RX
2018-04-17 15:49:53  can0  18FF1610#65 TX
2018-04-17 15:49:53  can0  18FF2420#4D0E0000F0FFFFFF RX
2018-04-17 15:49:53  can0  18FF1610#65 TX
2018-04-17 15:49:54  can0  18FF1610#65 TX
No response from generator
Time Out Error: CAN line might be disconnected or generator can interface is down
Resetting CAN interface on server
2018-04-17 15:49:55  can0  18FF1720#27FFFFFFFFFFFFFF RX
2018-04-17 15:49:55  can0  18FF1610#65 TX
2018-04-17 15:49:55  can0  18FF2420#4D0E0000F0FFFFFF RX
2018-04-17 15:49:55  can0  18FF1610#65 TX
2018-04-17 15:49:56  can0  18FF1720#27FFFFFFFFFFFFFF RX
2018-04-17 15:49:56  can0  18FF1610#65 TX
2018-04-17 15:49:56  can0  18FF2420#4D0E0000F0FFFFFF RX
2018-04-17 15:49:56  can0  18FF1610#65 TX
2018-04-17 15:49:57  can0  18FF1720#27FFFFFFFFFFFFFF RX
2018-04-17 15:49:57  can0  18FF1610#65 TX
2018-04-17 15:49:57  can0  18FF2420#4D0E0000F0FFFFFF RX
2018-04-17 15:49:57  can0  18FF1610#65 TX
2018-04-17 15:49:58  can0  18FF1720#27FFFFFFFFFFFFFF RX
2018-04-17 15:49:58  can0  18FF1610#65 TX
2018-04-17 15:49:58  can0  18FF2420#4D0E0000F0FFFFFF RX
2018-04-17 15:49:58  can0  18FF1610#65 TX
2018-04-17 15:49:59  can0  18FF1720#27FFFFFFFFFFFFFF RX
2018-04-17 15:49:59  can0  18FF1610#65 TX
2018-04-17 15:49:59  can0  18FF2420#4D0E0000F0FFFFFF RX
2018-04-17 15:49:59  can0  18FF1610#65 TX
2018-04-17 15:50:00  can0  18FF1720#27FFFFFFFFFFFFFF RX
2018-04-17 15:50:00  can0  18FF1610#65 TX
2018-04-17 15:50:00  can0  18FF2420#4D0E0000F0FFFFFF RX
2018-04-17 15:50:00  can0  18FF1610#65 TX
2018-04-17 15:50:01  can0  18FF1720#27FFFFFFFFFFFFFF RX
2018-04-17 15:50:01  can0  18FF1610#65 TX
2018-04-17 15:50:01  can0  18FF2420#4D0E0000F0FFFFFF RX
2018-04-17 15:50:01  can0  18FF1610#65 TX
2018-04-17 15:50:02  can0  18FF1720#27FFFFFFFFFFFFFF RX
2018-04-17 15:50:02  can0  18FF1610#65 TX
2018-04-17 15:50:02  can0  18FF2420#4D0E0000F0FFFFFF RX
2018-04-17 15:50:02  can0  18FF1610#65 TX
2018-04-17 15:50:03  can0  18FF1720#27FFFFFFFFFFFFFF RX
2018-04-17 15:50:03  can0  18FF1610#65 TX
2018-04-17 15:50:03  can0  18FF2420#4D0E0000F0FFFFFF RX
2018-04-17 15:50:03  can0  18FF1610#65 TX
2018-04-17 15:50:04  can0  18FF1720#27FFFFFFFFFFFFFF RX
2018-04-17 15:50:04  can0  18FF1610#65 TX
2018-04-17 15:50:04  can0  18FF2420#4D0E0000F0FFFFFF RX
2018-04-17 15:50:04  can0  18FF1610#65 TX
2018-04-17 15:50:05  can0  18FF1720#27FFFFFFFFFFFFFF RX
2018-04-17 15:50:05  can0  18FF1610#65 TX
2018-04-17 15:50:05  can0  18FF2420#4D0E0000F0FFFFFF RX
2018-04-17 15:50:05  can0  18FF1610#65 TX
2018-04-17 15:50:06  can0  18FF1720#27FFFFFFFFFFFFFF RX
2018-04-17 15:50:06  can0  18FF1610#65 TX
2018-04-17 15:50:06  can0  18FF2420#4D0E0000F0FFFFFF RX
2018-04-17 15:50:06  can0  18FF1610#65 TX
2018-04-17 15:50:07  can0  18FF1720#27FFFFFFFFFFFFFF RX
2018-04-17 15:50:07  can0  18FF1610#65 TX
2018-04-17 15:50:07  can0  18FF2420#4D0E0000F0FFFFFF RX
2018-04-17 15:50:07  can0  18FF1610#65 TX
2018-04-17 15:50:08  can0  18FF1720#27FFFFFFFFFFFFFF RX
2018-04-17 15:50:08  can0  18FF1610#65 TX
2018-04-17 15:50:08  can0  18FF2420#4D0E0000F0FFFFFF RX
2018-04-17 15:50:08  can0  18FF1610#65 TX
2018-04-17 15:50:09  can0  18FF1720#27FFFFFFFFFFFFFF RX
2018-04-17 15:50:09  can0  18FF1610#65 TX
2018-04-17 15:50:09  can0  18FF2420#4D0E0000F0FFFFFF RX
2018-04-17 15:50:09  can0  18FF1610#65 TX
2018-04-17 15:50:10  can0  18FF1720#27FFFFFFFFFFFFFF RX
2018-04-17 15:50:10  can0  18FF1610#65 TX
2018-04-17 15:50:10  can0  18FF2420#4D0E0000F0FFFFFF RX
2018-04-17 15:50:10  can0  18FF1610#65 TX
2018-04-17 15:50:11  can0  18FF1720#27FFFFFFFFFFFFFF RX
2018-04-17 15:50:11  can0  18FF1610#65 TX
2018-04-17 15:50:11  can0  18FF2420#4D0E0000F0FFFFFF RX
2018-04-17 15:50:11  can0  18FF1610#65 TX
2018-04-17 15:50:12  can0  18FF1720#27FFFFFFFFFFFFFF RX
2018-04-17 15:50:12  can0  18FF1610#65 TX
2018-04-17 15:50:12  can0  18FF2420#4D0E0000F0FFFFFF RX
2018-04-17 15:50:12  can0  18FF1610#65 TX
2018-04-17 15:50:13  can0  18FF1720#27FFFFFFFFFFFFFF RX
2018-04-17 15:50:13  can0  18FF1610#65 TX
2018-04-17 15:50:13  can0  18FF2420#4D0E0000F0FFFFFF RX
2018-04-17 15:50:13  can0  18FF1610#65 TX
2018-04-17 15:50:14  can0  18FF1720#27FFFFFFFFFFFFFF RX
2018-04-17 15:50:14  can0  18FF1610#65 TX
2018-04-17 15:50:14  can0  18FF2420#4D0E0000F0FFFFFF RX
2018-04-17 15:50:14  can0  18FF1610#65 TX
2018-04-17 15:50:15  can0  18FF1720#27FFFFFFFFFFFFFF RX
2018-04-17 15:50:15  can0  18FF1610#65 TX
2018-04-17 15:50:15  can0  18FF2420#4D0E0000F0FFFFFF RX
2018-04-17 15:50:15  can0  18FF1610#65 TX
2018-04-17 15:50:16  can0  18FF1720#27FFFFFFFFFFFFFF RX
2018-04-17 15:50:16  can0  18FF1610#65 TX
2018-04-17 15:50:16  can0  18FF2420#4D0E0000F0FFFFFF RX
2018-04-17 15:50:16  can0  18FF1610#65 TX
2018-04-17 15:50:17  can0  18FF1720#27FFFFFFFFFFFFFF RX
2018-04-17 15:50:17  can0  18FF1610#65 TX
2018-04-17 15:50:17  can0  18FF2420#4D0E0000F0FFFFFF RX
2018-04-17 15:50:17  can0  18FF1610#65 TX
2018-04-17 15:50:18  can0  18FF1720#27FFFFFFFFFFFFFF RX
2018-04-17 15:50:18  can0  18FF1610#65 TX
2018-04-17 15:50:18  can0  18FF2420#4D0E0000F0FFFFFF RX
2018-04-17 15:50:18  can0  18FF1610#65 TX
2018-04-17 15:50:19  can0  18FF1720#27FFFFFFFFFFFFFF RX
2018-04-17 15:50:19  can0  18FF1610#65 TX
2018-04-17 15:50:19  can0  18FF2420#4D0E0000F0FFFFFF RX
2018-04-17 15:50:19  can0  18FF1610#65 TX
2018-04-17 15:50:20  can0  18FF1720#27FFFFFFFFFFFFFF RX
2018-04-17 15:50:20  can0  18FF1610#65 TX
2018-04-17 15:50:20  can0  18FF2420#4D0E0000F0FFFFFF RX
2018-04-17 15:50:20  can0  18FF1610#65 TX
2018-04-17 15:50:21  can0  18FF1720#27FFFFFFFFFFFFFF RX
2018-04-17 15:50:21  can0  18FF1610#65 TX
2018-04-17 15:50:21  can0  18FF2420#4D0E0000F0FFFFFF RX
2018-04-17 15:50:21  can0  18FF1610#65 TX
2018-04-17 15:50:22  can0  18FF1720#27FFFFFFFFFFFFFF RX
2018-04-17 15:50:22  can0  18FF1610#65 TX
2018-04-17 15:50:22  can0  18FF2420#4D0E0000F0FFFFFF RX
2018-04-17 15:50:22  can0  18FF1610#65 TX
2018-04-17 15:50:23  can0  18FF1720#27FFFFFFFFFFFFFF RX
2018-04-17 15:50:23  can0  18FF1610#65 TX
2018-04-17 15:50:23  can0  18FF2420#4D0E0000F0FFFFFF RX
2018-04-17 15:50:23  can0  18FF1610#65 TX
2018-04-17 15:50:24  can0  18FF1720#27FFFFFFFFFFFFFF RX
2018-04-17 15:50:24  can0  18FF1610#65 TX
2018-04-17 15:50:24  can0  18FF2420#4D0E0000F0FFFFFF RX
2018-04-17 15:50:24  can0  18FF1610#65 TX
2018-04-17 15:50:25  can0  18FF1720#25FFFFFFFFFFFFFF RX
2018-04-17 15:50:25  can0  18FF1610#65 TX
2018-04-17 15:50:25  can0  18FF2420#4D0E0000F0FFFFFF RX
2018-04-17 15:50:25  can0  18FF1610#65 TX
2018-04-17 15:50:26  can0  18FF1720#25FFFFFFFFFFFFFF RX
2018-04-17 15:50:26  can0  18FF1610#65 TX
2018-04-17 15:50:26  can0  18FF2420#4D0E0000F0FFFFFF RX
2018-04-17 15:50:26  can0  18FF1610#65 TX
2018-04-17 15:50:27  can0  18FF1720#25FFFFFFFFFFFFFF RX
2018-04-17 15:50:27  can0  18FF1610#65 TX
2018-04-17 15:50:27  can0  18FF2420#4D0E0000F0FFFFFF RX
2018-04-17 15:50:27  can0  18FF1610#65 TX
2018-04-17 15:50:28  can0  18FF1720#25FFFFFFFFFFFFFF RX
2018-04-17 15:50:28  can0  18FF1610#A5 TX
2018-04-17 15:50:28  can0  18FF2420#4D0E0000F0FFFFFF RX
2018-04-17 15:50:28  can0  18FF1610#A5 TX
2018-04-17 15:50:29  can0  18FF1720#25FFFFFFFFFFFFFF RX
2018-04-17 15:50:29  can0  18FF1610#A5 TX
2018-04-17 15:50:29  can0  18FF2420#4D0E0000F0FFFFFF RX
2018-04-17 15:50:29  can0  18FF1610#A5 TX
2018-04-17 15:50:30  can0  18FF1720#25FFFFFFFFFFFFFF RX
2018-04-17 15:50:30  can0  18FF1610#A5 TX
2018-04-17 15:50:30  can0  18FF2420#4D0E0000F0FFFFFF RX
2018-04-17 15:50:30  can0  18FF1610#A5 TX
2018-04-17 15:50:31  can0  18FF1720#25FFFFFFFFFFFFFF RX
2018-04-17 15:50:31  can0  18FF1610#A5 TX
2018-04-17 15:50:31  can0  18FF2420#4D0E0000F0FFFFFF RX
2018-04-17 15:50:31  can0  18FF1610#A5 TX
2018-04-17 15:50:32  can0  18FF1720#25FFFFFFFFFFFFFF RX
2018-04-17 15:50:32  can0  18FF1610#A5 TX
2018-04-17 15:50:32  can0  18FF2420#4D0E0000F0FFFFFF RX
2018-04-17 15:50:32  can0  18FF1610#A5 TX
2018-04-17 15:50:33  can0  18FF1720#25FFFFFFFFFFFFFF RX
2018-04-17 15:50:33  can0  18FF1610#A5 TX
2018-04-17 15:50:33  can0  18FF2420#4D0E0000F0FFFFFF RX
2018-04-17 15:50:33  can0  18FF1610#A5 TX
2018-04-17 15:50:34  can0  18FF1720#25FFFFFFFFFFFFFF RX
2018-04-17 15:50:34  can0  18FF1610#A5 TX
2018-04-17 15:50:34  can0  18FF2420#4D0E0000F0FFFFFF RX
2018-04-17 15:50:34  can0  18FF1610#A5 TX
2018-04-17 15:50:35  can0  18FF1720#25FFFFFFFFFFFFFF RX
2018-04-17 15:50:35  can0  18FF1610#A5 TX
2018-04-17 15:50:35  can0  18FF2420#4D0E0000F8FFFFFF RX
2018-04-17 15:50:35  can0  18FF1610#A5 TX
2018-04-17 15:50:36  can0  18FF1720#25FFFFFFFFFFFFFF RX
2018-04-17 15:50:36  can0  18FF1610#A5 TX
2018-04-17 15:50:36  can0  18FF2420#4D0E0000F8FFFFFF RX
2018-04-17 15:50:36  can0  18FF1610#A5 TX
2018-04-17 15:50:37  can0  18FF1720#25FFFFFFFFFFFFFF RX
2018-04-17 15:50:37  can0  18FF1610#A5 TX
2018-04-17 15:50:37  can0  18FF2420#4D0E0000F8FFFFFF RX
2018-04-17 15:50:37  can0  18FF1610#A5 TX
2018-04-17 15:50:38  can0  18FF1720#25FFFFFFFFFFFFFF RX
2018-04-17 15:50:38  can0  18FF1610#A5 TX
2018-04-17 15:50:38  can0  18FF2420#4D0E0000F8FFFFFF RX
2018-04-17 15:50:38  can0  18FF1610#A5 TX
2018-04-17 15:50:39  can0  18FF1720#25FFFFFFFFFFFFFF RX
2018-04-17 15:50:39  can0  18FF1610#A5 TX
2018-04-17 15:50:39  can0  18FF2420#4D0E0000F8FFFFFF RX
2018-04-17 15:50:39  can0  18FF1610#A5 TX
2018-04-17 15:50:40  can0  18FF1720#25FFFFFFFFFFFFFF RX
2018-04-17 15:50:40  can0  18FF1610#A5 TX
2018-04-17 15:50:40  can0  18FF2420#4D0E0000F8FFFFFF RX
2018-04-17 15:50:40  can0  18FF1610#A5 TX
2018-04-17 15:50:41  can0  18FF1720#25FFFFFFFFFFFFFF RX
2018-04-17 15:50:41  can0  18FF1610#A5 TX
2018-04-17 15:50:41  can0  18FF2420#4D0E0000F8FFFFFF RX
2018-04-17 15:50:41  can0  18FF1610#A5 TX
2018-04-17 15:50:42  can0  18FF1720#25FFFFFFFFFFFFFF RX
2018-04-17 15:50:42  can0  18FF1610#A5 TX
2018-04-17 15:50:42  can0  18FF2420#4D0E0000F8FFFFFF RX
2018-04-17 15:50:42  can0  18FF1610#A5 TX
2018-04-17 15:50:43  can0  18FF1720#25FFFFFFFFFFFFFF RX
2018-04-17 15:50:43  can0  18FF1610#A5 TX
2018-04-17 15:50:43  can0  18FF2420#4D0E0000F8FFFFFF RX
2018-04-17 15:50:43  can0  18FF1610#A5 TX
2018-04-17 15:50:44  can0  18FF1720#25FFFFFFFFFFFFFF RX
2018-04-17 15:50:44  can0  18FF1610#A5 TX
2018-04-17 15:50:44  can0  18FF2420#4D0E0000F8FFFFFF RX
2018-04-17 15:50:44  can0  18FF1610#A5 TX
2018-04-17 15:50:45  can0  18FF1720#25FFFFFFFFFFFFFF RX
2018-04-17 15:50:45  can0  18FF1610#A5 TX
2018-04-17 15:50:45  can0  18FF2420#4D0E0000F8FFFFFF RX
2018-04-17 15:50:45  can0  18FF1610#A5 TX
2018-04-17 15:50:46  can0  18FF1720#25FFFFFFFFFFFFFF RX
2018-04-17 15:50:46  can0  18FF1610#A5 TX
2018-04-17 15:50:46  can0  18FF2420#4D0E0000F8FFFFFF RX
2018-04-17 15:50:46  can0  18FF1610#A5 TX
2018-04-17 15:50:47  can0  18FF1720#25FFFFFFFFFFFFFF RX
2018-04-17 15:50:47  can0  18FF1610#A5 TX
2018-04-17 15:50:47  can0  18FF2420#4D0E0000F8FFFFFF RX
2018-04-17 15:50:47  can0  18FF1610#A5 TX
2018-04-17 15:50:48  can0  18FF1720#25FFFFFFFFFFFFFF RX
2018-04-17 15:50:48  can0  18FF1610#A5 TX
2018-04-17 15:50:48  can0  18FF2420#4D0E0000F8FFFFFF RX
2018-04-17 15:50:48  can0  18FF1610#A5 TX
2018-04-17 15:50:49  can0  18FF1720#25FFFFFFFFFFFFFF RX
2018-04-17 15:50:49  can0  18FF1610#A5 TX
2018-04-17 15:50:49  can0  18FF2420#4D0E0000F8FFFFFF RX
2018-04-17 15:50:49  can0  18FF1610#A5 TX
2018-04-17 15:50:50  can0  18FF1720#25FFFFFFFFFFFFFF RX
2018-04-17 15:50:50  can0  18FF1610#A5 TX
2018-04-17 15:50:50  can0  18FF2420#4D0E0000F8FFFFFF RX
2018-04-17 15:50:50  can0  18FF1610#A5 TX
2018-04-17 15:50:51  can0  18FF1720#25FFFFFFFFFFFFFF RX
2018-04-17 15:50:51  can0  18FF1610#A5 TX
2018-04-17 15:50:51  can0  18FF2420#4D0E0000F8FFFFFF RX
2018-04-17 15:50:51  can0  18FF1610#A5 TX
2018-04-17 15:50:52  can0  18FF1720#25FFFFFFFFFFFFFF RX
2018-04-17 15:50:52  can0  18FF1610#A5 TX
2018-04-17 15:50:52  can0  18FF2420#4D0E0000F8FFFFFF RX
2018-04-17 15:50:52  can0  18FF1610#A5 TX
2018-04-17 15:50:53  can0  18FF1720#25FFFFFFFFFFFFFF RX
2018-04-17 15:50:53  can0  18FF1610#A5 TX
2018-04-17 15:50:53  can0  18FF2420#4D0E0000F8FFFFFF RX
2018-04-17 15:50:53  can0  18FF1610#A5 TX
2018-04-17 15:50:54  can0  18FF1720#25FFFFFFFFFFFFFF RX
2018-04-17 15:50:54  can0  18FF1610#A5 TX
2018-04-17 15:50:54  can0  18FF2420#4D0E0000F8FFFFFF RX
2018-04-17 15:50:54  can0  18FF1610#A5 TX
2018-04-17 15:50:55  can0  18FF1720#25FFFFFFFFFFFFFF RX
2018-04-17 15:50:55  can0  18FF1610#A5 TX
2018-04-17 15:50:55  can0  18FF2420#4D0E0000F8FFFFFF RX
2018-04-17 15:50:55  can0  18FF1610#A5 TX
2018-04-17 15:50:56  can0  18FF1720#25FFFFFFFFFFFFFF RX
2018-04-17 15:50:56  can0  18FF1610#A5 TX
2018-04-17 15:50:56  can0  18FF2420#4D0E0000F8FFFFFF RX
2018-04-17 15:50:56  can0  18FF1610#A5 TX
2018-04-17 15:50:57  can0  18FF1720#25FFFFFFFFFFFFFF RX
2018-04-17 15:50:57  can0  18FF1610#A5 TX
2018-04-17 15:50:57  can0  18FF2420#4D0E0000F8FFFFFF RX
2018-04-17 15:50:57  can0  18FF1610#A5 TX
2018-04-17 15:50:58  can0  18FF1720#25FFFFFFFFFFFFFF RX
2018-04-17 15:50:58  can0  18FF1610#A5 TX
2018-04-17 15:50:58  can0  18FF2420#4D0E0000F8FFFFFF RX
2018-04-17 15:50:58  can0  18FF1610#A5 TX
2018-04-17 15:50:59  can0  18FF1720#25FFFFFFFFFFFFFF RX
2018-04-17 15:50:59  can0  18FF1610#A5 TX
2018-04-17 15:50:59  can0  18FF2420#4D0E0000F8FFFFFF RX
2018-04-17 15:50:59  can0  18FF1610#A5 TX
2018-04-17 15:51:00  can0  18FF1720#25FFFFFFFFFFFFFF RX
2018-04-17 15:51:00  can0  18FF1610#A5 TX
2018-04-17 15:51:00  can0  18FF2420#4D0E0000F8FFFFFF RX
2018-04-17 15:51:00  can0  18FF1610#A5 TX
2018-04-17 15:51:01  can0  18FF1720#25FFFFFFFFFFFFFF RX
2018-04-17 15:51:01  can0  18FF1610#A5 TX
2018-04-17 15:51:01  can0  18FF2420#4D0E0000F8FFFFFF RX
2018-04-17 15:51:01  can0  18FF1610#A5 TX
2018-04-17 15:51:02  can0  18FF1720#25FFFFFFFFFFFFFF RX
2018-04-17 15:51:02  can0  18FF1610#A5 TX
2018-04-17 15:51:02  can0  18FF2420#4D0E0000F8FFFFFF RX
2018-04-17 15:51:02  can0  18FF1610#A5 TX
2018-04-17 15:51:03  can0  18FF1720#25FFFFFFFFFFFFFF RX
2018-04-17 15:51:03  can0  18FF1610#A5 TX
2018-04-17 15:51:03  can0  18FF2420#4D0E0000F8FFFFFF RX
2018-04-17 15:51:03  can0  18FF1610#A5 TX
2018-04-17 15:51:04  can0  18FF1720#25FFFFFFFFFFFFFF RX
2018-04-17 15:51:04  can0  18FF1610#A5 TX
2018-04-17 15:51:04  can0  18FF2420#4D0E0000F8FFFFFF RX
2018-04-17 15:51:04  can0  18FF1610#A5 TX
2018-04-17 15:51:05  can0  18FF1720#25FFFFFFFFFFFFFF RX
2018-04-17 15:51:05  can0  18FF1610#A5 TX
2018-04-17 15:51:05  can0  18FF2420#4D0E0000F8FFFFFF RX
2018-04-17 15:51:05  can0  18FF1610#A5 TX
2018-04-17 15:51:06  can0  18FF1720#25FFFFFFFFFFFFFF RX
2018-04-17 15:51:06  can0  18FF1610#A5 TX
2018-04-17 15:51:06  can0  18FF2420#4D0E0000F8FFFFFF RX
2018-04-17 15:51:06  can0  18FF1610#A5 TX
2018-04-17 15:51:07  can0  18FF1720#25FFFFFFFFFFFFFF RX
2018-04-17 15:51:07  can0  18FF1610#A5 TX
2018-04-17 15:51:07  can0  18FF2420#4D0E0000F8FFFFFF RX
2018-04-17 15:51:07  can0  18FF1610#A5 TX
2018-04-17 15:51:08  can0  18FF1720#25FFFFFFFFFFFFFF RX
2018-04-17 15:51:08  can0  18FF1610#A5 TX
2018-04-17 15:51:08  can0  18FF2420#4D0E0000F8FFFFFF RX
2018-04-17 15:51:08  can0  18FF1610#A5 TX
2018-04-17 15:51:09  can0  18FF1720#25FFFFFFFFFFFFFF RX
2018-04-17 15:51:09  can0  18FF1610#A5 TX
2018-04-17 15:51:09  can0  18FF2420#4D0E0000F8FFFFFF RX
2018-04-17 15:51:09  can0  18FF1610#A5 TX
2018-04-17 15:51:10  can0  18FF1720#25FFFFFFFFFFFFFF RX
2018-04-17 15:51:10  can0  18FF1610#A5 TX
2018-04-17 15:51:10  can0  18FF2420#4D0E0000F8FFFFFF RX
2018-04-17 15:51:10  can0  18FF1610#A5 TX
2018-04-17 15:51:11  can0  18FF1720#25FFFFFFFFFFFFFF RX
2018-04-17 15:51:11  can0  18FF1610#A5 TX
2018-04-17 15:51:11  can0  18FF2420#4D0E0000F8FFFFFF RX
2018-04-17 15:51:11  can0  18FF1610#A5 TX
2018-04-17 15:51:12  can0  18FF1720#25FFFFFFFFFFFFFF RX
2018-04-17 15:51:12  can0  18FF1610#A5 TX
2018-04-17 15:51:12  can0  18FF2420#4D0E0000F8FFFFFF RX
2018-04-17 15:51:12  can0  18FF1610#A5 TX
2018-04-17 15:51:13  can0  18FF1720#25FFFFFFFFFFFFFF RX
2018-04-17 15:51:13  can0  18FF1610#A5 TX
2018-04-17 15:51:13  can0  18FF2420#4D0E0000F8FFFFFF RX
2018-04-17 15:51:13  can0  18FF1610#A5 TX
2018-04-17 15:51:14  can0  18FF1720#25FFFFFFFFFFFFFF RX
2018-04-17 15:51:14  can0  18FF1610#A5 TX
2018-04-17 15:51:14  can0  18FF2420#4D0E0000F8FFFFFF RX
2018-04-17 15:51:14  can0  18FF1610#A5 TX
2018-04-17 15:51:15  can0  18FF1720#25FFFFFFFFFFFFFF RX
2018-04-17 15:51:15  can0  18FF1610#A5 TX
2018-04-17 15:51:15  can0  18FF2420#4D0E0000F8FFFFFF RX
2018-04-17 15:51:15  can0  18FF1610#A5 TX
2018-04-17 15:51:16  can0  18FF1720#25FFFFFFFFFFFFFF RX
2018-04-17 15:51:16  can0  18FF1610#A5 TX
2018-04-17 15:51:16  can0  18FF2420#4D0E0000F8FFFFFF RX
2018-04-17 15:51:16  can0  18FF1610#A5 TX
2018-04-17 15:51:17  can0  18FF1720#25FFFFFFFFFFFFFF RX
2018-04-17 15:51:17  can0  18FF1610#A5 TX
2018-04-17 15:51:17  can0  18FF2420#4D0E0000F8FFFFFF RX
2018-04-17 15:51:17  can0  18FF1610#A5 TX
2018-04-17 15:51:18  can0  18FF1720#25FFFFFFFFFFFFFF RX
2018-04-17 15:51:18  can0  18FF1610#A5 TX
2018-04-17 15:51:18  can0  18FF2420#4D0E0000F8FFFFFF RX
2018-04-17 15:51:18  can0  18FF1610#A5 TX
2018-04-17 15:51:19  can0  18FF1720#25FFFFFFFFFFFFFF RX
2018-04-17 15:51:19  can0  18FF1610#A5 TX
2018-04-17 15:51:19  can0  18FF2420#4D0E0000F8FFFFFF RX
2018-04-17 15:51:19  can0  18FF1610#A5 TX
2018-04-17 15:51:20  can0  18FF1720#25FFFFFFFFFFFFFF RX
2018-04-17 15:51:20  can0  18FF1610#A5 TX
2018-04-17 15:51:20  can0  18FF2420#4D0E0000F8FFFFFF RX
2018-04-17 15:51:20  can0  18FF1610#A5 TX
2018-04-17 15:51:21  can0  18FF1720#25FFFFFFFFFFFFFF RX
2018-04-17 15:51:21  can0  18FF1610#A5 TX
2018-04-17 15:51:21  can0  18FF2420#4D0E0000F8FFFFFF RX
2018-04-17 15:51:21  can0  18FF1610#A5 TX
2018-04-17 15:51:22  can0  18FF1720#25FFFFFFFFFFFFFF RX
2018-04-17 15:51:22  can0  18FF1610#A5 TX
2018-04-17 15:51:22  can0  18FF2420#4D0E0000F8FFFFFF RX
2018-04-17 15:51:22  can0  18FF1610#A5 TX
2018-04-17 15:51:23  can0  18FF1720#25FFFFFFFFFFFFFF RX
2018-04-17 15:51:23  can0  18FF1610#A5 TX
2018-04-17 15:51:23  can0  18FF2420#4D0E0000F8FFFFFF RX
2018-04-17 15:51:23  can0  18FF1610#A5 TX
2018-04-17 15:51:24  can0  18FF1720#25FFFFFFFFFFFFFF RX
2018-04-17 15:51:24  can0  18FF1610#A5 TX
2018-04-17 15:51:24  can0  18FF2420#4D0E0000F8FFFFFF RX
2018-04-17 15:51:24  can0  18FF1610#A5 TX
2018-04-17 15:51:25  can0  18FF1720#25FFFFFFFFFFFFFF RX
2018-04-17 15:51:25  can0  18FF1610#A5 TX
2018-04-17 15:51:25  can0  18FF2420#4D0E0000F8FFFFFF RX
2018-04-17 15:51:25  can0  18FF1610#A5 TX
2018-04-17 15:51:26  can0  18FF1720#25FFFFFFFFFFFFFF RX
2018-04-17 15:51:26  can0  18FF1610#A5 TX
2018-04-17 15:51:26  can0  18FF2420#4D0E0000F8FFFFFF RX
2018-04-17 15:51:26  can0  18FF1610#A5 TX
2018-04-17 15:51:27  can0  18FF1720#25FFFFFFFFFFFFFF RX
2018-04-17 15:51:27  can0  18FF1610#A5 TX
2018-04-17 15:51:27  can0  18FF2420#4D0E0000F8FFFFFF RX
2018-04-17 15:51:27  can0  18FF1610#A5 TX
2018-04-17 15:51:28  can0  18FF1720#25FFFFFFFFFFFFFF RX
2018-04-17 15:51:28  can0  18FF1610#A5 TX
2018-04-17 15:51:28  can0  18FF2420#4D0E0000F8FFFFFF RX
2018-04-17 15:51:28  can0  18FF1610#A5 TX
2018-04-17 15:51:29  can0  18FF1720#25FFFFFFFFFFFFFF RX
2018-04-17 15:51:29  can0  18FF1610#A5 TX
2018-04-17 15:51:29  can0  18FF2420#4D0E0000F8FFFFFF RX
2018-04-17 15:51:29  can0  18FF1610#A5 TX
2018-04-17 15:51:30  can0  18FF1720#25FFFFFFFFFFFFFF RX
2018-04-17 15:51:30  can0  18FF1610#A5 TX
2018-04-17 15:51:30  can0  18FF2420#4D0E0000F8FFFFFF RX
2018-04-17 15:51:30  can0  18FF1610#A5 TX
2018-04-17 15:51:31  can0  18FF1720#25FFFFFFFFFFFFFF RX
2018-04-17 15:51:31  can0  18FF1610#A5 TX
2018-04-17 15:51:31  can0  18FF2420#4D0E0000F8FFFFFF RX
2018-04-17 15:51:31  can0  18FF1610#A5 TX
2018-04-17 15:51:32  can0  18FF1720#25FFFFFFFFFFFFFF RX
2018-04-17 15:51:32  can0  18FF1610#A5 TX
2018-04-17 15:51:32  can0  18FF2420#4D0E0000F8FFFFFF RX
2018-04-17 15:51:32  can0  18FF1610#A5 TX
2018-04-17 15:51:33  can0  18FF1720#25FFFFFFFFFFFFFF RX
2018-04-17 15:51:33  can0  18FF1610#A5 TX
2018-04-17 15:51:33  can0  18FF2420#4D0E0000F8FFFFFF RX
2018-04-17 15:51:33  can0  18FF1610#A5 TX
2018-04-17 15:51:34  can0  18FF1720#25FFFFFFFFFFFFFF RX
2018-04-17 15:51:34  can0  18FF1610#A5 TX
2018-04-17 15:51:34  can0  18FF2420#4D0E0000F8FFFFFF RX
2018-04-17 15:51:34  can0  18FF1610#A5 TX
2018-04-17 15:51:35  can0  18FF1720#25FFFFFFFFFFFFFF RX
2018-04-17 15:51:35  can0  18FF1610#A5 TX
2018-04-17 15:51:35  can0  18FF2420#4D0E0000F8FFFFFF RX
2018-04-17 15:51:35  can0  18FF1610#A5 TX
2018-04-17 15:51:36  can0  18FF1720#25FFFFFFFFFFFFFF RX
2018-04-17 15:51:36  can0  18FF1610#A5 TX
2018-04-17 15:51:36  can0  18FF2420#4D0E0000F8FFFFFF RX
2018-04-17 15:51:36  can0  18FF1610#A5 TX
2018-04-17 15:51:37  can0  18FF1720#25FFFFFFFFFFFFFF RX
2018-04-17 15:51:37  can0  18FF1610#A5 TX
2018-04-17 15:51:37  can0  18FF2420#4D0E0000F8FFFFFF RX
2018-04-17 15:51:37  can0  18FF1610#A5 TX
2018-04-17 15:51:38  can0  18FF1720#25FFFFFFFFFFFFFF RX
2018-04-17 15:51:38  can0  18FF1610#A5 TX
2018-04-17 15:51:38  can0  18FF2420#4D0E0000F8FFFFFF RX
2018-04-17 15:51:38  can0  18FF1610#A5 TX
2018-04-17 15:51:39  can0  18FF1720#25FFFFFFFFFFFFFF RX
2018-04-17 15:51:39  can0  18FF1610#A5 TX
2018-04-17 15:51:39  can0  18FF2420#4D0E0000F8FFFFFF RX
2018-04-17 15:51:39  can0  18FF1610#A5 TX
2018-04-17 15:51:40  can0  18FF1720#25FFFFFFFFFFFFFF RX
2018-04-17 15:51:40  can0  18FF1610#A5 TX
2018-04-17 15:51:40  can0  18FF2420#4D0E0000F8FFFFFF RX
2018-04-17 15:51:40  can0  18FF1610#A5 TX
2018-04-17 15:51:40  can0  18FF2320#51029600AE0300FF RX
2018-04-17 15:51:40  can0  18FF1610#A5 TX
2018-04-17 15:51:41  can0  18FF1720#25FFFFFFFFFFFFFF RX
2018-04-17 15:51:41  can0  18FF1610#A5 TX
2018-04-17 15:51:41  can0  18FF2420#4D0E0000F8FFFFFF RX
2018-04-17 15:51:41  can0  18FF1610#A5 TX
2018-04-17 15:51:42  can0  18FF1720#25FFFFFFFFFFFFFF RX
2018-04-17 15:51:42  can0  18FF1610#A5 TX
2018-04-17 15:51:42  can0  18FF2420#4D0E0000F8FFFFFF RX
2018-04-17 15:51:42  can0  18FF1610#A5 TX
2018-04-17 15:51:43  can0  18FF1720#25FFFFFFFFFFFFFF RX
2018-04-17 15:51:43  can0  18FF1610#A5 TX
2018-04-17 15:51:43  can0  18FF2420#4D0E0000F8FFFFFF RX
2018-04-17 15:51:43  can0  18FF1610#A5 TX
2018-04-17 15:51:44  can0  18FF1720#25FFFFFFFFFFFFFF RX
2018-04-17 15:51:44  can0  18FF1610#A5 TX
2018-04-17 15:51:44  can0  18FF2420#4D0E0000F8FFFFFF RX
2018-04-17 15:51:44  can0  18FF1610#A5 TX
2018-04-17 15:51:45  can0  18FF1720#25FFFFFFFFFFFFFF RX
2018-04-17 15:51:45  can0  18FF1610#A5 TX
2018-04-17 15:51:45  can0  18FF2420#4D0E0000F8FFFFFF RX
2018-04-17 15:51:45  can0  18FF1610#A5 TX
2018-04-17 15:51:46  can0  18FF1720#25FFFFFFFFFFFFFF RX
2018-04-17 15:51:46  can0  18FF1610#A5 TX
2018-04-17 15:51:46  can0  18FF2420#4D0E0000F8FFFFFF RX
2018-04-17 15:51:46  can0  18FF1610#A5 TX
2018-04-17 15:51:47  can0  18FF1720#25FFFFFFFFFFFFFF RX
2018-04-17 15:51:47  can0  18FF1610#A5 TX
2018-04-17 15:51:47  can0  18FF2420#4D0E0000F8FFFFFF RX
2018-04-17 15:51:47  can0  18FF1610#A5 TX
2018-04-17 15:51:48  can0  18FF1720#25FFFFFFFFFFFFFF RX
2018-04-17 15:51:48  can0  18FF1610#A5 TX
2018-04-17 15:51:48  can0  18FF2420#4D0E0000F8FFFFFF RX
2018-04-17 15:51:48  can0  18FF1610#A5 TX
2018-04-17 15:51:49  can0  18FF1720#25FFFFFFFFFFFFFF RX
2018-04-17 15:51:49  can0  18FF1610#A5 TX
2018-04-17 15:51:49  can0  18FF2420#4D0E0000F8FFFFFF RX
2018-04-17 15:51:49  can0  18FF1610#A5 TX
2018-04-17 15:51:50  can0  18FF1720#25FFFFFFFFFFFFFF RX
2018-04-17 15:51:50  can0  18FF1610#A5 TX
2018-04-17 15:51:50  can0  18FF2420#4D0E0000F8FFFFFF RX
2018-04-17 15:51:50  can0  18FF1610#A5 TX
2018-04-17 15:51:51  can0  18FF1720#25FFFFFFFFFFFFFF RX
2018-04-17 15:51:51  can0  18FF1610#A5 TX
2018-04-17 15:51:51  can0  18FF2420#4D0E0000F8FFFFFF RX
2018-04-17 15:51:51  can0  18FF1610#A5 TX
2018-04-17 15:51:52  can0  18FF1720#25FFFFFFFFFFFFFF RX
2018-04-17 15:51:52  can0  18FF1610#A5 TX
2018-04-17 15:51:52  can0  18FF2420#4D0E0000F8FFFFFF RX
2018-04-17 15:51:52  can0  18FF1610#A5 TX
2018-04-17 15:51:53  can0  18FF1720#25FFFFFFFFFFFFFF RX
2018-04-17 15:51:53  can0  18FF1610#A5 TX
2018-04-17 15:51:53  can0  18FF2420#4D0E0000F8FFFFFF RX
2018-04-17 15:51:53  can0  18FF1610#A5 TX
2018-04-17 15:51:54  can0  18FF1720#25FFFFFFFFFFFFFF RX
2018-04-17 15:51:54  can0  18FF1610#A5 TX
2018-04-17 15:51:54  can0  18FF2420#4D0E0000F8FFFFFF RX
2018-04-17 15:51:54  can0  18FF1610#A5 TX
2018-04-17 15:51:55  can0  18FF1720#25FFFFFFFFFFFFFF RX
2018-04-17 15:51:55  can0  18FF1610#A5 TX
2018-04-17 15:51:55  can0  18FF2420#4D0E0000F8FFFFFF RX
2018-04-17 15:51:55  can0  18FF1610#A5 TX
2018-04-17 15:51:56  can0  18FF1720#25FFFFFFFFFFFFFF RX
2018-04-17 15:51:56  can0  18FF1610#A5 TX
2018-04-17 15:51:56  can0  18FF2420#4D0E0000F8FFFFFF RX
2018-04-17 15:51:56  can0  18FF1610#A5 TX
2018-04-17 15:51:57  can0  18FF1720#25FFFFFFFFFFFFFF RX
2018-04-17 15:51:57  can0  18FF1610#A5 TX
2018-04-17 15:51:57  can0  18FF2420#4D0E0000F8FFFFFF RX
2018-04-17 15:51:57  can0  18FF1610#A5 TX
2018-04-17 15:51:58  can0  18FF1720#25FFFFFFFFFFFFFF RX
2018-04-17 15:51:58  can0  18FF1610#A5 TX
2018-04-17 15:51:58  can0  18FF2420#4D0E0000F8FFFFFF RX
2018-04-17 15:51:58  can0  18FF1610#A5 TX
2018-04-17 15:51:59  can0  18FF1720#25FFFFFFFFFFFFFF RX
2018-04-17 15:51:59  can0  18FF1610#A5 TX
2018-04-17 15:51:59  can0  18FF2420#4D0E0000F8FFFFFF RX
2018-04-17 15:51:59  can0  18FF1610#A5 TX
2018-04-17 15:52:00  can0  18FF1720#25FFFFFFFFFFFFFF RX
2018-04-17 15:52:00  can0  18FF1610#A5 TX
2018-04-17 15:52:00  can0  18FF2420#4D0E0000F8FFFFFF RX
2018-04-17 15:52:00  can0  18FF1610#A5 TX
2018-04-17 15:52:01  can0  18FF1720#25FFFFFFFFFFFFFF RX
2018-04-17 15:52:01  can0  18FF1610#A5 TX
2018-04-17 15:52:01  can0  18FF2420#4D0E0000F8FFFFFF RX
2018-04-17 15:52:01  can0  18FF1610#A5 TX
2018-04-17 15:52:02  can0  18FF1720#25FFFFFFFFFFFFFF RX
2018-04-17 15:52:02  can0  18FF1610#A5 TX
2018-04-17 15:52:02  can0  18FF2420#4D0E0000F8FFFFFF RX
2018-04-17 15:52:02  can0  18FF1610#A5 TX
2018-04-17 15:52:03  can0  18FF1720#25FFFFFFFFFFFFFF RX
2018-04-17 15:52:03  can0  18FF1610#A5 TX
2018-04-17 15:52:03  can0  18FF2420#4D0E0000F8FFFFFF RX
2018-04-17 15:52:03  can0  18FF1610#A5 TX
2018-04-17 15:52:04  can0  18FF1720#25FFFFFFFFFFFFFF RX
2018-04-17 15:52:04  can0  18FF1610#A5 TX
2018-04-17 15:52:04  can0  18FF2420#4D0E0000F8FFFFFF RX
2018-04-17 15:52:04  can0  18FF1610#A5 TX
2018-04-17 15:52:05  can0  18FF1720#25FFFFFFFFFFFFFF RX
2018-04-17 15:52:05  can0  18FF1610#A5 TX
2018-04-17 15:52:05  can0  18FF2420#4D0E0000F8FFFFFF RX
2018-04-17 15:52:05  can0  18FF1610#A5 TX
2018-04-17 15:52:06  can0  18FF1720#25FFFFFFFFFFFFFF RX
2018-04-17 15:52:06  can0  18FF1610#A5 TX
2018-04-17 15:52:06  can0  18FF2420#4D0E0000F8FFFFFF RX
2018-04-17 15:52:06  can0  18FF1610#A5 TX
2018-04-17 15:52:07  can0  18FF1720#25FFFFFFFFFFFFFF RX
2018-04-17 15:52:07  can0  18FF1610#A5 TX
2018-04-17 15:52:07  can0  18FF2420#4D0E0000F8FFFFFF RX
2018-04-17 15:52:07  can0  18FF1610#A5 TX
2018-04-17 15:52:08  can0  18FF1720#25FFFFFFFFFFFFFF RX
2018-04-17 15:52:08  can0  18FF1610#A5 TX
2018-04-17 15:52:08  can0  18FF2420#4D0E0000F8FFFFFF RX
2018-04-17 15:52:08  can0  18FF1610#A5 TX
2018-04-17 15:52:09  can0  18FF1720#25FFFFFFFFFFFFFF RX
2018-04-17 15:52:09  can0  18FF1610#A5 TX
2018-04-17 15:52:09  can0  18FF2420#4D0E0000F8FFFFFF RX
2018-04-17 15:52:09  can0  18FF1610#A5 TX
2018-04-17 15:52:10  can0  18FF1720#25FFFFFFFFFFFFFF RX
2018-04-17 15:52:10  can0  18FF1610#A5 TX
2018-04-17 15:52:10  can0  18FF2420#4D0E0000F8FFFFFF RX
2018-04-17 15:52:10  can0  18FF1610#A5 TX
2018-04-17 15:52:11  can0  18FF1720#25FFFFFFFFFFFFFF RX
2018-04-17 15:52:11  can0  18FF1610#A5 TX
2018-04-17 15:52:11  can0  18FF2420#4D0E0000F8FFFFFF RX
2018-04-17 15:52:11  can0  18FF1610#A5 TX
2018-04-17 15:52:12  can0  18FF1720#25FFFFFFFFFFFFFF RX
2018-04-17 15:52:12  can0  18FF1610#A5 TX
2018-04-17 15:52:12  can0  18FF2420#4D0E0000F8FFFFFF RX
2018-04-17 15:52:12  can0  18FF1610#A5 TX
2018-04-17 15:52:13  can0  18FF1720#25FFFFFFFFFFFFFF RX
2018-04-17 15:52:13  can0  18FF1610#A5 TX
2018-04-17 15:52:13  can0  18FF2420#4D0E0000F8FFFFFF RX
2018-04-17 15:52:13  can0  18FF1610#A5 TX
2018-04-17 15:52:14  can0  18FF1720#25FFFFFFFFFFFFFF RX
2018-04-17 15:52:14  can0  18FF1610#A5 TX
2018-04-17 15:52:14  can0  18FF2420#4D0E0000F8FFFFFF RX
2018-04-17 15:52:14  can0  18FF1610#A5 TX
2018-04-17 15:52:15  can0  18FF1720#25FFFFFFFFFFFFFF RX
2018-04-17 15:52:15  can0  18FF1610#A5 TX
2018-04-17 15:52:15  can0  18FF2420#4D0E0000F8FFFFFF RX
2018-04-17 15:52:15  can0  18FF1610#A5 TX
2018-04-17 15:52:16  can0  18FF1720#25FFFFFFFFFFFFFF RX
2018-04-17 15:52:16  can0  18FF1610#A5 TX
2018-04-17 15:52:16  can0  18FF2420#4D0E0000F8FFFFFF RX
2018-04-17 15:52:16  can0  18FF1610#A5 TX
2018-04-17 15:52:17  can0  18FF1720#25FFFFFFFFFFFFFF RX
2018-04-17 15:52:17  can0  18FF1610#A5 TX
2018-04-17 15:52:17  can0  18FF2420#4D0E0000F8FFFFFF RX
2018-04-17 15:52:17  can0  18FF1610#A5 TX
2018-04-17 15:52:18  can0  18FF1720#25FFFFFFFFFFFFFF RX
2018-04-17 15:52:18  can0  18FF1610#A5 TX
2018-04-17 15:52:18  can0  18FF2420#4D0E0000F8FFFFFF RX
2018-04-17 15:52:18  can0  18FF1610#A5 TX
2018-04-17 15:52:19  can0  18FF1720#25FFFFFFFFFFFFFF RX
2018-04-17 15:52:19  can0  18FF1610#A5 TX
2018-04-17 15:52:19  can0  18FF2420#4D0E0000F8FFFFFF RX
2018-04-17 15:52:19  can0  18FF1610#A5 TX
2018-04-17 15:52:20  can0  18FF1720#25FFFFFFFFFFFFFF RX
2018-04-17 15:52:20  can0  18FF1610#A5 TX
2018-04-17 15:52:20  can0  18FF2420#4D0E0000F8FFFFFF RX
2018-04-17 15:52:20  can0  18FF1610#A5 TX
2018-04-17 15:52:21  can0  18FF1720#25FFFFFFFFFFFFFF RX
2018-04-17 15:52:21  can0  18FF1610#A5 TX
2018-04-17 15:52:21  can0  18FF2420#4D0E0000F8FFFFFF RX
2018-04-17 15:52:21  can0  18FF1610#A5 TX
2018-04-17 15:52:22  can0  18FF1720#25FFFFFFFFFFFFFF RX
2018-04-17 15:52:22  can0  18FF1610#A5 TX
2018-04-17 15:52:22  can0  18FF2420#4D0E0000F8FFFFFF RX
2018-04-17 15:52:22  can0  18FF1610#A5 TX
2018-04-17 15:52:23  can0  18FF1720#25FFFFFFFFFFFFFF RX
2018-04-17 15:52:23  can0  18FF1610#A5 TX
2018-04-17 15:52:23  can0  18FF2420#4D0E0000F8FFFFFF RX
2018-04-17 15:52:23  can0  18FF1610#A5 TX
2018-04-17 15:52:24  can0  18FF1720#25FFFFFFFFFFFFFF RX
2018-04-17 15:52:24  can0  18FF1610#A5 TX
2018-04-17 15:52:24  can0  18FF2420#4D0E0000F8FFFFFF RX
2018-04-17 15:52:24  can0  18FF1610#A5 TX
2018-04-17 15:52:25  can0  18FF1720#25FFFFFFFFFFFFFF RX
2018-04-17 15:52:25  can0  18FF1610#A5 TX
2018-04-17 15:52:25  can0  18FF2420#4D0E0000F8FFFFFF RX
2018-04-17 15:52:25  can0  18FF1610#A5 TX
2018-04-17 15:52:26  can0  18FF1720#25FFFFFFFFFFFFFF RX
2018-04-17 15:52:26  can0  18FF1610#A5 TX
2018-04-17 15:52:26  can0  18FF2420#4D0E0000F8FFFFFF RX
2018-04-17 15:52:26  can0  18FF1610#A5 TX
2018-04-17 15:52:27  can0  18FF1720#25FFFFFFFFFFFFFF RX
2018-04-17 15:52:27  can0  18FF1610#A5 TX
2018-04-17 15:52:27  can0  18FF2420#4D0E0000F8FFFFFF RX
2018-04-17 15:52:27  can0  18FF1610#A5 TX
2018-04-17 15:52:28  can0  18FF1720#25FFFFFFFFFFFFFF RX
2018-04-17 15:52:28  can0  18FF1610#A5 TX
2018-04-17 15:52:28  can0  18FF2420#4D0E0000F8FFFFFF RX
2018-04-17 15:52:28  can0  18FF1610#A5 TX
2018-04-17 15:52:29  can0  18FF1720#25FFFFFFFFFFFFFF RX
2018-04-17 15:52:29  can0  18FF1610#A5 TX
2018-04-17 15:52:29  can0  18FF2420#4D0E0000F8FFFFFF RX
2018-04-17 15:52:29  can0  18FF1610#A5 TX
2018-04-17 15:52:30  can0  18FF1720#25FFFFFFFFFFFFFF RX
2018-04-17 15:52:30  can0  18FF1610#A5 TX
2018-04-17 15:52:30  can0  18FF2420#4D0E0000F8FFFFFF RX
2018-04-17 15:52:30  can0  18FF1610#A5 TX
2018-04-17 15:52:31  can0  18FF1720#25FFFFFFFFFFFFFF RX
2018-04-17 15:52:31  can0  18FF1610#A5 TX
2018-04-17 15:52:31  can0  18FF2420#4D0E0000F8FFFFFF RX
2018-04-17 15:52:31  can0  18FF1610#A5 TX
2018-04-17 15:52:32  can0  18FF1720#25FFFFFFFFFFFFFF RX
2018-04-17 15:52:32  can0  18FF1610#A5 TX
2018-04-17 15:52:32  can0  18FF2420#4D0E0000F8FFFFFF RX
2018-04-17 15:52:32  can0  18FF1610#A5 TX
2018-04-17 15:52:33  can0  18FF1720#25FFFFFFFFFFFFFF RX
2018-04-17 15:52:33  can0  18FF1610#A5 TX
2018-04-17 15:52:33  can0  18FF2420#4D0E0000F8FFFFFF RX
2018-04-17 15:52:33  can0  18FF1610#A5 TX
2018-04-17 15:52:34  can0  18FF1720#25FFFFFFFFFFFFFF RX
2018-04-17 15:52:34  can0  18FF1610#A5 TX
2018-04-17 15:52:34  can0  18FF2420#4D0E0000F8FFFFFF RX
2018-04-17 15:52:34  can0  18FF1610#A5 TX
2018-04-17 15:52:35  can0  18FF1720#25FFFFFFFFFFFFFF RX
2018-04-17 15:52:35  can0  18FF1610#A5 TX
2018-04-17 15:52:35  can0  18FF2420#4D0E0000F8FFFFFF RX
2018-04-17 15:52:35  can0  18FF1610#A5 TX
2018-04-17 15:52:36  can0  18FF1720#25FFFFFFFFFFFFFF RX
2018-04-17 15:52:36  can0  18FF1610#A5 TX
2018-04-17 15:52:36  can0  18FF2420#4D0E0000F8FFFFFF RX
2018-04-17 15:52:36  can0  18FF1610#A5 TX
2018-04-17 15:52:37  can0  18FF1720#25FFFFFFFFFFFFFF RX
2018-04-17 15:52:37  can0  18FF1610#A5 TX
2018-04-17 15:52:37  can0  18FF2420#4D0E0000F8FFFFFF RX
2018-04-17 15:52:37  can0  18FF1610#A5 TX
2018-04-17 15:52:38  can0  18FF1720#25FFFFFFFFFFFFFF RX
2018-04-17 15:52:38  can0  18FF1610#A5 TX
2018-04-17 15:52:38  can0  18FF2420#4D0E0000F8FFFFFF RX
2018-04-17 15:52:38  can0  18FF1610#A5 TX
2018-04-17 15:52:39  can0  18FF1720#25FFFFFFFFFFFFFF RX
2018-04-17 15:52:39  can0  18FF1610#A5 TX
2018-04-17 15:52:39  can0  18FF2420#4D0E0000F8FFFFFF RX
2018-04-17 15:52:39  can0  18FF1610#A5 TX
2018-04-17 15:52:40  can0  18FF1720#25FFFFFFFFFFFFFF RX
2018-04-17 15:52:40  can0  18FF1610#A5 TX
2018-04-17 15:52:40  can0  18FF2420#4D0E0000F8FFFFFF RX
2018-04-17 15:52:40  can0  18FF1610#A5 TX
2018-04-17 15:52:41  can0  18FF1720#25FFFFFFFFFFFFFF RX
2018-04-17 15:52:41  can0  18FF1610#A5 TX
2018-04-17 15:52:41  can0  18FF2420#4D0E0000F8FFFFFF RX
2018-04-17 15:52:41  can0  18FF1610#A5 TX
2018-04-17 15:52:42  can0  18FF1720#25FFFFFFFFFFFFFF RX
2018-04-17 15:52:42  can0  18FF1610#A5 TX
2018-04-17 15:52:42  can0  18FF2420#4D0E0000F8FFFFFF RX
2018-04-17 15:52:42  can0  18FF1610#A5 TX
2018-04-17 15:52:43  can0  18FF1720#25FFFFFFFFFFFFFF RX
2018-04-17 15:52:43  can0  18FF1610#A5 TX
2018-04-17 15:52:43  can0  18FF2420#4D0E0000F8FFFFFF RX
2018-04-17 15:52:43  can0  18FF1610#A5 TX
2018-04-17 15:52:44  can0  18FF1720#25FFFFFFFFFFFFFF RX
2018-04-17 15:52:44  can0  18FF1610#A5 TX
2018-04-17 15:52:44  can0  18FF2420#4D0E0000F8FFFFFF RX
2018-04-17 15:52:44  can0  18FF1610#A5 TX
2018-04-17 15:52:45  can0  18FF1720#25FFFFFFFFFFFFFF RX
2018-04-17 15:52:45  can0  18FF1610#A5 TX
2018-04-17 15:52:45  can0  18FF2420#4D0E0000F8FFFFFF RX
2018-04-17 15:52:45  can0  18FF1610#A5 TX
2018-04-17 15:52:46  can0  18FF1720#25FFFFFFFFFFFFFF RX
2018-04-17 15:52:46  can0  18FF1610#A5 TX
2018-04-17 15:52:46  can0  18FF2420#4D0E0000F8FFFFFF RX
2018-04-17 15:52:46  can0  18FF1610#A5 TX
2018-04-17 15:52:47  can0  18FF1720#25FFFFFFFFFFFFFF RX
2018-04-17 15:52:47  can0  18FF1610#A5 TX
2018-04-17 15:52:47  can0  18FF2420#4D0E0000F8FFFFFF RX
2018-04-17 15:52:47  can0  18FF1610#A5 TX
2018-04-17 15:52:48  can0  18FF1720#25FFFFFFFFFFFFFF RX
2018-04-17 15:52:48  can0  18FF1610#A5 TX
2018-04-17 15:52:48  can0  18FF2420#4D0E0000F8FFFFFF RX
2018-04-17 15:52:48  can0  18FF1610#A5 TX
2018-04-17 15:52:49  can0  18FF1720#25FFFFFFFFFFFFFF RX
2018-04-17 15:52:49  can0  18FF1610#A5 TX
2018-04-17 15:52:49  can0  18FF2420#4D0E0000F8FFFFFF RX
2018-04-17 15:52:49  can0  18FF1610#A5 TX
2018-04-17 15:52:50  can0  18FF1720#25FFFFFFFFFFFFFF RX
2018-04-17 15:52:50  can0  18FF1610#A5 TX
2018-04-17 15:52:50  can0  18FF2420#4D0E0000F8FFFFFF RX
2018-04-17 15:52:50  can0  18FF1610#A5 TX
2018-04-17 15:52:51  can0  18FF1720#25FFFFFFFFFFFFFF RX
2018-04-17 15:52:51  can0  18FF1610#A5 TX
2018-04-17 15:52:51  can0  18FF2420#4D0E0000F8FFFFFF RX
2018-04-17 15:52:51  can0  18FF1610#A5 TX
2018-04-17 15:52:52  can0  18FF1720#25FFFFFFFFFFFFFF RX
2018-04-17 15:52:52  can0  18FF1610#A5 TX
2018-04-17 15:52:52  can0  18FF2420#4D0E0000F8FFFFFF RX
2018-04-17 15:52:52  can0  18FF1610#A5 TX
2018-04-17 15:52:53  can0  18FF1720#25FFFFFFFFFFFFFF RX
2018-04-17 15:52:53  can0  18FF1610#A5 TX
2018-04-17 15:52:53  can0  18FF2420#4D0E0000F8FFFFFF RX
2018-04-17 15:52:53  can0  18FF1610#A5 TX
2018-04-17 15:52:54  can0  18FF1720#25FFFFFFFFFFFFFF RX
2018-04-17 15:52:54  can0  18FF1610#A5 TX
2018-04-17 15:52:54  can0  18FF2420#4D0E0000F8FFFFFF RX
2018-04-17 15:52:54  can0  18FF1610#A5 TX
2018-04-17 15:52:55  can0  18FF1720#25FFFFFFFFFFFFFF RX
2018-04-17 15:52:55  can0  18FF1610#A5 TX
2018-04-17 15:52:55  can0  18FF2420#4D0E0000F8FFFFFF RX
2018-04-17 15:52:55  can0  18FF1610#A5 TX
2018-04-17 15:52:56  can0  18FF1720#25FFFFFFFFFFFFFF RX
2018-04-17 15:52:56  can0  18FF1610#A5 TX
2018-04-17 15:52:56  can0  18FF2420#4D0E0000F8FFFFFF RX
2018-04-17 15:52:56  can0  18FF1610#A5 TX
2018-04-17 15:52:57  can0  18FF1720#25FFFFFFFFFFFFFF RX
2018-04-17 15:52:57  can0  18FF1610#A5 TX
2018-04-17 15:52:57  can0  18FF2420#4D0E0000F8FFFFFF RX
2018-04-17 15:52:57  can0  18FF1610#A5 TX
2018-04-17 15:52:58  can0  18FF1720#25FFFFFFFFFFFFFF RX
2018-04-17 15:52:58  can0  18FF1610#A5 TX
2018-04-17 15:52:58  can0  18FF2420#4D0E0000F8FFFFFF RX
2018-04-17 15:52:58  can0  18FF1610#A5 TX
2018-04-17 15:52:59  can0  18FF1720#25FFFFFFFFFFFFFF RX
2018-04-17 15:52:59  can0  18FF1610#A5 TX
2018-04-17 15:52:59  can0  18FF2420#4D0E0000F8FFFFFF RX
2018-04-17 15:52:59  can0  18FF1610#A5 TX
2018-04-17 15:53:00  can0  18FF1720#25FFFFFFFFFFFFFF RX
2018-04-17 15:53:00  can0  18FF1610#A5 TX
2018-04-17 15:53:00  can0  18FF2420#4D0E0000F8FFFFFF RX
2018-04-17 15:53:00  can0  18FF1610#A5 TX
2018-04-17 15:53:01  can0  18FF1720#25FFFFFFFFFFFFFF RX
2018-04-17 15:53:01  can0  18FF1610#A5 TX
2018-04-17 15:53:01  can0  18FF2420#4D0E0000F8FFFFFF RX
2018-04-17 15:53:01  can0  18FF1610#A5 TX
2018-04-17 15:53:02  can0  18FF1720#25FFFFFFFFFFFFFF RX
2018-04-17 15:53:02  can0  18FF1610#A5 TX
2018-04-17 15:53:02  can0  18FF2420#4D0E0000F8FFFFFF RX
2018-04-17 15:53:02  can0  18FF1610#A5 TX
2018-04-17 15:53:03  can0  18FF1720#25FFFFFFFFFFFFFF RX
2018-04-17 15:53:03  can0  18FF1610#A5 TX
2018-04-17 15:53:03  can0  18FF2420#4D0E0000F8FFFFFF RX
2018-04-17 15:53:03  can0  18FF1610#A5 TX
2018-04-17 15:53:04  can0  18FF1720#25FFFFFFFFFFFFFF RX
2018-04-17 15:53:04  can0  18FF1610#A5 TX
2018-04-17 15:53:04  can0  18FF2420#4D0E0000F8FFFFFF RX
2018-04-17 15:53:04  can0  18FF1610#A5 TX
2018-04-17 15:53:05  can0  18FF1720#25FFFFFFFFFFFFFF RX
2018-04-17 15:53:05  can0  18FF1610#A5 TX
2018-04-17 15:53:05  can0  18FF2420#4D0E0000F8FFFFFF RX
2018-04-17 15:53:05  can0  18FF1610#A5 TX
2018-04-17 15:53:06  can0  18FF1720#25FFFFFFFFFFFFFF RX
2018-04-17 15:53:06  can0  18FF1610#A5 TX
2018-04-17 15:53:06  can0  18FF2420#4D0E0000F8FFFFFF RX
2018-04-17 15:53:06  can0  18FF1610#A5 TX
2018-04-17 15:53:07  can0  18FF1720#25FFFFFFFFFFFFFF RX
2018-04-17 15:53:07  can0  18FF1610#A5 TX
2018-04-17 15:53:07  can0  18FF2420#4D0E0000F8FFFFFF RX
2018-04-17 15:53:07  can0  18FF1610#A5 TX
2018-04-17 15:53:08  can0  18FF1720#25FFFFFFFFFFFFFF RX
2018-04-17 15:53:08  can0  18FF1610#A5 TX
2018-04-17 15:53:08  can0  18FF2420#4D0E0000F8FFFFFF RX
2018-04-17 15:53:08  can0  18FF1610#A5 TX
2018-04-17 15:53:09  can0  18FF1720#25FFFFFFFFFFFFFF RX
2018-04-17 15:53:09  can0  18FF1610#A5 TX
2018-04-17 15:53:09  can0  18FF2420#4D0E0000F8FFFFFF RX
2018-04-17 15:53:09  can0  18FF1610#A5 TX
2018-04-17 15:53:10  can0  18FF1720#25FFFFFFFFFFFFFF RX
2018-04-17 15:53:10  can0  18FF1610#A5 TX
2018-04-17 15:53:10  can0  18FF2420#4D0E0000F8FFFFFF RX
2018-04-17 15:53:10  can0  18FF1610#A5 TX
2018-04-17 15:53:11  can0  18FF1720#25FFFFFFFFFFFFFF RX
2018-04-17 15:53:11  can0  18FF1610#A5 TX
2018-04-17 15:53:11  can0  18FF2420#4D0E0000F8FFFFFF RX
2018-04-17 15:53:11  can0  18FF1610#A5 TX
2018-04-17 15:53:12  can0  18FF1720#25FFFFFFFFFFFFFF RX
2018-04-17 15:53:12  can0  18FF1610#A5 TX
2018-04-17 15:53:12  can0  18FF2420#4D0E0000F8FFFFFF RX
2018-04-17 15:53:12  can0  18FF1610#A5 TX
2018-04-17 15:53:13  can0  18FF1720#25FFFFFFFFFFFFFF RX
2018-04-17 15:53:13  can0  18FF1610#A5 TX
2018-04-17 15:53:13  can0  18FF2420#4D0E0000F8FFFFFF RX
2018-04-17 15:53:13  can0  18FF1610#A5 TX
2018-04-17 15:53:14  can0  18FF1720#25FFFFFFFFFFFFFF RX
2018-04-17 15:53:14  can0  18FF1610#A5 TX
2018-04-17 15:53:14  can0  18FF2420#4D0E0000F8FFFFFF RX
2018-04-17 15:53:14  can0  18FF1610#A5 TX
2018-04-17 15:53:15  can0  18FF1720#25FFFFFFFFFFFFFF RX
2018-04-17 15:53:15  can0  18FF1610#A5 TX
2018-04-17 15:53:15  can0  18FF2420#4D0E0000F8FFFFFF RX
2018-04-17 15:53:15  can0  18FF1610#A5 TX
2018-04-17 15:53:16  can0  18FF1720#25FFFFFFFFFFFFFF RX
2018-04-17 15:53:16  can0  18FF1610#A5 TX
2018-04-17 15:53:16  can0  18FF2420#4D0E0000F8FFFFFF RX
2018-04-17 15:53:16  can0  18FF1610#A5 TX
2018-04-17 15:53:17  can0  18FF1720#25FFFFFFFFFFFFFF RX
2018-04-17 15:53:17  can0  18FF1610#A5 TX
2018-04-17 15:53:17  can0  18FF2420#4D0E0000F8FFFFFF RX
2018-04-17 15:53:17  can0  18FF1610#A5 TX
2018-04-17 15:53:18  can0  18FF1720#25FFFFFFFFFFFFFF RX
2018-04-17 15:53:18  can0  18FF1610#A5 TX
2018-04-17 15:53:18  can0  18FF2420#4D0E0000F8FFFFFF RX
2018-04-17 15:53:18  can0  18FF1610#A5 TX
2018-04-17 15:53:19  can0  18FF1720#25FFFFFFFFFFFFFF RX
2018-04-17 15:53:19  can0  18FF1610#A5 TX
2018-04-17 15:53:19  can0  18FF2420#4D0E0000F8FFFFFF RX
2018-04-17 15:53:19  can0  18FF1610#A5 TX
2018-04-17 15:53:20  can0  18FF1720#25FFFFFFFFFFFFFF RX
2018-04-17 15:53:20  can0  18FF1610#A5 TX
2018-04-17 15:53:20  can0  18FF2420#4D0E0000F8FFFFFF RX
2018-04-17 15:53:20  can0  18FF1610#A5 TX
2018-04-17 15:53:21  can0  18FF1720#25FFFFFFFFFFFFFF RX
2018-04-17 15:53:21  can0  18FF1610#A5 TX
2018-04-17 15:53:21  can0  18FF2420#4D0E0000F8FFFFFF RX
2018-04-17 15:53:21  can0  18FF1610#A5 TX
2018-04-17 15:53:22  can0  18FF1720#25FFFFFFFFFFFFFF RX
2018-04-17 15:53:22  can0  18FF1610#A5 TX
2018-04-17 15:53:22  can0  18FF2420#4D0E0000F8FFFFFF RX
2018-04-17 15:53:22  can0  18FF1610#A5 TX
2018-04-17 15:53:23  can0  18FF1720#25FFFFFFFFFFFFFF RX
2018-04-17 15:53:23  can0  18FF1610#A5 TX
2018-04-17 15:53:23  can0  18FF2420#4D0E0000F8FFFFFF RX
2018-04-17 15:53:23  can0  18FF1610#A5 TX
2018-04-17 15:53:24  can0  18FF1720#25FFFFFFFFFFFFFF RX
2018-04-17 15:53:24  can0  18FF1610#A5 TX
2018-04-17 15:53:24  can0  18FF2420#4D0E0000F8FFFFFF RX
2018-04-17 15:53:24  can0  18FF1610#A5 TX
2018-04-17 15:53:25  can0  18FF1720#25FFFFFFFFFFFFFF RX
2018-04-17 15:53:25  can0  18FF1610#A5 TX
2018-04-17 15:53:25  can0  18FF2420#4D0E0000F8FFFFFF RX
2018-04-17 15:53:25  can0  18FF1610#A5 TX
2018-04-17 15:53:26  can0  18FF1720#25FFFFFFFFFFFFFF RX
2018-04-17 15:53:26  can0  18FF1610#A5 TX
2018-04-17 15:53:26  can0  18FF2420#4D0E0000F8FFFFFF RX
2018-04-17 15:53:26  can0  18FF1610#A5 TX
2018-04-17 15:53:27  can0  18FF1720#25FFFFFFFFFFFFFF RX
2018-04-17 15:53:27  can0  18FF1610#A5 TX
2018-04-17 15:53:27  can0  18FF2420#4D0E0000F8FFFFFF RX
2018-04-17 15:53:27  can0  18FF1610#A5 TX
2018-04-17 15:53:28  can0  18FF1720#25FFFFFFFFFFFFFF RX
2018-04-17 15:53:28  can0  18FF1610#A5 TX
2018-04-17 15:53:28  can0  18FF2420#4D0E0000F8FFFFFF RX
2018-04-17 15:53:28  can0  18FF1610#A5 TX
2018-04-17 15:53:29  can0  18FF1720#25FFFFFFFFFFFFFF RX
2018-04-17 15:53:29  can0  18FF1610#A5 TX
2018-04-17 15:53:29  can0  18FF2420#4D0E0000F8FFFFFF RX
2018-04-17 15:53:29  can0  18FF1610#A5 TX
2018-04-17 15:53:30  can0  18FF1720#25FFFFFFFFFFFFFF RX
2018-04-17 15:53:30  can0  18FF1610#A5 TX
2018-04-17 15:53:30  can0  18FF2420#4D0E0000F8FFFFFF RX
2018-04-17 15:53:30  can0  18FF1610#A5 TX
2018-04-17 15:53:31  can0  18FF1720#25FFFFFFFFFFFFFF RX
2018-04-17 15:53:31  can0  18FF1610#A5 TX
2018-04-17 15:53:31  can0  18FF2420#4D0E0000F8FFFFFF RX
2018-04-17 15:53:31  can0  18FF1610#A5 TX
2018-04-17 15:53:32  can0  18FF1720#25FFFFFFFFFFFFFF RX
2018-04-17 15:53:32  can0  18FF1610#A5 TX
2018-04-17 15:53:32  can0  18FF2420#4D0E0000F8FFFFFF RX
2018-04-17 15:53:32  can0  18FF1610#A5 TX
2018-04-17 15:53:33  can0  18FF1720#25FFFFFFFFFFFFFF RX
2018-04-17 15:53:33  can0  18FF1610#A5 TX
2018-04-17 15:53:33  can0  18FF2420#4D0E0000F8FFFFFF RX
2018-04-17 15:53:33  can0  18FF1610#A5 TX
2018-04-17 15:53:34  can0  18FF1720#25FFFFFFFFFFFFFF RX
2018-04-17 15:53:34  can0  18FF1610#A5 TX
2018-04-17 15:53:34  can0  18FF2420#4D0E0000F8FFFFFF RX
2018-04-17 15:53:34  can0  18FF1610#A5 TX
2018-04-17 15:53:35  can0  18FF1720#25FFFFFFFFFFFFFF RX
2018-04-17 15:53:35  can0  18FF1610#A5 TX
2018-04-17 15:53:35  can0  18FF2420#4D0E0000F8FFFFFF RX
2018-04-17 15:53:35  can0  18FF1610#A5 TX
2018-04-17 15:53:36  can0  18FF1720#25FFFFFFFFFFFFFF RX
2018-04-17 15:53:36  can0  18FF1610#A5 TX
2018-04-17 15:53:36  can0  18FF2420#4D0E0000F8FFFFFF RX
2018-04-17 15:53:36  can0  18FF1610#A5 TX
2018-04-17 15:53:37  can0  18FF1720#25FFFFFFFFFFFFFF RX
2018-04-17 15:53:37  can0  18FF1610#A5 TX
2018-04-17 15:53:37  can0  18FF2420#4D0E0000F8FFFFFF RX
2018-04-17 15:53:37  can0  18FF1610#A5 TX
2018-04-17 15:53:38  can0  18FF1720#25FFFFFFFFFFFFFF RX
2018-04-17 15:53:38  can0  18FF1610#A5 TX
2018-04-17 15:53:38  can0  18FF2420#4D0E0000F8FFFFFF RX
2018-04-17 15:53:38  can0  18FF1610#A5 TX
2018-04-17 15:53:39  can0  18FF1720#25FFFFFFFFFFFFFF RX
2018-04-17 15:53:39  can0  18FF1610#A5 TX
2018-04-17 15:53:39  can0  18FF2420#4D0E0000F8FFFFFF RX
2018-04-17 15:53:39  can0  18FF1610#A5 TX
2018-04-17 15:53:40  can0  18FF1720#25FFFFFFFFFFFFFF RX
2018-04-17 15:53:40  can0  18FF1610#A5 TX
2018-04-17 15:53:40  can0  18FF2420#4D0E0000F8FFFFFF RX
2018-04-17 15:53:40  can0  18FF1610#A5 TX
2018-04-17 15:53:41  can0  18FF1720#25FFFFFFFFFFFFFF RX
2018-04-17 15:53:41  can0  18FF1610#A5 TX
2018-04-17 15:53:41  can0  18FF2420#4D0E0000F8FFFFFF RX
2018-04-17 15:53:41  can0  18FF1610#A5 TX
2018-04-17 15:53:42  can0  18FF1720#25FFFFFFFFFFFFFF RX
2018-04-17 15:53:42  can0  18FF1610#A5 TX
2018-04-17 15:53:42  can0  18FF2420#4D0E0000F8FFFFFF RX
2018-04-17 15:53:42  can0  18FF1610#A5 TX
2018-04-17 15:53:43  can0  18FF1720#25FFFFFFFFFFFFFF RX
2018-04-17 15:53:43  can0  18FF1610#A5 TX
2018-04-17 15:53:43  can0  18FF2420#4D0E0000F8FFFFFF RX
2018-04-17 15:53:43  can0  18FF1610#A5 TX
2018-04-17 15:53:44  can0  18FF1720#25FFFFFFFFFFFFFF RX
2018-04-17 15:53:44  can0  18FF1610#A5 TX
2018-04-17 15:53:44  can0  18FF2420#4D0E0000F8FFFFFF RX
2018-04-17 15:53:44  can0  18FF1610#A5 TX
2018-04-17 15:53:45  can0  18FF1720#25FFFFFFFFFFFFFF RX
2018-04-17 15:53:45  can0  18FF1610#A5 TX
2018-04-17 15:53:45  can0  18FF2420#4D0E0000F8FFFFFF RX
2018-04-17 15:53:45  can0  18FF1610#A5 TX
2018-04-17 15:53:46  can0  18FF1720#25FFFFFFFFFFFFFF RX
2018-04-17 15:53:46  can0  18FF1610#A5 TX
2018-04-17 15:53:46  can0  18FF2420#4D0E0000F8FFFFFF RX
2018-04-17 15:53:46  can0  18FF1610#A5 TX
2018-04-17 15:53:47  can0  18FF1720#25FFFFFFFFFFFFFF RX
2018-04-17 15:53:47  can0  18FF1610#A5 TX
2018-04-17 15:53:47  can0  18FF2420#4D0E0000F8FFFFFF RX
2018-04-17 15:53:47  can0  18FF1610#A5 TX
2018-04-17 15:53:48  can0  18FF1720#25FFFFFFFFFFFFFF RX
2018-04-17 15:53:48  can0  18FF1610#A5 TX
2018-04-17 15:53:48  can0  18FF2420#4D0E0000F8FFFFFF RX
2018-04-17 15:53:48  can0  18FF1610#A5 TX
2018-04-17 15:53:49  can0  18FF1720#25FFFFFFFFFFFFFF RX
2018-04-17 15:53:49  can0  18FF1610#A5 TX
2018-04-17 15:53:49  can0  18FF2420#4D0E0000F8FFFFFF RX
2018-04-17 15:53:49  can0  18FF1610#A5 TX
2018-04-17 15:53:50  can0  18FF1720#25FFFFFFFFFFFFFF RX
2018-04-17 15:53:50  can0  18FF1610#A5 TX
2018-04-17 15:53:50  can0  18FF2420#4D0E0000F8FFFFFF RX
2018-04-17 15:53:50  can0  18FF1610#A5 TX
2018-04-17 15:53:51  can0  18FF1720#25FFFFFFFFFFFFFF RX
2018-04-17 15:53:51  can0  18FF1610#A5 TX
2018-04-17 15:53:51  can0  18FF2420#4D0E0000F8FFFFFF RX
2018-04-17 15:53:51  can0  18FF1610#A5 TX
2018-04-17 15:53:52  can0  18FF1720#25FFFFFFFFFFFFFF RX
2018-04-17 15:53:52  can0  18FF1610#A5 TX
2018-04-17 15:53:52  can0  18FF2420#4D0E0000F8FFFFFF RX
2018-04-17 15:53:52  can0  18FF1610#A5 TX
2018-04-17 15:53:53  can0  18FF1720#25FFFFFFFFFFFFFF RX
2018-04-17 15:53:53  can0  18FF1610#A5 TX
2018-04-17 15:53:53  can0  18FF2420#4D0E0000F8FFFFFF RX
2018-04-17 15:53:53  can0  18FF1610#A5 TX
2018-04-17 15:53:54  can0  18FF1720#25FFFFFFFFFFFFFF RX
2018-04-17 15:53:54  can0  18FF1610#A5 TX
2018-04-17 15:53:54  can0  18FF2420#4D0E0000F8FFFFFF RX
2018-04-17 15:53:54  can0  18FF1610#A5 TX
2018-04-17 15:53:55  can0  18FF1720#25FFFFFFFFFFFFFF RX
2018-04-17 15:53:55  can0  18FF1610#A5 TX
2018-04-17 15:53:55  can0  18FF2420#4D0E0000F8FFFFFF RX
2018-04-17 15:53:55  can0  18FF1610#A5 TX
2018-04-17 15:53:56  can0  18FF1720#25FFFFFFFFFFFFFF RX
2018-04-17 15:53:56  can0  18FF1610#A5 TX
2018-04-17 15:53:56  can0  18FF2420#4D0E0000F8FFFFFF RX
2018-04-17 15:53:56  can0  18FF1610#A5 TX
2018-04-17 15:53:57  can0  18FF1720#25FFFFFFFFFFFFFF RX
2018-04-17 15:53:57  can0  18FF1610#A5 TX
2018-04-17 15:53:57  can0  18FF2420#4D0E0000F8FFFFFF RX
2018-04-17 15:53:57  can0  18FF1610#A5 TX
2018-04-17 15:53:58  can0  18FF1720#25FFFFFFFFFFFFFF RX
2018-04-17 15:53:58  can0  18FF1610#A5 TX
2018-04-17 15:53:58  can0  18FF2420#4D0E0000F8FFFFFF RX
2018-04-17 15:53:58  can0  18FF1610#A5 TX
2018-04-17 15:53:59  can0  18FF1720#25FFFFFFFFFFFFFF RX
2018-04-17 15:53:59  can0  18FF1610#A5 TX
2018-04-17 15:53:59  can0  18FF2420#4D0E0000F8FFFFFF RX
2018-04-17 15:53:59  can0  18FF1610#A5 TX
2018-04-17 15:54:00  can0  18FF1720#25FFFFFFFFFFFFFF RX
2018-04-17 15:54:00  can0  18FF1610#A5 TX
2018-04-17 15:54:00  can0  18FF2420#4D0E0000F8FFFFFF RX
2018-04-17 15:54:00  can0  18FF1610#A5 TX
2018-04-17 15:54:01  can0  18FF1720#25FFFFFFFFFFFFFF RX
2018-04-17 15:54:01  can0  18FF1610#A5 TX
2018-04-17 15:54:01  can0  18FF2420#4D0E0000F8FFFFFF RX
2018-04-17 15:54:01  can0  18FF1610#A5 TX
2018-04-17 15:54:02  can0  18FF1720#25FFFFFFFFFFFFFF RX
2018-04-17 15:54:02  can0  18FF1610#A5 TX
2018-04-17 15:54:02  can0  18FF2420#4D0E0000F8FFFFFF RX
2018-04-17 15:54:02  can0  18FF1610#A5 TX
2018-04-17 15:54:03  can0  18FF1720#25FFFFFFFFFFFFFF RX
2018-04-17 15:54:03  can0  18FF1610#A5 TX
2018-04-17 15:54:03  can0  18FF2420#4D0E0000F8FFFFFF RX
2018-04-17 15:54:03  can0  18FF1610#A5 TX
2018-04-17 15:54:04  can0  18FF1720#25FFFFFFFFFFFFFF RX
2018-04-17 15:54:04  can0  18FF1610#A5 TX
2018-04-17 15:54:04  can0  18FF2420#4D0E0000F8FFFFFF RX
2018-04-17 15:54:04  can0  18FF1610#A5 TX
2018-04-17 15:54:05  can0  18FF1720#25FFFFFFFFFFFFFF RX
2018-04-17 15:54:05  can0  18FF1610#A5 TX
2018-04-17 15:54:05  can0  18FF2420#4D0E0000F8FFFFFF RX
2018-04-17 15:54:05  can0  18FF1610#A5 TX
2018-04-17 15:54:06  can0  18FF1720#25FFFFFFFFFFFFFF RX
2018-04-17 15:54:06  can0  18FF1610#A5 TX
2018-04-17 15:54:06  can0  18FF2420#4D0E0000F8FFFFFF RX
2018-04-17 15:54:06  can0  18FF1610#A5 TX
2018-04-17 15:54:07  can0  18FF1720#25FFFFFFFFFFFFFF RX
2018-04-17 15:54:07  can0  18FF1610#A5 TX
2018-04-17 15:54:07  can0  18FF2420#4D0E0000F8FFFFFF RX
2018-04-17 15:54:07  can0  18FF1610#A5 TX
2018-04-17 15:54:08  can0  18FF1720#25FFFFFFFFFFFFFF RX
2018-04-17 15:54:08  can0  18FF1610#A5 TX
2018-04-17 15:54:08  can0  18FF2420#4D0E0000F8FFFFFF RX
2018-04-17 15:54:08  can0  18FF1610#A5 TX
2018-04-17 15:54:09  can0  18FF1720#25FFFFFFFFFFFFFF RX
2018-04-17 15:54:09  can0  18FF1610#A5 TX
2018-04-17 15:54:09  can0  18FF2420#4D0E0000F8FFFFFF RX
2018-04-17 15:54:09  can0  18FF1610#A5 TX
2018-04-17 15:54:10  can0  18FF1720#25FFFFFFFFFFFFFF RX
2018-04-17 15:54:10  can0  18FF1610#A5 TX
2018-04-17 15:54:10  can0  18FF2420#4D0E0000F8FFFFFF RX
2018-04-17 15:54:10  can0  18FF1610#A5 TX
2018-04-17 15:54:11  can0  18FF1720#25FFFFFFFFFFFFFF RX
2018-04-17 15:54:11  can0  18FF1610#A5 TX
2018-04-17 15:54:11  can0  18FF2420#4D0E0000F8FFFFFF RX
2018-04-17 15:54:11  can0  18FF1610#A5 TX
2018-04-17 15:54:12  can0  18FF1720#25FFFFFFFFFFFFFF RX
2018-04-17 15:54:12  can0  18FF1610#A5 TX
2018-04-17 15:54:12  can0  18FF2420#4D0E0000F8FFFFFF RX
2018-04-17 15:54:12  can0  18FF1610#A5 TX
2018-04-17 15:54:13  can0  18FF1720#25FFFFFFFFFFFFFF RX
2018-04-17 15:54:13  can0  18FF1610#A5 TX
2018-04-17 15:54:13  can0  18FF2420#4D0E0000F8FFFFFF RX
2018-04-17 15:54:13  can0  18FF1610#A5 TX
2018-04-17 15:54:14  can0  18FF1720#25FFFFFFFFFFFFFF RX
2018-04-17 15:54:14  can0  18FF1610#A5 TX
2018-04-17 15:54:14  can0  18FF2420#4D0E0000F8FFFFFF RX
2018-04-17 15:54:14  can0  18FF1610#A5 TX
2018-04-17 15:54:15  can0  18FF1720#25FFFFFFFFFFFFFF RX
2018-04-17 15:54:15  can0  18FF1610#A5 TX
2018-04-17 15:54:15  can0  18FF2420#4D0E0000F8FFFFFF RX
2018-04-17 15:54:15  can0  18FF1610#A5 TX
2018-04-17 15:54:16  can0  18FF1720#25FFFFFFFFFFFFFF RX
2018-04-17 15:54:16  can0  18FF1610#A5 TX
2018-04-17 15:54:16  can0  18FF2420#4D0E0000F8FFFFFF RX
2018-04-17 15:54:16  can0  18FF1610#A5 TX
2018-04-17 15:54:17  can0  18FF1720#25FFFFFFFFFFFFFF RX
2018-04-17 15:54:17  can0  18FF1610#A5 TX
2018-04-17 15:54:17  can0  18FF2420#4D0E0000F8FFFFFF RX
2018-04-17 15:54:17  can0  18FF1610#A5 TX
2018-04-17 15:54:18  can0  18FF1720#25FFFFFFFFFFFFFF RX
2018-04-17 15:54:18  can0  18FF1610#A5 TX
2018-04-17 15:54:18  can0  18FF2420#4D0E0000F8FFFFFF RX
2018-04-17 15:54:18  can0  18FF1610#A5 TX
2018-04-17 15:54:19  can0  18FF1720#25FFFFFFFFFFFFFF RX
2018-04-17 15:54:19  can0  18FF1610#A5 TX
2018-04-17 15:54:19  can0  18FF2420#4D0E0000F8FFFFFF RX
2018-04-17 15:54:19  can0  18FF1610#A5 TX
2018-04-17 15:54:20  can0  18FF1720#25FFFFFFFFFFFFFF RX
2018-04-17 15:54:20  can0  18FF1610#A5 TX
2018-04-17 15:54:20  can0  18FF2420#4D0E0000F8FFFFFF RX
2018-04-17 15:54:20  can0  18FF1610#A5 TX
2018-04-17 15:54:21  can0  18FF1720#25FFFFFFFFFFFFFF RX
2018-04-17 15:54:21  can0  18FF1610#A5 TX
2018-04-17 15:54:21  can0  18FF2420#4D0E0000F8FFFFFF RX
2018-04-17 15:54:21  can0  18FF1610#A5 TX
2018-04-17 15:54:22  can0  18FF1720#25FFFFFFFFFFFFFF RX
2018-04-17 15:54:22  can0  18FF1610#A5 TX
2018-04-17 15:54:22  can0  18FF2420#4D0E0000F8FFFFFF RX
2018-04-17 15:54:22  can0  18FF1610#A5 TX
2018-04-17 15:54:23  can0  18FF1720#25FFFFFFFFFFFFFF RX
2018-04-17 15:54:23  can0  18FF1610#A5 TX
2018-04-17 15:54:23  can0  18FF2420#4D0E0000F8FFFFFF RX
2018-04-17 15:54:23  can0  18FF1610#A5 TX
2018-04-17 15:54:24  can0  18FF1720#25FFFFFFFFFFFFFF RX
2018-04-17 15:54:24  can0  18FF1610#A5 TX
2018-04-17 15:54:24  can0  18FF2420#4D0E0000F8FFFFFF RX
2018-04-17 15:54:24  can0  18FF1610#A5 TX
2018-04-17 15:54:25  can0  18FF1720#25FFFFFFFFFFFFFF RX
2018-04-17 15:54:25  can0  18FF1610#A5 TX
2018-04-17 15:54:25  can0  18FF2420#4D0E0000F8FFFFFF RX
2018-04-17 15:54:25  can0  18FF1610#A5 TX
2018-04-17 15:54:26  can0  18FF1720#25FFFFFFFFFFFFFF RX
2018-04-17 15:54:26  can0  18FF1610#A5 TX
2018-04-17 15:54:26  can0  18FF2420#4D0E0000F8FFFFFF RX
2018-04-17 15:54:26  can0  18FF1610#A5 TX
2018-04-17 15:54:27  can0  18FF1720#25FFFFFFFFFFFFFF RX
2018-04-17 15:54:27  can0  18FF1610#A5 TX
2018-04-17 15:54:27  can0  18FF2420#4D0E0000F8FFFFFF RX
2018-04-17 15:54:27  can0  18FF1610#A5 TX
2018-04-17 15:54:28  can0  18FF1720#25FFFFFFFFFFFFFF RX
2018-04-17 15:54:28  can0  18FF1610#A5 TX
2018-04-17 15:54:28  can0  18FF2420#4D0E0000F8FFFFFF RX
2018-04-17 15:54:28  can0  18FF1610#A5 TX
2018-04-17 15:54:29  can0  18FF1720#25FFFFFFFFFFFFFF RX
2018-04-17 15:54:29  can0  18FF1610#A5 TX
2018-04-17 15:54:29  can0  18FF2420#4D0E0000F8FFFFFF RX
2018-04-17 15:54:29  can0  18FF1610#A5 TX
2018-04-17 15:54:30  can0  18FF1720#25FFFFFFFFFFFFFF RX
2018-04-17 15:54:30  can0  18FF1610#A5 TX
2018-04-17 15:54:30  can0  18FF2420#4D0E0000F8FFFFFF RX
2018-04-17 15:54:30  can0  18FF1610#A5 TX
2018-04-17 15:54:31  can0  18FF1720#25FFFFFFFFFFFFFF RX
2018-04-17 15:54:31  can0  18FF1610#A5 TX
2018-04-17 15:54:31  can0  18FF2420#4D0E0000F8FFFFFF RX
2018-04-17 15:54:31  can0  18FF1610#A5 TX
2018-04-17 15:54:32  can0  18FF1720#25FFFFFFFFFFFFFF RX
2018-04-17 15:54:32  can0  18FF1610#A5 TX
2018-04-17 15:54:32  can0  18FF2420#4D0E0000F8FFFFFF RX
2018-04-17 15:54:32  can0  18FF1610#A5 TX
2018-04-17 15:54:33  can0  18FF1720#25FFFFFFFFFFFFFF RX
2018-04-17 15:54:33  can0  18FF1610#A5 TX
2018-04-17 15:54:33  can0  18FF2420#4D0E0000F8FFFFFF RX
2018-04-17 15:54:33  can0  18FF1610#A5 TX
2018-04-17 15:54:34  can0  18FF1720#25FFFFFFFFFFFFFF RX
2018-04-17 15:54:34  can0  18FF1610#A5 TX
2018-04-17 15:54:34  can0  18FF2420#4D0E0000F8FFFFFF RX
2018-04-17 15:54:34  can0  18FF1610#A5 TX
2018-04-17 15:54:35  can0  18FF1720#25FFFFFFFFFFFFFF RX
2018-04-17 15:54:35  can0  18FF1610#A5 TX
2018-04-17 15:54:35  can0  18FF2420#4D0E0000F8FFFFFF RX
2018-04-17 15:54:35  can0  18FF1610#A5 TX
2018-04-17 15:54:36  can0  18FF1720#25FFFFFFFFFFFFFF RX
2018-04-17 15:54:36  can0  18FF1610#A5 TX
2018-04-17 15:54:36  can0  18FF2420#4D0E0000F8FFFFFF RX
2018-04-17 15:54:36  can0  18FF1610#A5 TX
2018-04-17 15:54:37  can0  18FF1720#25FFFFFFFFFFFFFF RX
2018-04-17 15:54:37  can0  18FF1610#A5 TX
2018-04-17 15:54:37  can0  18FF2420#4D0E0000F8FFFFFF RX
2018-04-17 15:54:37  can0  18FF1610#A5 TX
2018-04-17 15:54:38  can0  18FF1720#25FFFFFFFFFFFFFF RX
2018-04-17 15:54:38  can0  18FF1610#A5 TX
2018-04-17 15:54:38  can0  18FF2420#4D0E0000F8FFFFFF RX
2018-04-17 15:54:38  can0  18FF1610#A5 TX
2018-04-17 15:54:39  can0  18FF1720#25FFFFFFFFFFFFFF RX
2018-04-17 15:54:39  can0  18FF1610#A5 TX
2018-04-17 15:54:39  can0  18FF2420#4D0E0000F8FFFFFF RX
2018-04-17 15:54:39  can0  18FF1610#A5 TX
2018-04-17 15:54:40  can0  18FF1720#25FFFFFFFFFFFFFF RX
2018-04-17 15:54:40  can0  18FF1610#A5 TX
2018-04-17 15:54:40  can0  18FF2420#4D0E0000F8FFFFFF RX
2018-04-17 15:54:40  can0  18FF1610#A5 TX
2018-04-17 15:54:40  can0  18FF2320#4C029500AF0300FF RX
2018-04-17 15:54:40  can0  18FF1610#A5 TX
2018-04-17 15:54:41  can0  18FF1720#25FFFFFFFFFFFFFF RX
2018-04-17 15:54:41  can0  18FF1610#A5 TX
2018-04-17 15:54:41  can0  18FF2420#4D0E0000F8FFFFFF RX
2018-04-17 15:54:41  can0  18FF1610#A5 TX
2018-04-17 15:54:42  can0  18FF1720#25FFFFFFFFFFFFFF RX
2018-04-17 15:54:42  can0  18FF1610#A5 TX
2018-04-17 15:54:42  can0  18FF2420#4D0E0000F8FFFFFF RX
2018-04-17 15:54:42  can0  18FF1610#A5 TX
2018-04-17 15:54:43  can0  18FF1720#25FFFFFFFFFFFFFF RX
2018-04-17 15:54:43  can0  18FF1610#A5 TX
2018-04-17 15:54:43  can0  18FF2420#4D0E0000F8FFFFFF RX
2018-04-17 15:54:43  can0  18FF1610#A5 TX
2018-04-17 15:54:44  can0  18FF1720#25FFFFFFFFFFFFFF RX
2018-04-17 15:54:44  can0  18FF1610#A5 TX
2018-04-17 15:54:44  can0  18FF2420#4D0E0000F8FFFFFF RX
2018-04-17 15:54:44  can0  18FF1610#A5 TX
2018-04-17 15:54:45  can0  18FF1720#25FFFFFFFFFFFFFF RX
2018-04-17 15:54:45  can0  18FF1610#A5 TX
2018-04-17 15:54:45  can0  18FF2420#4D0E0000F8FFFFFF RX
2018-04-17 15:54:45  can0  18FF1610#A5 TX
2018-04-17 15:54:46  can0  18FF1720#25FFFFFFFFFFFFFF RX
2018-04-17 15:54:46  can0  18FF1610#A5 TX
2018-04-17 15:54:46  can0  18FF2420#4D0E0000F8FFFFFF RX
2018-04-17 15:54:46  can0  18FF1610#A5 TX
2018-04-17 15:54:47  can0  18FF1720#25FFFFFFFFFFFFFF RX
2018-04-17 15:54:47  can0  18FF1610#A5 TX
2018-04-17 15:54:47  can0  18FF2420#4D0E0000F8FFFFFF RX
2018-04-17 15:54:47  can0  18FF1610#A5 TX
2018-04-17 15:54:48  can0  18FF1720#25FFFFFFFFFFFFFF RX
2018-04-17 15:54:48  can0  18FF1610#A5 TX
2018-04-17 15:54:48  can0  18FF2420#4D0E0000F8FFFFFF RX
2018-04-17 15:54:48  can0  18FF1610#A5 TX
2018-04-17 15:54:49  can0  18FF1720#25FFFFFFFFFFFFFF RX
2018-04-17 15:54:49  can0  18FF1610#A5 TX
2018-04-17 15:54:49  can0  18FF2420#4D0E0000F8FFFFFF RX
2018-04-17 15:54:49  can0  18FF1610#A5 TX
2018-04-17 15:54:50  can0  18FF1720#25FFFFFFFFFFFFFF RX
2018-04-17 15:54:50  can0  18FF1610#A5 TX
2018-04-17 15:54:50  can0  18FF2420#4D0E0000F8FFFFFF RX
2018-04-17 15:54:50  can0  18FF1610#A5 TX
2018-04-17 15:54:51  can0  18FF1720#25FFFFFFFFFFFFFF RX
2018-04-17 15:54:51  can0  18FF1610#A5 TX
2018-04-17 15:54:51  can0  18FF2420#4D0E0000F8FFFFFF RX
2018-04-17 15:54:51  can0  18FF1610#A5 TX
2018-04-17 15:54:52  can0  18FF1720#25FFFFFFFFFFFFFF RX
2018-04-17 15:54:52  can0  18FF1610#A5 TX
2018-04-17 15:54:52  can0  18FF2420#4D0E0000F8FFFFFF RX
2018-04-17 15:54:52  can0  18FF1610#A5 TX
2018-04-17 15:54:53  can0  18FF1720#25FFFFFFFFFFFFFF RX
2018-04-17 15:54:53  can0  18FF1610#A5 TX
2018-04-17 15:54:53  can0  18FF2420#4D0E0000F8FFFFFF RX
2018-04-17 15:54:53  can0  18FF1610#A5 TX
2018-04-17 15:54:54  can0  18FF1720#25FFFFFFFFFFFFFF RX
2018-04-17 15:54:54  can0  18FF1610#A5 TX
2018-04-17 15:54:54  can0  18FF2420#4D0E0000F8FFFFFF RX
2018-04-17 15:54:54  can0  18FF1610#A5 TX
2018-04-17 15:54:55  can0  18FF1720#25FFFFFFFFFFFFFF RX
2018-04-17 15:54:55  can0  18FF1610#A5 TX
2018-04-17 15:54:55  can0  18FF2420#4D0E0000F8FFFFFF RX
2018-04-17 15:54:55  can0  18FF1610#A5 TX
2018-04-17 15:54:56  can0  18FF1720#25FFFFFFFFFFFFFF RX
2018-04-17 15:54:56  can0  18FF1610#A5 TX
2018-04-17 15:54:56  can0  18FF2420#4D0E0000F8FFFFFF RX
2018-04-17 15:54:56  can0  18FF1610#A5 TX
2018-04-17 15:54:57  can0  18FF1720#25FFFFFFFFFFFFFF RX
2018-04-17 15:54:57  can0  18FF1610#A5 TX
2018-04-17 15:54:57  can0  18FF2420#4D0E0000F8FFFFFF RX
2018-04-17 15:54:57  can0  18FF1610#A5 TX
2018-04-17 15:54:58  can0  18FF1720#25FFFFFFFFFFFFFF RX
2018-04-17 15:54:58  can0  18FF1610#A5 TX
2018-04-17 15:54:58  can0  18FF2420#4D0E0000F8FFFFFF RX
2018-04-17 15:54:58  can0  18FF1610#A5 TX
2018-04-17 15:54:59  can0  18FF1720#25FFFFFFFFFFFFFF RX
2018-04-17 15:54:59  can0  18FF1610#A5 TX
2018-04-17 15:54:59  can0  18FF2420#4D0E0000F8FFFFFF RX
2018-04-17 15:54:59  can0  18FF1610#A5 TX
2018-04-17 15:55:00  can0  18FF1720#25FFFFFFFFFFFFFF RX
2018-04-17 15:55:00  can0  18FF1610#A5 TX
2018-04-17 15:55:00  can0  18FF2420#4D0E0000F8FFFFFF RX
2018-04-17 15:55:00  can0  18FF1610#A5 TX
2018-04-17 15:55:01  can0  18FF1720#25FFFFFFFFFFFFFF RX
2018-04-17 15:55:01  can0  18FF1610#A5 TX
2018-04-17 15:55:01  can0  18FF2420#4D0E0000F8FFFFFF RX
2018-04-17 15:55:01  can0  18FF1610#A5 TX
2018-04-17 15:55:02  can0  18FF1720#25FFFFFFFFFFFFFF RX
2018-04-17 15:55:02  can0  18FF1610#A5 TX
2018-04-17 15:55:02  can0  18FF2420#4D0E0000F8FFFFFF RX
2018-04-17 15:55:02  can0  18FF1610#A5 TX
2018-04-17 15:55:03  can0  18FF1720#25FFFFFFFFFFFFFF RX
2018-04-17 15:55:03  can0  18FF1610#A5 TX
2018-04-17 15:55:03  can0  18FF2420#4D0E0000F8FFFFFF RX
2018-04-17 15:55:03  can0  18FF1610#A5 TX
2018-04-17 15:55:04  can0  18FF1720#25FFFFFFFFFFFFFF RX
2018-04-17 15:55:04  can0  18FF1610#A5 TX
2018-04-17 15:55:04  can0  18FF2420#4D0E0000F8FFFFFF RX
2018-04-17 15:55:04  can0  18FF1610#A5 TX
2018-04-17 15:55:05  can0  18FF1720#25FFFFFFFFFFFFFF RX
2018-04-17 15:55:05  can0  18FF1610#A5 TX
2018-04-17 15:55:05  can0  18FF2420#4D0E0000F8FFFFFF RX
2018-04-17 15:55:05  can0  18FF1610#A5 TX
2018-04-17 15:55:06  can0  18FF1720#25FFFFFFFFFFFFFF RX
2018-04-17 15:55:06  can0  18FF1610#A5 TX
2018-04-17 15:55:06  can0  18FF2420#4D0E0000F8FFFFFF RX
2018-04-17 15:55:06  can0  18FF1610#A5 TX
2018-04-17 15:55:07  can0  18FF1720#25FFFFFFFFFFFFFF RX
2018-04-17 15:55:07  can0  18FF1610#A5 TX
2018-04-17 15:55:07  can0  18FF2420#4D0E0000F8FFFFFF RX
2018-04-17 15:55:07  can0  18FF1610#A5 TX
2018-04-17 15:55:08  can0  18FF1720#25FFFFFFFFFFFFFF RX
2018-04-17 15:55:08  can0  18FF1610#A5 TX
2018-04-17 15:55:08  can0  18FF2420#4D0E0000F8FFFFFF RX
2018-04-17 15:55:08  can0  18FF1610#A5 TX
2018-04-17 15:55:09  can0  18FF1720#25FFFFFFFFFFFFFF RX
2018-04-17 15:55:09  can0  18FF1610#A5 TX
2018-04-17 15:55:09  can0  18FF2420#4D0E0000F8FFFFFF RX
2018-04-17 15:55:09  can0  18FF1610#A5 TX
2018-04-17 15:55:10  can0  18FF1720#25FFFFFFFFFFFFFF RX
2018-04-17 15:55:10  can0  18FF1610#A5 TX
2018-04-17 15:55:10  can0  18FF2420#4D0E0000F8FFFFFF RX
2018-04-17 15:55:10  can0  18FF1610#A5 TX
2018-04-17 15:55:11  can0  18FF1720#25FFFFFFFFFFFFFF RX
2018-04-17 15:55:11  can0  18FF1610#A5 TX
2018-04-17 15:55:11  can0  18FF2420#4D0E0000F8FFFFFF RX
2018-04-17 15:55:11  can0  18FF1610#A5 TX
2018-04-17 15:55:12  can0  18FF1720#25FFFFFFFFFFFFFF RX
2018-04-17 15:55:12  can0  18FF1610#A5 TX
2018-04-17 15:55:12  can0  18FF2420#4D0E0000F8FFFFFF RX
2018-04-17 15:55:12  can0  18FF1610#A5 TX
2018-04-17 15:55:13  can0  18FF1720#25FFFFFFFFFFFFFF RX
2018-04-17 15:55:13  can0  18FF1610#A5 TX
2018-04-17 15:55:13  can0  18FF2420#4D0E0000F8FFFFFF RX
2018-04-17 15:55:13  can0  18FF1610#A5 TX
2018-04-17 15:55:14  can0  18FF1720#25FFFFFFFFFFFFFF RX
2018-04-17 15:55:14  can0  18FF1610#A5 TX
2018-04-17 15:55:14  can0  18FF2420#4D0E0000F8FFFFFF RX
2018-04-17 15:55:14  can0  18FF1610#A5 TX
2018-04-17 15:55:15  can0  18FF1720#25FFFFFFFFFFFFFF RX
2018-04-17 15:55:15  can0  18FF1610#A5 TX
2018-04-17 15:55:15  can0  18FF2420#4D0E0000F8FFFFFF RX
2018-04-17 15:55:15  can0  18FF1610#A5 TX
2018-04-17 15:55:16  can0  18FF1720#25FFFFFFFFFFFFFF RX
2018-04-17 15:55:16  can0  18FF1610#A5 TX
2018-04-17 15:55:16  can0  18FF2420#4D0E0000F8FFFFFF RX
2018-04-17 15:55:16  can0  18FF1610#A5 TX
2018-04-17 15:55:17  can0  18FF1720#25FFFFFFFFFFFFFF RX
2018-04-17 15:55:17  can0  18FF1610#A5 TX
2018-04-17 15:55:17  can0  18FF2420#4D0E0000F8FFFFFF RX
2018-04-17 15:55:17  can0  18FF1610#A5 TX
2018-04-17 15:55:18  can0  18FF1720#25FFFFFFFFFFFFFF RX
2018-04-17 15:55:18  can0  18FF1610#A5 TX
2018-04-17 15:55:18  can0  18FF2420#4D0E0000F8FFFFFF RX
2018-04-17 15:55:18  can0  18FF1610#A5 TX
2018-04-17 15:55:19  can0  18FF1720#25FFFFFFFFFFFFFF RX
2018-04-17 15:55:19  can0  18FF1610#A5 TX
2018-04-17 15:55:19  can0  18FF2420#4D0E0000F8FFFFFF RX
2018-04-17 15:55:19  can0  18FF1610#A5 TX
2018-04-17 15:55:20  can0  18FF1720#25FFFFFFFFFFFFFF RX
2018-04-17 15:55:20  can0  18FF1610#A5 TX
2018-04-17 15:55:20  can0  18FF2420#4D0E0000F8FFFFFF RX
2018-04-17 15:55:20  can0  18FF1610#A5 TX
2018-04-17 15:55:21  can0  18FF1720#25FFFFFFFFFFFFFF RX
2018-04-17 15:55:21  can0  18FF1610#A5 TX
2018-04-17 15:55:21  can0  18FF2420#4D0E0000F8FFFFFF RX
2018-04-17 15:55:21  can0  18FF1610#A5 TX
2018-04-17 15:55:22  can0  18FF1720#25FFFFFFFFFFFFFF RX
2018-04-17 15:55:22  can0  18FF1610#A5 TX
2018-04-17 15:55:22  can0  18FF2420#4D0E0000F8FFFFFF RX
2018-04-17 15:55:22  can0  18FF1610#A5 TX
2018-04-17 15:55:23  can0  18FF1720#25FFFFFFFFFFFFFF RX
2018-04-17 15:55:23  can0  18FF1610#A5 TX
2018-04-17 15:55:23  can0  18FF2420#4D0E0000F8FFFFFF RX
2018-04-17 15:55:23  can0  18FF1610#A5 TX
2018-04-17 15:55:24  can0  18FF1720#25FFFFFFFFFFFFFF RX
2018-04-17 15:55:24  can0  18FF1610#A5 TX
2018-04-17 15:55:24  can0  18FF2420#4D0E0000F8FFFFFF RX
2018-04-17 15:55:24  can0  18FF1610#A5 TX
2018-04-17 15:55:25  can0  18FF1720#25FFFFFFFFFFFFFF RX
2018-04-17 15:55:25  can0  18FF1610#A5 TX
2018-04-17 15:55:25  can0  18FF2420#4D0E0000F8FFFFFF RX
2018-04-17 15:55:25  can0  18FF1610#A5 TX
2018-04-17 15:55:26  can0  18FF1720#25FFFFFFFFFFFFFF RX
2018-04-17 15:55:26  can0  18FF1610#A5 TX
2018-04-17 15:55:26  can0  18FF2420#4D0E0000F8FFFFFF RX
2018-04-17 15:55:26  can0  18FF1610#A5 TX
2018-04-17 15:55:27  can0  18FF1720#25FFFFFFFFFFFFFF RX
2018-04-17 15:55:27  can0  18FF1610#A5 TX
2018-04-17 15:55:27  can0  18FF2420#4D0E0000F8FFFFFF RX
2018-04-17 15:55:27  can0  18FF1610#A5 TX
2018-04-17 15:55:28  can0  18FF1720#25FFFFFFFFFFFFFF RX
2018-04-17 15:55:28  can0  18FF1610#A5 TX
2018-04-17 15:55:28  can0  18FF2420#4D0E0000F8FFFFFF RX
2018-04-17 15:55:28  can0  18FF1610#A5 TX
2018-04-17 15:55:29  can0  18FF1720#25FFFFFFFFFFFFFF RX
2018-04-17 15:55:29  can0  18FF1610#A5 TX
2018-04-17 15:55:29  can0  18FF2420#4D0E0000F8FFFFFF RX
2018-04-17 15:55:29  can0  18FF1610#A5 TX
2018-04-17 15:55:30  can0  18FF1720#25FFFFFFFFFFFFFF RX
2018-04-17 15:55:30  can0  18FF1610#A5 TX
2018-04-17 15:55:30  can0  18FF2420#4D0E0000F8FFFFFF RX
2018-04-17 15:55:30  can0  18FF1610#A5 TX
2018-04-17 15:55:31  can0  18FF1720#25FFFFFFFFFFFFFF RX
2018-04-17 15:55:31  can0  18FF1610#A5 TX
2018-04-17 15:55:31  can0  18FF2420#4D0E0000F8FFFFFF RX
2018-04-17 15:55:31  can0  18FF1610#A5 TX
2018-04-17 15:55:32  can0  18FF1720#25FFFFFFFFFFFFFF RX
2018-04-17 15:55:32  can0  18FF1610#A5 TX
2018-04-17 15:55:32  can0  18FF2420#4D0E0000F8FFFFFF RX
2018-04-17 15:55:32  can0  18FF1610#A5 TX
2018-04-17 15:55:33  can0  18FF1720#25FFFFFFFFFFFFFF RX
2018-04-17 15:55:33  can0  18FF1610#A5 TX
2018-04-17 15:55:33  can0  18FF2420#4D0E0000F8FFFFFF RX
2018-04-17 15:55:33  can0  18FF1610#A5 TX
2018-04-17 15:55:34  can0  18FF1720#25FFFFFFFFFFFFFF RX
2018-04-17 15:55:34  can0  18FF1610#A5 TX
2018-04-17 15:55:34  can0  18FF2420#4D0E0000F8FFFFFF RX
2018-04-17 15:55:34  can0  18FF1610#A5 TX
2018-04-17 15:55:35  can0  18FF1720#25FFFFFFFFFFFFFF RX
2018-04-17 15:55:35  can0  18FF1610#A5 TX
2018-04-17 15:55:35  can0  18FF2420#4D0E0000F8FFFFFF RX
2018-04-17 15:55:35  can0  18FF1610#A5 TX
2018-04-17 15:55:36  can0  18FF1720#25FFFFFFFFFFFFFF RX
2018-04-17 15:55:36  can0  18FF1610#A5 TX
2018-04-17 15:55:36  can0  18FF2420#4D0E0000F8FFFFFF RX
2018-04-17 15:55:36  can0  18FF1610#A5 TX
2018-04-17 15:55:37  can0  18FF1720#25FFFFFFFFFFFFFF RX
2018-04-17 15:55:37  can0  18FF1610#A5 TX
2018-04-17 15:55:37  can0  18FF2420#4D0E0000F8FFFFFF RX
2018-04-17 15:55:37  can0  18FF1610#A5 TX
2018-04-17 15:55:38  can0  18FF1720#25FFFFFFFFFFFFFF RX
2018-04-17 15:55:38  can0  18FF1610#A5 TX
2018-04-17 15:55:38  can0  18FF2420#4D0E0000F8FFFFFF RX
2018-04-17 15:55:38  can0  18FF1610#A5 TX
2018-04-17 15:55:39  can0  18FF1720#25FFFFFFFFFFFFFF RX
2018-04-17 15:55:39  can0  18FF1610#A5 TX
2018-04-17 15:55:39  can0  18FF2420#4D0E0000F8FFFFFF RX
2018-04-17 15:55:39  can0  18FF1610#A5 TX
2018-04-17 15:55:40  can0  18FF1720#25FFFFFFFFFFFFFF RX
2018-04-17 15:55:40  can0  18FF1610#A5 TX
2018-04-17 15:55:40  can0  18FF2420#4D0E0000F8FFFFFF RX
2018-04-17 15:55:40  can0  18FF1610#A5 TX
2018-04-17 15:55:41  can0  18FF1720#25FFFFFFFFFFFFFF RX
2018-04-17 15:55:41  can0  18FF1610#A5 TX
2018-04-17 15:55:41  can0  18FF2420#4D0E0000F8FFFFFF RX
2018-04-17 15:55:41  can0  18FF1610#A5 TX
2018-04-17 15:55:42  can0  18FF1720#25FFFFFFFFFFFFFF RX
2018-04-17 15:55:42  can0  18FF1610#A5 TX
2018-04-17 15:55:42  can0  18FF2420#4D0E0000F8FFFFFF RX
2018-04-17 15:55:42  can0  18FF1610#A5 TX
2018-04-17 15:55:43  can0  18FF1720#25FFFFFFFFFFFFFF RX
2018-04-17 15:55:43  can0  18FF1610#A5 TX
2018-04-17 15:55:43  can0  18FF2420#4D0E0000F8FFFFFF RX
2018-04-17 15:55:43  can0  18FF1610#A5 TX
2018-04-17 15:55:44  can0  18FF1720#25FFFFFFFFFFFFFF RX
2018-04-17 15:55:44  can0  18FF1610#A5 TX
2018-04-17 15:55:44  can0  18FF2420#4D0E0000F8FFFFFF RX
2018-04-17 15:55:44  can0  18FF1610#A5 TX
2018-04-17 15:55:45  can0  18FF2500#297300440100FCFF RX
2018-04-17 15:55:45  can0  18FF1610#A5 TX
2018-04-17 15:55:45  can0  18FF2400#4D0E0000F0FFFFFF RX
2018-04-17 15:55:45  can0  18FF1610#A5 TX
2018-04-17 15:55:46  can0  18FF2500#297300540100FCFF RX
