2018-04-17 14:31:37  can0  18FF1610#55 TX
2018-04-17 14:31:37  can0  18FF1720#21FFFFFFFFFFFFFF RX
2018-04-17 14:31:37  can0  18FF1610#55 TX
2018-04-17 14:31:37  can0  18FF2420#69180000F0FFFFFF RX
2018-04-17 14:31:37  can0  18FF1610#55 TX
2018-04-17 14:31:38  can0  18FF1720#21FFFFFFFFFFFFFF RX
2018-04-17 14:31:38  can0  18FF1610#55 TX
2018-04-17 14:31:38  can0  18FF2420#69180000F0FFFFFF RX
2018-04-17 14:31:38  can0  18FF1610#55 TX
2018-04-17 14:31:39  can0  18FF1720#21FFFFFFFFFFFFFF RX
2018-04-17 14:31:39  can0  18FF1610#55 TX
2018-04-17 14:31:39  can0  18FF2420#69180000F0FFFFFF RX
2018-04-17 14:31:39  can0  18FF1610#55 TX
2018-04-17 14:31:40  can0  18FF1720#21FFFFFFFFFFFFFF RX
2018-04-17 14:31:40  can0  18FF1610#55 TX
2018-04-17 14:31:40  can0  18FF2420#69180000F0FFFFFF RX
2018-04-17 14:31:40  can0  18FF1610#55 TX
2018-04-17 14:31:41  can0  18FF1720#21FFFFFFFFFFFFFF RX
2018-04-17 14:31:41  can0  18FF1610#55 TX
2018-04-17 14:31:41  can0  18FF2420#69180000F0FFFFFF RX
2018-04-17 14:31:41  can0  18FF1610#55 TX
2018-04-17 14:31:42  can0  18FF1720#21FFFFFFFFFFFFFF RX
2018-04-17 14:31:42  can0  18FF1610#55 TX
2018-04-17 14:31:42  can0  18FF2420#69180000F0FFFFFF RX
2018-04-17 14:31:42  can0  18FF1610#55 TX
2018-04-17 14:31:43  can0  18FF1720#21FFFFFFFFFFFFFF RX
2018-04-17 14:31:43  can0  18FF1610#55 TX
2018-04-17 14:31:43  can0  18FF2420#69180000F0FFFFFF RX
2018-04-17 14:31:43  can0  18FF1610#55 TX
2018-04-17 14:31:44  can0  18FF1720#21FFFFFFFFFFFFFF RX
2018-04-17 14:31:44  can0  18FF1610#55 TX
2018-04-17 14:31:44  can0  18FF2420#69180000F0FFFFFF RX
2018-04-17 14:31:44  can0  18FF1610#55 TX
2018-04-17 14:31:45  can0  18FF1720#21FFFFFFFFFFFFFF RX
2018-04-17 14:31:45  can0  18FF1610#55 TX
2018-04-17 14:31:45  can0  18FF2420#69180000F0FFFFFF RX
2018-04-17 14:31:45  can0  18FF1610#55 TX
2018-04-17 14:31:46  can0  18FF1720#21FFFFFFFFFFFFFF RX
2018-04-17 14:31:46  can0  18FF1610#55 TX
2018-04-17 14:31:46  can0  18FF2420#69180000F0FFFFFF RX
2018-04-17 14:31:46  can0  18FF1610#55 TX
2018-04-17 14:31:47  can0  18FF1720#21FFFFFFFFFFFFFF RX
2018-04-17 14:31:47  can0  18FF1610#55 TX
2018-04-17 14:31:47  can0  18FF2420#69180000F0FFFFFF RX
2018-04-17 14:31:47  can0  18FF1610#55 TX
2018-04-17 14:31:48  can0  18FF1720#21FFFFFFFFFFFFFF RX
2018-04-17 14:31:48  can0  18FF1610#55 TX
2018-04-17 14:31:48  can0  18FF2420#69180000F0FFFFFF RX
2018-04-17 14:31:48  can0  18FF1610#55 TX
2018-04-17 14:31:49  can0  18FF1720#21FFFFFFFFFFFFFF RX
2018-04-17 14:31:49  can0  18FF1610#55 TX
2018-04-17 14:31:49  can0  18FF2420#69180000F0FFFFFF RX
2018-04-17 14:31:49  can0  18FF1610#55 TX
2018-04-17 14:31:50  can0  18FF1720#21FFFFFFFFFFFFFF RX
2018-04-17 14:31:50  can0  18FF1610#55 TX
2018-04-17 14:31:50  can0  18FF2420#69180000F0FFFFFF RX
2018-04-17 14:31:50  can0  18FF1610#55 TX
2018-04-17 14:31:51  can0  18FF1720#21FFFFFFFFFFFFFF RX
2018-04-17 14:31:51  can0  18FF1610#55 TX
2018-04-17 14:31:51  can0  18FF2420#69180000F0FFFFFF RX
2018-04-17 14:31:51  can0  18FF1610#55 TX
2018-04-17 14:31:52  can0  18FF1720#21FFFFFFFFFFFFFF RX
2018-04-17 14:31:52  can0  18FF1610#55 TX
2018-04-17 14:31:52  can0  18FF2420#69180000F0FFFFFF RX
2018-04-17 14:31:52  can0  18FF1610#55 TX
2018-04-17 14:31:53  can0  18FF1720#21FFFFFFFFFFFFFF RX
2018-04-17 14:31:53  can0  18FF1610#55 TX
2018-04-17 14:31:53  can0  18FF2420#69180000F0FFFFFF RX
2018-04-17 14:31:53  can0  18FF1610#55 TX
2018-04-17 14:31:54  can0  18FF1720#21FFFFFFFFFFFFFF RX
2018-04-17 14:31:54  can0  18FF1610#55 TX
2018-04-17 14:31:54  can0  18FF2420#69180000F0FFFFFF RX
2018-04-17 14:31:54  can0  18FF1610#55 TX
2018-04-17 14:31:55  can0  18FF1720#21FFFFFFFFFFFFFF RX
2018-04-17 14:31:55  can0  18FF1610#55 TX
2018-04-17 14:31:55  can0  18FF2420#69180000F0FFFFFF RX
2018-04-17 14:31:55  can0  18FF1610#55 TX
2018-04-17 14:31:56  can0  18FF1720#21FFFFFFFFFFFFFF RX
2018-04-17 14:31:56  can0  18FF1610#55 TX
2018-04-17 14:31:56  can0  18FF2420#69180000F0FFFFFF RX
2018-04-17 14:31:56  can0  18FF1610#55 TX
2018-04-17 14:31:57  can0  18FF1720#21FFFFFFFFFFFFFF RX
2018-04-17 14:31:57  can0  18FF1610#55 TX
2018-04-17 14:31:57  can0  18FF2420#69180000F0FFFFFF RX
2018-04-17 14:31:57  can0  18FF1610#55 TX
2018-04-17 14:31:58  can0  18FF1720#21FFFFFFFFFFFFFF RX
2018-04-17 14:31:58  can0  18FF1610#55 TX
2018-04-17 14:31:58  can0  18FF2420#69180000F0FFFFFF RX
2018-04-17 14:31:58  can0  18FF1610#55 TX
2018-04-17 14:31:59  can0  18FF1720#21FFFFFFFFFFFFFF RX
2018-04-17 14:31:59  can0  18FF1610#55 TX
2018-04-17 14:31:59  can0  18FF2420#69180000F0FFFFFF RX
2018-04-17 14:31:59  can0  18FF1610#55 TX
2018-04-17 14:32:00  can0  18FF2500#297300440100FCFF RX
2018-04-17 14:32:00  can0  18FF1610#55 TX
2018-04-17 14:32:00  can0  18FF2400#69180000F0FFFFFF RX
2018-04-17 14:32:00  can0  18FF1610#55 TX
2018-04-17 14:32:01  can0  18FF2500#297300540100FCFF RX
2018-04-17 14:32:01  can0  18FF1610#55 TX
2018-04-17 14:32:01  can0  18FF2400#69180000F0FFFFFF RX
2018-04-17 14:32:01  can0  18FF1610#55 TX
2018-04-17 14:32:02  can0  18FF2500#297300540100FCFF RX
2018-04-17 14:32:02  can0  18FF1610#55 TX
2018-04-17 14:32:02  can0  18FF2400#69180000F0FFFFFF RX
2018-04-17 14:32:02  can0  18FF1610#55 TX
2018-04-17 14:32:03  can0  18FF1610#55 TX
No response from generator
Time Out Error: CAN line might be disconnected or generator can interface is down
Resetting CAN interface on server
2018-04-17 14:32:03  can0  18FF2500#297300540100FCFF RX
2018-04-17 14:32:03  can0  18FF1610#55 TX
2018-04-17 14:32:03  can0  18FF2400#4D0E0000F0FFFFFF RX
2018-04-17 14:32:03  can0  18FF1610#55 TX
2018-04-17 14:32:04  can0  18FF2500#297300540100FCFF RX
2018-04-17 14:32:04  can0  18FF1610#55 TX
2018-04-17 14:32:04  can0  18FF2400#4D0E0000F0FFFFFF RX
2018-04-17 14:32:04  can0  18FF1610#55 TX
2018-04-17 14:32:05  can0  18FF2500#297300540100FCFF RX
2018-04-17 14:32:05  can0  18FF1610#55 TX
2018-04-17 14:32:05  can0  18FF2400#4D0E0000F0FFFFFF RX
2018-04-17 14:32:05  can0  18FF1610#55 TX
2018-04-17 14:32:06  can0  18FF2500#297300540100FCFF RX
2018-04-17 14:32:06  can0  18FF1610#55 TX
2018-04-17 14:32:06  can0  18FF2400#4D0E0000F0FFFFFF RX
2018-04-17 14:32:06  can0  18FF1610#55 TX
2018-04-17 14:32:07  can0  18FF2500#297300540100FCFF RX
2018-04-17 14:32:07  can0  18FF1610#55 TX
2018-04-17 14:32:07  can0  18FF2400#4D0E0000F0FFFFFF RX
2018-04-17 14:32:07  can0  18FF1610#55 TX
2018-04-17 14:32:08  can0  18FF2500#297300540100FCFF RX
2018-04-17 14:32:08  can0  18FF1610#55 TX
2018-04-17 14:32:08  can0  18FF2400#4D0E0000F0FFFFFF RX
2018-04-17 14:32:08  can0  18FF1610#55 TX
2018-04-17 14:32:09  can0  18FF2500#297300540100FCFF RX
2018-04-17 14:32:09  can0  18FF1610#55 TX
2018-04-17 14:32:09  can0  18FF2400#4D0E0000F0FFFFFF RX
2018-04-17 14:32:09  can0  18FF1610#55 TX
2018-04-17 14:32:10  can0  18FF1720#21FFFFFFFFFFFFFF RX
2018-04-17 14:32:10  can0  18FF1610#55 TX
2018-04-17 14:32:10  can0  18FF2420#4D0E0000F0FFFFFF RX
2018-04-17 14:32:10  can0  18FF1610#55 TX
2018-04-17 14:32:11  can0  18FF1720#21FFFFFFFFFFFFFF RX
2018-04-17 14:32:11  can0  18FF1610#55 TX
2018-04-17 14:32:11  can0  18FF2420#4D0E0000F0FFFFFF RX
2018-04-17 14:32:11  can0  18FF1610#55 TX
2018-04-17 14:32:12  can0  18FF1720#21FFFFFFFFFFFFFF RX
2018-04-17 14:32:12  can0  18FF1610#55 TX
2018-04-17 14:32:12  can0  18FF2420#4D0E0000F0FFFFFF RX
2018-04-17 14:32:12  can0  18FF1610#55 TX
2018-04-17 14:32:13  can0  18FF1720#21FFFFFFFFFFFFFF RX
2018-04-17 14:32:13  can0  18FF1610#55 TX
2018-04-17 14:32:13  can0  18FF2420#4D0E0000F0FFFFFF RX
2018-04-17 14:32:13  can0  18FF1610#55 TX
2018-04-17 14:32:14  can0  18FF1720#21FFFFFFFFFFFFFF RX
2018-04-17 14:32:14  can0  18FF1610#55 TX
2018-04-17 14:32:14  can0  18FF2420#4D0E0000F0FFFFFF RX
2018-04-17 14:32:14  can0  18FF1610#55 TX
2018-04-17 14:32:15  can0  18FF1720#21FFFFFFFFFFFFFF RX
2018-04-17 14:32:15  can0  18FF1610#55 TX
2018-04-17 14:32:15  can0  18FF2420#4D0E0000F0FFFFFF RX
2018-04-17 14:32:15  can0  18FF1610#55 TX
2018-04-17 14:32:16  can0  18FF1720#21FFFFFFFFFFFFFF RX
2018-04-17 14:32:16  can0  18FF1610#65 TX
2018-04-17 14:32:16  can0  18FF2420#4D0E0000F0FFFFFF RX
2018-04-17 14:32:16  can0  18FF1610#65 TX
2018-04-17 14:32:17  can0  18FF1720#21FFFFFFFFFFFFFF RX
2018-04-17 14:32:17  can0  18FF1610#65 TX
2018-04-17 14:32:17  can0  18FF2420#4D0E0000F0FFFFFF RX
2018-04-17 14:32:17  can0  18FF1610#65 TX
2018-04-17 14:32:18  can0  18FF1610#65 TX
No response from generator
Time Out Error: CAN line might be disconnected or generator can interface is down
Resetting CAN interface on server
2018-04-17 14:32:19  can0  18FF1720#27FFFFFFFFFFFFFF RX
2018-04-17 14:32:19  can0  18FF1610#65 TX
2018-04-17 14:32:19  can0  18FF2420#4D0E0000F0FFFFFF RX
2018-04-17 14:32:19  can0  18FF1610#65 TX
2018-04-17 14:32:20  can0  18FF1720#27FFFFFFFFFFFFFF RX
2018-04-17 14:32:20  can0  18FF1610#65 TX
2018-04-17 14:32:20  can0  18FF2420#4D0E0000F0FFFFFF RX
2018-04-17 14:32:20  can0  18FF1610#65 TX
2018-04-17 14:32:21  can0  18FF1720#27FFFFFFFFFFFFFF RX
2018-04-17 14:32:21  can0  18FF1610#65 TX
2018-04-17 14:32:21  can0  18FF2420#4D0E0000F0FFFFFF RX
2018-04-17 14:32:21  can0  18FF1610#65 TX
2018-04-17 14:32:22  can0  18FF1720#27FFFFFFFFFFFFFF RX
2018-04-17 14:32:22  can0  18FF1610#65 TX
2018-04-17 14:32:22  can0  18FF2420#4D0E0000F0FFFFFF RX
2018-04-17 14:32:22  can0  18FF1610#65 TX
2018-04-17 14:32:23  can0  18FF1720#27FFFFFFFFFFFFFF RX
2018-04-17 14:32:23  can0  18FF1610#65 TX
2018-04-17 14:32:23  can0  18FF2420#4D0E0000F0FFFFFF RX
2018-04-17 14:32:23  can0  18FF1610#65 TX
2018-04-17 14:32:24  can0  18FF1720#27FFFFFFFFFFFFFF RX
2018-04-17 14:32:24  can0  18FF1610#65 TX
2018-04-17 14:32:24  can0  18FF2420#4D0E0000F0FFFFFF RX
2018-04-17 14:32:24  can0  18FF1610#65 TX
2018-04-17 14:32:25  can0  18FF1720#27FFFFFFFFFFFFFF RX
2018-04-17 14:32:25  can0  18FF1610#65 TX
2018-04-17 14:32:25  can0  18FF2420#4D0E0000F0FFFFFF RX
2018-04-17 14:32:25  can0  18FF1610#65 TX
2018-04-17 14:32:26  can0  18FF1720#27FFFFFFFFFFFFFF RX
2018-04-17 14:32:26  can0  18FF1610#65 TX
2018-04-17 14:32:26  can0  18FF2420#4D0E0000F0FFFFFF RX
2018-04-17 14:32:26  can0  18FF1610#65 TX
2018-04-17 14:32:27  can0  18FF1720#27FFFFFFFFFFFFFF RX
2018-04-17 14:32:27  can0  18FF1610#65 TX
2018-04-17 14:32:27  can0  18FF2420#4D0E0000F0FFFFFF RX
2018-04-17 14:32:27  can0  18FF1610#65 TX
2018-04-17 14:32:28  can0  18FF1720#27FFFFFFFFFFFFFF RX
2018-04-17 14:32:28  can0  18FF1610#65 TX
2018-04-17 14:32:28  can0  18FF2420#4D0E0000F0FFFFFF RX
2018-04-17 14:32:28  can0  18FF1610#65 TX
2018-04-17 14:32:29  can0  18FF1720#27FFFFFFFFFFFFFF RX
2018-04-17 14:32:29  can0  18FF1610#65 TX
2018-04-17 14:32:29  can0  18FF2420#4D0E0000F0FFFFFF RX
2018-04-17 14:32:29  can0  18FF1610#65 TX
2018-04-17 14:32:30  can0  18FF1720#27FFFFFFFFFFFFFF RX
2018-04-17 14:32:30  can0  18FF1610#65 TX
2018-04-17 14:32:30  can0  18FF2420#4D0E0000F0FFFFFF RX
2018-04-17 14:32:30  can0  18FF1610#65 TX
2018-04-17 14:32:31  can0  18FF1720#27FFFFFFFFFFFFFF RX
2018-04-17 14:32:31  can0  18FF1610#65 TX
2018-04-17 14:32:31  can0  18FF2420#4D0E0000F0FFFFFF RX
2018-04-17 14:32:31  can0  18FF1610#65 TX
2018-04-17 14:32:32  can0  18FF1720#27FFFFFFFFFFFFFF RX
2018-04-17 14:32:32  can0  18FF1610#65 TX
2018-04-17 14:32:32  can0  18FF2420#4D0E0000F0FFFFFF RX
2018-04-17 14:32:32  can0  18FF1610#65 TX
2018-04-17 14:32:33  can0  18FF1720#27FFFFFFFFFFFFFF RX
2018-04-17 14:32:33  can0  18FF1610#65 TX
2018-04-17 14:32:33  can0  18FF2420#4D0E0000F0FFFFFF RX
2018-04-17 14:32:33  can0  18FF1610#65 TX
2018-04-17 14:32:34  can0  18FF1720#27FFFFFFFFFFFFFF RX
2018-04-17 14:32:34  can0  18FF1610#65 TX
2018-04-17 14:32:34  can0  18FF2420#4D0E0000F0FFFFFF RX
2018-04-17 14:32:34  can0  18FF1610#65 TX
2018-04-17 14:32:35  can0  18FF1720#27FFFFFFFFFFFFFF RX
2018-04-17 14:32:35  can0  18FF1610#65 TX
2018-04-17 14:32:35  can0  18FF2420#4D0E0000F0FFFFFF RX
2018-04-17 14:32:35  can0  18FF1610#65 TX
2018-04-17 14:32:36  can0  18FF1720#27FFFFFFFFFFFFFF RX
2018-04-17 14:32:36  can0  18FF1610#65 TX
2018-04-17 14:32:36  can0  18FF2420#4D0E0000F0FFFFFF RX
2018-04-17 14:32:36  can0  18FF1610#65 TX
2018-04-17 14:32:37  can0  18FF1720#27FFFFFFFFFFFFFF RX
2018-04-17 14:32:37  can0  18FF1610#65 TX
2018-04-17 14:32:37  can0  18FF2420#4D0E0000F0FFFFFF RX
2018-04-17 14:32:37  can0  18FF1610#65 TX
2018-04-17 14:32:38  can0  18FF1720#27FFFFFFFFFFFFFF RX
2018-04-17 14:32:38  can0  18FF1610#65 TX
2018-04-17 14:32:38  can0  18FF2420#4D0E0000F0FFFFFF RX
2018-04-17 14:32:38  can0  18FF1610#65 TX
2018-04-17 14:32:39  can0  18FF1720#27FFFFFFFFFFFFFF RX
2018-04-17 14:32:39  can0  18FF1610#65 TX
2018-04-17 14:32:39  can0  18FF2420#4D0E0000F0FFFFFF RX
2018-04-17 14:32:39  can0  18FF1610#65 TX
2018-04-17 14:32:40  can0  18FF1720#27FFFFFFFFFFFFFF RX
2018-04-17 14:32:40  can0  18FF1610#65 TX
2018-04-17 14:32:40  can0  18FF2420#4D0E0000F0FFFFFF RX
2018-04-17 14:32:40  can0  18FF1610#65 TX
2018-04-17 14:32:41  can0  18FF1720#27FFFFFFFFFFFFFF RX
2018-04-17 14:32:41  can0  18FF1610#65 TX
2018-04-17 14:32:41  can0  18FF2420#4D0E0000F0FFFFFF RX
2018-04-17 14:32:41  can0  18FF1610#65 TX
2018-04-17 14:32:42  can0  18FF1720#27FFFFFFFFFFFFFF RX
2018-04-17 14:32:42  can0  18FF1610#65 TX
2018-04-17 14:32:42  can0  18FF2420#4D0E0000F0FFFFFF RX
2018-04-17 14:32:42  can0  18FF1610#65 TX
2018-04-17 14:32:43  can0  18FF1720#27FFFFFFFFFFFFFF RX
2018-04-17 14:32:43  can0  18FF1610#65 TX
2018-04-17 14:32:43  can0  18FF2420#4D0E0000F0FFFFFF RX
2018-04-17 14:32:43  can0  18FF1610#65 TX
2018-04-17 14:32:44  can0  18FF1720#27FFFFFFFFFFFFFF RX
2018-04-17 14:32:44  can0  18FF1610#65 TX
2018-04-17 14:32:44  can0  18FF2420#4D0E0000F0FFFFFF RX
2018-04-17 14:32:44  can0  18FF1610#65 TX
2018-04-17 14:32:45  can0  18FF1720#27FFFFFFFFFFFFFF RX
2018-04-17 14:32:45  can0  18FF1610#A5 TX
2018-04-17 14:32:45  can0  18FF2420#4D0E0000F0FFFFFF RX
2018-04-17 14:32:45  can0  18FF1610#A5 TX
2018-04-17 14:32:46  can0  18FF1720#27FFFFFFFFFFFFFF RX
2018-04-17 14:32:46  can0  18FF1610#A5 TX
2018-04-17 14:32:46  can0  18FF2420#4D0E0000F0FFFFFF RX
2018-04-17 14:32:46  can0  18FF1610#A5 TX
2018-04-17 14:32:47  can0  18FF1720#27FFFFFFFFFFFFFF RX
2018-04-17 14:32:47  can0  18FF1610#A5 TX
2018-04-17 14:32:47  can0  18FF2420#4D0E0000F0FFFFFF RX
2018-04-17 14:32:47  can0  18FF1610#A5 TX
2018-04-17 14:32:48  can0  18FF1720#27FFFFFFFFFFFFFF RX
2018-04-17 14:32:48  can0  18FF1610#A5 TX
2018-04-17 14:32:48  can0  18FF2420#4D0E0000F0FFFFFF RX
2018-04-17 14:32:48  can0  18FF1610#A5 TX
2018-04-17 14:32:49  can0  18FF1720#25FFFFFFFFFFFFFF RX
2018-04-17 14:32:49  can0  18FF1610#A5 TX
2018-04-17 14:32:49  can0  18FF2420#4D0E0000F0FFFFFF RX
2018-04-17 14:32:49  can0  18FF1610#A5 TX
2018-04-17 14:32:50  can0  18FF1720#25FFFFFFFFFFFFFF RX
2018-04-17 14:32:50  can0  18FF1610#A5 TX
2018-04-17 14:32:50  can0  18FF2420#4D0E0000F0FFFFFF RX
2018-04-17 14:32:50  can0  18FF1610#A5 TX
2018-04-17 14:32:51  can0  18FF1720#25FFFFFFFFFFFFFF RX
2018-04-17 14:32:51  can0  18FF1610#A5 TX
2018-04-17 14:32:51  can0  18FF2420#4D0E0000F0FFFFFF RX
2018-04-17 14:32:51  can0  18FF1610#A5 TX
2018-04-17 14:32:52  can0  18FF1720#25FFFFFFFFFFFFFF RX
2018-04-17 14:32:52  can0  18FF1610#A5 TX
2018-04-17 14:32:52  can0  18FF2420#4D0E0000F0FFFFFF RX
2018-04-17 14:32:52  can0  18FF1610#A5 TX
2018-04-17 14:32:53  can0  18FF1720#25FFFFFFFFFFFFFF RX
2018-04-17 14:32:53  can0  18FF1610#A5 TX
2018-04-17 14:32:53  can0  18FF2420#4D0E0000F0FFFFFF RX
2018-04-17 14:32:53  can0  18FF1610#A5 TX
2018-04-17 14:32:54  can0  18FF1720#25FFFFFFFFFFFFFF RX
2018-04-17 14:32:54  can0  18FF1610#A5 TX
2018-04-17 14:32:54  can0  18FF2420#4D0E0000F0FFFFFF RX
2018-04-17 14:32:54  can0  18FF1610#A5 TX
2018-04-17 14:32:55  can0  18FF1720#25FFFFFFFFFFFFFF RX
2018-04-17 14:32:55  can0  18FF1610#A5 TX
2018-04-17 14:32:55  can0  18FF2420#4D0E0000F0FFFFFF RX
2018-04-17 14:32:55  can0  18FF1610#A5 TX
2018-04-17 14:32:56  can0  18FF1720#25FFFFFFFFFFFFFF RX
2018-04-17 14:32:56  can0  18FF1610#A5 TX
2018-04-17 14:32:56  can0  18FF2420#4D0E0000F0FFFFFF RX
2018-04-17 14:32:56  can0  18FF1610#A5 TX
2018-04-17 14:32:57  can0  18FF1720#25FFFFFFFFFFFFFF RX
2018-04-17 14:32:57  can0  18FF1610#A5 TX
2018-04-17 14:32:57  can0  18FF2420#4D0E0000F0FFFFFF RX
2018-04-17 14:32:57  can0  18FF1610#A5 TX
2018-04-17 14:32:58  can0  18FF1720#25FFFFFFFFFFFFFF RX
2018-04-17 14:32:58  can0  18FF1610#A5 TX
2018-04-17 14:32:58  can0  18FF2420#4D0E0000F0FFFFFF RX
2018-04-17 14:32:58  can0  18FF1610#A5 TX
2018-04-17 14:32:59  can0  18FF1720#25FFFFFFFFFFFFFF RX
2018-04-17 14:32:59  can0  18FF1610#A5 TX
2018-04-17 14:32:59  can0  18FF2420#4D0E0000F8FFFFFF RX
2018-04-17 14:32:59  can0  18FF1610#A5 TX
2018-04-17 14:33:00  can0  18FF1720#25FFFFFFFFFFFFFF RX
2018-04-17 14:33:00  can0  18FF1610#A5 TX
2018-04-17 14:33:00  can0  18FF2420#4D0E0000F8FFFFFF RX
2018-04-17 14:33:00  can0  18FF1610#A5 TX
2018-04-17 14:33:01  can0  18FF1720#25FFFFFFFFFFFFFF RX
2018-04-17 14:33:01  can0  18FF1610#A5 TX
2018-04-17 14:33:01  can0  18FF2420#4D0E0000F8FFFFFF RX
2018-04-17 14:33:01  can0  18FF1610#A5 TX
2018-04-17 14:33:02  can0  18FF1720#25FFFFFFFFFFFFFF RX
2018-04-17 14:33:02  can0  18FF1610#A5 TX
2018-04-17 14:33:02  can0  18FF2420#4D0E0000F8FFFFFF RX
2018-04-17 14:33:02  can0  18FF1610#A5 TX
2018-04-17 14:33:03  can0  18FF1720#25FFFFFFFFFFFFFF RX
2018-04-17 14:33:03  can0  18FF1610#A5 TX
2018-04-17 14:33:03  can0  18FF2420#4D0E0000F8FFFFFF RX
2018-04-17 14:33:03  can0  18FF1610#A5 TX
2018-04-17 14:33:04  can0  18FF1720#25FFFFFFFFFFFFFF RX
2018-04-17 14:33:04  can0  18FF1610#A5 TX
2018-04-17 14:33:04  can0  18FF2420#4D0E0000F8FFFFFF RX
2018-04-17 14:33:04  can0  18FF1610#A5 TX
2018-04-17 14:33:05  can0  18FF1720#25FFFFFFFFFFFFFF RX
2018-04-17 14:33:05  can0  18FF1610#A5 TX
2018-04-17 14:33:05  can0  18FF2420#4D0E0000F8FFFFFF RX
2018-04-17 14:33:05  can0  18FF1610#A5 TX
2018-04-17 14:33:06  can0  18FF1720#25FFFFFFFFFFFFFF RX
2018-04-17 14:33:06  can0  18FF1610#A5 TX
2018-04-17 14:33:06  can0  18FF2420#4D0E0000F8FFFFFF RX
2018-04-17 14:33:06  can0  18FF1610#A5 TX
2018-04-17 14:33:07  can0  18FF1720#25FFFFFFFFFFFFFF RX
2018-04-17 14:33:07  can0  18FF1610#A5 TX
2018-04-17 14:33:07  can0  18FF2420#4D0E0000F8FFFFFF RX
2018-04-17 14:33:07  can0  18FF1610#A5 TX
2018-04-17 14:33:08  can0  18FF1720#25FFFFFFFFFFFFFF RX
2018-04-17 14:33:08  can0  18FF1610#A5 TX
2018-04-17 14:33:08  can0  18FF2420#4D0E0000F8FFFFFF RX
2018-04-17 14:33:08  can0  18FF1610#A5 TX
2018-04-17 14:33:09  can0  18FF1720#25FFFFFFFFFFFFFF RX
2018-04-17 14:33:09  can0  18FF1610#A5 TX
2018-04-17 14:33:09  can0  18FF2420#4D0E0000F8FFFFFF RX
2018-04-17 14:33:09  can0  18FF1610#A5 TX
2018-04-17 14:33:10  can0  18FF1720#25FFFFFFFFFFFFFF RX
2018-04-17 14:33:10  can0  18FF1610#A5 TX
2018-04-17 14:33:10  can0  18FF2420#4D0E0000F8FFFFFF RX
2018-04-17 14:33:10  can0  18FF1610#A5 TX
2018-04-17 14:33:11  can0  18FF1720#25FFFFFFFFFFFFFF RX
2018-04-17 14:33:11  can0  18FF1610#A5 TX
2018-04-17 14:33:11  can0  18FF2420#4D0E0000F8FFFFFF RX
2018-04-17 14:33:11  can0  18FF1610#A5 TX
2018-04-17 14:33:12  can0  18FF1720#25FFFFFFFFFFFFFF RX
2018-04-17 14:33:12  can0  18FF1610#A5 TX
2018-04-17 14:33:12  can0  18FF2420#4D0E0000F8FFFFFF RX
2018-04-17 14:33:12  can0  18FF1610#A5 TX
2018-04-17 14:33:13  can0  18FF1720#25FFFFFFFFFFFFFF RX
2018-04-17 14:33:13  can0  18FF1610#A5 TX
2018-04-17 14:33:13  can0  18FF2420#4D0E0000F8FFFFFF RX
2018-04-17 14:33:13  can0  18FF1610#A5 TX
2018-04-17 14:33:14  can0  18FF1720#25FFFFFFFFFFFFFF RX
2018-04-17 14:33:14  can0  18FF1610#A5 TX
2018-04-17 14:33:14  can0  18FF2420#4D0E0000F8FFFFFF RX
2018-04-17 14:33:14  can0  18FF1610#A5 TX
2018-04-17 14:33:15  can0  18FF1720#25FFFFFFFFFFFFFF RX
2018-04-17 14:33:15  can0  18FF1610#A5 TX
2018-04-17 14:33:15  can0  18FF2420#4D0E0000F8FFFFFF RX
2018-04-17 14:33:15  can0  18FF1610#A5 TX
2018-04-17 14:33:16  can0  18FF1720#25FFFFFFFFFFFFFF RX
2018-04-17 14:33:16  can0  18FF1610#A5 TX
2018-04-17 14:33:16  can0  18FF2420#4D0E0000F8FFFFFF RX
2018-04-17 14:33:16  can0  18FF1610#A5 TX
2018-04-17 14:33:17  can0  18FF1720#25FFFFFFFFFFFFFF RX
2018-04-17 14:33:17  can0  18FF1610#A5 TX
2018-04-17 14:33:17  can0  18FF2420#4D0E0000F8FFFFFF RX
2018-04-17 14:33:17  can0  18FF1610#A5 TX
2018-04-17 14:33:18  can0  18FF1720#25FFFFFFFFFFFFFF RX
2018-04-17 14:33:18  can0  18FF1610#A5 TX
2018-04-17 14:33:18  can0  18FF2420#4D0E0000F8FFFFFF RX
2018-04-17 14:33:18  can0  18FF1610#A5 TX
2018-04-17 14:33:19  can0  18FF1720#25FFFFFFFFFFFFFF RX
2018-04-17 14:33:19  can0  18FF1610#A5 TX
2018-04-17 14:33:19  can0  18FF2420#4D0E0000F8FFFFFF RX
2018-04-17 14:33:19  can0  18FF1610#A5 TX
2018-04-17 14:33:20  can0  18FF1720#25FFFFFFFFFFFFFF RX
2018-04-17 14:33:20  can0  18FF1610#A5 TX
2018-04-17 14:33:20  can0  18FF2420#4D0E0000F8FFFFFF RX
2018-04-17 14:33:20  can0  18FF1610#A5 TX
2018-04-17 14:33:21  can0  18FF1720#25FFFFFFFFFFFFFF RX
2018-04-17 14:33:21  can0  18FF1610#A5 TX
2018-04-17 14:33:21  can0  18FF2420#4D0E0000F8FFFFFF RX
2018-04-17 14:33:21  can0  18FF1610#A5 TX
2018-04-17 14:33:22  can0  18FF1720#25FFFFFFFFFFFFFF RX
2018-04-17 14:33:22  can0  18FF1610#A5 TX
2018-04-17 14:33:22  can0  18FF2420#4D0E0000F8FFFFFF RX
2018-04-17 14:33:22  can0  18FF1610#A5 TX
2018-04-17 14:33:23  can0  18FF1720#25FFFFFFFFFFFFFF RX
2018-04-17 14:33:23  can0  18FF1610#A5 TX
2018-04-17 14:33:23  can0  18FF2420#4D0E0000F8FFFFFF RX
2018-04-17 14:33:23  can0  18FF1610#A5 TX
2018-04-17 14:33:24  can0  18FF1720#25FFFFFFFFFFFFFF RX
2018-04-17 14:33:24  can0  18FF1610#A5 TX
2018-04-17 14:33:24  can0  18FF2420#4D0E0000F8FFFFFF RX
2018-04-17 14:33:24  can0  18FF1610#A5 TX
2018-04-17 14:33:25  can0  18FF1720#25FFFFFFFFFFFFFF RX
2018-04-17 14:33:25  can0  18FF1610#A5 TX
2018-04-17 14:33:25  can0  18FF2420#4D0E0000F8FFFFFF RX
2018-04-17 14:33:25  can0  18FF1610#A5 TX
2018-04-17 14:33:26  can0  18FF1720#25FFFFFFFFFFFFFF RX
2018-04-17 14:33:26  can0  18FF1610#A5 TX
2018-04-17 14:33:26  can0  18FF2420#4D0E0000F8FFFFFF RX
2018-04-17 14:33:26  can0  18FF1610#A5 TX
2018-04-17 14:33:27  can0  18FF1720#25FFFFFFFFFFFFFF RX
2018-04-17 14:33:27  can0  18FF1610#A5 TX
2018-04-17 14:33:27  can0  18FF2420#4D0E0000F8FFFFFF RX
2018-04-17 14:33:27  can0  18FF1610#A5 TX
2018-04-17 14:33:28  can0  18FF1720#25FFFFFFFFFFFFFF RX
2018-04-17 14:33:28  can0  18FF1610#A5 TX
2018-04-17 14:33:28  can0  18FF2420#4D0E0000F8FFFFFF RX
2018-04-17 14:33:28  can0  18FF1610#A5 TX
2018-04-17 14:33:29  can0  18FF1720#25FFFFFFFFFFFFFF RX
2018-04-17 14:33:29  can0  18FF1610#A5 TX
2018-04-17 14:33:29  can0  18FF2420#4D0E0000F8FFFFFF RX
2018-04-17 14:33:29  can0  18FF1610#A5 TX
2018-04-17 14:33:30  can0  18FF1720#25FFFFFFFFFFFFFF RX
2018-04-17 14:33:30  can0  18FF1610#A5 TX
2018-04-17 14:33:30  can0  18FF2420#4D0E0000F8FFFFFF RX
2018-04-17 14:33:30  can0  18FF1610#A5 TX
2018-04-17 14:33:31  can0  18FF1720#25FFFFFFFFFFFFFF RX
2018-04-17 14:33:31  can0  18FF1610#A5 TX
2018-04-17 14:33:31  can0  18FF2420#4D0E0000F8FFFFFF RX
2018-04-17 14:33:31  can0  18FF1610#A5 TX
2018-04-17 14:33:32  can0  18FF1720#25FFFFFFFFFFFFFF RX
2018-04-17 14:33:32  can0  18FF1610#A5 TX
2018-04-17 14:33:32  can0  18FF2420#4D0E0000F8FFFFFF RX
2018-04-17 14:33:32  can0  18FF1610#A5 TX
2018-04-17 14:33:33  can0  18FF1720#25FFFFFFFFFFFFFF RX
2018-04-17 14:33:33  can0  18FF1610#A5 TX
2018-04-17 14:33:33  can0  18FF2420#4D0E0000F8FFFFFF RX
2018-04-17 14:33:33  can0  18FF1610#A5 TX
2018-04-17 14:33:34  can0  18FF1720#25FFFFFFFFFFFFFF RX
2018-04-17 14:33:34  can0  18FF1610#A5 TX
2018-04-17 14:33:34  can0  18FF2420#4D0E0000F8FFFFFF RX
2018-04-17 14:33:34  can0  18FF1610#A5 TX
2018-04-17 14:33:35  can0  18FF1720#25FFFFFFFFFFFFFF RX
2018-04-17 14:33:35  can0  18FF1610#A5 TX
2018-04-17 14:33:35  can0  18FF2420#4D0E0000F8FFFFFF RX
2018-04-17 14:33:35  can0  18FF1610#A5 TX
2018-04-17 14:33:36  can0  18FF1720#25FFFFFFFFFFFFFF RX
2018-04-17 14:33:36  can0  18FF1610#A5 TX
2018-04-17 14:33:36  can0  18FF2420#4D0E0000F8FFFFFF RX
2018-04-17 14:33:36  can0  18FF1610#A5 TX
2018-04-17 14:33:37  can0  18FF1720#25FFFFFFFFFFFFFF RX
2018-04-17 14:33:37  can0  18FF1610#A5 TX
2018-04-17 14:33:37  can0  18FF2420#4D0E0000F8FFFFFF RX
2018-04-17 14:33:37  can0  18FF1610#A5 TX
2018-04-17 14:33:38  can0  18FF1720#25FFFFFFFFFFFFFF RX
2018-04-17 14:33:38  can0  18FF1610#A5 TX
2018-04-17 14:33:38  can0  18FF2420#4D0E0000F8FFFFFF RX
2018-04-17 14:33:38  can0  18FF1610#A5 TX
2018-04-17 14:33:39  can0  18FF1720#25FFFFFFFFFFFFFF RX
2018-04-17 14:33:39  can0  18FF1610#A5 TX
2018-04-17 14:33:39  can0  18FF2420#4D0E0000F8FFFFFF RX
2018-04-17 14:33:39  can0  18FF1610#A5 TX
2018-04-17 14:33:40  can0  18FF1720#25FFFFFFFFFFFFFF RX
2018-04-17 14:33:40  can0  18FF1610#A5 TX
2018-04-17 14:33:40  can0  18FF2420#4D0E0000F8FFFFFF RX
2018-04-17 14:33:40  can0  18FF1610#A5 TX
2018-04-17 14:33:41  can0  18FF1720#25FFFFFFFFFFFFFF RX
2018-04-17 14:33:41  can0  18FF1610#A5 TX
2018-04-17 14:33:41  can0  18FF2420#4D0E0000F8FFFFFF RX
2018-04-17 14:33:41  can0  18FF1610#A5 TX
2018-04-17 14:33:41  can0  18FF2320#73029F00A40300FF RX
2018-04-17 14:33:41  can0  18FF1610#A5 TX
2018-04-17 14:33:42  can0  18FF1720#25FFFFFFFFFFFFFF RX
2018-04-17 14:33:42  can0  18FF1610#A5 TX
2018-04-17 14:33:42  can0  18FF2420#4D0E0000F8FFFFFF RX
2018-04-17 14:33:42  can0  18FF1610#A5 TX
2018-04-17 14:33:43  can0  18FF1720#25FFFFFFFFFFFFFF RX
2018-04-17 14:33:43  can0  18FF1610#A5 TX
2018-04-17 14:33:43  can0  18FF2420#4D0E0000F8FFFFFF RX
2018-04-17 14:33:43  can0  18FF1610#A5 TX
2018-04-17 14:33:44  can0  18FF1720#25FFFFFFFFFFFFFF RX
2018-04-17 14:33:44  can0  18FF1610#55 TX
2018-04-17 14:33:44  can0  18FF2420#4D0E0000F8FFFFFF RX
2018-04-17 14:33:44  can0  18FF1610#55 TX
2018-04-17 14:33:45  can0  18FF1720#25FFFFFFFFFFFFFF RX
2018-04-17 14:33:45  can0  18FF1610#55 TX
2018-04-17 14:33:45  can0  18FF2420#4D0E0000F8FFFFFF RX
2018-04-17 14:33:45  can0  18FF1610#55 TX
2018-04-17 14:33:46  can0  18FF1720#20FFFFFFFFFFFFFF RX
2018-04-17 14:33:46  can0  18FF1610#55 TX
2018-04-17 14:33:46  can0  18FF2420#4D0E0000F0FFFFFF RX
2018-04-17 14:33:46  can0  18FF1610#55 TX
2018-04-17 14:33:47  can0  18FF1720#20FFFFFFFFFFFFFF RX
2018-04-17 14:33:47  can0  18FF1610#55 TX
2018-04-17 14:33:47  can0  18FF2420#4D0E0000F0FFFFFF RX
2018-04-17 14:33:47  can0  18FF1610#55 TX
2018-04-17 14:33:48  can0  18FF1720#20FFFFFFFFFFFFFF RX
2018-04-17 14:33:48  can0  18FF1610#55 TX
2018-04-17 14:33:48  can0  18FF2420#4D0E0000F0FFFFFF RX
2018-04-17 14:33:48  can0  18FF1610#55 TX
2018-04-17 14:33:49  can0  18FF1610#55 TX
No response from generator
Time Out Error: CAN line might be disconnected or generator can interface is down
Resetting CAN interface on server
2018-04-17 14:33:49  can0  18FF1720#21FFFFFFFFFFFFFF RX
2018-04-17 14:33:49  can0  18FF1610#55 TX
2018-04-17 14:33:49  can0  18FF2420#4D0E0000F0FFFFFF RX
2018-04-17 14:33:49  can0  18FF1610#55 TX
2018-04-17 14:33:50  can0  18FF1720#21FFFFFFFFFFFFFF RX
2018-04-17 14:33:50  can0  18FF1610#55 TX
2018-04-17 14:33:50  can0  18FF2420#4D0E0000F0FFFFFF RX
2018-04-17 14:33:50  can0  18FF1610#55 TX
2018-04-17 14:33:51  can0  18FF1720#21FFFFFFFFFFFFFF RX
2018-04-17 14:33:51  can0  18FF1610#55 TX
2018-04-17 14:33:51  can0  18FF2420#4D0E0000F0FFFFFF RX
2018-04-17 14:33:51  can0  18FF1610#55 TX
2018-04-17 14:33:52  can0  18FF1720#21FFFFFFFFFFFFFF RX
2018-04-17 14:33:52  can0  18FF1610#55 TX
2018-04-17 14:33:52  can0  18FF2420#4D0E0000F0FFFFFF RX
2018-04-17 14:33:52  can0  18FF1610#55 TX
2018-04-17 14:33:53  can0  18FF1720#21FFFFFFFFFFFFFF RX
2018-04-17 14:33:53  can0  18FF1610#55 TX
2018-04-17 14:33:53  can0  18FF2420#4D0E0000F0FFFFFF RX
2018-04-17 14:33:53  can0  18FF1610#55 TX
2018-04-17 14:33:54  can0  18FF1720#21FFFFFFFFFFFFFF RX
2018-04-17 14:33:54  can0  18FF1610#55 TX
2018-04-17 14:33:54  can0  18FF2420#4D0E0000F0FFFFFF RX
2018-04-17 14:33:54  can0  18FF1610#55 TX
2018-04-17 14:33:55  can0  18FF1720#21FFFFFFFFFFFFFF RX
2018-04-17 14:33:55  can0  18FF1610#55 TX
2018-04-17 14:33:55  can0  18FF2420#4D0E0000F0FFFFFF RX
2018-04-17 14:33:55  can0  18FF1610#55 TX
2018-04-17 14:33:56  can0  18FF1720#21FFFFFFFFFFFFFF RX
