2018-04-17 14:21:07  can0  18FF1610#55 TX
2018-04-17 14:21:07  can0  18FF2500#297300540100FCFF RX
2018-04-17 14:21:07  can0  18FF1610#55 TX
2018-04-17 14:21:07  can0  18FF2400#4D0E0000F0FFFFFF RX
2018-04-17 14:21:07  can0  18FF1610#55 TX
2018-04-17 14:21:08  can0  18FF2500#297300540100FCFF RX
2018-04-17 14:21:08  can0  18FF1610#55 TX
2018-04-17 14:21:08  can0  18FF2400#4D0E0000F0FFFFFF RX
2018-04-17 14:21:08  can0  18FF1610#55 TX
2018-04-17 14:21:09  can0  18FF2500#297300540100FCFF RX
2018-04-17 14:21:09  can0  18FF1610#55 TX
2018-04-17 14:21:09  can0  18FF2400#4D0E0000F0FFFFFF RX
2018-04-17 14:21:09  can0  18FF1610#55 TX
2018-04-17 14:21:10  can0  18FF2500#297300540100FCFF RX
2018-04-17 14:21:10  can0  18FF1610#55 TX
2018-04-17 14:21:10  can0  18FF2400#4D0E0000F0FFFFFF RX
2018-04-17 14:21:10  can0  18FF1610#55 TX
2018-04-17 14:21:11  can0  18FF2500#297300540100FCFF RX
2018-04-17 14:21:11  can0  18FF1610#55 TX
2018-04-17 14:21:11  can0  18FF2400#4D0E0000F0FFFFFF RX
2018-04-17 14:21:11  can0  18FF1610#55 TX
2018-04-17 14:21:12  can0  18FF2500#297300540100FCFF RX
2018-04-17 14:21:12  can0  18FF1610#55 TX
2018-04-17 14:21:12  can0  18FF2400#4D0E0000F0FFFFFF RX
2018-04-17 14:21:12  can0  18FF1610#55 TX
2018-04-17 14:21:13  can0  18FF2500#297300540100FCFF RX
2018-04-17 14:21:13  can0  18FF1610#55 TX
2018-04-17 14:21:13  can0  18FF2400#4D0E0000F0FFFFFF RX
2018-04-17 14:21:13  can0  18FF1610#55 TX
2018-04-17 14:21:14  can0  18FF2500#297300540100FCFF RX
2018-04-17 14:21:14  can0  18FF1610#55 TX
2018-04-17 14:21:14  can0  18FF2400#4D0E0000F0FFFFFF RX
2018-04-17 14:21:14  can0  18FF1610#55 TX
2018-04-17 14:21:15  can0  18FF2500#297300540100FCFF RX
2018-04-17 14:21:15  can0  18FF1610#55 TX
2018-04-17 14:21:15  can0  18FF2400#4D0E0000F0FFFFFF RX
2018-04-17 14:21:15  can0  18FF1610#55 TX
2018-04-17 14:21:16  can0  18FF2500#297300540100FCFF RX
2018-04-17 14:21:16  can0  18FF1610#55 TX
2018-04-17 14:21:16  can0  18FF2400#4D0E0000F0FFFFFF RX
2018-04-17 14:21:16  can0  18FF1610#55 TX
2018-04-17 14:21:17  can0  18FF2500#297300540100FCFF RX
2018-04-17 14:21:17  can0  18FF1610#55 TX
2018-04-17 14:21:17  can0  18FF2400#4D0E0000F0FFFFFF RX
2018-04-17 14:21:17  can0  18FF1610#55 TX
2018-04-17 14:21:18  can0  18FF2500#297300540100FCFF RX
2018-04-17 14:21:18  can0  18FF1610#55 TX
2018-04-17 14:21:18  can0  18FF2400#4D0E0000F0FFFFFF RX
2018-04-17 14:21:18  can0  18FF1610#55 TX
2018-04-17 14:21:19  can0  18FF2500#297300540100FCFF RX
2018-04-17 14:21:19  can0  18FF1610#55 TX
2018-04-17 14:21:19  can0  18FF2400#4D0E0000F0FFFFFF RX
2018-04-17 14:21:19  can0  18FF1610#55 TX
2018-04-17 14:21:20  can0  18FF2500#297300540100FCFF RX
2018-04-17 14:21:20  can0  18FF1610#55 TX
2018-04-17 14:21:20  can0  18FF2400#4D0E0000F0FFFFFF RX
2018-04-17 14:21:20  can0  18FF1610#55 TX
2018-04-17 14:21:21  can0  18FF2500#297300540100FCFF RX
2018-04-17 14:21:21  can0  18FF1610#55 TX
2018-04-17 14:21:21  can0  18FF2400#4D0E0000F0FFFFFF RX
2018-04-17 14:21:21  can0  18FF1610#55 TX
2018-04-17 14:21:22  can0  18FF2500#297300540100FCFF RX
2018-04-17 14:21:22  can0  18FF1610#55 TX
2018-04-17 14:21:22  can0  18FF2400#4D0E0000F0FFFFFF RX
2018-04-17 14:21:22  can0  18FF1610#55 TX
2018-04-17 14:21:23  can0  18FF2500#297300540100FCFF RX
2018-04-17 14:21:23  can0  18FF1610#55 TX
2018-04-17 14:21:23  can0  18FF2400#4D0E0000F0FFFFFF RX
2018-04-17 14:21:23  can0  18FF1610#55 TX
2018-04-17 14:21:24  can0  18FF2500#297300540100FCFF RX
2018-04-17 14:21:24  can0  18FF1610#55 TX
2018-04-17 14:21:24  can0  18FF2400#4D0E0000F0FFFFFF RX
2018-04-17 14:21:24  can0  18FF1610#55 TX
2018-04-17 14:21:25  can0  18FF2500#297300540100FCFF RX
2018-04-17 14:21:25  can0  18FF1610#55 TX
2018-04-17 14:21:25  can0  18FF2400#4D0E0000F0FFFFFF RX
2018-04-17 14:21:25  can0  18FF1610#55 TX
2018-04-17 14:21:26  can0  18FF2500#297300540100FCFF RX
2018-04-17 14:21:26  can0  18FF1610#55 TX
2018-04-17 14:21:26  can0  18FF2400#4D0E0000F0FFFFFF RX
2018-04-17 14:21:26  can0  18FF1610#55 TX
2018-04-17 14:21:27  can0  18FF2500#297300540100FCFF RX
2018-04-17 14:21:27  can0  18FF1610#55 TX
2018-04-17 14:21:27  can0  18FF2400#4D0E0000F0FFFFFF RX
2018-04-17 14:21:27  can0  18FF1610#55 TX
2018-04-17 14:21:28  can0  18FF2500#297300540100FCFF RX
2018-04-17 14:21:28  can0  18FF1610#55 TX
2018-04-17 14:21:28  can0  18FF2400#4D0E0000F0FFFFFF RX
2018-04-17 14:21:28  can0  18FF1610#55 TX
2018-04-17 14:21:29  can0  18FF2500#297300540100FCFF RX
2018-04-17 14:21:29  can0  18FF1610#55 TX
2018-04-17 14:21:29  can0  18FF2400#4D0E0000F0FFFFFF RX
2018-04-17 14:21:29  can0  18FF1610#55 TX
2018-04-17 14:21:30  can0  18FF2500#297300540100FCFF RX
2018-04-17 14:21:30  can0  18FF1610#55 TX
2018-04-17 14:21:30  can0  18FF2400#4D0E0000F0FFFFFF RX
2018-04-17 14:21:30  can0  18FF1610#55 TX
2018-04-17 14:21:31  can0  18FF2500#297300540100FCFF RX
2018-04-17 14:21:31  can0  18FF1610#55 TX
2018-04-17 14:21:31  can0  18FF2400#4D0E0000F0FFFFFF RX
2018-04-17 14:21:31  can0  18FF1610#55 TX
2018-04-17 14:21:32  can0  18FF2500#297300540100FCFF RX
2018-04-17 14:21:32  can0  18FF1610#55 TX
2018-04-17 14:21:32  can0  18FF2400#4D0E0000F0FFFFFF RX
2018-04-17 14:21:32  can0  18FF1610#55 TX
2018-04-17 14:21:33  can0  18FF2500#297300540100FCFF RX
2018-04-17 14:21:33  can0  18FF1610#55 TX
2018-04-17 14:21:33  can0  18FF2400#4D0E0000F0FFFFFF RX
2018-04-17 14:21:33  can0  18FF1610#55 TX
2018-04-17 14:21:34  can0  18FF2500#297300540100FCFF RX
2018-04-17 14:21:34  can0  18FF1610#55 TX
2018-04-17 14:21:34  can0  18FF2400#4D0E0000F0FFFFFF RX
2018-04-17 14:21:34  can0  18FF1610#55 TX
2018-04-17 14:21:35  can0  18FF2500#297300540100FCFF RX
2018-04-17 14:21:35  can0  18FF1610#55 TX
2018-04-17 14:21:35  can0  18FF2400#4D0E0000F0FFFFFF RX
2018-04-17 14:21:35  can0  18FF1610#55 TX
2018-04-17 14:21:36  can0  18FF2500#297300540100FCFF RX
2018-04-17 14:21:36  can0  18FF1610#55 TX
2018-04-17 14:21:36  can0  18FF2400#4D0E0000F0FFFFFF RX
2018-04-17 14:21:36  can0  18FF1610#55 TX
2018-04-17 14:21:36  can0  18FF2300#60029800AB0300FF RX
2018-04-17 14:21:36  can0  18FF1610#55 TX
2018-04-17 14:21:37  can0  18FF2500#297300540100FCFF RX
2018-04-17 14:21:37  can0  18FF1610#55 TX
2018-04-17 14:21:37  can0  18FF2400#4D0E0000F0FFFFFF RX
2018-04-17 14:21:37  can0  18FF1610#55 TX
2018-04-17 14:21:38  can0  18FF2500#297300540100FCFF RX
2018-04-17 14:21:38  can0  18FF1610#55 TX
2018-04-17 14:21:38  can0  18FF2400#4D0E0000F0FFFFFF RX
2018-04-17 14:21:38  can0  18FF1610#55 TX
2018-04-17 14:21:39  can0  18FF2500#297300540100FCFF RX
2018-04-17 14:21:39  can0  18FF1610#55 TX
2018-04-17 14:21:39  can0  18FF2400#4D0E0000F0FFFFFF RX
2018-04-17 14:21:39  can0  18FF1610#55 TX
2018-04-17 14:21:40  can0  18FF2500#297300540100FCFF RX
2018-04-17 14:21:40  can0  18FF1610#55 TX
2018-04-17 14:21:40  can0  18FF2400#4D0E0000F0FFFFFF RX
2018-04-17 14:21:40  can0  18FF1610#55 TX
2018-04-17 14:21:41  can0  18FF2500#297300540100FCFF RX
2018-04-17 14:21:41  can0  18FF1610#55 TX
2018-04-17 14:21:41  can0  18FF2400#4D0E0000F0FFFFFF RX
2018-04-17 14:21:41  can0  18FF1610#55 TX
2018-04-17 14:21:42  can0  18FF2500#297300540100FCFF RX
2018-04-17 14:21:42  can0  18FF1610#55 TX
2018-04-17 14:21:42  can0  18FF2400#4D0E0000F0FFFFFF RX
2018-04-17 14:21:42  can0  18FF1610#55 TX
2018-04-17 14:21:43  can0  18FF2500#297300540100FCFF RX
2018-04-17 14:21:43  can0  18FF1610#55 TX
2018-04-17 14:21:43  can0  18FF2400#4D0E0000F0FFFFFF RX
2018-04-17 14:21:43  can0  18FF1610#55 TX
2018-04-17 14:21:44  can0  18FF2500#297300540100FCFF RX
2018-04-17 14:21:44  can0  18FF1610#55 TX
2018-04-17 14:21:44  can0  18FF2400#4D0E0000F0FFFFFF RX
2018-04-17 14:21:44  can0  18FF1610#55 TX
2018-04-17 14:21:45  can0  18FF2500#297300540100FCFF RX
2018-04-17 14:21:45  can0  18FF1610#55 TX
2018-04-17 14:21:45  can0  18FF2400#4D0E0000F0FFFFFF RX
2018-04-17 14:21:45  can0  18FF1610#55 TX
2018-04-17 14:21:46  can0  18FF2500#297300540100FCFF RX
2018-04-17 14:21:46  can0  18FF1610#55 TX
2018-04-17 14:21:46  can0  18FF2400#4D0E0000F0FFFFFF RX
2018-04-17 14:21:46  can0  18FF1610#55 TX
2018-04-17 14:21:47  can0  18FF2500#297300540100FCFF RX
2018-04-17 14:21:47  can0  18FF1610#55 TX
2018-04-17 14:21:47  can0  18FF2400#4D0E0000F0FFFFFF RX
2018-04-17 14:21:47  can0  18FF1610#55 TX
2018-04-17 14:21:48  can0  18FF2500#297300540100FCFF RX
2018-04-17 14:21:48  can0  18FF1610#55 TX
2018-04-17 14:21:48  can0  18FF2400#4D0E0000F0FFFFFF RX
2018-04-17 14:21:48  can0  18FF1610#55 TX
2018-04-17 14:21:49  can0  18FF2500#297300540100FCFF RX
2018-04-17 14:21:49  can0  18FF1610#55 TX
2018-04-17 14:21:49  can0  18FF2400#4D0E0000F0FFFFFF RX
2018-04-17 14:21:49  can0  18FF1610#55 TX
2018-04-17 14:21:50  can0  18FF2500#297300540100FCFF RX
2018-04-17 14:21:50  can0  18FF1610#55 TX
2018-04-17 14:21:50  can0  18FF2400#4D0E0000F0FFFFFF RX
2018-04-17 14:21:50  can0  18FF1610#55 TX
2018-04-17 14:21:51  can0  18FF2500#297300540100FCFF RX
2018-04-17 14:21:51  can0  18FF1610#55 TX
2018-04-17 14:21:51  can0  18FF2400#4D0E0000F0FFFFFF RX
2018-04-17 14:21:51  can0  18FF1610#55 TX
2018-04-17 14:21:52  can0  18FF2500#297300540100FCFF RX
2018-04-17 14:21:52  can0  18FF1610#55 TX
2018-04-17 14:21:52  can0  18FF2400#4D0E0000F0FFFFFF RX
2018-04-17 14:21:52  can0  18FF1610#55 TX
2018-04-17 14:21:53  can0  18FF2500#297300540100FCFF RX
2018-04-17 14:21:53  can0  18FF1610#55 TX
2018-04-17 14:21:53  can0  18FF2400#4D0E0000F0FFFFFF RX
2018-04-17 14:21:53  can0  18FF1610#55 TX
2018-04-17 14:21:54  can0  18FF2500#297300540100FCFF RX
2018-04-17 14:21:54  can0  18FF1610#55 TX
2018-04-17 14:21:54  can0  18FF2400#4D0E0000F0FFFFFF RX
2018-04-17 14:21:54  can0  18FF1610#55 TX
2018-04-17 14:21:55  can0  18FF2500#297300540100FCFF RX
2018-04-17 14:21:55  can0  18FF1610#55 TX
2018-04-17 14:21:55  can0  18FF2400#4D0E0000F0FFFFFF RX
2018-04-17 14:21:55  can0  18FF1610#55 TX
2018-04-17 14:21:56  can0  18FF2500#297300540100FCFF RX
2018-04-17 14:21:56  can0  18FF1610#55 TX
2018-04-17 14:21:56  can0  18FF2400#4D0E0000F0FFFFFF RX
2018-04-17 14:21:56  can0  18FF1610#55 TX
2018-04-17 14:21:57  can0  18FF2500#297300540100FCFF RX
2018-04-17 14:21:57  can0  18FF1610#55 TX
2018-04-17 14:21:57  can0  18FF2400#4D0E0000F0FFFFFF RX
2018-04-17 14:21:57  can0  18FF1610#55 TX
2018-04-17 14:21:58  can0  18FF2500#297300540100FCFF RX
2018-04-17 14:21:58  can0  18FF1610#55 TX
2018-04-17 14:21:58  can0  18FF2400#4D0E0000F0FFFFFF RX
2018-04-17 14:21:58  can0  18FF1610#55 TX
2018-04-17 14:21:59  can0  18FF2500#297300540100FCFF RX
2018-04-17 14:21:59  can0  18FF1610#55 TX
2018-04-17 14:21:59  can0  18FF2400#4D0E0000F0FFFFFF RX
2018-04-17 14:21:59  can0  18FF1610#55 TX
2018-04-17 14:22:00  can0  18FF2500#297300540100FCFF RX
2018-04-17 14:22:00  can0  18FF1610#55 TX
2018-04-17 14:22:00  can0  18FF2400#4D0E0000F0FFFFFF RX
2018-04-17 14:22:00  can0  18FF1610#55 TX
2018-04-17 14:22:01  can0  18FF2500#297300540100FCFF RX
2018-04-17 14:22:01  can0  18FF1610#55 TX
2018-04-17 14:22:01  can0  18FF2400#4D0E0000F0FFFFFF RX
2018-04-17 14:22:01  can0  18FF1610#55 TX
2018-04-17 14:22:02  can0  18FF2500#297300540100FCFF RX
2018-04-17 14:22:02  can0  18FF1610#55 TX
2018-04-17 14:22:02  can0  18FF2400#4D0E0000F0FFFFFF RX
2018-04-17 14:22:02  can0  18FF1610#55 TX
2018-04-17 14:22:03  can0  18FF2500#297300540100FCFF RX
2018-04-17 14:22:03  can0  18FF1610#55 TX
2018-04-17 14:22:03  can0  18FF2400#4D0E0000F0FFFFFF RX
2018-04-17 14:22:03  can0  18FF1610#55 TX
2018-04-17 14:22:04  can0  18FF2500#297300540100FCFF RX
2018-04-17 14:22:04  can0  18FF1610#55 TX
2018-04-17 14:22:04  can0  18FF2400#4D0E0000F0FFFFFF RX
2018-04-17 14:22:04  can0  18FF1610#55 TX
2018-04-17 14:22:05  can0  18FF2500#297300540100FCFF RX
2018-04-17 14:22:05  can0  18FF1610#55 TX
2018-04-17 14:22:05  can0  18FF2400#4D0E0000F0FFFFFF RX
2018-04-17 14:22:05  can0  18FF1610#55 TX
2018-04-17 14:22:06  can0  18FF2500#297300540100FCFF RX
2018-04-17 14:22:06  can0  18FF1610#55 TX
2018-04-17 14:22:06  can0  18FF2400#4D0E0000F0FFFFFF RX
2018-04-17 14:22:06  can0  18FF1610#55 TX
2018-04-17 14:22:07  can0  18FF2500#297300540100FCFF RX
2018-04-17 14:22:07  can0  18FF1610#55 TX
2018-04-17 14:22:07  can0  18FF2400#4D0E0000F0FFFFFF RX
2018-04-17 14:22:07  can0  18FF1610#55 TX
2018-04-17 14:22:08  can0  18FF2500#297300540100FCFF RX
2018-04-17 14:22:08  can0  18FF1610#55 TX
2018-04-17 14:22:08  can0  18FF2400#4D0E0000F0FFFFFF RX
2018-04-17 14:22:08  can0  18FF1610#55 TX
2018-04-17 14:22:09  can0  18FF2500#297300540100FCFF RX
2018-04-17 14:22:09  can0  18FF1610#55 TX
2018-04-17 14:22:09  can0  18FF2400#4D0E0000F0FFFFFF RX
2018-04-17 14:22:09  can0  18FF1610#55 TX
2018-04-17 14:22:10  can0  18FF2500#297300540100FCFF RX
2018-04-17 14:22:10  can0  18FF1610#55 TX
2018-04-17 14:22:10  can0  18FF2400#4D0E0000F0FFFFFF RX
2018-04-17 14:22:10  can0  18FF1610#55 TX
2018-04-17 14:22:11  can0  18FF2500#297300540100FCFF RX
2018-04-17 14:22:11  can0  18FF1610#55 TX
2018-04-17 14:22:11  can0  18FF2400#4D0E0000F0FFFFFF RX
2018-04-17 14:22:11  can0  18FF1610#55 TX
2018-04-17 14:22:12  can0  18FF2500#297300540100FCFF RX
2018-04-17 14:22:12  can0  18FF1610#55 TX
2018-04-17 14:22:12  can0  18FF2400#4D0E0000F0FFFFFF RX
2018-04-17 14:22:12  can0  18FF1610#55 TX
2018-04-17 14:22:13  can0  18FF2500#297300540100FCFF RX
2018-04-17 14:22:13  can0  18FF1610#55 TX
2018-04-17 14:22:13  can0  18FF2400#4D0E0000F0FFFFFF RX
2018-04-17 14:22:13  can0  18FF1610#55 TX
2018-04-17 14:22:14  can0  18FF2500#297300540100FCFF RX
2018-04-17 14:22:14  can0  18FF1610#55 TX
2018-04-17 14:22:14  can0  18FF2400#4D0E0000F0FFFFFF RX
2018-04-17 14:22:14  can0  18FF1610#55 TX
2018-04-17 14:22:15  can0  18FF1610#55 TX
No response from generator
Time Out Error: CAN line might be disconnected or generator can interface is down
Resetting CAN interface on server
2018-04-17 14:22:16  can0  18FF2500#297300540100FCFF RX
2018-04-17 14:22:16  can0  18FF1610#55 TX
2018-04-17 14:22:16  can0  18FF2400#4D0E0000F0FFFFFF RX
2018-04-17 14:22:16  can0  18FF1610#55 TX
2018-04-17 14:22:17  can0  18FF2500#297300540100FCFF RX
2018-04-17 14:22:17  can0  18FF1610#55 TX
2018-04-17 14:22:17  can0  18FF2400#4D0E0000F0FFFFFF RX
2018-04-17 14:22:17  can0  18FF1610#55 TX
2018-04-17 14:22:18  can0  18FF2500#297300540100FCFF RX
2018-04-17 14:22:18  can0  18FF1610#55 TX
2018-04-17 14:22:18  can0  18FF2400#4D0E0000F0FFFFFF RX
2018-04-17 14:22:18  can0  18FF1610#55 TX
2018-04-17 14:22:19  can0  18FF2500#297300540100FCFF RX
2018-04-17 14:22:19  can0  18FF1610#55 TX
2018-04-17 14:22:19  can0  18FF2400#4D0E0000F0FFFFFF RX
2018-04-17 14:22:19  can0  18FF1610#55 TX
2018-04-17 14:22:20  can0  18FF2500#297300540100FCFF RX
2018-04-17 14:22:20  can0  18FF1610#55 TX
2018-04-17 14:22:20  can0  18FF2400#4D0E0000F0FFFFFF RX
2018-04-17 14:22:20  can0  18FF1610#55 TX
2018-04-17 14:22:21  can0  18FF2500#297300540100FCFF RX
2018-04-17 14:22:21  can0  18FF1610#55 TX
2018-04-17 14:22:21  can0  18FF2400#4D0E0000F0FFFFFF RX
2018-04-17 14:22:21  can0  18FF1610#55 TX
2018-04-17 14:22:22  can0  18FF2500#297300540100FCFF RX
2018-04-17 14:22:22  can0  18FF1610#55 TX
2018-04-17 14:22:22  can0  18FF2400#4D0E0000F0FFFFFF RX
2018-04-17 14:22:22  can0  18FF1610#55 TX
2018-04-17 14:22:23  can0  18FF2500#297300540100FCFF RX
2018-04-17 14:22:23  can0  18FF1610#55 TX
2018-04-17 14:22:23  can0  18FF2400#4D0E0000F0FFFFFF RX
2018-04-17 14:22:23  can0  18FF1610#55 TX
2018-04-17 14:22:24  can0  18FF2500#297300540100FCFF RX
2018-04-17 14:22:24  can0  18FF1610#55 TX
2018-04-17 14:22:24  can0  18FF2400#4D0E0000F0FFFFFF RX
2018-04-17 14:22:24  can0  18FF1610#55 TX
2018-04-17 14:22:25  can0  18FF2500#297300540100FCFF RX
2018-04-17 14:22:25  can0  18FF1610#55 TX
2018-04-17 14:22:25  can0  18FF2400#4D0E0000F0FFFFFF RX
2018-04-17 14:22:25  can0  18FF1610#55 TX
2018-04-17 14:22:26  can0  18FF2500#297300540100FCFF RX
2018-04-17 14:22:26  can0  18FF1610#55 TX
2018-04-17 14:22:26  can0  18FF2400#4D0E0000F0FFFFFF RX
2018-04-17 14:22:26  can0  18FF1610#55 TX
2018-04-17 14:22:27  can0  18FF2500#297300540100FCFF RX
2018-04-17 14:22:27  can0  18FF1610#55 TX
2018-04-17 14:22:27  can0  18FF2400#4D0E0000F0FFFFFF RX
2018-04-17 14:22:27  can0  18FF1610#55 TX
2018-04-17 14:22:28  can0  18FF2500#297300540100FCFF RX
2018-04-17 14:22:28  can0  18FF1610#55 TX
2018-04-17 14:22:28  can0  18FF2400#4D0E0000F0FFFFFF RX
2018-04-17 14:22:28  can0  18FF1610#55 TX
2018-04-17 14:22:29  can0  18FF2500#297300540100FCFF RX
2018-04-17 14:22:29  can0  18FF1610#55 TX
2018-04-17 14:22:29  can0  18FF2400#4D0E0000F0FFFFFF RX
2018-04-17 14:22:29  can0  18FF1610#55 TX
2018-04-17 14:22:30  can0  18FF2500#297300540100FCFF RX
2018-04-17 14:22:30  can0  18FF1610#55 TX
2018-04-17 14:22:30  can0  18FF2400#4D0E0000F0FFFFFF RX
2018-04-17 14:22:30  can0  18FF1610#55 TX
2018-04-17 14:22:31  can0  18FF2500#297300540100FCFF RX
2018-04-17 14:22:31  can0  18FF1610#55 TX
2018-04-17 14:22:31  can0  18FF2400#4D0E0000F0FFFFFF RX
2018-04-17 14:22:31  can0  18FF1610#55 TX
2018-04-17 14:22:32  can0  18FF2500#297300540100FCFF RX
2018-04-17 14:22:32  can0  18FF1610#55 TX
2018-04-17 14:22:32  can0  18FF2400#4D0E0000F0FFFFFF RX
2018-04-17 14:22:32  can0  18FF1610#55 TX
2018-04-17 14:22:33  can0  18FF2500#297300540100FCFF RX
2018-04-17 14:22:33  can0  18FF1610#55 TX
2018-04-17 14:22:33  can0  18FF2400#4D0E0000F0FFFFFF RX
2018-04-17 14:22:33  can0  18FF1610#55 TX
2018-04-17 14:22:34  can0  18FF2500#297300540100FCFF RX
2018-04-17 14:22:34  can0  18FF1610#55 TX
2018-04-17 14:22:34  can0  18FF2400#4D0E0000F0FFFFFF RX
2018-04-17 14:22:34  can0  18FF1610#55 TX
2018-04-17 14:22:35  can0  18FF2500#297300540100FCFF RX
2018-04-17 14:22:35  can0  18FF1610#55 TX
2018-04-17 14:22:35  can0  18FF2400#4D0E0000F0FFFFFF RX
2018-04-17 14:22:35  can0  18FF1610#55 TX
2018-04-17 14:22:36  can0  18FF2500#297300540100FCFF RX
2018-04-17 14:22:36  can0  18FF1610#55 TX
2018-04-17 14:22:36  can0  18FF2400#4D0E0000F0FFFFFF RX
2018-04-17 14:22:36  can0  18FF1610#55 TX
2018-04-17 14:22:37  can0  18FF2500#297300540100FCFF RX
2018-04-17 14:22:37  can0  18FF1610#55 TX
2018-04-17 14:22:37  can0  18FF2400#4D0E0000F0FFFFFF RX
2018-04-17 14:22:37  can0  18FF1610#55 TX
2018-04-17 14:22:38  can0  18FF2500#297300540100FCFF RX
2018-04-17 14:22:38  can0  18FF1610#55 TX
2018-04-17 14:22:38  can0  18FF2400#4D0E0000F0FFFFFF RX
2018-04-17 14:22:38  can0  18FF1610#55 TX
2018-04-17 14:22:39  can0  18FF2500#297300540100FCFF RX
2018-04-17 14:22:39  can0  18FF1610#55 TX
2018-04-17 14:22:39  can0  18FF2400#4D0E0000F0FFFFFF RX
2018-04-17 14:22:39  can0  18FF1610#55 TX
2018-04-17 14:22:40  can0  18FF2500#297300540100FCFF RX
2018-04-17 14:22:40  can0  18FF1610#55 TX
2018-04-17 14:22:40  can0  18FF2400#4D0E0000F0FFFFFF RX
2018-04-17 14:22:40  can0  18FF1610#55 TX
2018-04-17 14:22:41  can0  18FF2500#297300540100FCFF RX
2018-04-17 14:22:41  can0  18FF1610#55 TX
2018-04-17 14:22:41  can0  18FF2400#4D0E0000F0FFFFFF RX
2018-04-17 14:22:41  can0  18FF1610#55 TX
2018-04-17 14:22:42  can0  18FF2500#297300540100FCFF RX
2018-04-17 14:22:42  can0  18FF1610#55 TX
2018-04-17 14:22:42  can0  18FF2400#4D0E0000F0FFFFFF RX
2018-04-17 14:22:42  can0  18FF1610#55 TX
2018-04-17 14:22:43  can0  18FF2500#297300540100FCFF RX
2018-04-17 14:22:43  can0  18FF1610#55 TX
2018-04-17 14:22:43  can0  18FF2400#4D0E0000F0FFFFFF RX
2018-04-17 14:22:43  can0  18FF1610#55 TX
2018-04-17 14:22:44  can0  18FF2500#297300540100FCFF RX
2018-04-17 14:22:44  can0  18FF1610#55 TX
2018-04-17 14:22:44  can0  18FF2400#4D0E0000F0FFFFFF RX
2018-04-17 14:22:44  can0  18FF1610#55 TX
2018-04-17 14:22:45  can0  18FF2500#297300540100FCFF RX
2018-04-17 14:22:45  can0  18FF1610#55 TX
2018-04-17 14:22:45  can0  18FF2400#4D0E0000F0FFFFFF RX
2018-04-17 14:22:45  can0  18FF1610#55 TX
2018-04-17 14:22:46  can0  18FF2500#297300540100FCFF RX
2018-04-17 14:22:46  can0  18FF1610#55 TX
2018-04-17 14:22:46  can0  18FF2400#4D0E0000F0FFFFFF RX
2018-04-17 14:22:46  can0  18FF1610#55 TX
2018-04-17 14:22:47  can0  18FF2500#297300540100FCFF RX
2018-04-17 14:22:47  can0  18FF1610#55 TX
2018-04-17 14:22:47  can0  18FF2400#4D0E0000F0FFFFFF RX
2018-04-17 14:22:47  can0  18FF1610#55 TX
2018-04-17 14:22:48  can0  18FF2500#297300540100FCFF RX
2018-04-17 14:22:48  can0  18FF1610#55 TX
2018-04-17 14:22:48  can0  18FF2400#4D0E0000F0FFFFFF RX
2018-04-17 14:22:48  can0  18FF1610#55 TX
2018-04-17 14:22:49  can0  18FF2500#297300540100FCFF RX
2018-04-17 14:22:49  can0  18FF1610#55 TX
2018-04-17 14:22:49  can0  18FF2400#4D0E0000F0FFFFFF RX
2018-04-17 14:22:49  can0  18FF1610#55 TX
2018-04-17 14:22:50  can0  18FF2500#297300540100FCFF RX
2018-04-17 14:22:50  can0  18FF1610#55 TX
2018-04-17 14:22:50  can0  18FF2400#4D0E0000F0FFFFFF RX
2018-04-17 14:22:50  can0  18FF1610#55 TX
2018-04-17 14:22:51  can0  18FF2500#297300540100FCFF RX
2018-04-17 14:22:51  can0  18FF1610#55 TX
2018-04-17 14:22:51  can0  18FF2400#4D0E0000F0FFFFFF RX
2018-04-17 14:22:51  can0  18FF1610#55 TX
2018-04-17 14:22:52  can0  18FF2500#297300540100FCFF RX
2018-04-17 14:22:52  can0  18FF1610#55 TX
2018-04-17 14:22:52  can0  18FF2400#4D0E0000F0FFFFFF RX
2018-04-17 14:22:52  can0  18FF1610#55 TX
2018-04-17 14:22:53  can0  18FF2500#297300540100FCFF RX
2018-04-17 14:22:53  can0  18FF1610#55 TX
2018-04-17 14:22:53  can0  18FF2400#4D0E0000F0FFFFFF RX
2018-04-17 14:22:53  can0  18FF1610#55 TX
2018-04-17 14:22:54  can0  18FF2500#297300540100FCFF RX
2018-04-17 14:22:54  can0  18FF1610#55 TX
2018-04-17 14:22:54  can0  18FF2400#4D0E0000F0FFFFFF RX
2018-04-17 14:22:54  can0  18FF1610#55 TX
2018-04-17 14:22:55  can0  18FF2500#297300540100FCFF RX
2018-04-17 14:22:55  can0  18FF1610#55 TX
2018-04-17 14:22:55  can0  18FF2400#4D0E0000F0FFFFFF RX
2018-04-17 14:22:55  can0  18FF1610#55 TX
2018-04-17 14:22:56  can0  18FF2500#297300540100FCFF RX
2018-04-17 14:22:56  can0  18FF1610#55 TX
2018-04-17 14:22:56  can0  18FF2400#4D0E0000F0FFFFFF RX
2018-04-17 14:22:56  can0  18FF1610#55 TX
2018-04-17 14:22:57  can0  18FF2500#297300540100FCFF RX
2018-04-17 14:22:57  can0  18FF1610#55 TX
2018-04-17 14:22:57  can0  18FF2400#4D0E0000F0FFFFFF RX
2018-04-17 14:22:57  can0  18FF1610#55 TX
2018-04-17 14:22:58  can0  18FF2500#297300540100FCFF RX
2018-04-17 14:22:58  can0  18FF1610#55 TX
2018-04-17 14:22:58  can0  18FF2400#4D0E0000F0FFFFFF RX
2018-04-17 14:22:58  can0  18FF1610#55 TX
2018-04-17 14:22:59  can0  18FF2500#297300540100FCFF RX
2018-04-17 14:22:59  can0  18FF1610#55 TX
2018-04-17 14:22:59  can0  18FF2400#4D0E0000F0FFFFFF RX
2018-04-17 14:22:59  can0  18FF1610#55 TX
2018-04-17 14:23:00  can0  18FF2500#297300540100FCFF RX
2018-04-17 14:23:00  can0  18FF1610#55 TX
2018-04-17 14:23:00  can0  18FF2400#4D0E0000F0FFFFFF RX
2018-04-17 14:23:00  can0  18FF1610#55 TX
2018-04-17 14:23:01  can0  18FF2500#297300540100FCFF RX
2018-04-17 14:23:01  can0  18FF1610#55 TX
2018-04-17 14:23:01  can0  18FF2400#4D0E0000F0FFFFFF RX
2018-04-17 14:23:01  can0  18FF1610#55 TX
2018-04-17 14:23:02  can0  18FF2500#297300540100FCFF RX
2018-04-17 14:23:02  can0  18FF1610#55 TX
2018-04-17 14:23:02  can0  18FF2400#4D0E0000F0FFFFFF RX
2018-04-17 14:23:02  can0  18FF1610#55 TX
2018-04-17 14:23:03  can0  18FF1610#55 TX
No response from generator
Time Out Error: CAN line might be disconnected or generator can interface is down
Resetting CAN interface on server
2018-04-17 14:23:04  can0  18FF2500#297300540100FCFF RX
2018-04-17 14:23:04  can0  18FF1610#55 TX
2018-04-17 14:23:04  can0  18FF2400#4D0E0000F0FFFFFF RX
2018-04-17 14:23:04  can0  18FF1610#55 TX
2018-04-17 14:23:05  can0  18FF2500#297300540100FCFF RX
2018-04-17 14:23:05  can0  18FF1610#55 TX
2018-04-17 14:23:05  can0  18FF2400#4D0E0000F0FFFFFF RX
2018-04-17 14:23:05  can0  18FF1610#55 TX
2018-04-17 14:23:06  can0  18FF2500#297300540100FCFF RX
2018-04-17 14:23:06  can0  18FF1610#55 TX
2018-04-17 14:23:06  can0  18FF2400#4D0E0000F0FFFFFF RX
2018-04-17 14:23:06  can0  18FF1610#55 TX
2018-04-17 14:23:07  can0  18FF2500#297300540100FCFF RX
2018-04-17 14:23:07  can0  18FF1610#55 TX
2018-04-17 14:23:07  can0  18FF2400#4D0E0000F0FFFFFF RX
2018-04-17 14:23:07  can0  18FF1610#55 TX
2018-04-17 14:23:08  can0  18FF2500#297300540100FCFF RX
2018-04-17 14:23:08  can0  18FF1610#55 TX
2018-04-17 14:23:08  can0  18FF2400#4D0E0000F0FFFFFF RX
2018-04-17 14:23:08  can0  18FF1610#55 TX
2018-04-17 14:23:09  can0  18FF2500#297300540100FCFF RX
2018-04-17 14:23:09  can0  18FF1610#55 TX
2018-04-17 14:23:09  can0  18FF2400#4D0E0000F0FFFFFF RX
2018-04-17 14:23:09  can0  18FF1610#55 TX
2018-04-17 14:23:10  can0  18FF2500#297300540100FCFF RX
2018-04-17 14:23:10  can0  18FF1610#55 TX
2018-04-17 14:23:10  can0  18FF2400#4D0E0000F0FFFFFF RX
2018-04-17 14:23:10  can0  18FF1610#55 TX
2018-04-17 14:23:11  can0  18FF2500#297300540100FCFF RX
2018-04-17 14:23:11  can0  18FF1610#55 TX
2018-04-17 14:23:11  can0  18FF2400#4D0E0000F0FFFFFF RX
2018-04-17 14:23:11  can0  18FF1610#55 TX
2018-04-17 14:23:12  can0  18FF2500#297300540100FCFF RX
2018-04-17 14:23:12  can0  18FF1610#55 TX
2018-04-17 14:23:12  can0  18FF2400#4D0E0000F0FFFFFF RX
2018-04-17 14:23:12  can0  18FF1610#55 TX
2018-04-17 14:23:13  can0  18FF2500#297300540100FCFF RX
2018-04-17 14:23:13  can0  18FF1610#55 TX
2018-04-17 14:23:13  can0  18FF2400#4D0E0000F0FFFFFF RX
2018-04-17 14:23:13  can0  18FF1610#55 TX
2018-04-17 14:23:14  can0  18FF2500#297300540100FCFF RX
2018-04-17 14:23:14  can0  18FF1610#55 TX
2018-04-17 14:23:14  can0  18FF2400#4D0E0000F0FFFFFF RX
2018-04-17 14:23:14  can0  18FF1610#55 TX
2018-04-17 14:23:15  can0  18FF2500#297300540100FCFF RX
2018-04-17 14:23:15  can0  18FF1610#55 TX
2018-04-17 14:23:15  can0  18FF2400#4D0E0000F0FFFFFF RX
2018-04-17 14:23:15  can0  18FF1610#55 TX
2018-04-17 14:23:16  can0  18FF2500#297300540100FCFF RX
