2018-04-17 14:30:18  can0  18FF1610#55 TX
2018-04-17 14:30:19  can0  18FF2500#297300540100FCFF RX
2018-04-17 14:30:19  can0  18FF1610#55 TX
2018-04-17 14:30:19  can0  18FF2400#4D0E0000F0FFFFFF RX
2018-04-17 14:30:19  can0  18FF1610#55 TX
2018-04-17 14:30:20  can0  18FF2500#297300540100FCFF RX
2018-04-17 14:30:20  can0  18FF1610#55 TX
2018-04-17 14:30:20  can0  18FF2400#4D0E0000F0FFFFFF RX
2018-04-17 14:30:20  can0  18FF1610#55 TX
2018-04-17 14:30:21  can0  18FF2500#297300540100FCFF RX
2018-04-17 14:30:21  can0  18FF1610#55 TX
2018-04-17 14:30:21  can0  18FF2400#4D0E0000F0FFFFFF RX
2018-04-17 14:30:21  can0  18FF1610#55 TX
2018-04-17 14:30:22  can0  18FF2500#297300540100FCFF RX
2018-04-17 14:30:22  can0  18FF1610#55 TX
2018-04-17 14:30:22  can0  18FF2400#4D0E0000F0FFFFFF RX
2018-04-17 14:30:22  can0  18FF1610#55 TX
2018-04-17 14:30:23  can0  18FF2500#297300540100FCFF RX
2018-04-17 14:30:23  can0  18FF1610#55 TX
2018-04-17 14:30:23  can0  18FF2400#4D0E0000F0FFFFFF RX
2018-04-17 14:30:23  can0  18FF1610#55 TX
2018-04-17 14:30:24  can0  18FF2500#297300540100FCFF RX
2018-04-17 14:30:24  can0  18FF1610#55 TX
2018-04-17 14:30:24  can0  18FF2400#4D0E0000F0FFFFFF RX
2018-04-17 14:30:24  can0  18FF1610#55 TX
2018-04-17 14:30:25  can0  18FF2500#297300540100FCFF RX
2018-04-17 14:30:25  can0  18FF1610#55 TX
2018-04-17 14:30:25  can0  18FF2400#4D0E0000F0FFFFFF RX
2018-04-17 14:30:25  can0  18FF1610#55 TX
2018-04-17 14:30:26  can0  18FF2500#297300540100FCFF RX
2018-04-17 14:30:26  can0  18FF1610#55 TX
2018-04-17 14:30:26  can0  18FF2400#4D0E0000F0FFFFFF RX
2018-04-17 14:30:26  can0  18FF1610#55 TX
2018-04-17 14:30:27  can0  18FF2500#297300540100FCFF RX
2018-04-17 14:30:27  can0  18FF1610#55 TX
2018-04-17 14:30:27  can0  18FF2400#4D0E0000F0FFFFFF RX
2018-04-17 14:30:27  can0  18FF1610#55 TX
2018-04-17 14:30:28  can0  18FF2500#297300540100FCFF RX
2018-04-17 14:30:28  can0  18FF1610#55 TX
2018-04-17 14:30:28  can0  18FF2400#4D0E0000F0FFFFFF RX
2018-04-17 14:30:28  can0  18FF1610#55 TX
2018-04-17 14:30:29  can0  18FF1720#21FFFFFFFFFFFFFF RX
2018-04-17 14:30:29  can0  18FF1610#55 TX
2018-04-17 14:30:29  can0  18FF2420#4D0E0000F0FFFFFF RX
2018-04-17 14:30:29  can0  18FF1610#55 TX
2018-04-17 14:30:30  can0  18FF1720#21FFFFFFFFFFFFFF RX
2018-04-17 14:30:30  can0  18FF1610#55 TX
2018-04-17 14:30:30  can0  18FF2420#4D0E0000F0FFFFFF RX
2018-04-17 14:30:30  can0  18FF1610#55 TX
2018-04-17 14:30:31  can0  18FF1720#21FFFFFFFFFFFFFF RX
2018-04-17 14:30:31  can0  18FF1610#55 TX
2018-04-17 14:30:31  can0  18FF2420#4D0E0000F0FFFFFF RX
2018-04-17 14:30:31  can0  18FF1610#55 TX
2018-04-17 14:30:32  can0  18FF1720#21FFFFFFFFFFFFFF RX
2018-04-17 14:30:32  can0  18FF1610#55 TX
2018-04-17 14:30:32  can0  18FF2420#4D0E0000F0FFFFFF RX
2018-04-17 14:30:32  can0  18FF1610#55 TX
2018-04-17 14:30:33  can0  18FF1720#21FFFFFFFFFFFFFF RX
2018-04-17 14:30:33  can0  18FF1610#55 TX
2018-04-17 14:30:33  can0  18FF2420#4D0E0000F0FFFFFF RX
2018-04-17 14:30:33  can0  18FF1610#55 TX
2018-04-17 14:30:34  can0  18FF1720#21FFFFFFFFFFFFFF RX
2018-04-17 14:30:34  can0  18FF1610#55 TX
2018-04-17 14:30:34  can0  18FF2420#4D0E0000F0FFFFFF RX
2018-04-17 14:30:34  can0  18FF1610#55 TX
2018-04-17 14:30:35  can0  18FF1720#21FFFFFFFFFFFFFF RX
2018-04-17 14:30:35  can0  18FF1610#55 TX
2018-04-17 14:30:35  can0  18FF2420#4D0E0000F0FFFFFF RX
2018-04-17 14:30:35  can0  18FF1610#55 TX
2018-04-17 14:30:36  can0  18FF1720#21FFFFFFFFFFFFFF RX
2018-04-17 14:30:36  can0  18FF1610#55 TX
2018-04-17 14:30:36  can0  18FF2420#4D0E0000F0FFFFFF RX
2018-04-17 14:30:36  can0  18FF1610#55 TX
2018-04-17 14:30:37  can0  18FF1720#21FFFFFFFFFFFFFF RX
2018-04-17 14:30:37  can0  18FF1610#55 TX
2018-04-17 14:30:37  can0  18FF2420#4D0E0000F0FFFFFF RX
2018-04-17 14:30:37  can0  18FF1610#55 TX
2018-04-17 14:30:37  can0  18FF2320#60029800AB0300FF RX
2018-04-17 14:30:37  can0  18FF1610#55 TX
2018-04-17 14:30:38  can0  18FF1720#21FFFFFFFFFFFFFF RX
2018-04-17 14:30:38  can0  18FF1610#55 TX
2018-04-17 14:30:38  can0  18FF2420#4D0E0000F0FFFFFF RX
2018-04-17 14:30:38  can0  18FF1610#55 TX
2018-04-17 14:30:39  can0  18FF1720#21FFFFFFFFFFFFFF RX
2018-04-17 14:30:39  can0  18FF1610#55 TX
2018-04-17 14:30:39  can0  18FF2420#4D0E0000F0FFFFFF RX
2018-04-17 14:30:39  can0  18FF1610#55 TX
2018-04-17 14:30:40  can0  18FF1720#21FFFFFFFFFFFFFF RX
2018-04-17 14:30:40  can0  18FF1610#55 TX
2018-04-17 14:30:40  can0  18FF2420#4D0E0000F0FFFFFF RX
2018-04-17 14:30:40  can0  18FF1610#55 TX
2018-04-17 14:30:41  can0  18FF1720#21FFFFFFFFFFFFFF RX
2018-04-17 14:30:41  can0  18FF1610#55 TX
2018-04-17 14:30:41  can0  18FF2420#4D0E0000F0FFFFFF RX
2018-04-17 14:30:41  can0  18FF1610#55 TX
2018-04-17 14:30:42  can0  18FF1720#21FFFFFFFFFFFFFF RX
2018-04-17 14:30:42  can0  18FF1610#55 TX
2018-04-17 14:30:42  can0  18FF2420#4D0E0000F0FFFFFF RX
2018-04-17 14:30:42  can0  18FF1610#55 TX
2018-04-17 14:30:43  can0  18FF1720#21FFFFFFFFFFFFFF RX
2018-04-17 14:30:43  can0  18FF1610#55 TX
2018-04-17 14:30:43  can0  18FF2420#4D0E0000F0FFFFFF RX
2018-04-17 14:30:43  can0  18FF1610#55 TX
2018-04-17 14:30:44  can0  18FF1720#21FFFFFFFFFFFFFF RX
2018-04-17 14:30:44  can0  18FF1610#55 TX
2018-04-17 14:30:44  can0  18FF2420#4D0E0000F0FFFFFF RX
2018-04-17 14:30:44  can0  18FF1610#55 TX
2018-04-17 14:30:45  can0  18FF1720#21FFFFFFFFFFFFFF RX
2018-04-17 14:30:45  can0  18FF1610#55 TX
2018-04-17 14:30:45  can0  18FF2420#4D0E0000F0FFFFFF RX
2018-04-17 14:30:45  can0  18FF1610#55 TX
2018-04-17 14:30:46  can0  18FF1720#21FFFFFFFFFFFFFF RX
2018-04-17 14:30:46  can0  18FF1610#55 TX
2018-04-17 14:30:46  can0  18FF2420#4D0E0000F0FFFFFF RX
2018-04-17 14:30:46  can0  18FF1610#55 TX
2018-04-17 14:30:47  can0  18FF1720#21FFFFFFFFFFFFFF RX
2018-04-17 14:30:47  can0  18FF1610#55 TX
2018-04-17 14:30:47  can0  18FF2420#4D0E0000F0FFFFFF RX
2018-04-17 14:30:47  can0  18FF1610#55 TX
2018-04-17 14:30:48  can0  18FF1720#21FFFFFFFFFFFFFF RX
2018-04-17 14:30:48  can0  18FF1610#55 TX
2018-04-17 14:30:48  can0  18FF2420#4D0E0000F0FFFFFF RX
2018-04-17 14:30:48  can0  18FF1610#55 TX
2018-04-17 14:30:49  can0  18FF1720#21FFFFFFFFFFFFFF RX
2018-04-17 14:30:49  can0  18FF1610#55 TX
2018-04-17 14:30:49  can0  18FF2420#4D0E0000F0FFFFFF RX
2018-04-17 14:30:49  can0  18FF1610#55 TX
2018-04-17 14:30:50  can0  18FF1720#21FFFFFFFFFFFFFF RX
2018-04-17 14:30:50  can0  18FF1610#55 TX
2018-04-17 14:30:50  can0  18FF2420#4D0E0000F0FFFFFF RX
2018-04-17 14:30:50  can0  18FF1610#55 TX
2018-04-17 14:30:51  can0  18FF1720#21FFFFFFFFFFFFFF RX
2018-04-17 14:30:51  can0  18FF1610#55 TX
2018-04-17 14:30:51  can0  18FF2420#4D0E0000F0FFFFFF RX
2018-04-17 14:30:51  can0  18FF1610#55 TX
2018-04-17 14:30:52  can0  18FF1720#21FFFFFFFFFFFFFF RX
2018-04-17 14:30:52  can0  18FF1610#55 TX
2018-04-17 14:30:52  can0  18FF2420#4D0E0000F0FFFFFF RX
2018-04-17 14:30:52  can0  18FF1610#55 TX
2018-04-17 14:30:53  can0  18FF1720#21FFFFFFFFFFFFFF RX
2018-04-17 14:30:53  can0  18FF1610#55 TX
2018-04-17 14:30:53  can0  18FF2420#4D0E0000F0FFFFFF RX
2018-04-17 14:30:53  can0  18FF1610#55 TX
2018-04-17 14:30:54  can0  18FF1720#21FFFFFFFFFFFFFF RX
2018-04-17 14:30:54  can0  18FF1610#55 TX
2018-04-17 14:30:54  can0  18FF2420#4D0E0000F0FFFFFF RX
2018-04-17 14:30:54  can0  18FF1610#55 TX
2018-04-17 14:30:55  can0  18FF1720#21FFFFFFFFFFFFFF RX
2018-04-17 14:30:55  can0  18FF1610#55 TX
2018-04-17 14:30:55  can0  18FF2420#4D0E0000F0FFFFFF RX
2018-04-17 14:30:55  can0  18FF1610#55 TX
2018-04-17 14:30:56  can0  18FF1720#21FFFFFFFFFFFFFF RX
2018-04-17 14:30:56  can0  18FF1610#55 TX
2018-04-17 14:30:56  can0  18FF2420#4D0E0000F0FFFFFF RX
2018-04-17 14:30:56  can0  18FF1610#55 TX
2018-04-17 14:30:57  can0  18FF1720#21FFFFFFFFFFFFFF RX
2018-04-17 14:30:57  can0  18FF1610#55 TX
2018-04-17 14:30:57  can0  18FF2420#4D0E0000F0FFFFFF RX
2018-04-17 14:30:57  can0  18FF1610#55 TX
2018-04-17 14:30:58  can0  18FF1720#21FFFFFFFFFFFFFF RX
2018-04-17 14:30:58  can0  18FF1610#65 TX
2018-04-17 14:30:58  can0  18FF2420#4D0E0000F0FFFFFF RX
2018-04-17 14:30:58  can0  18FF1610#65 TX
2018-04-17 14:30:59  can0  18FF1720#21FFFFFFFFFFFFFF RX
2018-04-17 14:30:59  can0  18FF1610#65 TX
2018-04-17 14:30:59  can0  18FF2420#4D0E0000F0FFFFFF RX
2018-04-17 14:30:59  can0  18FF1610#65 TX
2018-04-17 14:31:00  can0  18FF1610#65 TX
No response from generator
Time Out Error: CAN line might be disconnected or generator can interface is down
Resetting CAN interface on server
2018-04-17 14:31:01  can0  18FF1720#27FFFFFFFFFFFFFF RX
2018-04-17 14:31:01  can0  18FF1610#65 TX
2018-04-17 14:31:01  can0  18FF2420#4D0E0000F0FFFFFF RX
2018-04-17 14:31:01  can0  18FF1610#65 TX
2018-04-17 14:31:02  can0  18FF1720#27FFFFFFFFFFFFFF RX
2018-04-17 14:31:02  can0  18FF1610#65 TX
2018-04-17 14:31:02  can0  18FF2420#4D0E0000F0FFFFFF RX
2018-04-17 14:31:02  can0  18FF1610#65 TX
2018-04-17 14:31:03  can0  18FF1720#27FFFFFFFFFFFFFF RX
2018-04-17 14:31:03  can0  18FF1610#65 TX
2018-04-17 14:31:03  can0  18FF2420#4D0E0000F0FFFFFF RX
2018-04-17 14:31:03  can0  18FF1610#65 TX
2018-04-17 14:31:04  can0  18FF1720#27FFFFFFFFFFFFFF RX
2018-04-17 14:31:04  can0  18FF1610#65 TX
2018-04-17 14:31:04  can0  18FF2420#4D0E0000F0FFFFFF RX
2018-04-17 14:31:04  can0  18FF1610#65 TX
2018-04-17 14:31:05  can0  18FF1720#27FFFFFFFFFFFFFF RX
2018-04-17 14:31:05  can0  18FF1610#65 TX
2018-04-17 14:31:05  can0  18FF2420#4D0E0000F0FFFFFF RX
2018-04-17 14:31:05  can0  18FF1610#65 TX
2018-04-17 14:31:06  can0  18FF1720#27FFFFFFFFFFFFFF RX
2018-04-17 14:31:06  can0  18FF1610#65 TX
2018-04-17 14:31:06  can0  18FF2420#4D0E0000F0FFFFFF RX
2018-04-17 14:31:06  can0  18FF1610#65 TX
2018-04-17 14:31:07  can0  18FF1720#27FFFFFFFFFFFFFF RX
2018-04-17 14:31:07  can0  18FF1610#65 TX
2018-04-17 14:31:07  can0  18FF2420#4D0E0000F0FFFFFF RX
2018-04-17 14:31:07  can0  18FF1610#65 TX
2018-04-17 14:31:08  can0  18FF1720#27FFFFFFFFFFFFFF RX
2018-04-17 14:31:08  can0  18FF1610#65 TX
2018-04-17 14:31:08  can0  18FF2420#4D0E0000F0FFFFFF RX
2018-04-17 14:31:08  can0  18FF1610#65 TX
2018-04-17 14:31:09  can0  18FF1720#27FFFFFFFFFFFFFF RX
2018-04-17 14:31:09  can0  18FF1610#65 TX
2018-04-17 14:31:09  can0  18FF2420#4D0E0000F0FFFFFF RX
2018-04-17 14:31:09  can0  18FF1610#65 TX
2018-04-17 14:31:10  can0  18FF1720#27FFFFFFFFFFFFFF RX
2018-04-17 14:31:10  can0  18FF1610#65 TX
2018-04-17 14:31:10  can0  18FF2420#4D0E0000F0FFFFFF RX
2018-04-17 14:31:10  can0  18FF1610#65 TX
2018-04-17 14:31:11  can0  18FF1720#27FFFFFFFFFFFFFF RX
2018-04-17 14:31:11  can0  18FF1610#65 TX
2018-04-17 14:31:11  can0  18FF2420#4D0E0000F0FFFFFF RX
2018-04-17 14:31:11  can0  18FF1610#65 TX
2018-04-17 14:31:12  can0  18FF1720#27FFFFFFFFFFFFFF RX
2018-04-17 14:31:12  can0  18FF1610#65 TX
2018-04-17 14:31:12  can0  18FF2420#4D0E0000F0FFFFFF RX
2018-04-17 14:31:12  can0  18FF1610#65 TX
2018-04-17 14:31:13  can0  18FF1720#27FFFFFFFFFFFFFF RX
2018-04-17 14:31:13  can0  18FF1610#65 TX
2018-04-17 14:31:13  can0  18FF2420#4D0E0000F0FFFFFF RX
2018-04-17 14:31:13  can0  18FF1610#65 TX
2018-04-17 14:31:14  can0  18FF1720#27FFFFFFFFFFFFFF RX
2018-04-17 14:31:14  can0  18FF1610#65 TX
2018-04-17 14:31:14  can0  18FF2420#4D0E0000F0FFFFFF RX
2018-04-17 14:31:14  can0  18FF1610#65 TX
2018-04-17 14:31:15  can0  18FF1720#27FFFFFFFFFFFFFF RX
2018-04-17 14:31:15  can0  18FF1610#65 TX
2018-04-17 14:31:15  can0  18FF2420#4D0E0000F0FFFFFF RX
2018-04-17 14:31:15  can0  18FF1610#65 TX
2018-04-17 14:31:16  can0  18FF1720#27FFFFFFFFFFFFFF RX
2018-04-17 14:31:16  can0  18FF1610#65 TX
2018-04-17 14:31:16  can0  18FF2420#4D0E0000F0FFFFFF RX
2018-04-17 14:31:16  can0  18FF1610#65 TX
2018-04-17 14:31:17  can0  18FF1720#27FFFFFFFFFFFFFF RX
2018-04-17 14:31:17  can0  18FF1610#65 TX
2018-04-17 14:31:17  can0  18FF2420#4D0E0000F0FFFFFF RX
2018-04-17 14:31:17  can0  18FF1610#65 TX
2018-04-17 14:31:18  can0  18FF1720#27FFFFFFFFFFFFFF RX
2018-04-17 14:31:18  can0  18FF1610#65 TX
2018-04-17 14:31:18  can0  18FF2420#4D0E0000F0FFFFFF RX
2018-04-17 14:31:18  can0  18FF1610#65 TX
2018-04-17 14:31:19  can0  18FF1720#27FFFFFFFFFFFFFF RX
2018-04-17 14:31:19  can0  18FF1610#65 TX
2018-04-17 14:31:19  can0  18FF2420#4D0E0000F0FFFFFF RX
2018-04-17 14:31:19  can0  18FF1610#65 TX
2018-04-17 14:31:20  can0  18FF2500#297300440100FCFF RX
2018-04-17 14:31:20  can0  18FF1610#65 TX
2018-04-17 14:31:20  can0  18FF2400#4D0E0000F0FFFFFF RX
2018-04-17 14:31:20  can0  18FF1610#65 TX
2018-04-17 14:31:21  can0  18FF2500#297300540100FCFF RX
2018-04-17 14:31:21  can0  18FF1610#65 TX
2018-04-17 14:31:21  can0  18FF2400#4D0E0000F0FFFFFF RX
2018-04-17 14:31:21  can0  18FF1610#65 TX
2018-04-17 14:31:22  can0  18FF2500#297300540100FCFF RX
2018-04-17 14:31:22  can0  18FF1610#65 TX
2018-04-17 14:31:22  can0  18FF2400#4D0E0000F0FFFFFF RX
2018-04-17 14:31:22  can0  18FF1610#65 TX
2018-04-17 14:31:23  can0  18FF2500#297300540100FCFF RX
2018-04-17 14:31:23  can0  18FF1610#65 TX
2018-04-17 14:31:23  can0  18FF2400#4D0E0000F0FFFFFF RX
2018-04-17 14:31:23  can0  18FF1610#65 TX
2018-04-17 14:31:24  can0  18FF2500#297300540100FCFF RX
2018-04-17 14:31:24  can0  18FF1610#65 TX
2018-04-17 14:31:24  can0  18FF2400#4D0E0000F0FFFFFF RX
2018-04-17 14:31:24  can0  18FF1610#65 TX
2018-04-17 14:31:25  can0  18FF2500#297300540100FCFF RX
2018-04-17 14:31:25  can0  18FF1610#65 TX
2018-04-17 14:31:25  can0  18FF2400#4D0E0000F0FFFFFF RX
2018-04-17 14:31:25  can0  18FF1610#65 TX
2018-04-17 14:31:26  can0  18FF2500#297300540100FCFF RX
2018-04-17 14:31:26  can0  18FF1610#65 TX
2018-04-17 14:31:26  can0  18FF2400#4D0E0000F0FFFFFF RX
2018-04-17 14:31:26  can0  18FF1610#65 TX
2018-04-17 14:31:27  can0  18FF2500#297300540100FCFF RX
2018-04-17 14:31:27  can0  18FF1610#65 TX
2018-04-17 14:31:27  can0  18FF2400#4D0E0000F0FFFFFF RX
2018-04-17 14:31:27  can0  18FF1610#65 TX
2018-04-17 14:31:28  can0  18FF2500#297300540100FCFF RX
2018-04-17 14:31:28  can0  18FF1610#65 TX
2018-04-17 14:31:28  can0  18FF2400#4D0E0000F0FFFFFF RX
2018-04-17 14:31:28  can0  18FF1610#65 TX
2018-04-17 14:31:29  can0  18FF2500#297300540100FCFF RX
2018-04-17 14:31:29  can0  18FF1610#65 TX
2018-04-17 14:31:29  can0  18FF2400#4D0E0000F0FFFFFF RX
2018-04-17 14:31:29  can0  18FF1610#65 TX
2018-04-17 14:31:30  can0  18FF2500#297300540100FCFF RX
2018-04-17 14:31:30  can0  18FF1610#65 TX
2018-04-17 14:31:30  can0  18FF2400#4D0E0000F0FFFFFF RX
2018-04-17 14:31:30  can0  18FF1610#65 TX
2018-04-17 14:31:31  can0  18FF2500#297300540100FCFF RX
2018-04-17 14:31:31  can0  18FF1610#65 TX
2018-04-17 14:31:31  can0  18FF2400#4D0E0000F0FFFFFF RX
2018-04-17 14:31:31  can0  18FF1610#65 TX
2018-04-17 14:31:32  can0  18FF2500#297300540100FCFF RX
2018-04-17 14:31:32  can0  18FF1610#65 TX
2018-04-17 14:31:32  can0  18FF2400#4D0E0000F0FFFFFF RX
2018-04-17 14:31:32  can0  18FF1610#65 TX
2018-04-17 14:31:33  can0  18FF2500#297300540100FCFF RX
2018-04-17 14:31:33  can0  18FF1610#65 TX
2018-04-17 14:31:33  can0  18FF2400#4D0E0000F0FFFFFF RX
2018-04-17 14:31:33  can0  18FF1610#65 TX
2018-04-17 14:31:34  can0  18FF2500#297300540100FCFF RX
2018-04-17 14:31:34  can0  18FF1610#65 TX
2018-04-17 14:31:34  can0  18FF2400#4D0E0000F0FFFFFF RX
2018-04-17 14:31:34  can0  18FF1610#65 TX
2018-04-17 14:31:35  can0  18FF2500#297300540100FCFF RX
2018-04-17 14:31:35  can0  18FF1610#65 TX
2018-04-17 14:31:35  can0  18FF2400#4D0E0000F0FFFFFF RX
2018-04-17 14:31:35  can0  18FF1610#65 TX
2018-04-17 14:31:36  can0  18FF2500#297300540100FCFF RX
2018-04-17 14:31:36  can0  18FF1610#65 TX
2018-04-17 14:31:36  can0  18FF2400#4D0E0000F0FFFFFF RX
2018-04-17 14:31:36  can0  18FF1610#65 TX
2018-04-17 14:31:37  can0  18FF2500#297300540100FCFF RX
2018-04-17 14:31:37  can0  18FF1610#65 TX
2018-04-17 14:31:37  can0  18FF2400#4D0E0000F0FFFFFF RX
2018-04-17 14:31:37  can0  18FF1610#65 TX
2018-04-17 14:31:38  can0  18FF2500#297300540100FCFF RX
2018-04-17 14:31:38  can0  18FF1610#65 TX
2018-04-17 14:31:38  can0  18FF2400#4D0E0000F0FFFFFF RX
2018-04-17 14:31:38  can0  18FF1610#65 TX
2018-04-17 14:31:39  can0  18FF2500#297300540100FCFF RX
2018-04-17 14:31:39  can0  18FF1610#65 TX
2018-04-17 14:31:39  can0  18FF2400#4D0E0000F0FFFFFF RX
2018-04-17 14:31:39  can0  18FF1610#65 TX
2018-04-17 14:31:40  can0  18FF2500#297300540100FCFF RX
2018-04-17 14:31:40  can0  18FF1610#65 TX
2018-04-17 14:31:40  can0  18FF2400#4D0E0000F0FFFFFF RX
2018-04-17 14:31:40  can0  18FF1610#65 TX
2018-04-17 14:31:41  can0  18FF2500#297300540100FCFF RX
2018-04-17 14:31:41  can0  18FF1610#65 TX
2018-04-17 14:31:41  can0  18FF2400#4D0E0000F0FFFFFF RX
2018-04-17 14:31:41  can0  18FF1610#65 TX
2018-04-17 14:31:42  can0  18FF2500#297300540100FCFF RX
2018-04-17 14:31:42  can0  18FF1610#65 TX
2018-04-17 14:31:42  can0  18FF2400#4D0E0000F0FFFFFF RX
2018-04-17 14:31:42  can0  18FF1610#65 TX
2018-04-17 14:31:43  can0  18FF2500#297300540100FCFF RX
2018-04-17 14:31:43  can0  18FF1610#65 TX
2018-04-17 14:31:43  can0  18FF2400#4A0E0000F0FFFFFF RX
2018-04-17 14:31:43  can0  18FF1610#65 TX
2018-04-17 14:31:44  can0  18FF2500#297300540100FCFF RX
2018-04-17 14:31:44  can0  18FF1610#65 TX
2018-04-17 14:31:44  can0  18FF2400#4A0E0000F0FFFFFF RX
2018-04-17 14:31:44  can0  18FF1610#65 TX
2018-04-17 14:31:45  can0  18FF2500#297300540100FCFF RX
2018-04-17 14:31:45  can0  18FF1610#65 TX
2018-04-17 14:31:45  can0  18FF2400#4A0E0000F0FFFFFF RX
2018-04-17 14:31:45  can0  18FF1610#65 TX
2018-04-17 14:31:46  can0  18FF2500#297300540100FCFF RX
2018-04-17 14:31:46  can0  18FF1610#65 TX
2018-04-17 14:31:46  can0  18FF2400#4A0E0000F0FFFFFF RX
2018-04-17 14:31:46  can0  18FF1610#65 TX
2018-04-17 14:31:47  can0  18FF2500#297300540100FCFF RX
2018-04-17 14:31:47  can0  18FF1610#65 TX
2018-04-17 14:31:47  can0  18FF2400#4A0E0000F0FFFFFF RX
2018-04-17 14:31:47  can0  18FF1610#65 TX
2018-04-17 14:31:48  can0  18FF2500#297300540100FCFF RX
2018-04-17 14:31:48  can0  18FF1610#65 TX
2018-04-17 14:31:48  can0  18FF2400#4A0E0000F0FFFFFF RX
2018-04-17 14:31:48  can0  18FF1610#65 TX
2018-04-17 14:31:49  can0  18FF2500#297300540100FCFF RX
2018-04-17 14:31:49  can0  18FF1610#65 TX
2018-04-17 14:31:49  can0  18FF2400#4A0E0000F0FFFFFF RX
2018-04-17 14:31:49  can0  18FF1610#65 TX
2018-04-17 14:31:50  can0  18FF2500#297300540100FCFF RX
2018-04-17 14:31:50  can0  18FF1610#65 TX
2018-04-17 14:31:50  can0  18FF2400#4A0E0000F0FFFFFF RX
2018-04-17 14:31:50  can0  18FF1610#65 TX
2018-04-17 14:31:51  can0  18FF2500#297300540100FCFF RX
2018-04-17 14:31:51  can0  18FF1610#65 TX
2018-04-17 14:31:51  can0  18FF2400#4A0E0000F0FFFFFF RX
2018-04-17 14:31:51  can0  18FF1610#65 TX
2018-04-17 14:31:52  can0  18FF2500#297300540100FCFF RX
2018-04-17 14:31:52  can0  18FF1610#65 TX
2018-04-17 14:31:52  can0  18FF2400#4A0E0000F0FFFFFF RX
2018-04-17 14:31:52  can0  18FF1610#65 TX
2018-04-17 14:31:53  can0  18FF2500#297300540100FCFF RX
2018-04-17 14:31:53  can0  18FF1610#65 TX
2018-04-17 14:31:53  can0  18FF2400#4A0E0000F0FFFFFF RX
2018-04-17 14:31:53  can0  18FF1610#65 TX
2018-04-17 14:31:54  can0  18FF2500#297300540100FCFF RX
2018-04-17 14:31:54  can0  18FF1610#65 TX
2018-04-17 14:31:54  can0  18FF2400#4A0E0000F0FFFFFF RX
2018-04-17 14:31:54  can0  18FF1610#65 TX
2018-04-17 14:31:55  can0  18FF2500#297300540100FCFF RX
2018-04-17 14:31:55  can0  18FF1610#65 TX
2018-04-17 14:31:55  can0  18FF2400#4A0E0000F0FFFFFF RX
2018-04-17 14:31:55  can0  18FF1610#65 TX
2018-04-17 14:31:56  can0  18FF2500#297300540100FCFF RX
2018-04-17 14:31:56  can0  18FF1610#65 TX
2018-04-17 14:31:56  can0  18FF2400#4A0E0000F0FFFFFF RX
2018-04-17 14:31:56  can0  18FF1610#65 TX
2018-04-17 14:31:57  can0  18FF2500#297300540100FCFF RX
2018-04-17 14:31:57  can0  18FF1610#65 TX
2018-04-17 14:31:57  can0  18FF2400#4A0E0000F0FFFFFF RX
2018-04-17 14:31:57  can0  18FF1610#65 TX
2018-04-17 14:31:58  can0  18FF2500#297300540100FCFF RX
2018-04-17 14:31:58  can0  18FF1610#65 TX
2018-04-17 14:31:58  can0  18FF2400#4A0E0000F0FFFFFF RX
2018-04-17 14:31:58  can0  18FF1610#65 TX
2018-04-17 14:31:59  can0  18FF2500#297300540100FCFF RX
2018-04-17 14:31:59  can0  18FF1610#65 TX
2018-04-17 14:31:59  can0  18FF2400#4A0E0000F0FFFFFF RX
2018-04-17 14:31:59  can0  18FF1610#65 TX
2018-04-17 14:32:00  can0  18FF1610#65 TX
No response from generator
Time Out Error: CAN line might be disconnected or generator can interface is down
Resetting CAN interface on server
2018-04-17 14:32:00  can0  18FF2500#297300540100FCFF RX
2018-04-17 14:32:00  can0  18FF1610#65 TX
2018-04-17 14:32:00  can0  18FF2400#4A0E0000F0FFFFFF RX
2018-04-17 14:32:00  can0  18FF1610#65 TX
2018-04-17 14:32:01  can0  18FF2500#297300540100FCFF RX
2018-04-17 14:32:01  can0  18FF1610#65 TX
2018-04-17 14:32:01  can0  18FF2400#4A0E0000F0FFFFFF RX
2018-04-17 14:32:01  can0  18FF1610#65 TX
2018-04-17 14:32:02  can0  18FF2500#297300540100FCFF RX
2018-04-17 14:32:02  can0  18FF1610#65 TX
2018-04-17 14:32:02  can0  18FF2400#4A0E0000F0FFFFFF RX
2018-04-17 14:32:02  can0  18FF1610#65 TX
2018-04-17 14:32:03  can0  18FF2500#297300540100FCFF RX
