2018-04-17 14:15:41  can0  18FF1610#55 TX
2018-04-17 14:15:42  can0  18FF1610#55 TX
No response from generator
Time Out Error: CAN line might be disconnected or generator can interface is down
Resetting CAN interface on server
2018-04-17 14:15:43  can0  18FF1610#55 TX
No response from generator
Time Out Error: CAN line might be disconnected or generator can interface is down
Resetting CAN interface on server
2018-04-17 14:15:44  can0  18FF1610#55 TX
No response from generator
Time Out Error: CAN line might be disconnected or generator can interface is down
Resetting CAN interface on server
2018-04-17 14:15:45  can0  18FF1610#55 TX
No response from generator
Time Out Error: CAN line might be disconnected or generator can interface is down
Resetting CAN interface on server
2018-04-17 14:15:46  can0  18FF1610#55 TX
No response from generator
Time Out Error: CAN line might be disconnected or generator can interface is down
Resetting CAN interface on server
2018-04-17 14:15:47  can0  18FF1610#55 TX
No response from generator
Time Out Error: CAN line might be disconnected or generator can interface is down
Resetting CAN interface on server
2018-04-17 14:15:48  can0  18FF1610#55 TX
No response from generator
Time Out Error: CAN line might be disconnected or generator can interface is down
Resetting CAN interface on server
2018-04-17 14:15:49  can0  18FF1610#55 TX
No response from generator
Time Out Error: CAN line might be disconnected or generator can interface is down
Resetting CAN interface on server
2018-04-17 14:15:50  can0  18FF1610#55 TX
No response from generator
Time Out Error: CAN line might be disconnected or generator can interface is down
Resetting CAN interface on server
2018-04-17 14:15:51  can0  18FF1610#55 TX
No response from generator
Time Out Error: CAN line might be disconnected or generator can interface is down
Resetting CAN interface on server
2018-04-17 14:15:52  can0  18FF1610#55 TX
No response from generator
Time Out Error: CAN line might be disconnected or generator can interface is down
Resetting CAN interface on server
2018-04-17 14:15:54  can0  18FF1610#55 TX
No response from generator
Time Out Error: CAN line might be disconnected or generator can interface is down
Resetting CAN interface on server
2018-04-17 14:15:55  can0  18FF1610#55 TX
No response from generator
Time Out Error: CAN line might be disconnected or generator can interface is down
Resetting CAN interface on server
2018-04-17 14:15:56  can0  18FF1610#55 TX
No response from generator
Time Out Error: CAN line might be disconnected or generator can interface is down
Resetting CAN interface on server
2018-04-17 14:15:57  can0  18FF1610#55 TX
No response from generator
Time Out Error: CAN line might be disconnected or generator can interface is down
Resetting CAN interface on server
2018-04-17 14:15:58  can0  18FF1610#55 TX
No response from generator
Time Out Error: CAN line might be disconnected or generator can interface is down
Resetting CAN interface on server
2018-04-17 14:15:59  can0  18FF1610#55 TX
No response from generator
Time Out Error: CAN line might be disconnected or generator can interface is down
Resetting CAN interface on server
2018-04-17 14:16:00  can0  18FF1610#55 TX
No response from generator
Time Out Error: CAN line might be disconnected or generator can interface is down
Resetting CAN interface on server
2018-04-17 14:16:01  can0  18FF1610#55 TX
No response from generator
Time Out Error: CAN line might be disconnected or generator can interface is down
Resetting CAN interface on server
2018-04-17 14:16:02  can0  18FF1610#55 TX
No response from generator
Time Out Error: CAN line might be disconnected or generator can interface is down
Resetting CAN interface on server
2018-04-17 14:16:03  can0  18FF1610#55 TX
No response from generator
Time Out Error: CAN line might be disconnected or generator can interface is down
Resetting CAN interface on server
2018-04-17 14:16:04  can0  18FF1610#55 TX
No response from generator
Time Out Error: CAN line might be disconnected or generator can interface is down
Resetting CAN interface on server
2018-04-17 14:16:05  can0  18FF1610#55 TX
No response from generator
Time Out Error: CAN line might be disconnected or generator can interface is down
Resetting CAN interface on server
2018-04-17 14:16:06  can0  18FF1610#55 TX
No response from generator
Time Out Error: CAN line might be disconnected or generator can interface is down
Resetting CAN interface on server
2018-04-17 14:16:07  can0  18FF1610#55 TX
No response from generator
Time Out Error: CAN line might be disconnected or generator can interface is down
Resetting CAN interface on server
2018-04-17 14:16:08  can0  18FF1610#55 TX
No response from generator
Time Out Error: CAN line might be disconnected or generator can interface is down
Resetting CAN interface on server
2018-04-17 14:16:10  can0  18FF1610#55 TX
No response from generator
Time Out Error: CAN line might be disconnected or generator can interface is down
Resetting CAN interface on server
2018-04-17 14:16:11  can0  18FF1610#55 TX
No response from generator
Time Out Error: CAN line might be disconnected or generator can interface is down
Resetting CAN interface on server
2018-04-17 14:16:12  can0  18FF1610#55 TX
No response from generator
Time Out Error: CAN line might be disconnected or generator can interface is down
Resetting CAN interface on server
2018-04-17 14:16:13  can0  18FF1610#55 TX
No response from generator
Time Out Error: CAN line might be disconnected or generator can interface is down
Resetting CAN interface on server
2018-04-17 14:16:14  can0  18FF1610#55 TX
No response from generator
Time Out Error: CAN line might be disconnected or generator can interface is down
Resetting CAN interface on server
2018-04-17 14:16:15  can0  18FF1610#55 TX
No response from generator
Time Out Error: CAN line might be disconnected or generator can interface is down
Resetting CAN interface on server
2018-04-17 14:16:16  can0  18FF1610#55 TX
No response from generator
Time Out Error: CAN line might be disconnected or generator can interface is down
Resetting CAN interface on server
2018-04-17 14:16:17  can0  18FF1610#55 TX
No response from generator
Time Out Error: CAN line might be disconnected or generator can interface is down
Resetting CAN interface on server
2018-04-17 14:16:18  can0  18FF1610#55 TX
No response from generator
Time Out Error: CAN line might be disconnected or generator can interface is down
Resetting CAN interface on server
2018-04-17 14:16:19  can0  18FF1610#55 TX
No response from generator
Time Out Error: CAN line might be disconnected or generator can interface is down
Resetting CAN interface on server
2018-04-17 14:16:20  can0  18FF1610#55 TX
No response from generator
Time Out Error: CAN line might be disconnected or generator can interface is down
Resetting CAN interface on server
2018-04-17 14:16:21  can0  18FF1610#55 TX
No response from generator
Time Out Error: CAN line might be disconnected or generator can interface is down
Resetting CAN interface on server
2018-04-17 14:16:22  can0  18FF1610#55 TX
No response from generator
Time Out Error: CAN line might be disconnected or generator can interface is down
Resetting CAN interface on server
2018-04-17 14:16:23  can0  18FF1610#55 TX
No response from generator
Time Out Error: CAN line might be disconnected or generator can interface is down
Resetting CAN interface on server
2018-04-17 14:16:25  can0  18FF1610#55 TX
No response from generator
Time Out Error: CAN line might be disconnected or generator can interface is down
Resetting CAN interface on server
2018-04-17 14:16:26  can0  18FF1610#55 TX
No response from generator
Time Out Error: CAN line might be disconnected or generator can interface is down
Resetting CAN interface on server
2018-04-17 14:16:27  can0  18FF1610#55 TX
No response from generator
Time Out Error: CAN line might be disconnected or generator can interface is down
Resetting CAN interface on server
2018-04-17 14:16:28  can0  18FF1610#55 TX
No response from generator
Time Out Error: CAN line might be disconnected or generator can interface is down
Resetting CAN interface on server
2018-04-17 14:16:29  can0  18FF1610#55 TX
No response from generator
Time Out Error: CAN line might be disconnected or generator can interface is down
Resetting CAN interface on server
2018-04-17 14:16:30  can0  18FF1610#55 TX
No response from generator
Time Out Error: CAN line might be disconnected or generator can interface is down
Resetting CAN interface on server
2018-04-17 14:16:31  can0  18FF1610#55 TX
No response from generator
Time Out Error: CAN line might be disconnected or generator can interface is down
Resetting CAN interface on server
2018-04-17 14:16:32  can0  18FF1610#55 TX
No response from generator
Time Out Error: CAN line might be disconnected or generator can interface is down
Resetting CAN interface on server
2018-04-17 14:16:33  can0  18FF1610#55 TX
No response from generator
Time Out Error: CAN line might be disconnected or generator can interface is down
Resetting CAN interface on server
2018-04-17 14:16:34  can0  18FF1610#55 TX
No response from generator
Time Out Error: CAN line might be disconnected or generator can interface is down
Resetting CAN interface on server
2018-04-17 14:16:35  can0  18FF1610#55 TX
No response from generator
Time Out Error: CAN line might be disconnected or generator can interface is down
Resetting CAN interface on server
2018-04-17 14:16:36  can0  18FF1610#55 TX
No response from generator
Time Out Error: CAN line might be disconnected or generator can interface is down
Resetting CAN interface on server
2018-04-17 14:16:37  can0  18FF1610#55 TX
No response from generator
Time Out Error: CAN line might be disconnected or generator can interface is down
Resetting CAN interface on server
2018-04-17 14:16:38  can0  18FF1610#55 TX
No response from generator
Time Out Error: CAN line might be disconnected or generator can interface is down
Resetting CAN interface on server
2018-04-17 14:16:40  can0  18FF1610#55 TX
No response from generator
Time Out Error: CAN line might be disconnected or generator can interface is down
Resetting CAN interface on server
2018-04-17 14:16:41  can0  18FF1610#55 TX
No response from generator
Time Out Error: CAN line might be disconnected or generator can interface is down
Resetting CAN interface on server
2018-04-17 14:16:42  can0  18FF1610#55 TX
No response from generator
Time Out Error: CAN line might be disconnected or generator can interface is down
Resetting CAN interface on server
2018-04-17 14:16:43  can0  18FF1610#55 TX
No response from generator
Time Out Error: CAN line might be disconnected or generator can interface is down
Resetting CAN interface on server
2018-04-17 14:16:44  can0  18FF1610#55 TX
No response from generator
Time Out Error: CAN line might be disconnected or generator can interface is down
Resetting CAN interface on server
2018-04-17 14:16:45  can0  18FF1610#55 TX
No response from generator
Time Out Error: CAN line might be disconnected or generator can interface is down
Resetting CAN interface on server
2018-04-17 14:16:46  can0  18FF1610#55 TX
No response from generator
Time Out Error: CAN line might be disconnected or generator can interface is down
Resetting CAN interface on server
2018-04-17 14:16:47  can0  18FF1610#55 TX
No response from generator
Time Out Error: CAN line might be disconnected or generator can interface is down
Resetting CAN interface on server
2018-04-17 14:16:48  can0  18FF1610#55 TX
No response from generator
Time Out Error: CAN line might be disconnected or generator can interface is down
Resetting CAN interface on server
2018-04-17 14:16:49  can0  18FF1610#55 TX
No response from generator
Time Out Error: CAN line might be disconnected or generator can interface is down
Resetting CAN interface on server
2018-04-17 14:16:50  can0  18FF1610#55 TX
No response from generator
Time Out Error: CAN line might be disconnected or generator can interface is down
Resetting CAN interface on server
2018-04-17 14:16:51  can0  18FF1610#55 TX
No response from generator
Time Out Error: CAN line might be disconnected or generator can interface is down
Resetting CAN interface on server
2018-04-17 14:16:52  can0  18FF1610#55 TX
No response from generator
Time Out Error: CAN line might be disconnected or generator can interface is down
Resetting CAN interface on server
2018-04-17 14:16:53  can0  18FF1610#55 TX
No response from generator
Time Out Error: CAN line might be disconnected or generator can interface is down
Resetting CAN interface on server
2018-04-17 14:16:54  can0  18FF1610#55 TX
No response from generator
Time Out Error: CAN line might be disconnected or generator can interface is down
Resetting CAN interface on server
2018-04-17 14:16:56  can0  18FF1610#55 TX
No response from generator
Time Out Error: CAN line might be disconnected or generator can interface is down
Resetting CAN interface on server
2018-04-17 14:16:57  can0  18FF1610#55 TX
No response from generator
Time Out Error: CAN line might be disconnected or generator can interface is down
Resetting CAN interface on server
2018-04-17 14:16:58  can0  18FF1610#55 TX
No response from generator
Time Out Error: CAN line might be disconnected or generator can interface is down
Resetting CAN interface on server
2018-04-17 14:16:59  can0  18FF1610#55 TX
No response from generator
Time Out Error: CAN line might be disconnected or generator can interface is down
Resetting CAN interface on server
2018-04-17 14:17:00  can0  18FF1610#55 TX
No response from generator
Time Out Error: CAN line might be disconnected or generator can interface is down
Resetting CAN interface on server
2018-04-17 14:17:01  can0  18FF1610#55 TX
No response from generator
Time Out Error: CAN line might be disconnected or generator can interface is down
Resetting CAN interface on server
2018-04-17 14:17:02  can0  18FF1610#55 TX
No response from generator
Time Out Error: CAN line might be disconnected or generator can interface is down
Resetting CAN interface on server
2018-04-17 14:17:03  can0  18FF1610#55 TX
No response from generator
Time Out Error: CAN line might be disconnected or generator can interface is down
Resetting CAN interface on server
2018-04-17 14:17:04  can0  18FF1610#55 TX
No response from generator
Time Out Error: CAN line might be disconnected or generator can interface is down
Resetting CAN interface on server
2018-04-17 14:17:05  can0  18FF1610#55 TX
No response from generator
Time Out Error: CAN line might be disconnected or generator can interface is down
Resetting CAN interface on server
2018-04-17 14:17:06  can0  18FF1610#55 TX
No response from generator
Time Out Error: CAN line might be disconnected or generator can interface is down
Resetting CAN interface on server
2018-04-17 14:17:07  can0  18FF1610#55 TX
No response from generator
Time Out Error: CAN line might be disconnected or generator can interface is down
Resetting CAN interface on server
2018-04-17 14:17:08  can0  18FF1610#55 TX
No response from generator
Time Out Error: CAN line might be disconnected or generator can interface is down
Resetting CAN interface on server
2018-04-17 14:17:09  can0  18FF1610#55 TX
No response from generator
Time Out Error: CAN line might be disconnected or generator can interface is down
Resetting CAN interface on server
2018-04-17 14:17:11  can0  18FF1610#55 TX
No response from generator
Time Out Error: CAN line might be disconnected or generator can interface is down
Resetting CAN interface on server
2018-04-17 14:17:12  can0  18FF1610#55 TX
No response from generator
Time Out Error: CAN line might be disconnected or generator can interface is down
Resetting CAN interface on server
2018-04-17 14:17:13  can0  18FF1610#55 TX
No response from generator
Time Out Error: CAN line might be disconnected or generator can interface is down
Resetting CAN interface on server
2018-04-17 14:17:14  can0  18FF1610#55 TX
No response from generator
Time Out Error: CAN line might be disconnected or generator can interface is down
Resetting CAN interface on server
2018-04-17 14:17:15  can0  18FF1610#55 TX
No response from generator
Time Out Error: CAN line might be disconnected or generator can interface is down
Resetting CAN interface on server
2018-04-17 14:17:16  can0  18FF1610#55 TX
No response from generator
Time Out Error: CAN line might be disconnected or generator can interface is down
Resetting CAN interface on server
2018-04-17 14:17:17  can0  18FF1610#55 TX
No response from generator
Time Out Error: CAN line might be disconnected or generator can interface is down
Resetting CAN interface on server
2018-04-17 14:17:18  can0  18FF1610#55 TX
No response from generator
Time Out Error: CAN line might be disconnected or generator can interface is down
Resetting CAN interface on server
2018-04-17 14:17:19  can0  18FF1610#55 TX
No response from generator
Time Out Error: CAN line might be disconnected or generator can interface is down
Resetting CAN interface on server
2018-04-17 14:17:20  can0  18FF1610#55 TX
No response from generator
Time Out Error: CAN line might be disconnected or generator can interface is down
Resetting CAN interface on server
2018-04-17 14:17:21  can0  18FF1610#55 TX
No response from generator
Time Out Error: CAN line might be disconnected or generator can interface is down
Resetting CAN interface on server
2018-04-17 14:17:22  can0  18FF1610#55 TX
No response from generator
Time Out Error: CAN line might be disconnected or generator can interface is down
Resetting CAN interface on server
2018-04-17 14:17:23  can0  18FF1610#55 TX
No response from generator
Time Out Error: CAN line might be disconnected or generator can interface is down
Resetting CAN interface on server
2018-04-17 14:17:24  can0  18FF1610#55 TX
No response from generator
Time Out Error: CAN line might be disconnected or generator can interface is down
Resetting CAN interface on server
2018-04-17 14:17:26  can0  18FF1610#55 TX
No response from generator
Time Out Error: CAN line might be disconnected or generator can interface is down
Resetting CAN interface on server
2018-04-17 14:17:27  can0  18FF1610#55 TX
No response from generator
Time Out Error: CAN line might be disconnected or generator can interface is down
Resetting CAN interface on server
2018-04-17 14:17:28  can0  18FF1610#55 TX
No response from generator
Time Out Error: CAN line might be disconnected or generator can interface is down
Resetting CAN interface on server
2018-04-17 14:17:29  can0  18FF1610#55 TX
No response from generator
Time Out Error: CAN line might be disconnected or generator can interface is down
Resetting CAN interface on server
2018-04-17 14:17:30  can0  18FF1610#55 TX
No response from generator
Time Out Error: CAN line might be disconnected or generator can interface is down
Resetting CAN interface on server
2018-04-17 14:17:31  can0  18FF1610#55 TX
No response from generator
Time Out Error: CAN line might be disconnected or generator can interface is down
Resetting CAN interface on server
2018-04-17 14:17:32  can0  18FF1610#55 TX
No response from generator
Time Out Error: CAN line might be disconnected or generator can interface is down
Resetting CAN interface on server
2018-04-17 14:17:33  can0  18FF1610#55 TX
No response from generator
Time Out Error: CAN line might be disconnected or generator can interface is down
Resetting CAN interface on server
2018-04-17 14:17:34  can0  18FF1610#55 TX
No response from generator
Time Out Error: CAN line might be disconnected or generator can interface is down
Resetting CAN interface on server
2018-04-17 14:17:35  can0  18FF1610#55 TX
No response from generator
Time Out Error: CAN line might be disconnected or generator can interface is down
Resetting CAN interface on server
2018-04-17 14:17:36  can0  18FF1610#55 TX
No response from generator
Time Out Error: CAN line might be disconnected or generator can interface is down
Resetting CAN interface on server
2018-04-17 14:17:37  can0  18FF1610#55 TX
No response from generator
Time Out Error: CAN line might be disconnected or generator can interface is down
Resetting CAN interface on server
2018-04-17 14:17:38  can0  18FF1610#55 TX
No response from generator
Time Out Error: CAN line might be disconnected or generator can interface is down
Resetting CAN interface on server
2018-04-17 14:17:39  can0  18FF1610#55 TX
No response from generator
Time Out Error: CAN line might be disconnected or generator can interface is down
Resetting CAN interface on server
2018-04-17 14:17:40  can0  18FF1610#55 TX
No response from generator
Time Out Error: CAN line might be disconnected or generator can interface is down
Resetting CAN interface on server
2018-04-17 14:17:42  can0  18FF1610#55 TX
No response from generator
Time Out Error: CAN line might be disconnected or generator can interface is down
Resetting CAN interface on server
2018-04-17 14:17:43  can0  18FF1610#55 TX
No response from generator
Time Out Error: CAN line might be disconnected or generator can interface is down
Resetting CAN interface on server
2018-04-17 14:17:44  can0  18FF1610#55 TX
No response from generator
Time Out Error: CAN line might be disconnected or generator can interface is down
Resetting CAN interface on server
2018-04-17 14:17:45  can0  18FF1610#55 TX
No response from generator
Time Out Error: CAN line might be disconnected or generator can interface is down
Resetting CAN interface on server
2018-04-17 14:17:46  can0  18FF1610#55 TX
No response from generator
Time Out Error: CAN line might be disconnected or generator can interface is down
Resetting CAN interface on server
2018-04-17 14:17:47  can0  18FF1610#55 TX
No response from generator
Time Out Error: CAN line might be disconnected or generator can interface is down
Resetting CAN interface on server
2018-04-17 14:17:48  can0  18FF1610#55 TX
No response from generator
Time Out Error: CAN line might be disconnected or generator can interface is down
Resetting CAN interface on server
2018-04-17 14:17:49  can0  18FF1610#55 TX
No response from generator
Time Out Error: CAN line might be disconnected or generator can interface is down
Resetting CAN interface on server
2018-04-17 14:17:50  can0  18FF1610#55 TX
No response from generator
Time Out Error: CAN line might be disconnected or generator can interface is down
Resetting CAN interface on server
2018-04-17 14:17:51  can0  18FF1610#55 TX
No response from generator
Time Out Error: CAN line might be disconnected or generator can interface is down
Resetting CAN interface on server
2018-04-17 14:17:52  can0  18FF1610#55 TX
No response from generator
Time Out Error: CAN line might be disconnected or generator can interface is down
Resetting CAN interface on server
2018-04-17 14:17:53  can0  18FF1610#55 TX
No response from generator
Time Out Error: CAN line might be disconnected or generator can interface is down
Resetting CAN interface on server
2018-04-17 14:17:54  can0  18FF1610#55 TX
No response from generator
Time Out Error: CAN line might be disconnected or generator can interface is down
Resetting CAN interface on server
2018-04-17 14:17:55  can0  18FF1610#55 TX
No response from generator
Time Out Error: CAN line might be disconnected or generator can interface is down
Resetting CAN interface on server
2018-04-17 14:17:57  can0  18FF1610#55 TX
No response from generator
Time Out Error: CAN line might be disconnected or generator can interface is down
Resetting CAN interface on server
2018-04-17 14:17:58  can0  18FF1610#55 TX
No response from generator
Time Out Error: CAN line might be disconnected or generator can interface is down
Resetting CAN interface on server
2018-04-17 14:17:59  can0  18FF1610#55 TX
No response from generator
Time Out Error: CAN line might be disconnected or generator can interface is down
Resetting CAN interface on server
2018-04-17 14:18:00  can0  18FF1610#55 TX
No response from generator
Time Out Error: CAN line might be disconnected or generator can interface is down
Resetting CAN interface on server
2018-04-17 14:18:01  can0  18FF1610#55 TX
No response from generator
Time Out Error: CAN line might be disconnected or generator can interface is down
Resetting CAN interface on server
2018-04-17 14:18:02  can0  18FF1610#55 TX
No response from generator
Time Out Error: CAN line might be disconnected or generator can interface is down
Resetting CAN interface on server
2018-04-17 14:18:03  can0  18FF1610#55 TX
No response from generator
Time Out Error: CAN line might be disconnected or generator can interface is down
Resetting CAN interface on server
2018-04-17 14:18:04  can0  18FF1610#55 TX
No response from generator
Time Out Error: CAN line might be disconnected or generator can interface is down
Resetting CAN interface on server
2018-04-17 14:18:05  can0  18FF1610#55 TX
No response from generator
Time Out Error: CAN line might be disconnected or generator can interface is down
Resetting CAN interface on server
2018-04-17 14:18:06  can0  18FF1610#55 TX
No response from generator
Time Out Error: CAN line might be disconnected or generator can interface is down
Resetting CAN interface on server
2018-04-17 14:18:07  can0  18FF1610#55 TX
No response from generator
Time Out Error: CAN line might be disconnected or generator can interface is down
Resetting CAN interface on server
2018-04-17 14:18:08  can0  18FF1610#55 TX
No response from generator
Time Out Error: CAN line might be disconnected or generator can interface is down
Resetting CAN interface on server
2018-04-17 14:18:09  can0  18FF1610#55 TX
No response from generator
Time Out Error: CAN line might be disconnected or generator can interface is down
Resetting CAN interface on server
2018-04-17 14:18:10  can0  18FF1610#55 TX
No response from generator
Time Out Error: CAN line might be disconnected or generator can interface is down
Resetting CAN interface on server
2018-04-17 14:18:11  can0  18FF1610#55 TX
No response from generator
Time Out Error: CAN line might be disconnected or generator can interface is down
Resetting CAN interface on server
2018-04-17 14:18:13  can0  18FF1610#55 TX
No response from generator
Time Out Error: CAN line might be disconnected or generator can interface is down
Resetting CAN interface on server
2018-04-17 14:18:14  can0  18FF1610#55 TX
No response from generator
Time Out Error: CAN line might be disconnected or generator can interface is down
Resetting CAN interface on server
2018-04-17 14:18:15  can0  18FF1610#55 TX
No response from generator
Time Out Error: CAN line might be disconnected or generator can interface is down
Resetting CAN interface on server
2018-04-17 14:18:16  can0  18FF1610#55 TX
No response from generator
Time Out Error: CAN line might be disconnected or generator can interface is down
Resetting CAN interface on server
2018-04-17 14:18:17  can0  18FF1610#55 TX
No response from generator
Time Out Error: CAN line might be disconnected or generator can interface is down
Resetting CAN interface on server
2018-04-17 14:18:18  can0  18FF1610#55 TX
No response from generator
Time Out Error: CAN line might be disconnected or generator can interface is down
Resetting CAN interface on server
2018-04-17 14:18:19  can0  18FF1610#55 TX
No response from generator
Time Out Error: CAN line might be disconnected or generator can interface is down
Resetting CAN interface on server
2018-04-17 14:18:20  can0  18FF1610#55 TX
No response from generator
Time Out Error: CAN line might be disconnected or generator can interface is down
Resetting CAN interface on server
2018-04-17 14:18:21  can0  18FF1610#55 TX
No response from generator
Time Out Error: CAN line might be disconnected or generator can interface is down
Resetting CAN interface on server
2018-04-17 14:18:22  can0  18FF1610#55 TX
No response from generator
Time Out Error: CAN line might be disconnected or generator can interface is down
Resetting CAN interface on server
2018-04-17 14:18:23  can0  18FF1610#55 TX
No response from generator
Time Out Error: CAN line might be disconnected or generator can interface is down
Resetting CAN interface on server
2018-04-17 14:18:24  can0  18FF1610#55 TX
No response from generator
Time Out Error: CAN line might be disconnected or generator can interface is down
Resetting CAN interface on server
2018-04-17 14:18:25  can0  18FF1610#55 TX
No response from generator
Time Out Error: CAN line might be disconnected or generator can interface is down
Resetting CAN interface on server
2018-04-17 14:18:26  can0  18FF1610#55 TX
No response from generator
Time Out Error: CAN line might be disconnected or generator can interface is down
Resetting CAN interface on server
2018-04-17 14:18:28  can0  18FF1610#55 TX
No response from generator
Time Out Error: CAN line might be disconnected or generator can interface is down
Resetting CAN interface on server
2018-04-17 14:18:29  can0  18FF1610#55 TX
No response from generator
Time Out Error: CAN line might be disconnected or generator can interface is down
Resetting CAN interface on server
2018-04-17 14:18:30  can0  18FF1610#55 TX
No response from generator
Time Out Error: CAN line might be disconnected or generator can interface is down
Resetting CAN interface on server
2018-04-17 14:18:31  can0  18FF1610#55 TX
No response from generator
Time Out Error: CAN line might be disconnected or generator can interface is down
Resetting CAN interface on server
2018-04-17 14:18:32  can0  18FF1610#55 TX
No response from generator
Time Out Error: CAN line might be disconnected or generator can interface is down
Resetting CAN interface on server
2018-04-17 14:18:33  can0  18FF1610#55 TX
No response from generator
Time Out Error: CAN line might be disconnected or generator can interface is down
Resetting CAN interface on server
2018-04-17 14:18:34  can0  18FF1610#55 TX
No response from generator
Time Out Error: CAN line might be disconnected or generator can interface is down
Resetting CAN interface on server
2018-04-17 14:18:35  can0  18FF1610#55 TX
No response from generator
Time Out Error: CAN line might be disconnected or generator can interface is down
Resetting CAN interface on server
2018-04-17 14:18:36  can0  18FF1610#55 TX
No response from generator
Time Out Error: CAN line might be disconnected or generator can interface is down
Resetting CAN interface on server
2018-04-17 14:18:37  can0  18FF1610#55 TX
No response from generator
Time Out Error: CAN line might be disconnected or generator can interface is down
Resetting CAN interface on server
2018-04-17 14:18:38  can0  18FF1610#55 TX
No response from generator
Time Out Error: CAN line might be disconnected or generator can interface is down
Resetting CAN interface on server
2018-04-17 14:18:39  can0  18FF1610#55 TX
No response from generator
Time Out Error: CAN line might be disconnected or generator can interface is down
Resetting CAN interface on server
2018-04-17 14:18:40  can0  18FF1610#55 TX
No response from generator
Time Out Error: CAN line might be disconnected or generator can interface is down
Resetting CAN interface on server
2018-04-17 14:18:41  can0  18FF1610#55 TX
No response from generator
Time Out Error: CAN line might be disconnected or generator can interface is down
Resetting CAN interface on server
2018-04-17 14:18:42  can0  18FF1610#55 TX
No response from generator
Time Out Error: CAN line might be disconnected or generator can interface is down
Resetting CAN interface on server
2018-04-17 14:18:44  can0  18FF1610#55 TX
No response from generator
Time Out Error: CAN line might be disconnected or generator can interface is down
Resetting CAN interface on server
2018-04-17 14:18:45  can0  18FF1610#55 TX
No response from generator
Time Out Error: CAN line might be disconnected or generator can interface is down
Resetting CAN interface on server
2018-04-17 14:18:46  can0  18FF1610#55 TX
No response from generator
Time Out Error: CAN line might be disconnected or generator can interface is down
Resetting CAN interface on server
2018-04-17 14:18:47  can0  18FF1610#55 TX
No response from generator
Time Out Error: CAN line might be disconnected or generator can interface is down
Resetting CAN interface on server
2018-04-17 14:18:48  can0  18FF1610#55 TX
No response from generator
Time Out Error: CAN line might be disconnected or generator can interface is down
Resetting CAN interface on server
2018-04-17 14:18:49  can0  18FF1610#55 TX
No response from generator
Time Out Error: CAN line might be disconnected or generator can interface is down
Resetting CAN interface on server
2018-04-17 14:18:50  can0  18FF1610#55 TX
No response from generator
Time Out Error: CAN line might be disconnected or generator can interface is down
Resetting CAN i