2018-04-17 15:13:35  can0  18FF1610#55 TX
2018-04-17 15:13:36  can0  18FF1610#55 TX
No response from generator
Time Out Error: CAN line might be disconnected or generator can interface is down
Resetting CAN interface on server
2018-04-17 15:13:37  can0  18FF2501#297300540100F8FF RX
2018-04-17 15:13:37  can0  18FF1610#55 TX
2018-04-17 15:13:37  can0  18FF2401#00000000F0FFFFFF RX
2018-04-17 15:13:37  can0  18FF1610#55 TX
2018-04-17 15:13:38  can0  18FF1610#55 TX
No response from generator
Time Out Error: CAN line might be disconnected or generator can interface is down
Resetting CAN interface on server
2018-04-17 15:13:39  can0  18FF2501#297300540100F8FF RX
2018-04-17 15:13:39  can0  18FF1610#55 TX
2018-04-17 15:13:39  can0  18FF2401#00000000F0FFFFFF RX
2018-04-17 15:13:39  can0  18FF1610#55 TX
2018-04-17 15:13:40  can0  18FF1610#55 TX
No response from generator
Time Out Error: CAN line might be disconnected or generator can interface is down
Resetting CAN interface on server
2018-04-17 15:13:41  can0  18FF2501#297300540100F8FF RX
2018-04-17 15:13:41  can0  18FF1610#55 TX
2018-04-17 15:13:41  can0  18FF2401#00000000F0FFFFFF RX
2018-04-17 15:13:41  can0  18FF1610#55 TX
2018-04-17 15:13:42  can0  18FF1610#55 TX
No response from generator
Time Out Error: CAN line might be disconnected or generator can interface is down
Resetting CAN interface on server
2018-04-17 15:13:43  can0  18FF2501#297300540100F8FF RX
2018-04-17 15:13:43  can0  18FF1610#55 TX
2018-04-17 15:13:43  can0  18FF2401#00000000F0FFFFFF RX
2018-04-17 15:13:43  can0  18FF1610#55 TX
2018-04-17 15:13:44  can0  18FF1610#55 TX
No response from generator
Time Out Error: CAN line might be disconnected or generator can interface is down
Resetting CAN interface on server
2018-04-17 15:13:45  can0  18FF2501#297300540100F8FF RX
2018-04-17 15:13:45  can0  18FF1610#55 TX
2018-04-17 15:13:45  can0  18FF2401#00000000F0FFFFFF RX
2018-04-17 15:13:45  can0  18FF1610#55 TX
2018-04-17 15:13:46  can0  18FF1610#55 TX
No response from generator
Time Out Error: CAN line might be disconnected or generator can interface is down
Resetting CAN interface on server
2018-04-17 15:13:47  can0  18FF2501#297300540100F8FF RX
2018-04-17 15:13:47  can0  18FF1610#55 TX
2018-04-17 15:13:47  can0  18FF2401#00000000F0FFFFFF RX
2018-04-17 15:13:47  can0  18FF1610#55 TX
2018-04-17 15:13:48  can0  18FF1610#55 TX
No response from generator
Time Out Error: CAN line might be disconnected or generator can interface is down
Resetting CAN interface on server
2018-04-17 15:13:49  can0  18FF2501#297300540100F8FF RX
2018-04-17 15:13:49  can0  18FF1610#55 TX
2018-04-17 15:13:49  can0  18FF2401#00000000F0FFFFFF RX
2018-04-17 15:13:49  can0  18FF1610#55 TX
2018-04-17 15:13:50  can0  18FF1610#55 TX
No response from generator
Time Out Error: CAN line might be disconnected or generator can interface is down
Resetting CAN interface on server
2018-04-17 15:13:51  can0  18FF2501#297300540100F8FF RX
2018-04-17 15:13:51  can0  18FF1610#55 TX
2018-04-17 15:13:51  can0  18FF2401#00000000F0FFFFFF RX
2018-04-17 15:13:51  can0  18FF1610#55 TX
2018-04-17 15:13:52  can0  18FF1610#55 TX
No response from generator
Time Out Error: CAN line might be disconnected or generator can interface is down
Resetting CAN interface on server
2018-04-17 15:13:53  can0  18FF2501#297300540100F8FF RX
2018-04-17 15:13:53  can0  18FF1610#55 TX
2018-04-17 15:13:53  can0  18FF2401#00000000F0FFFFFF RX
2018-04-17 15:13:53  can0  18FF1610#55 TX
2018-04-17 15:13:54  can0  18FF1610#55 TX
No response from generator
Time Out Error: CAN line might be disconnected or generator can interface is down
Resetting CAN interface on server
2018-04-17 15:13:55  can0  18FF2501#297300540100F8FF RX
2018-04-17 15:13:55  can0  18FF1610#55 TX
2018-04-17 15:13:55  can0  18FF2401#00000000F0FFFFFF RX
2018-04-17 15:13:55  can0  18FF1610#55 TX
2018-04-17 15:13:56  can0  18FF1610#55 TX
No response from generator
Time Out Error: CAN line might be disconnected or generator can interface is down
Resetting CAN interface on server
2018-04-17 15:13:57  can0  18FF2501#297300540100F8FF RX
2018-04-17 15:13:57  can0  18FF1610#55 TX
2018-04-17 15:13:57  can0  18FF2401#00000000F0FFFFFF RX
2018-04-17 15:13:57  can0  18FF1610#55 TX
2018-04-17 15:13:58  can0  18FF1610#55 TX
No response from generator
Time Out Error: CAN line might be disconnected or generator can interface is down
Resetting CAN interface on server
2018-04-17 15:13:59  can0  18FF2501#297300540100F8FF RX
2018-04-17 15:13:59  can0  18FF1610#55 TX
2018-04-17 15:13:59  can0  18FF2401#00000000F0FFFFFF RX
2018-04-17 15:13:59  can0  18FF1610#55 TX
2018-04-17 15:14:00  can0  18FF1610#55 TX
No response from generator
Time Out Error: CAN line might be disconnected or generator can interface is down
Resetting CAN interface on server
2018-04-17 15:14:01  can0  18FF2501#297300540100F8FF RX
2018-04-17 15:14:01  can0  18FF1610#55 TX
2018-04-17 15:14:01  can0  18FF2401#00000000F0FFFFFF RX
2018-04-17 15:14:01  can0  18FF1610#55 TX
2018-04-17 15:14:02  can0  18FF1610#55 TX
No response from generator
Time Out Error: CAN line might be disconnected or generator can interface is down
Resetting CAN interface on server
2018-04-17 15:14:03  can0  18FF2501#297300540100F8FF RX
2018-04-17 15:14:03  can0  18FF1610#55 TX
2018-04-17 15:14:03  can0  18FF2401#00000000F0FFFFFF RX
2018-04-17 15:14:03  can0  18FF1610#55 TX
2018-04-17 15:14:04  can0  18FF1610#55 TX
No response from generator
Time Out Error: CAN line might be disconnected or generator can interface is down
Resetting CAN interface on server
2018-04-17 15:14:05  can0  18FF2501#297300540100F8FF RX
2018-04-17 15:14:05  can0  18FF1610#55 TX
2018-04-17 15:14:05  can0  18FF2401#00000000F0FFFFFF RX
2018-04-17 15:14:05  can0  18FF1610#55 TX
2018-04-17 15:14:06  can0  18FF1610#55 TX
No response from generator
Time Out Error: CAN line might be disconnected or generator can interface is down
Resetting CAN interface on server
2018-04-17 15:14:07  can0  18FF2501#297300540100F8FF RX
2018-04-17 15:14:07  can0  18FF1610#55 TX
2018-04-17 15:14:07  can0  18FF2401#00000000F0FFFFFF RX
2018-04-17 15:14:07  can0  18FF1610#55 TX
2018-04-17 15:14:08  can0  18FF1610#55 TX
No response from generator
Time Out Error: CAN line might be disconnected or generator can interface is down
Resetting CAN interface on server
2018-04-17 15:14:09  can0  18FF2501#297300540100F8FF RX
2018-04-17 15:14:09  can0  18FF1610#55 TX
2018-04-17 15:14:09  can0  18FF2401#00000000F0FFFFFF RX
2018-04-17 15:14:09  can0  18FF1610#55 TX
2018-04-17 15:14:10  can0  18FF1610#55 TX
No response from generator
Time Out Error: CAN line might be disconnected or generator can interface is down
Resetting CAN interface on server
2018-04-17 15:14:11  can0  18FF2501#297300540100F8FF RX
2018-04-17 15:14:11  can0  18FF1610#55 TX
2018-04-17 15:14:11  can0  18FF2401#00000000F0FFFFFF RX
2018-04-17 15:14:11  can0  18FF1610#55 TX
2018-04-17 15:14:12  can0  18FF1610#55 TX
No response from generator
Time Out Error: CAN line might be disconnected or generator can interface is down
Resetting CAN interface on server
2018-04-17 15:14:13  can0  18FF2501#297300540100F8FF RX
2018-04-17 15:14:13  can0  18FF1610#55 TX
2018-04-17 15:14:13  can0  18FF2401#00000000F0FFFFFF RX
2018-04-17 15:14:13  can0  18FF1610#55 TX
2018-04-17 15:14:14  can0  18FF1610#55 TX
No response from generator
Time Out Error: CAN line might be disconnected or generator can interface is down
Resetting CAN interface on server
2018-04-17 15:14:15  can0  18FF2501#297300540100F8FF RX
2018-04-17 15:14:15  can0  18FF1610#55 TX
2018-04-17 15:14:15  can0  18FF2401#00000000F0FFFFFF RX
2018-04-17 15:14:15  can0  18FF1610#55 TX
2018-04-17 15:14:16  can0  18FF1610#55 TX
No response from generator
Time Out Error: CAN line might be disconnected or generator can interface is down
Resetting CAN interface on server
2018-04-17 15:14:17  can0  18FF2501#297300540100F8FF RX
2018-04-17 15:14:17  can0  18FF1610#55 TX
2018-04-17 15:14:17  can0  18FF2401#00000000F0FFFFFF RX
2018-04-17 15:14:17  can0  18FF1610#55 TX
2018-04-17 15:14:18  can0  18FF1610#55 TX
No response from generator
Time Out Error: CAN line might be disconnected or generator can interface is down
Resetting CAN interface on server
2018-04-17 15:14:19  can0  18FF2501#297300540100F8FF RX
2018-04-17 15:14:19  can0  18FF1610#55 TX
2018-04-17 15:14:19  can0  18FF2401#00000000F0FFFFFF RX
2018-04-17 15:14:19  can0  18FF1610#55 TX
2018-04-17 15:14:20  can0  18FF1610#55 TX
No response from generator
Time Out Error: CAN line might be disconnected or generator can interface is down
Resetting CAN interface on server
2018-04-17 15:14:21  can0  18FF2501#297300540100F8FF RX
2018-04-17 15:14:21  can0  18FF1610#55 TX
2018-04-17 15:14:21  can0  18FF2401#00000000F0FFFFFF RX
2018-04-17 15:14:21  can0  18FF1610#55 TX
2018-04-17 15:14:22  can0  18FF1610#55 TX
No response from generator
Time Out Error: CAN line might be disconnected or generator can interface is down
Resetting CAN interface on server
2018-04-17 15:14:23  can0  18FF2501#297300540100F8FF RX
2018-04-17 15:14:23  can0  18FF1610#55 TX
2018-04-17 15:14:23  can0  18FF2401#00000000F0FFFFFF RX
2018-04-17 15:14:23  can0  18FF1610#55 TX
2018-04-17 15:14:24  can0  18FF1610#55 TX
No response from generator
Time Out Error: CAN line might be disconnected or generator can interface is down
Resetting CAN interface on server
2018-04-17 15:14:25  can0  18FF2501#297300540100F8FF RX
2018-04-17 15:14:25  can0  18FF1610#55 TX
2018-04-17 15:14:25  can0  18FF2401#00000000F0FFFFFF RX
2018-04-17 15:14:25  can0  18FF1610#55 TX
2018-04-17 15:14:26  can0  18FF1610#55 TX
No response from generator
Time Out Error: CAN line might be disconnected or generator can interface is down
Resetting CAN interface on server
2018-04-17 15:14:27  can0  18FF2501#297300540100F8FF RX
2018-04-17 15:14:27  can0  18FF1610#55 TX
2018-04-17 15:14:27  can0  18FF2401#00000000F0FFFFFF RX
2018-04-17 15:14:27  can0  18FF1610#55 TX
2018-04-17 15:14:28  can0  18FF1610#55 TX
No response from generator
Time Out Error: CAN line might be disconnected or generator can interface is down
Resetting CAN interface on server
2018-04-17 15:14:29  can0  18FF2501#297300540100F8FF RX
2018-04-17 15:14:29  can0  18FF1610#55 TX
2018-04-17 15:14:29  can0  18FF2401#00000000F0FFFFFF RX
2018-04-17 15:14:29  can0  18FF1610#55 TX
2018-04-17 15:14:30  can0  18FF1610#55 TX
No response from generator
Time Out Error: CAN line might be disconnected or generator can interface is down
Resetting CAN interface on server
2018-04-17 15:14:31  can0  18FF2501#297300540100F8FF RX
2018-04-17 15:14:31  can0  18FF1610#55 TX
2018-04-17 15:14:31  can0  18FF2401#00000000F0FFFFFF RX
2018-04-17 15:14:31  can0  18FF1610#55 TX
2018-04-17 15:14:32  can0  18FF1610#55 TX
No response from generator
Time Out Error: CAN line might be disconnected or generator can interface is down
Resetting CAN interface on server
2018-04-17 15:14:33  can0  18FF2501#297300540100F8FF RX
2018-04-17 15:14:33  can0  18FF1610#55 TX
2018-04-17 15:14:33  can0  18FF2401#00000000F0FFFFFF RX
2018-04-17 15:14:33  can0  18FF1610#55 TX
2018-04-17 15:14:34  can0  18FF1610#55 TX
No response from generator
Time Out Error: CAN line might be disconnected or generator can interface is down
Resetting CAN interface on server
2018-04-17 15:14:35  can0  18FF2501#297300540100F8FF RX
2018-04-17 15:14:35  can0  18FF1610#55 TX
2018-04-17 15:14:35  can0  18FF2401#00000000F0FFFFFF RX
2018-04-17 15:14:35  can0  18FF1610#55 TX
2018-04-17 15:14:36  can0  18FF1610#55 TX
No response from generator
Time Out Error: CAN line might be disconnected or generator can interface is down
Resetting CAN interface on server
2018-04-17 15:14:37  can0  18FF2501#297300540100F8FF RX
2018-04-17 15:14:37  can0  18FF1610#55 TX
2018-04-17 15:14:37  can0  18FF2401#00000000F0FFFFFF RX
2018-04-17 15:14:37  can0  18FF1610#55 TX
2018-04-17 15:14:38  can0  18FF1610#55 TX
No response from generator
Time Out Error: CAN line might be disconnected or generator can interface is down
Resetting CAN interface on server
2018-04-17 15:14:39  can0  18FF2501#297300540100F8FF RX
2018-04-17 15:14:39  can0  18FF1610#55 TX
2018-04-17 15:14:39  can0  18FF2401#00000000F0FFFFFF RX
2018-04-17 15:14:39  can0  18FF1610#55 TX
2018-04-17 15:14:40  can0  18FF1610#55 TX
No response from generator
Time Out Error: CAN line might be disconnected or generator can interface is down
Resetting CAN interface on server
2018-04-17 15:14:41  can0  18FF2501#297300540100F8FF RX
2018-04-17 15:14:41  can0  18FF1610#55 TX
2018-04-17 15:14:41  can0  18FF2401#00000000F0FFFFFF RX
2018-04-17 15:14:41  can0  18FF1610#55 TX
2018-04-17 15:14:42  can0  18FF1610#55 TX
No response from generator
Time Out Error: CAN line might be disconnected or generator can interface is down
Resetting CAN interface on server
2018-04-17 15:14:43  can0  18FF2501#297300540100F8FF RX
2018-04-17 15:14:43  can0  18FF1610#55 TX
2018-04-17 15:14:43  can0  18FF2401#00000000F0FFFFFF RX
2018-04-17 15:14:43  can0  18FF1610#55 TX
2018-04-17 15:14:44  can0  18FF1610#55 TX
No response from generator
Time Out Error: CAN line might be disconnected or generator can interface is down
Resetting CAN interface on server
2018-04-17 15:14:45  can0  18FF2501#297300540100F8FF RX
2018-04-17 15:14:45  can0  18FF1610#55 TX
2018-04-17 15:14:45  can0  18FF2401#00000000F0FFFFFF RX
2018-04-17 15:14:45  can0  18FF1610#55 TX
2018-04-17 15:14:46  can0  18FF1610#55 TX
No response from generator
Time Out Error: CAN line might be disconnected or generator can interface is down
Resetting CAN interface on server
2018-04-17 15:14:47  can0  18FF2501#297300540100F8FF RX
2018-04-17 15:14:47  can0  18FF1610#55 TX
2018-04-17 15:14:47  can0  18FF2401#00000000F0FFFFFF RX
2018-04-17 15:14:47  can0  18FF1610#55 TX
2018-04-17 15:14:48  can0  18FF1610#55 TX
No response from generator
Time Out Error: CAN line might be disconnected or generator can interface is down
Resetting CAN interface on server
2018-04-17 15:14:49  can0  18FF2501#297300540100F8FF RX
2018-04-17 15:14:49  can0  18FF1610#55 TX
2018-04-17 15:14:49  can0  18FF2401#00000000F0FFFFFF RX
2018-04-17 15:14:49  can0  18FF1610#55 TX
2018-04-17 15:14:50  can0  18FF1610#55 TX
No response from generator
Time Out Error: CAN line might be disconnected or generator can interface is down
Resetting CAN interface on server
2018-04-17 15:14:51  can0  18FF2501#297300540100F8FF RX
2018-04-17 15:14:51  can0  18FF1610#55 TX
2018-04-17 15:14:51  can0  18FF2401#00000000F0FFFFFF RX
2018-04-17 15:14:51  can0  18FF1610#55 TX
2018-04-17 15:14:52  can0  18FF1610#55 TX
No response from generator
Time Out Error: CAN line might be disconnected or generator can interface is down
Resetting CAN interface on server
2018-04-17 15:14:53  can0  18FF2501#297300540100F8FF RX
2018-04-17 15:14:53  can0  18FF1610#55 TX
2018-04-17 15:14:53  can0  18FF2401#00000000F0FFFFFF RX
2018-04-17 15:14:53  can0  18FF1610#55 TX
2018-04-17 15:14:54  can0  18FF1610#55 TX
No response from generator
Time Out Error: CAN line might be disconnected or generator can interface is down
Resetting CAN interface on server
2018-04-17 15:14:55  can0  18FF2501#297300540100F8FF RX
2018-04-17 15:14:55  can0  18FF1610#55 TX
2018-04-17 15:14:55  can0  18FF2401#00000000F0FFFFFF RX
2018-04-17 15:14:55  can0  18FF1610#55 TX
2018-04-17 15:14:56  can0  18FF1610#55 TX
No response from generator
Time Out Error: CAN line might be disconnected or generator can interface is down
Resetting CAN interface on server
2018-04-17 15:14:57  can0  18FF2501#297300540100F8FF RX
2018-04-17 15:14:57  can0  18FF1610#55 TX
2018-04-17 15:14:57  can0  18FF2401#00000000F0FFFFFF RX
2018-04-17 15:14:57  can0  18FF1610#55 TX
2018-04-17 15:14:58  can0  18FF1610#55 TX
No response from generator
Time Out Error: CAN line might be disconnected or generator can interface is down
Resetting CAN interface on server
2018-04-17 15:14:59  can0  18FF2501#297300540100F8FF RX
2018-04-17 15:14:59  can0  18FF1610#55 TX
2018-04-17 15:14:59  can0  18FF2401#00000000F0FFFFFF RX
2018-04-17 15:14:59  can0  18FF1610#55 TX
2018-04-17 15:15:00  can0  18FF1610#55 TX
No response from generator
Time Out Error: CAN line might be disconnected or generator can interface is down
Resetting CAN interface on server
2018-04-17 15:15:01  can0  18FF2501#297300540100F8FF RX
2018-04-17 15:15:01  can0  18FF1610#55 TX
2018-04-17 15:15:01  can0  18FF2401#00000000F0FFFFFF RX
2018-04-17 15:15:01  can0  18FF1610#55 TX
2018-04-17 15:15:02  can0  18FF1610#55 TX
No response from generator
Time Out Error: CAN line might be disconnected or generator can interface is down
Resetting CAN interface on server
2018-04-17 15:15:03  can0  18FF2501#297300540100F8FF RX
2018-04-17 15:15:03  can0  18FF1610#55 TX
2018-04-17 15:15:03  can0  18FF2401#00000000F0FFFFFF RX
2018-04-17 15:15:03  can0  18FF1610#55 TX
2018-04-17 15:15:04  can0  18FF1610#55 TX
No response from generator
Time Out Error: CAN line might be disconnected or generator can interface is down
Resetting CAN interface on server
2018-04-17 15:15:05  can0  18FF2501#297300540100F8FF RX
2018-04-17 15:15:05  can0  18FF1610#55 TX
2018-04-17 15:15:05  can0  18FF2401#00000000F0FFFFFF RX
2018-04-17 15:15:05  can0  18FF1610#55 TX
2018-04-17 15:15:06  can0  18FF1610#55 TX
No response from generator
Time Out Error: CAN line might be disconnected or generator can interface is down
Resetting CAN interface on server
2018-04-17 15:15:07  can0  18FF2501#297300540100F8FF RX
2018-04-17 15:15:07  can0  18FF1610#55 TX
2018-04-17 15:15:07  can0  18FF2401#00000000F0FFFFFF RX
2018-04-17 15:15:07  can0  18FF1610#55 TX
2018-04-17 15:15:08  can0  18FF1610#55 TX
No response from generator
Time Out Error: CAN line might be disconnected or generator can interface is down
Resetting CAN interface on server
2018-04-17 15:15:09  can0  18FF2501#297300540100F8FF RX
2018-04-17 15:15:09  can0  18FF1610#55 TX
2018-04-17 15:15:09  can0  18FF2401#00000000F0FFFFFF RX
2018-04-17 15:15:09  can0  18FF1610#55 TX
2018-04-17 15:15:10  can0  18FF1610#55 TX
No response from generator
Time Out Error: CAN line might be disconnected or generator can interface is down
Resetting CAN interface on server
2018-04-17 15:15:11  can0  18FF2501#297300540100F8FF RX
2018-04-17 15:15:11  can0  18FF1610#55 TX
2018-04-17 15:15:11  can0  18FF2401#00000000F0FFFFFF RX
2018-04-17 15:15:11  can0  18FF1610#55 TX
2018-04-17 15:15:12  can0  18FF1610#55 TX
No response from generator
Time Out Error: CAN line might be disconnected or generator can interface is down
Resetting CAN interface on server
2018-04-17 15:15:13  can0  18FF2501#297300540100F8FF RX
2018-04-17 15:15:13  can0  18FF1610#55 TX
2018-04-17 15:15:13  can0  18FF2401#00000000F0FFFFFF RX
2018-04-17 15:15:13  can0  18FF1610#55 TX
2018-04-17 15:15:14  can0  18FF1610#55 TX
No response from generator
Time Out Error: CAN line might be disconnected or generator can interface is down
Resetting CAN interface on server
2018-04-17 15:15:15  can0  18FF1610#55 TX
No response from generator
Time Out Error: CAN line might be disconnected or generator can interface is down
Resetting CAN interface on server
2018-04-17 15:15:16  can0  18FF1610#55 TX
No response from generator
Time Out Error: CAN line might be disconnected or generator can interface is down
Resetting CAN interface on server
2018-04-17 15:15:17  can0  18FF1610#55 TX
No response from generator
Time Out Error: CAN line might be disconnected or generator can interface is down
Resetting CAN interface on server
2018-04-17 15:15:18  can0  18FF1610#55 TX
No response from generator
Time Out Error: CAN line might be disconnected or generator can interface is down
Resetting CAN interface on server
2018-04-17 15:15:19  can0  18FF1610#55 TX
No response from generator
Time Out Error: CAN line might be disconnected or generator can interface is down
Resetting CAN interface on server
2018-04-17 15:15:21  can0  18FF1610#55 TX
No response from generator
Time Out Error: CAN line might be disconnected or generator can interface is down
Resetting CAN interface on server
2018-04-17 15:15:22  can0  18FF1610#55 TX
No response from generator
Time Out Error: CAN line might be disconnected or generator can interface is down
Resetting CAN interface on server
2018-04-17 15:15:23  can0  18FF1610#55 TX
No response from generator
Time Out Error: CAN line might be disconnected or generator can interface is down
Resetting CAN interface on server
2018-04-17 15:15:24  can0  18FF1610#55 TX
No response from generator
Time Out Error: CAN line might be disconnected or generator can interface is down
Resetting CAN interface on server
2018-04-17 15:15:25  can0  18FF1610#55 TX
No response from generator
Time Out Error: CAN line might be disconnected or generator can interface is down
Resetting CAN interface on server
2018-04-17 15:15:26  can0  18FF1610#55 TX
No response from generator
Time Out Error: CAN line might be disconnected or generator can interface is down
Resetting CAN interface on server
2018-04-17 15:15:27  can0  18FF1610#55 TX
No response from generator
Time Out Error: CAN line might be disconnected or generator can interface is down
Resetting CAN interface on server
2018-04-17 15:15:28  can0  18FF1610#55 TX
No response from generator
Time Out Error: CAN line might be disconnected or generator can interface is down
Resetting CAN interface on server
2018-04-17 15:15:29  can0  18FF1610#55 TX
No response from generator
Time Out Error: CAN line might be disconnected or generator can interface is down
Resetting CAN interface on server
2018-04-17 15:15:30  can0  18FF1610#55 TX
No response from generator
Time Out Error: CAN line might be disconnected or generator can interface is down
Resetting CAN interface on server
2018-04-17 15:15:31  can0  18FF1610#55 TX
No response from generator
Time Out Error: CAN line might be disconnected or generator can interface is down
Resetting CAN interface on server
2018-04-17 15:15:33  can0  18FF1610#55 TX
No response from generator
Time Out Error: CAN line might be disconnected or generator can interface is down
Resetting CAN interface on server
2018-04-17 15:15:34  can0  18FF1610#55 TX
No response from generator
Time Out Error: CAN line might be disconnected or generator can interface is down
Resetting CAN interface on server
2018-04-17 15:15:35  can0  18FF1610#55 TX
No response from generator
Time Out Error: CAN line might be disconnected or generator can interface is down
Resetting CAN interface on server
2018-04-17 15:15:36  can0  18FF1610#55 TX
No response from generator
Time Out Error: CAN line might be disconnected or generator can interface is down
Resetting CAN interface on server
2018-04-17 15:15:37  can0  18FF1610#55 TX
No response from generator
Time Out Error: CAN line might be disconnected or generator can interface is down
Resetting CAN interface on server
2018-04-17 15:15:38  can0  18FF1610#55 TX
No response from generator
Time Out Error: CAN line might be disconnected or generator can interface is down
Resetting CAN interface on server
2018-04-17 15:15:39  can0  18FF1610#55 TX
No response from generator
Time Out Error: CAN line might be disconnected or generator can interface is down
Resetting CAN interface on server
2018-04-17 15:15:40  can0  18FF1610#55 TX
No response from generator
Time Out Error: CAN line might be disconnected or generator can interface is down
Resetting CAN interface on server
2018-04-17 15:15:41  can0  18FF1610#55 TX
No response from generator
Time Out Error: CAN line might be disconnected or generator can interface is down
Resetting CAN interface on server
2018-04-17 15:15:42  can0  18FF1610#55 TX
No response from generator
Time Out Error: CAN line might be disconnected or generator can interface is down
Resetting CAN interface on server
2018-04-17 15:15:43  can0  18FF1610#55 TX
No response from generator
Time Out Error: CAN line might be disconnected or generator can interface is down
Resetting CAN interface on server
2018-04-17 15:15:45  can0  18FF1610#55 TX
No response from generator
Time Out Error: CAN line might be disconnected or generator can interface is down
Resetting CAN interface on server
2018-04-17 15:15:46  can0  18FF1610#55 TX
No response from generator
Time Out Error: CAN line might be disconnected or generator can interface is down
Resetting CAN interface on server
2018-04-17 15:15:47  can0  18FF1610#55 TX
No response from generator
Time Out Error: CAN line might be disconnected or generator can interface is down
Resetting CAN interface on server
2018-04-17 15:15:48  can0  18FF1610#55 TX
No response from generator
Time Out Error: CAN line might be disconnected or generator can interface is down
Resetting CAN interface on server
2018-04-17 15:15:49  can0  18FF1610#55 TX
No response from generator
Time Out Error: CAN line might be disconnected or generator can interface is down
Resetting CAN interface on server
2018-04-17 15:15:50  can0  18FF1610#55 TX
No response from generator
Time Out Error: CAN line might be disconnected or generator can interface is down
Resetting CAN interface on server
2018-04-17 15:15:51  can0  18FF1610#55 TX
No response from generator
Time Out Error: CAN line might be disconnected or generator can interface is down
Resetting CAN interface on server
2018-04-17 15:15:52  can0  18FF1610#55 TX
No response from generator
Time Out Error: CAN line might be disconnected or generator can interface is down
Resetting CAN interface on server
2018-04-17 15:15:53  can0  18FF1610#55 TX
No response from generator
Time Out Error: CAN line might be disconnected or generator can interface is down
Resetting CAN interface on server
2018-04-17 15:15:54  can0  18FF1610#55 TX
No response from generator
Time Out Error: CAN line might be disconnected or generator can interface is down
Resetting CAN interface on server
2018-04-17 15:15:55  can0  18FF1610#55 TX
No response from generator
Time Out Error: CAN line might be disconnected or generator can interface is down
Resetting CAN interface on server
2018-04-17 15:15:57  can0  18FF1610#55 TX
No response from generator
Time Out Error: CAN line might be disconnected or generator can interface is down
Resetting CAN interface on server
2018-04-17 15:15:58  can0  18FF1610#55 TX
No response from generator
Time Out Error: CAN line might be disconnected or generator can interface is down
Resetting CAN interface on server
2018-04-17 15:15:59  can0  18FF1610#55 TX
No response from generator
Time Out Error: CAN line might be disconnected or generator can interface is down
Resetting CAN interface on server
2018-04-17 15:16:00  can0  18FF1610#55 TX
No response from generator
Time Out Error: CAN line might be disconnected or generator can interface is down
Resetting CAN interface on server
2018-04-17 15:16:01  can0  18FF1610#55 TX
No response from generator
Time Out Error: CAN line might be disconnected or generator can interface is down
Resetting CAN interface on server
2018-04-17 15:16:02  can0  18FF1610#55 TX
No response from generator
Time Out Error: CAN line might be disconnected or generator can interface is down
Resetting CAN interface on server
2018-04-17 15:16:03  can0  18FF1610#55 TX
No response from generator
Time Out Error: CAN line might be disconnected or generator can interface is down
Resetting CAN interface on server
2018-04-17 15:16:04  can0  18FF1610#55 TX
No response from generator
Time Out Error: CAN line might be disconnected or generator can interface is down
Resetting CAN interface on server
2018-04-17 15:16:05  can0  18FF1610#55 TX
No response from generator
Time Out Error: CAN line might be disconnected or generator can interface is down
Resetting CAN interface on server
2018-04-17 15:16:06  can0  18FF1610#55 TX
No response from generator
Time Out Error: CAN line might be disconnected or generator can interface is down
Resetting CAN interface on server
2018-04-17 15:16:07  can0  18FF1610#55 TX
No response from generator
Time Out Error: CAN line might be disconnected or generator can interface is down
Resetting CAN interface on server
2018-04-17 15:16:09  can0  18FF1610#55 TX
No response from generator
Time Out Error: CAN line might be disconnected or generator can interface is down
Resetting CAN interface on server
2018-04-17 15:16:10  can0  18FF1610#55 TX
No response from generator
Time Out Error: CAN line might be disconnected or generator can interface is down
Resetting CAN interface on server
2018-04-17 15:16:11  can0  18FF1610#55 TX
No response from generator
Time Out Error: CAN line might be disconnected or generator can interface is down
Resetting CAN interface on server
2018-04-17 15:16:12  can0  18FF1610#55 TX
No response from generator
Time Out Error: CAN line might be disconnected or generator can interface is down
Resetting CAN interface on server
2018-04-17 15:16:13  can0  18FF1610#55 TX
No response from generator
Time Out Error: CAN line might be disconnected or generator can interface is down
Resetting CAN interface on server
2018-04-17 15:16:14  can0  18FF1610#55 TX
No response from generator
Time Out Error: CAN line might be disconnected or generator can interface is down
Resetting CAN interface on server
2018-04-17 15:16:15  can0  18FF1610#55 TX
No response from generator
Time Out Error: CAN line might be disconnected or generator can interface is down
Resetting CAN interface on server
2018-04-17 15:16:16  can0  18FF1610#55 TX
No response from generator
Time Out Error: CAN line might be disconnected or generator can interface is down
Resetting CAN interface on server
2018-04-17 15:16:17  can0  18FF1610#55 TX
No response from generator
Time Out Error: CAN line might be disconnected or generator can interface is down
Resetting CAN interface on server
2018-04-17 15:16:18  can0  18FF1610#55 TX
No response from generator
Time Out Error: CAN line might be disconnected or generator can interface is down
Resetting CAN interface on server
2018-04-17 15:16:19  can0  18FF1610#55 TX
No response from generator
Time Out Error: CAN line might be disconnected or generator can interface is down
Resetting CAN interface on server
2018-04-17 15:16:21  can0  18FF1610#55 TX
No response from generator
Time Out Error: CAN line might be disconnected or generator can interface is down
Resetting CAN interface on server
2018-04-17 15:16:22  can0  18FF1610#55 TX
No response from generator
Time Out Error: CAN line might be disconnected or generator can interface is down
Resetting CAN interface on server
2018-04-17 15:16:23  can0  18FF1610#55 TX
No response from generator
Time Out Error: CAN line might be disconnected or generator can interface is down
Resetting CAN interface on server
2018-04-17 15:16:24  can0  18FF1610#55 TX
No response from generator
Time Out Error: CAN line might be disconnected or generator can interface is down
Resetting CAN interface on server
2018-04-17 15:16:25  can0  18FF1610#55 TX
No response from generator
Time Out Error: CAN line might be disconnected or generator can interface is down
Resetting CAN interface on server
2018-04-17 15:16:26  can0  18FF1610#55 TX
No response from generator
Time Out Error: CAN line might be disconnected or generator can interface is down
Resetting CAN interface on server
2018-04-17 15:16:27  can0  18FF1610#55 TX
No response from generator
Time Out Error: CAN line might be disconnected or generator can interface is down
Resetting CAN interface on server
2018-04-17 15:16:28  can0  18FF1610#55 TX
No response from generator
Time Out Error: CAN line might be disconnected or generator can interface is down
Resetting CAN interface on server
2018-04-17 15:16:29  can0  18FF1610#55 TX
No response from generator
Time Out Error: CAN line might be disconnected or generator can interface is down
Resetting CAN interface on server
2018-04-17 15:16:30  can0  18FF1610#55 TX
No response from generator
Time Out Error: CAN line might be disconnected or generator can interface is down
Resetting CAN interface on server
2018-04-17 15:16:31  can0  18FF1610#55 TX
No response from generator
Time Out Error: CAN line might be disconnected or generator can interface is down
Resetting CAN interface on server
2018-04-17 15:16:33  can0  18FF1610#55 TX
No response from generator
Time Out Error: CAN line might be disconnected or generator can interface is down
Resetting CAN interface on server
2018-04-17 15:16:34  can0  18FF1610#55 TX
No response from generator
Time Out Error: CAN line might be disconnected or generator can interface is down
Resetting CAN interface on server
2018-04-17 15:16:35  can0  18FF1610#55 TX
No response from generator
Time Out Error: CAN line might be disconnected or generator can interface is down
Resetting CAN interface on server
2018-04-17 15:16:36  can0  18FF1610#55 TX
No response from generator
Time Out Error: CAN line might be disconnected or generator can interface is down
Resetting CAN interface on server
2018-04-17 15:16:37  can0  18FF1610#55 TX
No response from generator
Time Out Error: CAN line might be disconnected or generator can interface is down
Resetting CAN interface on server
2018-04-17 15:16:38  can0  18FF1610#55 TX
No response from generator
Time Out Error: CAN line might be disconnected or generator can interface is down
Resetting CAN interface on server
2018-04-17 15:16:39  can0  18FF1610#55 TX
No response from generator
Time Out Error: CAN line might be disconnected or generator can interface is down
Resetting CAN interface on server
2018-04-17 15:16:40  can0  18FF1610#55 TX
No response from generator
Time Out Error: CAN line might be disconnected or generator can interface is down
Resetting CAN interface on server
2018-04-17 15:16:41  can0  18FF1610#55 TX
No response from generator
Time Out Error: CAN line might be disconnected or generator can interface is down
Resetting CAN interface on server
2018-04-17 15:16:42  can0  18FF1610#55 TX
No response from generator
Time Out Error: CAN line might be disconnected or generator can interface is down
Resetting CAN interface on server
2018-04-17 15:16:43  can0  18FF1610#55 TX
No response from generator
Time Out Error: CAN line might be disconnected or generator can interface is down
Resetting CAN interface on server
2018-04-17 15:16:45  can0  18FF1610#55 TX
No response from generator
Time Out Error: CAN line might be disconnected or generator can interface is down
Resetting CAN interface on server
2018-04-17 15:16:46  can0  18FF1610#55 TX
No response from generator
Time Out Error: CAN line might be disconnected or generator can interface is down
Resetting CAN interface on server
2018-04-17 15:16:47  can0  18FF1610#55 TX
No response from generator
Time Out Error: CAN line might be disconnected or generator can interface is down
Resetting CAN interface on server
2018-04-17 15:16:48  can0  18FF1610#55 TX
No response from generator
Time Out Error: CAN line might be disconnected or generator can interface is down
Resetting CAN interface on server
2018-04-17 15:16:49  can0  18FF1610#55 TX
No response from generator
Time Out Error: CAN line might be disconnected or generator can interface is down
Resetting CAN interface on server
2018-04-17 15:16:50  can0  18FF1610#55 TX
No response from generator
Time Out Error: CAN line might be disconnected or generator can interface is down
Resetting CAN interface on server
2018-04-17 15:16:51  can0  18FF1610#55 TX
No response from generator
Time Out Error: CAN line might be disconnected or generator can interface is down
Resetting CAN interface on server
2018-04-17 15:16:52  can0  18FF1610#55 TX
No response from generator
Time Out Error: CAN line might be disconnected or generator can interface is down
Resetting CAN interface on server
2018-04-17 15:16:53  can0  18FF1610#55 TX
No response from generator
Time Out Error: CAN line might be disconnected or generator can interface is down
Resetting CAN interface on server
2018-04-17 15:16:54  can0  18FF1610#55 TX
No response from generator
Time Out Error: CAN line might be disconnected or generator can interface is down
Resetting CAN interface on server
2018-04-17 15:16:55  can0  18FF1610#55 TX
No response from generator
Time Out Error: CAN line might be disconnected or generator can interface is down
Resetting CAN interface on server
2018-04-17 15:16:57  can0  18FF1610#55 TX
No response from generator
Time Out Error: CAN line might be disconnected or generator can interface is down
Resetting CAN interface on server
2018-04-17 15:16:58  can0  18FF1610#55 TX
No response from generator
Time Out Error: CAN line might be disconnected or generator can interface is down
Resetting CAN interface on server
2018-04-17 15:16:59  can0  18FF1610#55 TX
No response from generator
Time Out Error: CAN line might be disconnected or generator can interface is down
Resetting CAN interface on server
2018-04-17 15:17:00  can0  18FF1610#55 TX
No response from generator
Time Out Error: CAN line might be disconnected or generator can interface is down
Resetting CAN interface on server
2018-04-17 15:17:01  can0  18FF1610#55 TX
No response from generator
Time Out Error: CAN line might be disconnected or generator can interface is down
Resetting CAN interface on server
2018-04-17 15:17:02  can0  18FF1610#55 TX
No response from generator
Time Out Error: CAN line might be disconnected or generator can interface is down
Resetting CAN interface on server
2018-04-17 15:17:03  can0  18FF1610#55 TX
No response from generator
Time Out Error: CAN line might be disconnected or generator can interface is down
Resetting CAN interface on server
2018-04-17 15:17:04  can0  18FF1610#55 TX
No response from generator
Time Out Error: CAN line might be disconnected or generator can interface is down
Resetting CAN interface on server
2018-04-17 15:17:05  can0  18FF1610#55 TX
No response from generator
Time Out Error: CAN line might be disconnected or generator can interface is down
Resetting CAN interface on server
2018-04-17 15:17:06  can0  18FF1610#55 TX
No response from generator
Time Out Error: CAN line might be disconnected or generator can interface is down
Resetting CAN interface on server
2018-04-17 15:17:08  can0  18FF1610#55 TX
No response from generator
Time Out Error: CAN line might be disconnected or generator can interface is down
Resetting CAN interface on server
2018-04-17 15:17:09  can0  18FF1610#55 TX
No response from generator
Time Out Error: CAN line might be disconnected or generator can interface is down
Resetting CAN interface on server
2018-04-17 15:17:10  can0  18FF1610#55 TX
No response from generator
Time Out Error: CAN line might be disconnected or generator can interface is down
Resetting CAN interface on server
2018-04-17 15:17:11  can0  18FF1610#55 TX
No response from generator
Time Out Error: CAN line might be disconnected or generator can interface is down
Resetting CAN interface on server
2018-04-17 15:17:12  can0  18FF1610#55 TX
No response from generator
Time Out Error: CAN line might be disconnected or generator can interface is down
Resetting CAN interface on server
2018-04-17 15:17:13  can0  18FF1610#55 TX
No response from generator
Time Out Error: CAN line might be disconnected or generator can interface is down
Resetting CAN interface on server
2018-04-17 15:17:14  can0  18FF1610#55 TX
No response from generator
Time Out Error: CAN line might be disconnected or generator can interface is down
Resetting CAN interface on server
2018-04-17 15:17:15  can0  18FF1610#55 TX
No response from generator
Time Out Error: CAN line might be disconnected or generator can interface is down
Resetting CAN interface on server
2018-04-17 15:17:16  can0  18FF1610#55 TX
No response from generator
Time Out Error: CAN line might be disconnected or generator can interface is down
Resetting CAN interface on server
2018-04-17 15:17:17  can0  18FF1610#55 TX
No response from generator
Time Out Error: CAN line might be disconnected or generator can interface is down
Resetting CAN interface on server
2018-04-17 15:17:18  can0  18FF1610#55 TX
No response from generator
Time Out Error: CAN line might be disconnected or generator can interface is down
Resetting CAN interface on server
2018-04-17 15:17:19  can0  18FF1610#55 TX
No response from generator
Time Out Error: CAN line might be disconnected or generator can interface is down
Resetting CAN interface on server
2018-04-17 15:17:21  can0  18FF1610#55 TX
No response from generator
Time Out Error: CAN line might be disconnected or generator can interface is down
Resetting CAN interface on server
2018-04-17 15:17:22  can0  18FF1610#55 TX
No response from generator
Time Out Error: CAN line might be disconnected or generator can interface is down
Resetting CAN interface on server
2018-04-17 15:17:23  can0  18FF1610#55 TX
No response from generator
Time Out Error: CAN line might be disconnected or generator can interface is down
Resetting CAN interface on server
2018-04-17 15:17:24  can0  18FF1610#55 TX
No response from generator
Time Out Error: CAN line might be disconnected or generator can interface is down
Resetting CAN interface on server
2018-04-17 15:17:25  can0  18FF1610#55 TX
No response from generator
Time Out Error: CAN line might be disconnected or generator can interface is down
Resetting CAN interface on server
2018-04-17 15:17:26  can0  18FF1610#55 TX
No response from generator
Time Out Error: CAN line might be disconnected or generator can interface is down
Resetting CAN interface on server
2018-04-17 15:17:27  can0  18FF1610#55 TX
No response from generator
Time Out Error: CAN line might be disconnected or generator can interface is down
Resetting CAN interface on server
2018-04-17 15:17:28  can0  18FF1610#55 TX
No response from generator
Time Out Error: CAN line might be disconnected or generator can interface is down
Resetting CAN interface on server
2018-04-17 15:17:29  can0  18FF1610#55 TX
No response from generator
Time Out Error: CAN line might be disconnected or generator can interface is down
Resetting CAN interface on server
2018-04-17 15:17:30  can0  18FF1610#55 TX
No response from generator
Time Out Error: CAN line might be disconnected or generator can interface is down
Resetting CAN interface on server
2018-04-17 15:17:31  can0  18FF1610#55 TX
No response from generator
Time Out Error: CAN line might be disconnected or generator can interface is down
Resetting CAN interface on server
2018-04-17 15:17:33  can0  18FF1610#55 TX
No response from generator
Time Out Error: CAN line might be disconnected or generator can interface is down
Resetting CAN interface on server
2018-04-17 15:17:34  can0  18FF1610#55 TX
No response from generator
Time Out Error: CAN line might be disconnected or generator can interface is down
Resetting CAN interface on server
2018-04-17 15:17:35  can0  18FF1610#55 TX
No response from generator
Time Out Error: CAN line might be disconnected or generator can interface is down
Resetting CAN interface on server
2018-04-17 15:17:36  can0  18FF1610#55 TX
No response from generator
Time Out Error: CAN line might be disconnected or generator can interface is down
Resetting CAN interface on server
2018-04-17 15:17:37  can0  18FF1610#55 TX
No response from generator
Time Out Error: CAN line might be disconnected or generator can interface is down
Resetting CAN interface on server
2018-04-17 15:17:38  can0  18FF1610#55 TX
No response from generator
Time Out Error: CAN line might be disconnected or generator can interface is down
Resetting CAN interface on server
2018-04-17 15:17:39  can0  18FF1610#55 TX
No response from generator
Time Out Error: CAN line might be disconnected or generator can interface is down
Resetting CAN interface on server
2018-04-17 15:17:40  can0  18FF1610#55 TX
No response from generator
Time Out Error: CAN line might be disconnected or generator can interface is down
Resetting CAN interface on server
2018-04-17 15:17:41  can0  18FF1610#55 TX
No response from generator
Time Out Error: CAN line might be disconnected or generator can interface is down
Resetting CAN interface on server
2018-04-17 15:17:42  can0  18FF1610#55 TX
No response from generator
Time Out Error: CAN line might be disconnected or generator can interface is down
Resetting CAN interface on server
2018-04-17 15:17:43  can0  18FF1610#55 TX
No response from generator
Time Out Error: CAN line might be disconnected or generator can interface is down
Resetting CAN interface on server
2018-04-17 15:17:45  can0  18FF1610#55 TX
No response from generator
Time Out Error: CAN line might be disconnected or generator can interface is down
Resetting CAN interface on server
2018-04-17 15:17:46  can0  18FF1610#55 TX
No response from generator
Time Out Error: CAN line might be disconnected or generator can interface is down
Resetting CAN interface on server
2018-04-17 15:17:47  can0  18FF1610#55 TX
No response from generator
Time Out Error: CAN line might be disconnected or generator can interface is down
Resetting CAN interface on server
2018-04-17 15:17:48  can0  18FF1610#55 TX
No response from generator
Time Out Error: CAN line might be disconnected or generator can interface is down
Resetting CAN interface on server
2018-04-17 15:17:49  can0  18FF1610#55 TX
No response from generator
Time Out Error: CAN line might be disconnected or generator can interface is down
Resetting CAN interface on server
2018-04-17 15:17:50  can0  18FF1610#55 TX
No response from generator
Time Out Error: CAN line might be disconnected or generator can interface is down
Resetting CAN interface on server
2018-04-17 15:17:51  can0  18FF1610#55 TX
No response from generator
Time Out Error: CAN line might be disconnected or generator can interface is down
Resetting CAN interface on server
2018-04-17 15:17:52  can0  18FF1610#55 TX
No response from generator
Time Out Error: CAN line might be disconnected or generator can interface is down
Resetting CAN interface on server
2018-04-17 15:17:53  can0  18FF1610#55 TX
No response from generator
Time Out Error: CAN line might be disconnected or generator can interface is down
Resetting CAN interface on server
2018-04-17 15:17:54  can0  18FF1610#55 TX
No response from generator
Time Out Error: CAN line might be disconnected or generator can interface is down
Resetting CAN interface on server
2018-04-17 15:17:55  can0  18FF1610#55 TX
No response from generator
Time Out Error: CAN line might be disconnected or generator can interface is down
Resetting CAN interface on server
2018-04-17 15:17:57  can0  18FF1610#55 TX
No response from generator
Time Out Error: CAN line might be disconnected or generator can interface is down
Resetting CAN interface on server
2018-04-17 15:17:58  can0  18FF1610#55 TX
No response from generator
Time Out Error: CAN line might be disconnected or generator can interface is down
Resetting CAN interface on server
2018-04-17 15:17:59  can0  18FF1610#55 TX
No response from generator
Time Out Error: CAN line might be disconnected or generator can interface is down
Resetting CAN interface on server
2018-04-17 15:18:00  can0  18FF1610#55 TX
No response from generator
Time Out Error: CAN line might be disconnected or generator can interface is down
Resetting CAN interface on server
2018-04-17 15:18:01  can0  18FF1610#55 TX
No response from generator
Time Out Error: CAN line might be disconnected or generator can interface is down
Resetting CAN interface on server
2018-04-17 15:18:02  can0  18FF1610#55 TX
No response from generator
Time Out Error: CAN line might be disconnected or generator can interface is down
Resetting CAN interface on server
2018-04-17 15:18:03  can0  18FF1610#55 TX
No response from generator
Time Out Error: CAN line might be disconnected or generator can interface is down
Resetting CAN interface on server
2018-04-17 15:18:04  can0  18FF1610#55 TX
No response from generator
Time Out Error: CAN line might be disconnected or generator can interface is down
Resetting CAN interface on server
2018-04-17 15:18:05  can0  18FF1610#55 TX
No response from generator
Time Out Error: CAN line might be disconnected or generator can interface is down
Resetting CAN interface on server
2018-04-17 15:18:06  can0  18FF1610#55 TX
No response from generator
Time Out Error: CAN line might be disconnected or generator can interface is down
Resetting CAN interface on server
2018-04-17 15:18:07  can0  18FF1610#55 TX
No response from generator
Time Out Error: CAN line might be disconnected or generator can interface is down
Resetting CAN interface on server
2018-04-17 15:18:09  can0  18FF1610#55 TX
No response from generator
Time Out Error: CAN line might be disconnected or generator can interface is down
Resetting CAN interface on server
2018-04-17 15:18:10  can0  18FF1610#55 TX
No response from generator
Time Out Error: CAN line might be disconnected or generator can interface is down
Resetting CAN interface on server
2018-04-17 15:18:11  can0  18FF1610#55 TX
No response from generator
Time Out Error: CAN line might be disconnected or generator can interface is down
Resetting CAN interface on server
2018-04-17 15:18:12  can0  18FF1610#55 TX
No response from generator
Time Out Error: CAN line might be disconnected or generator can interface is down
Resetting CAN interface on server
2018-04-17 15:18:13  can0  18FF1610#55 TX
No response from generator
Time Out Error: CAN line might be disconnected or generator can interface is down
Resetting CAN interface on server
2018-04-17 15:18:14  can0  18FF1610#55 TX
No response from generator
Time Out Error: CAN line might be disconnected or generator can interface is down
Resetting CAN interface on server
2018-04-17 15:18:15  can0  18FF1610#55 TX
No response from generator
Time Out Error: CAN line might be disconnected or generator can interface is down
Resetting CAN interface on server
2018-04-17 15:18:16  can0  18FF1610#55 TX
No response from generator
Time Out Error: CAN line might be disconnected or generator can interface is down
Resetting CAN interface on server
2018-04-17 15:18:17  can0  18FF1610#55 TX
No response from generator
Time Out Error: CAN line might be disconnected or generator can interface is down
Resetting CAN interface on server
2018-04-17 15:18:18  can0  18FF1610#55 TX
No response from generator
Time Out Error: CAN line might be disconnected or generator can interface is down
Resetting CAN interface on server
2018-04-17 15:18:20  can0  18FF1610#55 TX
No response from generator
Time Out Error: CAN line might be disconnected or generator can interface is down
Resetting CAN interface on server
2018-04-17 15:18:21  can0  18FF1610#55 TX
No response from generator
Time Out Error: CAN line might be disconnected or generator can interface is down
Resetting CAN interface on server
2018-04-17 15:18:22  can0  18FF1610#55 TX
No response from generator
Time Out Error: CAN line might be disconnected or generator can interface is down
Resetting CAN interface on server
2018-04-17 15:18:23  can0  18FF1610#55 TX
No response from generator
Time Out Error: CAN line might be disconnected or generator can interface is down
Resetting CAN interface on server
2018-04-17 15:18:24  can0  18FF1610#55 TX
No response from generator
Time Out Error: CAN line might be disconnected or generator can interface is down
Resetting CAN interface on server
2018-04-17 15:18:25  can0  18FF1610#55 TX
No response from generator
Time Out Error: CAN line might be disconnected or generator can interface is down
Resetting CAN interface on server
2018-04-17 15:18:26  can0  18FF1610#55 TX
No response from generator
Time Out Error: CAN line might be disconnected or generator can interface is down
Resetting CAN interface on server
2018-04-17 15:18:27  can0  18FF1610#55 TX
No response from generator
Time Out Error: CAN line might be disconnected or generator can interface is down
Resetting CAN interface on server
2018-04-17 15:18:28  can0  18FF1610#55 TX
No response from generator
Time Out Error: CAN line might be disconnected or generator can interface is down
Resetting CAN interface on server
2018-04-17 15:18:29  can0  18FF1610#55 TX
No response from generator
Time Out Error: CAN line might be disconnected or generator can interface is down
Resetting CAN interface on server
2018-04-17 15:18:30  can0  18FF1610#55 TX
No response from generator
Time Out Error: CAN line might be disconnected or generator can interface is down
Resetting CAN interface on server
2018-04-17 15:18:32  can0  18FF1610#55 TX
No response from generator
Time Out Error: CAN line might be disconnected or generator can interface is down
Resetting CAN interface on server
2018-04-17 15:18:33  can0  18FF1610#55 TX
No response from generator
Time Out Error: CAN line might be disconnected or generator can interface is down
Resetting CAN interface on server
2018-04-17 15:18:34  can0  18FF1610#55 TX
No response from generator
Time Out Error: CAN line might be disconnected or generator can interface is down
Resetting CAN interface on server
2018-04-17 15:18:35  can0  18FF1610#55 TX
No response from generator
Time Out Error: CAN line might be disconnected or generator can interface is down
Resetting CAN interface on server
2018-04-17 15:18:36  can0  18FF1610#55 TX
No response from generator
Time Out Error: CAN line might be disconnected or generator can interface is down
Resetting CAN interface on server
2018-04-17 15:18:37  can0  18FF1610#55 TX
No response from generator
Time Out Error: CAN line might be disconnected or generator can interface is down
Resetting CAN interface on server
2018-04-17 15:18:38  can0  18FF1610#55 TX
No response from generator
Time Out Error: CAN line might be disconnected or generator can interface is down
Resetting CAN interface on server
2018-04-17 15:18:39  can0  18FF1610#55 TX
No response from generator
Time Out Error: CAN line might be disconnected or generator can interface is down
Resetting CAN interface on server
2018-04-17 15:18:40  can0  18FF1610#55 TX
No response from generator
Time Out Error: CAN line might be disconnected or generator can interface is down
Resetting CAN interface on server
2018-04-17 15:18:41  can0  18FF1610#55 TX
No response from generator
Time Out Error: CAN line might be disconnected or generator can interface is down
Resetting CAN interface on server
2018-04-17 15:18:42  can0  18FF1610#55 TX
No response from generator
Time Out Error: CAN line might be disconnected or generator can interface is down
Resetting CAN interface on server
2018-04-17 15:18:43  can0  18FF1610#55 TX
No response from generator
Time Out Error: CAN line might be disconnected or generator can interface is down
Resetting CAN interface on server
2018-04-17 15:18:45  can0  18FF1610#55 TX
No response from generator
Time Out Error: CAN line might be disconnected or generator can interface is down
Resetting CAN interface on server
2018-04-17 15:18:46  can0  18FF1610#55 TX
No response from generator
Time Out Error: CAN line might be disconnected or generator can interface is down
Resetting CAN interface on server
2018-04-17 15:18:47  can0  18FF1610#55 TX
No response from generator
Time Out Error: CAN line might be disconnected or generator can interface is down
Resetting CAN interface on server
2018-04-17 15:18:48  can0  18FF1610#55 TX
No response from generator
Time Out Error: CAN line might be disconnected or generator can interface is down
Resetting CAN interface on server
2018-04-17 15:18:49  can0  18FF1610#55 TX
No response from generator
Time Out Error: CAN line might be disconnected or generator can interface is down
Resetting CAN interface on server
2018-04-17 15:18:50  can0  18FF1610#55 TX
No response from generator
Time Out Error: CAN line might be disconnected or generator can interface is down
Resetting CAN interface on server
2018-04-17 15:18:51  can0  18FF1610#55 TX
No response from generator
Time Out Error: CAN line might be disconnected or generator can interface is down
Resetting CAN interface on server
2018-04-17 15:18:52  can0  18FF1610#55 TX
No response from generator
Time Out Error: CAN line might be disconnected or generator can interface is down
Resetting CAN interface on server
2018-04-17 15:18:53  can0  18FF1610#55 TX
No response from generator
Time Out Error: CAN line might be disconnected or generator can interface is down
Resetting CAN interface on server
2018-04-17 15:18:54  can0  18FF1610#55 TX
No response from generator
Time Out Error: CAN line might be disconnected or generator can interface is down
Resetting CAN interface on server
2018-04-17 15:18:55  can0  18FF1610#55 TX
No response from generator
Time Out Error: CAN line might be disconnected or generator can interface is down
Resetting CAN interface on server
2018-04-17 15:18:57  can0  18FF1610#55 TX
No response from generator
Time Out Error: CAN line might be disconnected or generator can interface is down
Resetting CAN interface on server
2018-04-17 15:18:58  can0  18FF1610#55 TX
No response from generator
Time Out Error: CAN line might be disconnected or generator can interface is down
Resetting CAN interface on server
2018-04-17 15:18:59  can0  18FF1610#55 TX
No response from generator
Time Out Error: CAN line might be disconnected or generator can interface is down
Resetting CAN interface on server
2018-04-17 15:19:00  can0  18FF1610#55 TX
No response from generator
Time Out Error: CAN line might be disconnected or generator can interface is down
Resetting CAN interface on server
2018-04-17 15:19:01  can0  18FF1610#55 TX
No response from generator
Time Out Error: CAN line might be disconnected or generator can interface is down
Resetting CAN interface on server
2018-04-17 15:19:02  can0  18FF1610#55 TX
No response from generator
Time Out Error: CAN line might be disconnected or generator can interface is down
Resetting CAN interface on server
2018-04-17 15:19:03  can0  18FF1610#55 TX
No response from generator
Time Out Error: CAN line might be disconnected or generator can interface is down
Resetting CAN interface on server
2018-04-17 15:19:04  can0  18FF1610#55 TX
No response from generator
Time Out Error: CAN line might be disconnected or generator can interface is down
Resetting CAN interface on server
2018-04-17 15:19:05  can0  18FF1610#55 TX
No response from generator
Time Out Error: CAN line might be disconnected or generator can interface is down
Resetting CAN interface on server
2018-04-17 15:19:06  can0  18FF1610#55 TX
No response from generator
Time Out Error: CAN line might be disconnected or generator can interface is down
Resetting CAN interface on server
2018-04-17 15:19:08  can0  18FF1610#55 TX
No response from generator
Time Out Error: CAN line might be disconnected or generator can interface is down
Resetting CAN interface on server
2018-04-17 15:19:09  can0  18FF1610#55 TX
No response from generator
Time Out Error: CAN line might be disconnected or generator can interface is down
Resetting CAN interface on server
2018-04-17 15:19:10  can0  18FF1610#55 TX
No response from generator
Time Out Error: CAN line might be disconnected or generator can interface is down
Resetting CAN interface on server
2018-04-17 15:19:11  can0  18FF1610#55 TX
No response from generator
Time Out Error: CAN line might be disconnected or generator can interface is down
Resetting CAN interface on server
2018-04-17 15:19:12  can0  18FF1610#55 TX
No response from generator
Time Out Error: CAN line might be disconnected or generator can interface is down
Resetting CAN interface on server
2018-04-17 15:19:13  can0  18FF1610#55 TX
No response from generator
Time Out Error: CAN line might be disconnected or generator can interface is down
Resetting CAN interface on server
2018-04-17 15:19:14  can0  18FF1610#55 TX
No response from generator
Time Out Error: CAN line might be disconnected or generator can interface is down
Resetting CAN interface on server
2018-04-17 15:19:15  can0  18FF1610#55 TX
No response from generator
Time Out Error: CAN line might be disconnected or generator can interface is down
Resetting CAN interface on server
2018-04-17 15:19:16  can0  18FF1610#55 TX
No response from generator
Time Out Error: CAN line might be disconnected or generator can interface is down
Resetting CAN interface on server
2018-04-17 15:19:17  can0  18FF1610#55 TX
No response from generator
Time Out Error: CAN line might be disconnected or generator can interface is down
Resetting CAN interface on server
2018-04-17 15:19:18  can0  18FF1610#55 TX
No response from generator
Time Out Error: CAN line might be disconnected or generator can interface is down
Resetting CAN interface on server
2018-04-17 15:19:20  can0  18FF1610#55 TX
No response from generator
Time Out Error: CAN line might be disconnected or generator can interface is down
Resetting CAN interface on server
2018-04-17 15:19:21  can0  18FF1610#55 TX
No response from generator
Time Out Error: CAN line might be disconnected or generator can interface is down
Resetting CAN interface on server
2018-04-17 15:19:22  can0  18FF1610#55 TX
No response from generator
Time Out Error: CAN line might be disconnected or generator can interface is down
Resetting CAN interface on server
2018-04-17 15:19:23  can0  18FF1610#55 TX
No response from generator
Time Out Error: CAN line might be disconnected or generator can interface is down
Resetting CAN interface on server
2018-04-17 15:19:24  can0  18FF1610#55 TX
No response from generator
Time Out Error: CAN line might be disconnected or generator can interface is down
Resetting CAN interface on server
2018-04-17 15:19:25  can0  18FF1610#55 TX
No response from generator
Time Out Error: CAN line might be disconnected or generator can interface is down
Resetting CAN interface on server
2018-04-17 15:19:26  can0  18FF1610#55 TX
No response from generator
Time Out Error: CAN line might be disconnected or generator can interface is down
Resetting CAN interface on server
2018-04-17 15:19:27  can0  18FF1610#55 TX
No response from generator
Time Out Error: CAN line might be disconnected or generator can interface is down
Resetting CAN interface on server
2018-04-17 15:19:28  can0  18FF1610#55 TX
No response from generator
Time Out Error: CAN line might be disconnected or generator can interface is down
Resetting CAN interface on server
2018-04-17 15:19:29  can0  18FF1610#55 TX
No response from generator
Time Out Error: CAN line might be disconnected or generator can interface is down
Resetting CAN interface on server
2018-04-17 15:19:30  can0  18FF1610#55 TX
No response from generator
Time Out Error: CAN line might be disconnected or generator can interface is down
Resetting CAN interface on server
2018-04-17 15:19:32  can0  18FF1610#55 TX
No response from generator
Time Out Error: CAN line might be disconnected or generator can interface is down
Resetting CAN interface on server
2018-04-17 15:19:33  can0  18FF1610#55 TX
No response from generator
Time Out Error: CAN line might be disconnected or generator can interface is down
Resetting CAN interface on server
2018-04-17 15:19:34  can0  18FF1610#55 TX
No response from generator
Time Out Error: CAN line might be disconnected or generator can interface is down
Resetting CAN interface on server
2018-04-17 15:19:35  can0  18FF1610#55 TX
No response from generator
Time Out Error: CAN line might be disconnected or generator can interface is down
Resetting CAN interface on server
2018-04-17 15:19:36  can0  18FF1610#55 TX
No response from generator
Time Out Error: CAN line might be disconnected or generator can interface is down
Resetting CAN interface on server
2018-04-17 15:19:37  can0  18FF1610#55 TX
No response from generator
Time Out Error: CAN line might be disconnected or generator can interface is down
Resetting CAN interface on server
2018-04-17 15:19:38  can0  18FF1610#55 TX
No response from generator
Time Out Error: CAN line might be disconnected or generator can interface is down
Resetting CAN interface on server
2018-04-17 15:19:39  can0  18FF1610#55 TX
No response from generator
Time Out Error: CAN line might be disconnected or generator can interface is down
Resetting CAN interface on server
2018-04-17 15:19:40  can0  18FF1610#55 TX
No response from generator
Time Out Error: CAN line might be disconnected or generator can interface is down
Resetting CAN interface on server
2018-04-17 15:19:41  can0  18FF1610#55 TX
No response from generator
Time Out Error: CAN line might be disconnected or generator can interface is down
Resetting CAN interface on server
2018-04-17 15:19:43  can0  18FF1610#55 TX
No response from generator
Time Out Error: CAN line might be disconnected or generator can interface is down
Resetting CAN interface on server
2018-04-17 15:19:44  can0  18FF1610#55 TX
No response from generator
Time Out Error: CAN line might be disconnected or generator can interface is down
Resetting CAN interface on server
2018-04-17 15:19:45  can0  18FF1610#55 TX
No response from generator
Time Out Error: CAN line might be disconnected or generator can interface is down
Resetting CAN interface on server
2018-04-17 15:19:46  can0  18FF1610#55 TX
No response from generator
Time Out Error: CAN line might be disconnected or generator can interface is down
Resetting CAN interface on server
2018-04-17 15:19:47  can0  18FF1610#55 TX
No response from generator
Time Out Error: CAN line might be disconnected or generator can interface is down
Resetting CAN interface on server
2018-04-17 15:19:48  can0  18FF1610#55 TX
No response from generator
Time Out Error: CAN line might be disconnected or generator can interface is down
Resetting CAN interface on server
2018-04-17 15:19:49  can0  18FF1610#55 TX
No response from generator
Time Out Error: CAN line might be disconnected or generator can interface is down
Resetting CAN interface on server
2018-04-17 15:19:50  can0  18FF1610#55 TX
No response from generator
Time Out Error: CAN line might be disconnected or generator can interface is down
Resetting CAN interface on server
2018-04-17 15:19:51  can0  18FF1610#55 TX
No response from generator
Time Out Error: CAN line might be disconnected or generator can interface is down
Resetting CAN interface on server
2018-04-17 15:19:52  can0  18FF1610#55 TX
No response from generator
Time Out Error: CAN line might be disconnected or generator can interface is down
Resetting CAN interface on server
2018-04-17 15:19:53  can0  18FF1610#55 TX
No response from generator
Time Out Error: CAN line might be disconnected or generator can interface is down
Resetting CAN interface on server
2018-04-17 15:19:55  can0  18FF1610#55 TX
No response from generator
Time Out Error: CAN line might be disconnected or generator can interface is down
Resetting CAN interface on server
2018-04-17 15:19:56  can0  18FF1610#55 TX
No response from generator
Time Out Error: CAN line might be disconnected or generator can interface is down
Resetting CAN interface on server
2018-04-17 15:19:57  can0  18FF1610#55 TX
No response from generator
Time Out Error: CAN line might be disconnected or generator can interface is down
Resetting CAN interface on server
2018-04-17 15:19:58  can0  18FF1610#55 TX
No response from generator
Time Out Error: CAN line might be disconnected or generator can interface is down
Resetting CAN interface on server
2018-04-17 15:19:59  can0  18FF1610#55 TX
No response from generator
Time Out Error: CAN line might be disconnected or generator can interface is down
Resetting CAN interface on server
2018-04-17 15:20:00  can0  18FF1610#55 TX
No response from generator
Time Out Error: CAN line might be disconnected or generator can interface is down
Resetting CAN interface on server
2018-04-17 15:20:01  can0  18FF1610#55 TX
No response from generator
Time Out Error: CAN line might be disconnected or generator can interface is down
Resetting CAN interface on server
2018-04-17 15:20:02  can0  18FF1610#55 TX
No response from generator
Time Out Error: CAN line might be disconnected or generator can interface is down
Resetting CAN interface on server
2018-04-17 15:20:03  can0  18FF1610#55 TX
No response from generator
Time Out Error: CAN line might be disconnected or generator can interface is down
Resetting CAN interface on server
2018-04-17 15:20:04  can0  18FF1610#55 TX
No response from generator
Time Out Error: CAN line might be disconnected or generator can interface is down
Resetting CAN interface on server
2018-04-17 15:20:05  can0  18FF1610#55 TX
No response from generator
Time Out Error: CAN line might be disconnected or generator can interface is down
Resetting CAN interface on server
2018-04-17 15:20:07  can0  18FF1610#55 TX
No response from generator
Time Out Error: CAN line might be disconnected or generator can interface is down
Resetting CAN interface on server
2018-04-17 15:20:08  can0  18FF1610#55 TX
No response from generator
Time Out Error: CAN line might be disconnected or generator can interface is down
Resetting CAN interface on server
2018-04-17 15:20:09  can0  18FF1610#55 TX
No response from generator
Time Out Error: CAN line might be disconnected or generator can interface is down
Resetting CAN interface on server
2018-04-17 15:20:10  can0  18FF1610#55 TX
No response from generator
Time Out Error: CAN line might be disconnected or generator can interface is down
Resetting CAN interface on server
2018-04-17 15:20:11  can0  18FF1610#55 TX
No response from generator
Time Out Error: CAN line might be disconnected or generator can interface is down
Resetting CAN interface on server
2018-04-17 15:20:12  can0  18FF1610#55 TX
No response from generator
Time Out Error: CAN line might be disconnected or generator can interface is down
Resetting CAN interface on server
2018-04-17 15:20:13  can0  18FF1610#55 TX
No response from generator
Time Out Error: CAN line might be disconnected or generator can interface is down
Resetting CAN interface on server
2018-04-17 15:20:14  can0  18FF1610#55 TX
No response from generator
Time Out Error: CAN line might be disconnected or generator can interface is down
Resetting CAN interface on server
2018-04-17 15:20:15  can0  18FF1610#55 TX
No response from generator
Time Out Error: CAN line might be disconnected or generator can interface is down
Resetting CAN interface on server
2018-04-17 15:20:16  can0  18FF1610#55 TX
No response from generator
Time Out Error: CAN line might be disconnected or generator can interface is down
Resetting CAN interface on server
2018-04-17 15:20:17  can0  18FF1610#55 TX
No response from generator
Time Out Error: CAN line might be disconnected or generator can interface is down
Resetting CAN interface on server
2018-04-17 15:20:19  can0  18FF1610#55 TX
No response from generator
Time Out Error: CAN line might be disconnected or generator can interface is down
Resetting CAN interface on server
2018-04-17 15:20:20  can0  18FF1610#55 TX
No response from generator
Time Out Error: CAN line might be disconnected or generator can interface is down
Resetting CAN interface on server
2018-04-17 15:20:21  can0  18FF1610#55 TX
No response from generator
Time Out Error: CAN line might be disconnected or generator can interface is down
Resetting CAN interface on server
2018-04-17 15:20:22  can0  18FF1610#55 TX
No response from generator
Time Out Error: CAN line might be disconnected or generator can interface is down
Resetting CAN interface on server
2018-04-17 15:20:23  can0  18FF1610#55 TX
No response from generator
Time Out Error: CAN line might be disconnected or generator can interface is down
Resetting CAN interface on server
2018-04-17 15:20:24  can0  18FF1610#55 TX
No response from generator
Time Out Error: CAN line might be disconnected or generator can interface is down
Resetting CAN interface on server
2018-04-17 15:20:25  can0  18FF1610#55 TX
No response from generator
Time Out Error: CAN line might be disconnected or generator can interface is down
Resetting CAN interface on server
2018-04-17 15:20:26  can0  18FF1610#55 TX
No response from generator
Time Out Error: CAN line might be disconnected or generator can interface is down
Resetting CAN interface on server
2018-04-17 15:20:27  can0  18FF1610#55 TX
No response from generator
Time Out Error: CAN line might be disconnected or generator can interface is down
Resetting CAN interface on server
2018-04-17 15:20:28  can0  18FF1610#55 TX
No response from generator
Time Out Error: CAN line might be disconnected or generator can interface is down
Resetting CAN interface on server
2018-04-17 15:20:29  can0  18FF1610#55 TX
No response from generator
Time Out Error: CAN line might be disconnected or generator can interface is down
Resetting CAN interface on server
2018-04-17 15:20:31  can0  18FF1610#55 TX
No response from generator
Time Out Error: CAN line might be disconnected or generator can interface is down
Resetting CAN interface on server
2018-04-17 15:20:32  can0  18FF1610#55 TX
No response from generator
Time Out Error: CAN line might be disconnected or generator can interface is down
Resetting CAN interface on server
2018-04-17 15:20:33  can0  18FF1610#55 TX
No response from generator
Time Out Error: CAN line might be disconnected or generator can interface is down
Resetting CAN interface on server
2018-04-17 15:20:34  can0  18FF1610#55 TX
No response from generator
Time Out Error: CAN line might be disconnected or generator can interface is down
Resetting CAN interface on server
2018-04-17 15:20:35  can0  18FF1610#55 TX
No response from generator
Time Out Error: CAN line might be disconnected or generator can interface is down
Resetting CAN interface on server
2018-04-17 15:20:36  can0  18FF1610#55 TX
No response from generator
Time Out Error: CAN line might be disconnected or generator can interface is down
Resetting CAN interface on server
2018-04-17 15:20:37  can0  18FF1610#55 TX
No response from generator
Time Out Error: CAN line might be disconnected or generator can interface is down
Resetting CAN interface on server
2018-04-17 15:20:38  can0  18FF1610#55 TX
No response from generator
Time Out Error: CAN line might be disconnected or generator can interface is down
Resetting CAN interface on server
2018-04-17 15:20:39  can0  18FF1610#55 TX
No response from generator
Time Out Error: CAN line might be disconnected or generator can interface is down
Resetting CAN interface on server
2018-04-17 15:20:40  can0  18FF1610#55 TX
No response from generator
Time Out Error: CAN line might be disconnected or generator can interface is down
Resetting CAN interface on server
2018-04-17 15:20:41  can0  18FF1610#55 TX
No response from generator
Time Out Error: CAN line might be disconnected or generator can interface is down
Resetting CAN interface on server
2018-04-17 15:20:42  can0  18FF1610#55 TX
No response from generator
Time Out Error: CAN line might be disconnected or generator can interface is down
Resetting CAN interface on server
2018-04-17 15:20:44  can0  18FF1610#55 TX
No response from generator
Time Out Error: CAN line might be disconnected or generator can interface is down
Resetting CAN interface on server
2018-04-17 15:20:45  can0  18FF1610#55 TX
No response from generator
Time Out Error: CAN line might be disconnected or generator can interface is down
Resetting CAN interface on server
2018-04-17 15:20:46  can0  18FF1610#55 TX
No response from generator
Time Out Error: CAN line might be disconnected or generator can interface is down
Resetting CAN interface on server
2018-04-17 15:20:47  can0  18FF1610#55 TX
No response from generator
Time Out Error: CAN line might be disconnected or generator can interface is down
Resetting CAN interface on server
2018-04-17 15:20:48  can0  18FF1610#55 TX
No response from generator
Time Out Error: CAN line might be disconnected or generator can interface is down
Resetting CAN interface on server
2018-04-17 15:20:49  can0  18FF1610#55 TX
No response from generator
Time Out Error: CAN line might be disconnected or generator can interface is down
Resetting CAN interface on server
2018-04-17 15:20:50  can0  18FF1610#55 TX
No response from generator
Time Out Error: CAN line might be disconnected or generator can interface is down
Resetting CAN interface on server
2018-04-17 15:20:51  can0  18FF1610#55 TX
No response from generator
Time Out Error: CAN line might be disconnected or generator can interface is down
Resetting CAN interface on server
2018-04-17 15:20:52  can0  18FF1610#55 TX
No response from generator
Time Out Error: CAN line might be disconnected or generator can interface is down
Resetting CAN interface on server
2018-04-17 15:20:53  can0  18FF1610#55 TX
No response from generator
Time Out Error: CAN line might be disconnected or generator can interface is down
Resetting CAN interface on server
2018-04-17 15:20:54  can0  18FF1610#55 TX
No response from generator
Time Out Error: CAN line might be disconnected or generator can interface is down
Resetting CAN interface on server
2018-04-17 15:20:56  can0  18FF1610#55 TX
No response from generator
Time Out Error: CAN line might be disconnected or generator can interface is down
Resetting CAN interface on server
2018-04-17 15:20:57  can0  18FF1610#55 TX
No response from generator
Time Out Error: CAN line might be disconnected or generator can interface is down
Resetting CAN interface on server
2018-04-17 15:20:58  can0  18FF1610#55 TX
No response from generator
Time Out Error: CAN line might be disconnected or generator can interface is down
Resetting CAN interface on server
2018-04-17 15:20:59  can0  18FF1610#55 TX
No response from generator
Time Out Error: CAN line might be disconnected or generator can interface is down
Resetting CAN interface on server
2018-04-17 15:21:00  can0  18FF1610#55 TX
No response from generator
Time Out Error: CAN line might be disconnected or generator can interface is down
Resetting CAN interface on server
2018-04-17 15:21:01  can0  18FF1610#55 TX
No response from generator
Time Out Error: CAN line might be disconnected or generator can interface is down
Resetting CAN interface on server
2018-04-17 15:21:02  can0  18FF1610#55 TX
No response from generator
Time Out Error: CAN line might be disconnected or generator can interface is down
Resetting CAN interface on server
2018-04-17 15:21:03  can0  18FF1610#55 TX
No response from generator
Time Out Error: CAN line might be disconnected or generator can interface is down
Resetting CAN interface on server
2018-04-17 15:21:04  can0  18FF1610#55 TX
No response from generator
Time Out Error: CAN line might be disconnected or generator can interface is down
Resetting CAN interface on server
2018-04-17 15:21:05  can0  18FF1610#55 TX
No response from generator
Time Out Error: CAN line might be disconnected or generator can interface is down
Resetting CAN interface on server
2018-04-17 15:21:07  can0  18FF1610#55 TX
No response from generator
Time Out Error: CAN line might be disconnected or generator can interface is down
Resetting CAN interface on server
2018-04-17 15:21:08  can0  18FF1610#55 TX
No response from generator
Time Out Error: CAN line might be disconnected or generator can interface is down
Resetting CAN interface on server
2018-04-17 15:21:09  can0  18FF1610#55 TX
No response from generator
Time Out Error: CAN line might be disconnected or generator can interface is down
Resetting CAN interface on server
2018-04-17 15:21:10  can0  18FF1610#55 TX
No response from generator
Time Out Error: CAN line might be disconnected or generator can interface is down
Resetting CAN interface on server
2018-04-17 15:21:11  can0  18FF1610#55 TX
No response from generator
Time Out Error: CAN line might be disconnected or generator can interface is down
Resetting CAN interface on server
2018-04-17 15:21:12  can0  18FF1610#55 TX
No response from generator
Time Out Error: CAN line might be disconnected or generator can interface is down
Resetting CAN interface on server
2018-04-17 15:21:13  can0  18FF1610#55 TX
No response from generator
Time Out Error: CAN line might be disconnected or generator can interface is down
Resetting CAN interface on server
2018-04-17 15:21:14  can0  18FF1610#55 TX
No response from generator
Time Out Error: CAN line might be disconnected or generator can interface is down
Resetting CAN interface on server
2018-04-17 15:21:15  can0  18FF1610#55 TX
No response from generator
Time Out Error: CAN line might be disconnected or generator can interface is down
Resetting CAN interface on server
2018-04-17 15:21:16  can0  18FF1610#55 TX
No response from generator
Time Out Error: CAN line might be disconnected or generator can interface is down
Resetting CAN interface on server
2018-04-17 15:21:17  can0  18FF1610#55 TX
No response from generator
Time Out Error: CAN line might be disconnected or generator can interface is down
Resetting CAN interface on server
2018-04-17 15:21:19  can0  18FF1610#55 TX
No response from generator
Time Out Error: CAN line might be disconnected or generator can interface is down
Resetting CAN interface on server
2018-04-17 15:21:20  can0  18FF1610#55 TX
No response from generator
Time Out Error: CAN line might be disconnected or generator can interface is down
Resetting CAN interface on server
2018-04-17 15:21:21  can0  18FF1610#55 TX
No response from generator
Time Out Error: CAN line might be disconnected or generator can interface is down
Resetting CAN interface on server
2018-04-17 15:21:22  can0  18FF1610#55 TX
No response from generator
Time Out Error: CAN line might be disconnected or generator can interface is down
Resetting CAN interface on server
2018-04-17 15:21:23  can0  18FF1610#55 TX
No response from generator
Time Out Error: CAN line might be disconnected or generator can interface is down
Resetting CAN interface on server
2018-04-17 15:21:24  can0  18FF1610#55 TX
No response from generator
Time Out Error: CAN line might be disconnected or generator can interface is down
Resetting CAN interface on server
2018-04-17 15:21:25  can0  18FF1610#55 TX
No response from generator
Time Out Error: CAN line might be disconnected or generator can interface is down
Resetting CAN interface on server
2018-04-17 15:21:26  can0  18FF1610#55 TX
No response from generator
Time Out Error: CAN line might be disconnected or generator can interface is down
Resetting CAN interface on server
2018-04-17 15:21:27  can0  18FF1610#55 TX
No response from generator
Time Out Error: CAN line might be disconnected or generator can interface is down
Resetting CAN interface on server
2018-04-17 15:21:28  can0  18FF1610#55 TX
No response from generator
Time Out Error: CAN line might be disconnected or generator can interface is down
Resetting CAN interface on server
2018-04-17 15:21:29  can0  18FF1610#55 TX
No response from generator
Time Out Error: CAN line might be disconnected or generator can interface is down
Resetting CAN interface on server
2018-04-17 15:21:31  can0  18FF1610#55 TX
No response from generator
Time Out Error: CAN line might be disconnected or generator can interface is down
Resetting CAN interface on server
2018-04-17 15:21:32  can0  18FF1610#55 TX
No response from generator
Time Out Error: CAN line might be disconnected or generator can interface is down
Resetting CAN interface on server
2018-04-17 15:21:33  can0  18FF1610#55 TX
No response from generator
Time Out Error: CAN line might be disconnected or generator can interface is down
Resetting CAN interface on server
2018-04-17 15:21:34  can0  18FF1610#55 TX
No response from generator
Time Out Error: CAN line might be disconnected or generator can interface is down
Resetting CAN interface on server
2018-04-17 15:21:35  can0  18FF1610#55 TX
No response from generator
Time Out Error: CAN line might be disconnected or generator can interface is down
Resetting CAN interface on server
2018-04-17 15:21:36  can0  18FF1610#55 TX
No response from generator
Time Out Error: CAN line might be disconnected or generator can interface is down
Resetting CAN interface on server
2018-04-17 15:21:37  can0  18FF1610#55 TX
No response from generator
Time Out Error: CAN line might be disconnected or generator can interface is down
Resetting CAN interface on server
2018-04-17 15:21:38  can0  18FF1610#55 TX
No response from generator
Time Out Error: CAN line might be disconnected or generator can interface is down
Resetting CAN interface on server
2018-04-17 15:21:39  can0  18FF1610#55 TX
No response from generator
Time Out Error: CAN line might be disconnected or generator can interface is down
Resetting CAN interface on server
2018-04-17 15:21:40  can0  18FF1610#55 TX
No response from generator
Time Out Error: CAN line might be disconnected or generator can interface is down
Resetting CAN interface on server
2018-04-17 15:21:42  can0  18FF1610#55 TX
No response from generator
Time Out Error: CAN line might be disconnected or generator can interface is down
Resetting CAN interface on server
2018-04-17 15:21:43  can0  18FF1610#55 TX
No response from generator
Time Out Error: CAN line might be disconnected or generator can interface is down
Resetting CAN interface on server
2018-04-17 15:21:44  can0  18FF1610#55 TX
No response from generator
Time Out Error: CAN line might be disconnected or generator can interface is down
Resetting CAN interface on server
2018-04-17 15:21:45  can0  18FF1610#55 TX
No response from generator
Time Out Error: CAN line might be disconnected or generator can interface is down
Resetting CAN interface on server
2018-04-17 15:21:46  can0  18FF1610#55 TX
No response from generator
Time Out Error: CAN line might be disconnected or generator can interface is down
Resetting CAN interface on server
2018-04-17 15:21:47  can0  18FF1610#55 TX
No response from generator
Time Out Error: CAN line might be disconnected or generator can interface is down
Resetting CAN interface on server
2018-04-17 15:21:48  can0  18FF1610#55 TX
No response from generator
Time Out Error: CAN line might be disconnected or generator can interface is down
Resetting CAN interface on server
2018-04-17 15:21:49  can0  18FF1610#55 TX
No response from generator
Time Out Error: CAN line might be disconnected or generator can interface is down
Resetting CAN interface on server
2018-04-17 15:21:50  can0  18FF1610#55 TX
No response from generator
Time Out Error: CAN line might be disconnected or generator can interface is down
Resetting CAN interface on server
2018-04-17 15:21:51  can0  18FF1610#55 TX
No response from generator
Time Out Error: CAN line might be disconnected or generator can interface is down
Resetting CAN interface on server
2018-04-17 15:21:52  can0  18FF1610#55 TX
No response from generator
Time Out Error: CAN line might be disconnected or generator can interface is down
Resetting CAN interface on server
2018-04-17 15:21:54  can0  18FF1610#55 TX
No response from generator
Time Out Error: CAN line might be disconnected or generator can interface is down
Resetting CAN interface on server
2018-04-17 15:21:55  can0  18FF1610#55 TX
No response from generator
Time Out Error: CAN line might be disconnected or generator can interface is down
Resetting CAN interface on server
2018-04-17 15:21:56  can0  18FF1610#55 TX
No response from generator
Time Out Error: CAN line might be disconnected or generator can interface is down
Resetting CAN interface on server
2018-04-17 15:21:57  can0  18FF1610#55 TX
No response from generator
Time Out Error: CAN line might be disconnected or generator can interface is down
Resetting CAN interface on server
2018-04-17 15:21:58  can0  18FF1610#55 TX
No response from generator
Time Out Error: CAN line might be disconnected or generator can interface is down
Resetting CAN interface on server
2018-04-17 15:21:59  can0  18FF1610#55 TX
No response from generator
Time Out Error: CAN line might be disconnected or generator can interface is down
Resetting CAN interface on server
2018-04-17 15:22:00  can0  18FF1610#55 TX
No response from generator
Time Out Error: CAN line might be disconnected or generator can interface is down
Resetting CAN interface on server
2018-04-17 15:22:01  can0  18FF1610#55 TX
No response from generator
Time Out Error: CAN line might be disconnected or generator can interface is down
Resetting CAN interface on server
2018-04-17 15:22:02  can0  18FF1610#55 TX
No response from generator
Time Out Error: CAN line might be disconnected or generator can interface is down
Resetting CAN interface on server
2018-04-17 15:22:03  can0  18FF1610#55 TX
No response from generator
Time Out Error: CAN line might be disconnected or generator can interface is down
Resetting CAN interface on server
2018-04-17 15:22:04  can0  18FF1610#55 TX
No response from generator
Time Out Error: CAN line might be disconnected or generator can interface is down
Resetting CAN interface on server
2018-04-17 15:22:06  can0  18FF1610#55 TX
No response from generator
Time Out Error: CAN line might be disconnected or generator can interface is down
Resetting CAN interface on server
2018-04-17 15:22:07  can0  18FF1610#55 TX
No response from generator
Time Out Error: CAN line might be disconnected or generator can interface is down
Resetting CAN interface on server
2018-04-17 15:22:08  can0  18FF1610#55 TX
No response from generator
Time Out Error: CAN line might be disconnected or generator can interface is down
Resetting CAN interface on server
2018-04-17 15:22:09  can0  18FF1610#55 TX
No response from generator
Time Out Error: CAN line might be disconnected or generator can interface is down
Resetting CAN interface on server
2018-04-17 15:22:10  can0  18FF1610#55 TX
No response from generator
Time Out Error: CAN line might be disconnected or generator can interface is down
Resetting CAN interface on server
2018-04-17 15:22:11  can0  18FF1610#55 TX
No response from generator
Time Out Error: CAN line might be disconnected or generator can interface is down
Resetting CAN interface on server
2018-04-17 15:22:12  can0  18FF1610#55 TX
No response from generator
Time Out Error: CAN line might be disconnected or generator can interface is down
Resetting CAN interface on server
2018-04-17 15:22:13  can0  18FF1610#55 TX
No response from generator
Time Out Error: CAN line might be disconnected or generator can interface is down
Resetting CAN interface on server
2018-04-17 15:22:15  can0  18FF1610#55 TX
No response from generator
Time Out Error: CAN line might be disconnected or generator can interface is down
Resetting CAN interface on server
2018-04-17 15:22:16  can0  18FF1610#55 TX
No response from generator
Time Out Error: CAN line might be disconnected or generator can interface is down
Resetting CAN interface on server
