2018-04-17 13:45:35  can0  18FF1610#55 TX
2018-04-17 13:45:36  can0  18FF1610#55 TX
No response from generator
Time Out Error: CAN line might be disconnected or generator can interface is down
Resetting CAN interface on server
2018-04-17 13:45:37  can0  18FF1610#55 TX
No response from generator
Time Out Error: CAN line might be disconnected or generator can interface is down
Resetting CAN interface on server
2018-04-17 13:45:38  can0  18FF1610#55 TX
No response from generator
Time Out Error: CAN line might be disconnected or generator can interface is down
Resetting CAN interface on server
2018-04-17 13:45:39  can0  18FF1610#55 TX
No response from generator
Time Out Error: CAN line might be disconnected or generator can interface is down
Resetting CAN interface on server
2018-04-17 13:45:40  can0  18FF1610#55 TX
No response from generator
Time Out Error: CAN line might be disconnected or generator can interface is down
Resetting CAN interface on server
2018-04-17 13:45:41  can0  18FF1610#55 TX
No response from generator
Time Out Error: CAN line might be disconnected or generator can interface is down
Resetting CAN interface on server
2018-04-17 13:45:42  can0  18FF1610#55 TX
No response from generator
Time Out Error: CAN line might be disconnected or generator can interface is down
Resetting CAN interface on server
2018-04-17 13:45:43  can0  18FF1610#55 TX
No response from generator
Time Out Error: CAN line might be disconnected or generator can interface is down
Resetting CAN interface on server
2018-04-17 13:45:45  can0  18FF1610#55 TX
No response from generator
Time Out Error: CAN line might be disconnected or generator can interface is down
Resetting CAN interface on server
2018-04-17 13:45:46  can0  18FF1610#55 TX
No response from generator
Time Out Error: CAN line might be disconnected or generator can interface is down
Resetting CAN interface on server
2018-04-17 13:45:47  can0  18FF1610#55 TX
No response from generator
Time Out Error: CAN line might be disconnected or generator can interface is down
Resetting CAN interface on server
2018-04-17 13:45:48  can0  18FF1610#55 TX
No response from generator
Time Out Error: CAN line might be disconnected or generator can interface is down
Resetting CAN interface on server
2018-04-17 13:45:49  can0  18FF1610#55 TX
No response from generator
Time Out Error: CAN line might be disconnected or generator can interface is down
Resetting CAN interface on server
2018-04-17 13:45:50  can0  18FF1610#55 TX
No response from generator
Time Out Error: CAN line might be disconnected or generator can interface is down
Resetting CAN interface on server
2018-04-17 13:45:51  can0  18FF1610#55 TX
No response from generator
Time Out Error: CAN line might be disconnected or generator can interface is down
Resetting CAN interface on server
2018-04-17 13:45:52  can0  18FF1610#55 TX
No response from generator
Time Out Error: CAN line might be disconnected or generator can interface is down
Resetting CAN interface on server
2018-04-17 13:45:53  can0  18FF1610#55 TX
No response from generator
Time Out Error: CAN line might be disconnected or generator can interface is down
Resetting CAN interface on server
2018-04-17 13:45:54  can0  18FF1610#55 TX
No response from generator
Time Out Error: CAN line might be disconnected or generator can interface is down
Resetting CAN interface on server
2018-04-17 13:45:55  can0  18FF1610#55 TX
No response from generator
Time Out Error: CAN line might be disconnected or generator can interface is down
Resetting CAN interface on server
2018-04-17 13:45:56  can0  18FF1610#55 TX
No response from generator
Time Out Error: CAN line might be disconnected or generator can interface is down
Resetting CAN interface on server
2018-04-17 13:45:57  can0  18FF1610#55 TX
No response from generator
Time Out Error: CAN line might be disconnected or generator can interface is down
Resetting CAN interface on server
2018-04-17 13:45:58  can0  18FF1610#55 TX
No response from generator
Time Out Error: CAN line might be disconnected or generator can interface is down
Resetting CAN interface on server
2018-04-17 13:45:59  can0  18FF1610#55 TX
No response from generator
Time Out Error: CAN line might be disconnected or generator can interface is down
Resetting CAN interface on server
2018-04-17 13:46:01  can0  18FF1610#55 TX
No response from generator
Time Out Error: CAN line might be disconnected or generator can interface is down
Resetting CAN interface on server
2018-04-17 13:46:02  can0  18FF1610#55 TX
No response from generator
Time Out Error: CAN line might be disconnected or generator can interface is down
Resetting CAN interface on server
2018-04-17 13:46:03  can0  18FF1610#55 TX
No response from generator
Time Out Error: CAN line might be disconnected or generator can interface is down
Resetting CAN interface on server
2018-04-17 13:46:04  can0  18FF1610#55 TX
No response from generator
Time Out Error: CAN line might be disconnected or generator can interface is down
Resetting CAN interface on server
2018-04-17 13:46:05  can0  18FF1610#55 TX
No response from generator
Time Out Error: CAN line might be disconnected or generator can interface is down
Resetting CAN interface on server
2018-04-17 13:46:06  can0  18FF1610#55 TX
No response from generator
Time Out Error: CAN line might be disconnected or generator can interface is down
Resetting CAN interface on server
2018-04-17 13:46:07  can0  18FF1610#55 TX
No response from generator
Time Out Error: CAN line might be disconnected or generator can interface is down
Resetting CAN interface on server
2018-04-17 13:46:08  can0  18FF1610#55 TX
No response from generator
Time Out Error: CAN line might be disconnected or generator can interface is down
Resetting CAN interface on server
2018-04-17 13:46:09  can0  18FF1610#55 TX
No response from generator
Time Out Error: CAN line might be disconnected or generator can interface is down
Resetting CAN interface on server
2018-04-17 13:46:10  can0  18FF1610#55 TX
No response from generator
Time Out Error: CAN line might be disconnected or generator can interface is down
Resetting CAN interface on server
2018-04-17 13:46:11  can0  18FF1610#55 TX
No response from generator
Time Out Error: CAN line might be disconnected or generator can interface is down
Resetting CAN interface on server
2018-04-17 13:46:12  can0  18FF1610#55 TX
No response from generator
Time Out Error: CAN line might be disconnected or generator can interface is down
Resetting CAN interface on server
2018-04-17 13:46:13  can0  18FF1610#55 TX
No response from generator
Time Out Error: CAN line might be disconnected or generator can interface is down
Resetting CAN interface on server
2018-04-17 13:46:14  can0  18FF1610#55 TX
No response from generator
Time Out Error: CAN line might be disconnected or generator can interface is down
Resetting CAN interface on server
2018-04-17 13:46:16  can0  18FF1610#55 TX
No response from generator
Time Out Error: CAN line might be disconnected or generator can interface is down
Resetting CAN interface on server
2018-04-17 13:46:17  can0  18FF1610#55 TX
No response from generator
Time Out Error: CAN line might be disconnected or generator can interface is down
Resetting CAN interface on server
2018-04-17 13:46:18  can0  18FF1610#55 TX
No response from generator
Time Out Error: CAN line might be disconnected or generator can interface is down
Resetting CAN interface on server
2018-04-17 13:46:19  can0  18FF1610#55 TX
No response from generator
Time Out Error: CAN line might be disconnected or generator can interface is down
Resetting CAN interface on server
2018-04-17 13:46:20  can0  18FF1610#55 TX
No response from generator
Time Out Error: CAN line might be disconnected or generator can interface is down
Resetting CAN interface on server
2018-04-17 13:46:21  can0  18FF1610#55 TX
No response from generator
Time Out Error: CAN line might be disconnected or generator can interface is down
Resetting CAN interface on server
2018-04-17 13:46:22  can0  18FF1610#55 TX
No response from generator
Time Out Error: CAN line might be disconnected or generator can interface is down
Resetting CAN interface on server
2018-04-17 13:46:23  can0  18FF1610#55 TX
No response from generator
Time Out Error: CAN line might be disconnected or generator can interface is down
Resetting CAN interface on server
2018-04-17 13:46:24  can0  18FF1610#55 TX
No response from generator
Time Out Error: CAN line might be disconnected or generator can interface is down
Resetting CAN interface on server
2018-04-17 13:46:25  can0  18FF1610#55 TX
No response from generator
Time Out Error: CAN line might be disconnected or generator can interface is down
Resetting CAN interface on server
2018-04-17 13:46:26  can0  18FF1610#55 TX
No response from generator
Time Out Error: CAN line might be disconnected or generator can interface is down
Resetting CAN interface on server
2018-04-17 13:46:27  can0  18FF1610#55 TX
No response from generator
Time Out Error: CAN line might be disconnected or generator can interface is down
Resetting CAN interface on server
2018-04-17 13:46:28  can0  18FF1610#55 TX
No response from generator
Time Out Error: CAN line might be disconnected or generator can interface is down
Resetting CAN interface on server
2018-04-17 13:46:29  can0  18FF1610#55 TX
No response from generator
Time Out Error: CAN line might be disconnected or generator can interface is down
Resetting CAN interface on server
2018-04-17 13:46:31  can0  18FF1610#55 TX
No response from generator
Time Out Error: CAN line might be disconnected or generator can interface is down
Resetting CAN interface on server
2018-04-17 13:46:32  can0  18FF1610#55 TX
No response from generator
Time Out Error: CAN line might be disconnected or generator can interface is down
Resetting CAN interface on server
2018-04-17 13:46:33  can0  18FF1610#55 TX
No response from generator
Time Out Error: CAN line might be disconnected or generator can interface is down
Resetting CAN interface on server
2018-04-17 13:46:34  can0  18FF1610#55 TX
No response from generator
Time Out Error: CAN line might be disconnected or generator can interface is down
Resetting CAN interface on server
2018-04-17 13:46:35  can0  18FF1610#55 TX
No response from generator
Time Out Error: CAN line might be disconnected or generator can interface is down
Resetting CAN interface on server
2018-04-17 13:46:36  can0  18FF1610#55 TX
No response from generator
Time Out Error: CAN line might be disconnected or generator can interface is down
Resetting CAN interface on server
2018-04-17 13:46:37  can0  18FF1610#55 TX
No response from generator
Time Out Error: CAN line might be disconnected or generator can interface is down
Resetting CAN interface on server
2018-04-17 13:46:38  can0  18FF1610#55 TX
No response from generator
Time Out Error: CAN line might be disconnected or generator can interface is down
Resetting CAN interface on server
2018-04-17 13:46:39  can0  18FF1610#55 TX
No response from generator
Time Out Error: CAN line might be disconnected or generator can interface is down
Resetting CAN interface on server
2018-04-17 13:46:40  can0  18FF1610#55 TX
No response from generator
Time Out Error: CAN line might be disconnected or generator can interface is down
Resetting CAN interface on server
2018-04-17 13:46:41  can0  18FF1610#55 TX
No response from generator
Time Out Error: CAN line might be disconnected or generator can interface is down
Resetting CAN interface on server
2018-04-17 13:46:42  can0  18FF1610#55 TX
No response from generator
Time Out Error: CAN line might be disconnected or generator can interface is down
Resetting CAN interface on server
2018-04-17 13:46:43  can0  18FF1610#55 TX
No response from generator
Time Out Error: CAN line might be disconnected or generator can interface is down
Resetting CAN interface on server
2018-04-17 13:46:44  can0  18FF1610#55 TX
No response from generator
Time Out Error: CAN line might be disconnected or generator can interface is down
Resetting CAN interface on server
2018-04-17 13:46:46  can0  18FF1610#55 TX
No response from generator
Time Out Error: CAN line might be disconnected or generator can interface is down
Resetting CAN interface on server
2018-04-17 13:46:47  can0  18FF1610#55 TX
No response from generator
Time Out Error: CAN line might be disconnected or generator can interface is down
Resetting CAN interface on server
2018-04-17 13:46:48  can0  18FF1610#55 TX
No response from generator
Time Out Error: CAN line might be disconnected or generator can interface is down
Resetting CAN interface on server
2018-04-17 13:46:49  can0  18FF1610#55 TX
No response from generator
Time Out Error: CAN line might be disconnected or generator can interface is down
Resetting CAN interface on server
2018-04-17 13:46:50  can0  18FF1610#55 TX
No response from generator
Time Out Error: CAN line might be disconnected or generator can interface is down
Resetting CAN interface on server
2018-04-17 13:46:51  can0  18FF1610#55 TX
No response from generator
Time Out Error: CAN line might be disconnected or generator can interface is down
Resetting CAN interface on server
2018-04-17 13:46:52  can0  18FF1610#55 TX
No response from generator
Time Out Error: CAN line might be disconnected or generator can interface is down
Resetting CAN interface on server
2018-04-17 13:46:53  can0  18FF1610#55 TX
No response from generator
Time Out Error: CAN line might be disconnected or generator can interface is down
Resetting CAN interface on server
2018-04-17 13:46:54  can0  18FF1610#55 TX
No response from generator
Time Out Error: CAN line might be disconnected or generator can interface is down
Resetting CAN interface on server
2018-04-17 13:46:55  can0  18FF1610#55 TX
No response from generator
Time Out Error: CAN line might be disconnected or generator can interface is down
Resetting CAN interface on server
2018-04-17 13:46:56  can0  18FF1610#55 TX
No response from generator
Time Out Error: CAN line might be disconnected or generator can interface is down
Resetting CAN interface on server
2018-04-17 13:46:57  can0  18FF1610#55 TX
No response from generator
Time Out Error: CAN line might be disconnected or generator can interface is down
Resetting CAN interface on server
2018-04-17 13:46:58  can0  18FF1610#55 TX
No response from generator
Time Out Error: CAN line might be disconnected or generator can interface is down
Resetting CAN interface on server
2018-04-17 13:46:59  can0  18FF1610#55 TX
No response from generator
Time Out Error: CAN line might be disconnected or generator can interface is down
Resetting CAN interface on server
2018-04-17 13:47:00  can0  18FF1610#55 TX
No response from generator
Time Out Error: CAN line might be disconnected or generator can interface is down
Resetting CAN interface on server
2018-04-17 13:47:02  can0  18FF1610#55 TX
No response from generator
Time Out Error: CAN line might be disconnected or generator can interface is down
Resetting CAN interface on server
2018-04-17 13:47:03  can0  18FF1610#55 TX
No response from generator
Time Out Error: CAN line might be disconnected or generator can interface is down
Resetting CAN interface on server
2018-04-17 13:47:04  can0  18FF1610#55 TX
No response from generator
Time Out Error: CAN line might be disconnected or generator can interface is down
Resetting CAN interface on server
2018-04-17 13:47:05  can0  18FF1610#55 TX
No response from generator
Time Out Error: CAN line might be disconnected or generator can interface is down
Resetting CAN interface on server
2018-04-17 13:47:06  can0  18FF1610#55 TX
No response from generator
Time Out Error: CAN line might be disconnected or generator can interface is down
Resetting CAN interface on server
2018-04-17 13:47:07  can0  18FF1610#55 TX
No response from generator
Time Out Error: CAN line might be disconnected or generator can interface is down
Resetting CAN interface on server
2018-04-17 13:47:08  can0  18FF1610#55 TX
No response from generator
Time Out Error: CAN line might be disconnected or generator can interface is down
Resetting CAN interface on server
2018-04-17 13:47:09  can0  18FF1610#55 TX
No response from generator
Time Out Error: CAN line might be disconnected or generator can interface is down
Resetting CAN interface on server
2018-04-17 13:47:10  can0  18FF1610#55 TX
No response from generator
Time Out Error: CAN line might be disconnected or generator can interface is down
Resetting CAN interface on server
2018-04-17 13:47:11  can0  18FF1610#55 TX
No response from generator
Time Out Error: CAN line might be disconnected or generator can interface is down
Resetting CAN interface on server
2018-04-17 13:47:12  can0  18FF1610#55 TX
No response from generator
Time Out Error: CAN line might be disconnected or generator can interface is down
Resetting CAN interface on server
2018-04-17 13:47:13  can0  18FF1610#55 TX
No response from generator
Time Out Error: CAN line might be disconnected or generator can interface is down
Resetting CAN interface on server
2018-04-17 13:47:14  can0  18FF1610#55 TX
No response from generator
Time Out Error: CAN line might be disconnected or generator can interface is down
Resetting CAN interface on server
2018-04-17 13:47:15  can0  18FF1610#55 TX
No response from generator
Time Out Error: CAN line might be disconnected or generator can interface is down
Resetting CAN interface on server
2018-04-17 13:47:16  can0  18FF1610#55 TX
No response from generator
Time Out Error: CAN line might be disconnected or generator can interface is down
Resetting CAN interface on server
2018-04-17 13:47:18  can0  18FF1610#55 TX
No response from generator
Time Out Error: CAN line might be disconnected or generator can interface is down
Resetting CAN interface on server
2018-04-17 13:47:19  can0  18FF1610#55 TX
No response from generator
Time Out Error: CAN line might be disconnected or generator can interface is down
Resetting CAN interface on server
2018-04-17 13:47:20  can0  18FF1610#55 TX
No response from generator
Time Out Error: CAN line might be disconnected or generator can interface is down
Resetting CAN interface on server
2018-04-17 13:47:21  can0  18FF1610#55 TX
No response from generator
Time Out Error: CAN line might be disconnected or generator can interface is down
Resetting CAN interface on server
2018-04-17 13:47:22  can0  18FF1610#55 TX
No response from generator
Time Out Error: CAN line might be disconnected or generator can interface is down
Resetting CAN interface on server
2018-04-17 13:47:23  can0  18FF1610#55 TX
No response from generator
Time Out Error: CAN line might be disconnected or generator can interface is down
Resetting CAN interface on server
2018-04-17 13:47:24  can0  18FF1610#55 TX
No response from generator
Time Out Error: CAN line might be disconnected or generator can interface is down
Resetting CAN interface on server
2018-04-17 13:47:25  can0  18FF1610#55 TX
No response from generator
Time Out Error: CAN line might be disconnected or generator can interface is down
Resetting CAN interface on server
2018-04-17 13:47:26  can0  18FF1610#55 TX
No response from generator
Time Out Error: CAN line might be disconnected or generator can interface is down
Resetting CAN interface on server
2018-04-17 13:47:27  can0  18FF1610#55 TX
No response from generator
Time Out Error: CAN line might be disconnected or generator can interface is down
Resetting CAN interface on server
2018-04-17 13:47:28  can0  18FF1610#55 TX
No response from generator
Time Out Error: CAN line might be disconnected or generator can interface is down
Resetting CAN interface on server
2018-04-17 13:47:29  can0  18FF1610#55 TX
No response from generator
Time Out Error: CAN line might be disconnected or generator can interface is down
Resetting CAN interface on server
2018-04-17 13:47:30  can0  18FF1610#55 TX
No response from generator
Time Out Error: CAN line might be disconnected or generator can interface is down
Resetting CAN interface on server
2018-04-17 13:47:31  can0  18FF1610#55 TX
No response from generator
Time Out Error: CAN line might be disconnected or generator can interface is down
Resetting CAN interface on server
2018-04-17 13:47:33  can0  18FF1610#55 TX
No response from generator
Time Out Error: CAN line might be disconnected or generator can interface is down
Resetting CAN interface on server
2018-04-17 13:47:34  can0  18FF1610#55 TX
No response from generator
Time Out Error: CAN line might be disconnected or generator can interface is down
Resetting CAN interface on server
2018-04-17 13:47:35  can0  18FF1610#55 TX
No response from generator
Time Out Error: CAN line might be disconnected or generator can interface is down
Resetting CAN interface on server
2018-04-17 13:47:36  can0  18FF1610#55 TX
No response from generator
Time Out Error: CAN line might be disconnected or generator can interface is down
Resetting CAN interface on server
2018-04-17 13:47:37  can0  18FF1610#55 TX
No response from generator
Time Out Error: CAN line might be disconnected or generator can interface is down
Resetting CAN interface on server
2018-04-17 13:47:38  can0  18FF1610#55 TX
No response from generator
Time Out Error: CAN line might be disconnected or generator can interface is down
Resetting CAN interface on server
2018-04-17 13:47:39  can0  18FF1610#55 TX
No response from generator
Time Out Error: CAN line might be disconnected or generator can interface is down
Resetting CAN interface on server
2018-04-17 13:47:40  can0  18FF1610#55 TX
No response from generator
Time Out Error: CAN line might be disconnected or generator can interface is down
Resetting CAN interface on server
2018-04-17 13:47:41  can0  18FF1610#55 TX
No response from generator
Time Out Error: CAN line might be disconnected or generator can interface is down
Resetting CAN interface on server
2018-04-17 13:47:42  can0  18FF1610#55 TX
No response from generator
Time Out Error: CAN line might be disconnected or generator can interface is down
Resetting CAN interface on server
2018-04-17 13:47:43  can0  18FF1610#55 TX
No response from generator
Time Out Error: CAN line might be disconnected or generator can interface is down
Resetting CAN interface on server
2018-04-17 13:47:44  can0  18FF1610#55 TX
No response from generator
Time Out Error: CAN line might be disconnected or generator can interface is down
Resetting CAN interface on server
2018-04-17 13:47:45  can0  18FF2500#297300540100FCFF RX
2018-04-17 13:47:45  can0  18FF1610#55 TX
2018-04-17 13:47:45  can0  18FF2500#297300540100FCFF RX
2018-04-17 13:47:45  can0  18FF1610#55 TX
2018-04-17 13:47:45  can0  18FF2400#4D0E0000F0FFFFFF RX
2018-04-17 13:47:45  can0  18FF1610#55 TX
2018-04-17 13:47:45  can0  18FF2500#297300540100FCFF RX
2018-04-17 13:47:45  can0  18FF1610#55 TX
2018-04-17 13:47:45  can0  18FF2400#4D0E0000F0FFFFFF RX
2018-04-17 13:47:45  can0  18FF1610#55 TX
2018-04-17 13:47:45  can0  18FF2500#297300540100FCFF RX
2018-04-17 13:47:45  can0  18FF1610#55 TX
2018-04-17 13:47:45  can0  18FF2400#4D0E0000F0FFFFFF RX
2018-04-17 13:47:45  can0  18FF1610#55 TX
2018-04-17 13:47:45  can0  18FF2500#297300540100FCFF RX
2018-04-17 13:47:45  can0  18FF1610#55 TX
2018-04-17 13:47:45  can0  18FF2400#4D0E0000F0FFFFFF RX
2018-04-17 13:47:45  can0  18FF1610#55 TX
2018-04-17 13:47:45  can0  18FF2500#297300540100FCFF RX
2018-04-17 13:47:45  can0  18FF1610#55 TX
2018-04-17 13:47:45  can0  18FF2400#4D0E0000F0FFFFFF RX
2018-04-17 13:47:45  can0  18FF1610#55 TX
2018-04-17 13:47:45  can0  18FF2500#297300540100FCFF RX
2018-04-17 13:47:45  can0  18FF1610#55 TX
2018-04-17 13:47:45  can0  18FF2400#4D0E0000F0FFFFFF RX
2018-04-17 13:47:45  can0  18FF1610#55 TX
2018-04-17 13:47:45  can0  18FF2500#297300540100FCFF RX
2018-04-17 13:47:45  can0  18FF1610#55 TX
2018-04-17 13:47:45  can0  18FF2400#4D0E0000F0FFFFFF RX
2018-04-17 13:47:45  can0  18FF1610#55 TX
2018-04-17 13:47:45  can0  18FF2500#297300540100FCFF RX
2018-04-17 13:47:45  can0  18FF1610#55 TX
2018-04-17 13:47:45  can0  18FF2400#4D0E0000F0FFFFFF RX
2018-04-17 13:47:45  can0  18FF1610#55 TX
2018-04-17 13:47:45  can0  18FF2500#297300540100FCFF RX
2018-04-17 13:47:45  can0  18FF1610#55 TX
2018-04-17 13:47:45  can0  18FF2400#4D0E0000F0FFFFFF RX
2018-04-17 13:47:45  can0  18FF1610#55 TX
2018-04-17 13:47:45  can0  18FF2500#297300540100FCFF RX
2018-04-17 13:47:45  can0  18FF1610#55 TX
2018-04-17 13:47:45  can0  18FF2400#4D0E0000F0FFFFFF RX
2018-04-17 13:47:45  can0  18FF1610#55 TX
2018-04-17 13:47:45  can0  18FF2500#297300540100FCFF RX
2018-04-17 13:47:45  can0  18FF1610#55 TX
2018-04-17 13:47:45  can0  18FF2400#4D0E0000F0FFFFFF RX
2018-04-17 13:47:45  can0  18FF1610#55 TX
2018-04-17 13:47:45  can0  18FF2500#297300540100FCFF RX
2018-04-17 13:47:45  can0  18FF1610#55 TX
2018-04-17 13:47:45  can0  18FF2400#4D0E0000F0FFFFFF RX
2018-04-17 13:47:45  can0  18FF1610#55 TX
2018-04-17 13:47:45  can0  18FF2500#297300540100FCFF RX
2018-04-17 13:47:45  can0  18FF1610#55 TX
2018-04-17 13:47:46  can0  18FF2500#297300540100FEFF RX
2018-04-17 13:47:46  can0  18FF1610#55 TX
2018-04-17 13:47:46  can0  18FF2400#4D0E0000F0FFFFFF RX
2018-04-17 13:47:46  can0  18FF1610#55 TX
2018-04-17 13:47:47  can0  18FF2500#297300540100FEFF RX
2018-04-17 13:47:47  can0  18FF1610#55 TX
2018-04-17 13:47:47  can0  18FF2400#4D0E0000F0FFFFFF RX
2018-04-17 13:47:47  can0  18FF1610#55 TX
2018-04-17 13:47:48  can0  18FF2500#297300540100FEFF RX
2018-04-17 13:47:48  can0  18FF1610#55 TX
2018-04-17 13:47:48  can0  18FF2400#4D0E0000F0FFFFFF RX
2018-04-17 13:47:48  can0  18FF1610#55 TX
2018-04-17 13:47:49  can0  18FF2500#297300540100FCFF RX
2018-04-17 13:47:49  can0  18FF1610#55 TX
2018-04-17 13:47:49  can0  18FF2400#4D0E0000F0FFFFFF RX
2018-04-17 13:47:49  can0  18FF1610#55 TX
2018-04-17 13:47:50  can0  18FF2500#297300540100FCFF RX
2018-04-17 13:47:50  can0  18FF1610#55 TX
2018-04-17 13:47:50  can0  18FF2400#4D0E0000F0FFFFFF RX
2018-04-17 13:47:50  can0  18FF1610#55 TX
2018-04-17 13:47:51  can0  18FF2500#297300540100FCFF RX
2018-04-17 13:47:51  can0  18FF1610#55 TX
2018-04-17 13:47:51  can0  18FF2400#4D0E0000F0FFFFFF RX
2018-04-17 13:47:51  can0  18FF1610#55 TX
2018-04-17 13:47:52  can0  18FF2500#297300540100FCFF RX
2018-04-17 13:47:52  can0  18FF1610#55 TX
2018-04-17 13:47:52  can0  18FF2400#4D0E0000F0FFFFFF RX
2018-04-17 13:47:52  can0  18FF1610#55 TX
2018-04-17 13:47:53  can0  18FF2500#297300540100FCFF RX
2018-04-17 13:47:53  can0  18FF1610#55 TX
2018-04-17 13:47:53  can0  18FF2400#4D0E0000F0FFFFFF RX
2018-04-17 13:47:53  can0  18FF1610#55 TX
2018-04-17 13:47:54  can0  18FF2500#297300540100FCFF RX
2018-04-17 13:47:54  can0  18FF1610#55 TX
2018-04-17 13:47:54  can0  18FF2400#4D0E0000F0FFFFFF RX
2018-04-17 13:47:54  can0  18FF1610#55 TX
2018-04-17 13:47:55  can0  18FF2500#297300540100FCFF RX
2018-04-17 13:47:55  can0  18FF1610#55 TX
2018-04-17 13:47:55  can0  18FF2400#4D0E0000F0FFFFFF RX
2018-04-17 13:47:55  can0  18FF1610#55 TX
2018-04-17 13:47:56  can0  18FF2500#297300540100FCFF RX
2018-04-17 13:47:56  can0  18FF1610#55 TX
2018-04-17 13:47:56  can0  18FF2400#4D0E0000F0FFFFFF RX
2018-04-17 13:47:56  can0  18FF1610#55 TX
2018-04-17 13:47:57  can0  18FF2500#297300540100FCFF RX
2018-04-17 13:47:57  can0  18FF1610#55 TX
2018-04-17 13:47:57  can0  18FF2400#4D0E0000F0FFFFFF RX
2018-04-17 13:47:57  can0  18FF1610#55 TX
2018-04-17 13:47:58  can0  18FF2500#297300540100FCFF RX
2018-04-17 13:47:58  can0  18FF1610#55 TX
2018-04-17 13:47:58  can0  18FF2400#4D0E0000F0FFFFFF RX
2018-04-17 13:47:58  can0  18FF1610#55 TX
2018-04-17 13:47:59  can0  18FF2500#297300540100FCFF RX
2018-04-17 13:47:59  can0  18FF1610#55 TX
2018-04-17 13:47:59  can0  18FF2400#4D0E0000F0FFFFFF RX
2018-04-17 13:47:59  can0  18FF1610#55 TX
2018-04-17 13:48:00  can0  18FF2500#297300540100FCFF RX
2018-04-17 13:48:00  can0  18FF1610#55 TX
2018-04-17 13:48:00  can0  18FF2400#4D0E0000F0FFFFFF RX
2018-04-17 13:48:00  can0  18FF1610#55 TX
2018-04-17 13:48:01  can0  18FF2500#297300540100FCFF RX
2018-04-17 13:48:01  can0  18FF1610#55 TX
2018-04-17 13:48:01  can0  18FF2400#4D0E0000F0FFFFFF RX
2018-04-17 13:48:01  can0  18FF1610#55 TX
2018-04-17 13:48:02  can0  18FF2500#297300540100FCFF RX
2018-04-17 13:48:02  can0  18FF1610#55 TX
2018-04-17 13:48:02  can0  18FF2400#4D0E0000F0FFFFFF RX
2018-04-17 13:48:02  can0  18FF1610#55 TX
2018-04-17 13:48:03  can0  18FF2500#297300540100FCFF RX
2018-04-17 13:48:03  can0  18FF1610#55 TX
2018-04-17 13:48:03  can0  18FF2400#4D0E0000F0FFFFFF RX
2018-04-17 13:48:03  can0  18FF1610#55 TX
2018-04-17 13:48:04  can0  18FF2500#297300540100FCFF RX
2018-04-17 13:48:04  can0  18FF1610#55 TX
2018-04-17 13:48:04  can0  18FF2400#4D0E0000F0FFFFFF RX
2018-04-17 13:48:04  can0  18FF1610#55 TX
2018-04-17 13:48:05  can0  18FF2500#297300540100FCFF RX
2018-04-17 13:48:05  can0  18FF1610#55 TX
2018-04-17 13:48:05  can0  18FF2400#4D0E0000F0FFFFFF RX
2018-04-17 13:48:05  can0  18FF1610#55 TX
2018-04-17 13:48:06  can0  18FF2500#297300540100FCFF RX
2018-04-17 13:48:06  can0  18FF1610#55 TX
2018-04-17 13:48:06  can0  18FF2400#4D0E0000F0FFFFFF RX
2018-04-17 13:48:06  can0  18FF1610#55 TX
2018-04-17 13:48:07  can0  18FF2500#297300540100FCFF RX
2018-04-17 13:48:07  can0  18FF1610#55 TX
2018-04-17 13:48:07  can0  18FF2400#4D0E0000F0FFFFFF RX
2018-04-17 13:48:07  can0  18FF1610#55 TX
2018-04-17 13:48:08  can0  18FF2500#297300540100FCFF RX
2018-04-17 13:48:08  can0  18FF1610#55 TX
2018-04-17 13:48:08  can0  18FF2400#4D0E0000F0FFFFFF RX
2018-04-17 13:48:08  can0  18FF1610#55 TX
2018-04-17 13:48:09  can0  18FF2500#297300540100FCFF RX
2018-04-17 13:48:09  can0  18FF1610#55 TX
2018-04-17 13:48:09  can0  18FF2400#4D0E0000F0FFFFFF RX
2018-04-17 13:48:09  can0  18FF1610#55 TX
2018-04-17 13:48:10  can0  18FF2500#297300540100FCFF RX
2018-04-17 13:48:10  can0  18FF1610#55 TX
2018-04-17 13:48:10  can0  18FF2400#4D0E0000F0FFFFFF RX
2018-04-17 13:48:10  can0  18FF1610#55 TX
2018-04-17 13:48:11  can0  18FF2500#297300540100FCFF RX
2018-04-17 13:48:11  can0  18FF1610#55 TX
2018-04-17 13:48:11  can0  18FF2400#4D0E0000F0FFFFFF RX
2018-04-17 13:48:11  can0  18FF1610#55 TX
2018-04-17 13:48:12  can0  18FF2500#297300540100FCFF RX
2018-04-17 13:48:12  can0  18FF1610#55 TX
2018-04-17 13:48:12  can0  18FF2400#4D0E0000F0FFFFFF RX
2018-04-17 13:48:12  can0  18FF1610#55 TX
2018-04-17 13:48:13  can0  18FF2500#297300540100FCFF RX
2018-04-17 13:48:13  can0  18FF1610#55 TX
2018-04-17 13:48:13  can0  18FF2400#4D0E0000F0FFFFFF RX
2018-04-17 13:48:13  can0  18FF1610#55 TX
2018-04-17 13:48:14  can0  18FF2500#297300540100FCFF RX
2018-04-17 13:48:14  can0  18FF1610#55 TX
2018-04-17 13:48:14  can0  18FF2400#4D0E0000F0FFFFFF RX
2018-04-17 13:48:14  can0  18FF1610#55 TX
2018-04-17 13:48:15  can0  18FF2500#297300540100FCFF RX
2018-04-17 13:48:15  can0  18FF1610#55 TX
2018-04-17 13:48:15  can0  18FF2400#4D0E0000F0FFFFFF RX
2018-04-17 13:48:15  can0  18FF1610#55 TX
2018-04-17 13:48:16  can0  18FF2500#297300540100FCFF RX
2018-04-17 13:48:16  can0  18FF1610#55 TX
2018-04-17 13:48:16  can0  18FF2400#4D0E0000F0FFFFFF RX
2018-04-17 13:48:16  can0  18FF1610#55 TX
2018-04-17 13:48:17  can0  18FF2500#297300540100FCFF RX
2018-04-17 13:48:17  can0  18FF1610#55 TX
2018-04-17 13:48:17  can0  18FF2400#4D0E0000F0FFFFFF RX
2018-04-17 13:48:17  can0  18FF1610#55 TX
2018-04-17 13:48:18  can0  18FF2500#297300540100FCFF RX
2018-04-17 13:48:18  can0  18FF1610#55 TX
2018-04-17 13:48:18  can0  18FF2400#4D0E0000F0FFFFFF RX
2018-04-17 13:48:18  can0  18FF1610#55 TX
2018-04-17 13:48:19  can0  18FF2500#297300540100FCFF RX
2018-04-17 13:48:19  can0  18FF1610#55 TX
2018-04-17 13:48:19  can0  18FF2400#4D0E0000F0FFFFFF RX
2018-04-17 13:48:19  can0  18FF1610#55 TX
2018-04-17 13:48:20  can0  18FF2500#297300540100FCFF RX
2018-04-17 13:48:20  can0  18FF1610#55 TX
2018-04-17 13:48:20  can0  18FF2400#4D0E0000F0FFFFFF RX
2018-04-17 13:48:20  can0  18FF1610#55 TX
2018-04-17 13:48:21  can0  18FF2500#297300540100FCFF RX
2018-04-17 13:48:21  can0  18FF1610#55 TX
2018-04-17 13:48:21  can0  18FF2400#4D0E0000F0FFFFFF RX
2018-04-17 13:48:21  can0  18FF1610#55 TX
2018-04-17 13:48:22  can0  18FF2500#297300540100FCFF RX
2018-04-17 13:48:22  can0  18FF1610#55 TX
2018-04-17 13:48:22  can0  18FF2400#4D0E0000F0FFFFFF RX
2018-04-17 13:48:22  can0  18FF1610#55 TX
2018-04-17 13:48:23  can0  18FF2500#297300540100FCFF RX
2018-04-17 13:48:23  can0  18FF1610#55 TX
2018-04-17 13:48:23  can0  18FF2400#4D0E0000F0FFFFFF RX
2018-04-17 13:48:23  can0  18FF1610#55 TX
2018-04-17 13:48:24  can0  18FF2500#297300540100FCFF RX
2018-04-17 13:48:24  can0  18FF1610#55 TX
2018-04-17 13:48:24  can0  18FF2400#4D0E0000F0FFFFFF RX
2018-04-17 13:48:24  can0  18FF1610#55 TX
2018-04-17 13:48:25  can0  18FF2500#297300540100FCFF RX
2018-04-17 13:48:25  can0  18FF1610#55 TX
2018-04-17 13:48:25  can0  18FF2400#4D0E0000F0FFFFFF RX
2018-04-17 13:48:25  can0  18FF1610#55 TX
2018-04-17 13:48:26  can0  18FF2500#297300540100FCFF RX
2018-04-17 13:48:26  can0  18FF1610#55 TX
2018-04-17 13:48:26  can0  18FF2400#4D0E0000F0FFFFFF RX
2018-04-17 13:48:26  can0  18FF1610#55 TX
2018-04-17 13:48:27  can0  18FF2500#297300540100FCFF RX
2018-04-17 13:48:27  can0  18FF1610#55 TX
2018-04-17 13:48:27  can0  18FF2400#4D0E0000F0FFFFFF RX
2018-04-17 13:48:27  can0  18FF1610#55 TX
2018-04-17 13:48:28  can0  18FF2500#297300540100FCFF RX
2018-04-17 13:48:28  can0  18FF1610#55 TX
2018-04-17 13:48:28  can0  18FF2400#4D0E0000F0FFFFFF RX
2018-04-17 13:48:28  can0  18FF1610#55 TX
2018-04-17 13:48:29  can0  18FF2500#297300540100FCFF RX
2018-04-17 13:48:29  can0  18FF1610#55 TX
2018-04-17 13:48:29  can0  18FF2400#4D0E0000F0FFFFFF RX
2018-04-17 13:48:29  can0  18FF1610#55 TX
2018-04-17 13:48:30  can0  18FF2500#297300540100FCFF RX
2018-04-17 13:48:30  can0  18FF1610#55 TX
2018-04-17 13:48:30  can0  18FF2400#4D0E0000F0FFFFFF RX
2018-04-17 13:48:30  can0  18FF1610#55 TX
2018-04-17 13:48:31  can0  18FF2500#297300540100FCFF RX
2018-04-17 13:48:31  can0  18FF1610#55 TX
2018-04-17 13:48:31  can0  18FF2400#4D0E0000F0FFFFFF RX
2018-04-17 13:48:31  can0  18FF1610#55 TX
2018-04-17 13:48:32  can0  18FF2500#297300540100FCFF RX
2018-04-17 13:48:32  can0  18FF1610#55 TX
2018-04-17 13:48:32  can0  18FF2400#4D0E0000F0FFFFFF RX
2018-04-17 13:48:32  can0  18FF1610#55 TX
2018-04-17 13:48:33  can0  18FF2500#297300540100FCFF RX
2018-04-17 13:48:33  can0  18FF1610#55 TX
2018-04-17 13:48:33  can0  18FF2400#4D0E0000F0FFFFFF RX
2018-04-17 13:48:33  can0  18FF1610#55 TX
2018-04-17 13:48:34  can0  18FF2500#297300540100FCFF RX
2018-04-17 13:48:34  can0  18FF1610#55 TX
2018-04-17 13:48:34  can0  18FF2400#4D0E0000F0FFFFFF RX
2018-04-17 13:48:34  can0  18FF1610#55 TX
2018-04-17 13:48:35  can0  18FF2500#297300540100FCFF RX
2018-04-17 13:48:35  can0  18FF1610#55 TX
2018-04-17 13:48:35  can0  18FF2400#4D0E0000F0FFFFFF RX
2018-04-17 13:48:35  can0  18FF1610#55 TX
2018-04-17 13:48:36  can0  18FF2500#297300540100FCFF RX
2018-04-17 13:48:36  can0  18FF1610#55 TX
2018-04-17 13:48:36  can0  18FF2400#4D0E0000F0FFFFFF RX
2018-04-17 13:48:36  can0  18FF1610#55 TX
2018-04-17 13:48:37  can0  18FF2500#297300540100FCFF RX
2018-04-17 13:48:37  can0  18FF1610#55 TX
2018-04-17 13:48:37  can0  18FF2400#4D0E0000F0FFFFFF RX
2018-04-17 13:48:37  can0  18FF1610#55 TX
2018-04-17 13:48:38  can0  18FF2500#297300540100FCFF RX
2018-04-17 13:48:38  can0  18FF1610#55 TX
2018-04-17 13:48:38  can0  18FF2400#4D0E0000F0FFFFFF RX
2018-04-17 13:48:38  can0  18FF1610#55 TX
2018-04-17 13:48:39  can0  18FF2500#297300540100FCFF RX
2018-04-17 13:48:39  can0  18FF1610#55 TX
2018-04-17 13:48:39  can0  18FF2400#4D0E0000F0FFFFFF RX
2018-04-17 13:48:39  can0  18FF1610#55 TX
2018-04-17 13:48:40  can0  18FF2500#297300540100FCFF RX
2018-04-17 13:48:40  can0  18FF1610#55 TX
2018-04-17 13:48:40  can0  18FF2400#4D0E0000F0FFFFFF RX
2018-04-17 13:48:40  can0  18FF1610#55 TX
2018-04-17 13:48:40  can0  18FF2300#7A020000A40300FF RX
2018-04-17 13:48:40  can0  18FF1610#55 TX
2018-04-17 13:48:41  can0  18FF2500#297300540100FCFF RX
2018-04-17 13:48:41  can0  18FF1610#55 TX
2018-04-17 13:48:41  can0  18FF2400#4D0E0000F0FFFFFF RX
2018-04-17 13:48:41  can0  18FF1610#55 TX
2018-04-17 13:48:42  can0  18FF2500#297300540100FCFF RX
2018-04-17 13:48:42  can0  18FF1610#55 TX
2018-04-17 13:48:42  can0  18FF2400#4D0E0000F0FFFFFF RX
2018-04-17 13:48:42  can0  18FF1610#55 TX
2018-04-17 13:48:43  can0  18FF2500#297300540100FCFF RX
2018-04-17 13:48:43  can0  18FF1610#55 TX
2018-04-17 13:48:43  can0  18FF2400#4D0E0000F0FFFFFF RX
2018-04-17 13:48:43  can0  18FF1610#55 TX
2018-04-17 13:48:44  can0  18FF2500#297300540100FCFF RX
2018-04-17 13:48:44  can0  18FF1610#55 TX
2018-04-17 13:48:44  can0  18FF2400#4D0E0000F0FFFFFF RX
2018-04-17 13:48:44  can0  18FF1610#55 TX
2018-04-17 13:48:45  can0  18FF2500#297300540100FCFF RX
2018-04-17 13:48:45  can0  18FF1610#55 TX
2018-04-17 13:48:45  can0  18FF2400#4D0E0000F0FFFFFF RX
2018-04-17 13:48:45  can0  18FF1610#55 TX
2018-04-17 13:48:46  can0  18FF2500#297300540100FCFF RX
2018-04-17 13:48:46  can0  18FF1610#55 TX
2018-04-17 13:48:46  can0  18FF2400#4D0E0000F0FFFFFF RX
2018-04-17 13:48:46  can0  18FF1610#55 TX
2018-04-17 13:48:47  can0  18FF2500#297300540100FCFF RX
2018-04-17 13:48:47  can0  18FF1610#55 TX
2018-04-17 13:48:47  can0  18FF2400#4D0E0000F0FFFFFF RX
2018-04-17 13:48:47  can0  18FF1610#55 TX
2018-04-17 13:48:48  can0  18FF2500#297300540100FCFF RX
2018-04-17 13:48:48  can0  18FF1610#55 TX
2018-04-17 13:48:48  can0  18FF2400#4D0E0000F0FFFFFF RX
2018-04-17 13:48:48  can0  18FF1610#55 TX
2018-04-17 13:48:49  can0  18FF2500#297300540100FCFF RX
2018-04-17 13:48:49  can0  18FF1610#55 TX
2018-04-17 13:48:49  can0  18FF2400#4D0E0000F0FFFFFF RX
2018-04-17 13:48:49  can0  18FF1610#55 TX
2018-04-17 13:48:50  can0  18FF2500#297300540100FCFF RX
