2018-04-17 15:23:58  can0  18FF1610#55 TX
2018-04-17 15:23:59  can0  18FF1610#55 TX
No response from generator
Time Out Error: CAN line might be disconnected or generator can interface is down
Resetting CAN interface on server
2018-04-17 15:24:01  can0  18FF1610#55 TX
No response from generator
Time Out Error: CAN line might be disconnected or generator can interface is down
Resetting CAN interface on server
2018-04-17 15:24:02  can0  18FF1610#55 TX
No response from generator
Time Out Error: CAN line might be disconnected or generator can interface is down
Resetting CAN interface on server
2018-04-17 15:24:03  can0  18FF1610#55 TX
No response from generator
Time Out Error: CAN line might be disconnected or generator can interface is down
Resetting CAN interface on server
2018-04-17 15:24:04  can0  18FF1610#55 TX
No response from generator
Time Out Error: CAN line might be disconnected or generator can interface is down
Resetting CAN interface on server
2018-04-17 15:24:05  can0  18FF1610#55 TX
No response from generator
Time Out Error: CAN line might be disconnected or generator can interface is down
Resetting CAN interface on server
2018-04-17 15:24:06  can0  18FF1610#55 TX
No response from generator
Time Out Error: CAN line might be disconnected or generator can interface is down
Resetting CAN interface on server
2018-04-17 15:24:07  can0  18FF1610#55 TX
No response from generator
Time Out Error: CAN line might be disconnected or generator can interface is down
Resetting CAN interface on server
2018-04-17 15:24:08  can0  18FF1610#55 TX
No response from generator
Time Out Error: CAN line might be disconnected or generator can interface is down
Resetting CAN interface on server
2018-04-17 15:24:09  can0  18FF1610#55 TX
No response from generator
Time Out Error: CAN line might be disconnected or generator can interface is down
Resetting CAN interface on server
2018-04-17 15:24:10  can0  18FF1610#55 TX
No response from generator
Time Out Error: CAN line might be disconnected or generator can interface is down
Resetting CAN interface on server
2018-04-17 15:24:11  can0  18FF1610#55 TX
No response from generator
Time Out Error: CAN line might be disconnected or generator can interface is down
Resetting CAN interface on server
2018-04-17 15:24:13  can0  18FF1610#55 TX
No response from generator
Time Out Error: CAN line might be disconnected or generator can interface is down
Resetting CAN interface on server
2018-04-17 15:24:14  can0  18FF1610#55 TX
No response from generator
Time Out Error: CAN line might be disconnected or generator can interface is down
Resetting CAN interface on server
2018-04-17 15:24:15  can0  18FF1610#55 TX
No response from generator
Time Out Error: CAN line might be disconnected or generator can interface is down
Resetting CAN interface on server
2018-04-17 15:24:16  can0  18FF1610#55 TX
No response from generator
Time Out Error: CAN line might be disconnected or generator can interface is down
Resetting CAN interface on server
2018-04-17 15:24:17  can0  18FF1610#55 TX
No response from generator
Time Out Error: CAN line might be disconnected or generator can interface is down
Resetting CAN interface on server
2018-04-17 15:24:18  can0  18FF1610#55 TX
No response from generator
Time Out Error: CAN line might be disconnected or generator can interface is down
Resetting CAN interface on server
2018-04-17 15:24:19  can0  18FF1610#55 TX
No response from generator
Time Out Error: CAN line might be disconnected or generator can interface is down
Resetting CAN interface on server
2018-04-17 15:24:20  can0  18FF1610#55 TX
No response from generator
Time Out Error: CAN line might be disconnected or generator can interface is down
Resetting CAN interface on server
2018-04-17 15:24:21  can0  18FF1610#55 TX
No response from generator
Time Out Error: CAN line might be disconnected or generator can interface is down
Resetting CAN interface on server
2018-04-17 15:24:22  can0  18FF1610#55 TX
No response from generator
Time Out Error: CAN line might be disconnected or generator can interface is down
Resetting CAN interface on server
2018-04-17 15:24:24  can0  18FF1610#55 TX
No response from generator
Time Out Error: CAN line might be disconnected or generator can interface is down
Resetting CAN interface on server
2018-04-17 15:24:25  can0  18FF1610#55 TX
No response from generator
Time Out Error: CAN line might be disconnected or generator can interface is down
Resetting CAN interface on server
2018-04-17 15:24:26  can0  18FF1610#55 TX
No response from generator
Time Out Error: CAN line might be disconnected or generator can interface is down
Resetting CAN interface on server
2018-04-17 15:24:27  can0  18FF1610#55 TX
No response from generator
Time Out Error: CAN line might be disconnected or generator can interface is down
Resetting CAN interface on server
2018-04-17 15:24:28  can0  18FF1610#55 TX
No response from generator
Time Out Error: CAN line might be disconnected or generator can interface is down
Resetting CAN interface on server
2018-04-17 15:24:29  can0  18FF1610#55 TX
No response from generator
Time Out Error: CAN line might be disconnected or generator can interface is down
Resetting CAN interface on server
2018-04-17 15:24:30  can0  18FF2500#297300540100FCFF RX
2018-04-17 15:24:30  can0  18FF1610#55 TX
2018-04-17 15:24:30  can0  18FF2500#297300540100FCFF RX
2018-04-17 15:24:30  can0  18FF1610#55 TX
2018-04-17 15:24:30  can0  18FF2400#4D0E0000F0FFFFFF RX
2018-04-17 15:24:30  can0  18FF1610#55 TX
2018-04-17 15:24:30  can0  18FF2500#297300540100FCFF RX
2018-04-17 15:24:30  can0  18FF1610#55 TX
2018-04-17 15:24:30  can0  18FF2400#4D0E0000F0FFFFFF RX
2018-04-17 15:24:30  can0  18FF1610#55 TX
2018-04-17 15:24:30  can0  18FF2500#297300540100FCFF RX
2018-04-17 15:24:30  can0  18FF1610#55 TX
2018-04-17 15:24:30  can0  18FF2400#4D0E0000F0FFFFFF RX
2018-04-17 15:24:30  can0  18FF1610#55 TX
2018-04-17 15:24:30  can0  18FF2500#297300540100FCFF RX
2018-04-17 15:24:30  can0  18FF1610#55 TX
2018-04-17 15:24:30  can0  18FF2400#4D0E0000F0FFFFFF RX
2018-04-17 15:24:30  can0  18FF1610#55 TX
2018-04-17 15:24:30  can0  18FF2500#297300540100FCFF RX
2018-04-17 15:24:30  can0  18FF1610#55 TX
2018-04-17 15:24:30  can0  18FF2400#4D0E0000F0FFFFFF RX
2018-04-17 15:24:30  can0  18FF1610#55 TX
2018-04-17 15:24:30  can0  18FF2500#297300540100FCFF RX
2018-04-17 15:24:30  can0  18FF1610#55 TX
2018-04-17 15:24:30  can0  18FF2400#4D0E0000F0FFFFFF RX
2018-04-17 15:24:30  can0  18FF1610#55 TX
2018-04-17 15:24:30  can0  18FF2500#297300540100FCFF RX
2018-04-17 15:24:30  can0  18FF1610#55 TX
2018-04-17 15:24:30  can0  18FF2400#4D0E0000F0FFFFFF RX
2018-04-17 15:24:30  can0  18FF1610#55 TX
2018-04-17 15:24:30  can0  18FF2500#297300540100FCFF RX
2018-04-17 15:24:30  can0  18FF1610#55 TX
2018-04-17 15:24:30  can0  18FF2400#4D0E0000F0FFFFFF RX
2018-04-17 15:24:30  can0  18FF1610#55 TX
2018-04-17 15:24:30  can0  18FF2500#297300540100FCFF RX
2018-04-17 15:24:30  can0  18FF1610#55 TX
2018-04-17 15:24:30  can0  18FF2400#4D0E0000F0FFFFFF RX
2018-04-17 15:24:30  can0  18FF1610#55 TX
2018-04-17 15:24:30  can0  18FF2500#297300540100FCFF RX
2018-04-17 15:24:30  can0  18FF1610#55 TX
2018-04-17 15:24:30  can0  18FF2400#4D0E0000F0FFFFFF RX
2018-04-17 15:24:30  can0  18FF1610#55 TX
2018-04-17 15:24:30  can0  18FF2500#297300540100FCFF RX
2018-04-17 15:24:30  can0  18FF1610#55 TX
2018-04-17 15:24:30  can0  18FF2400#4D0E0000F0FFFFFF RX
2018-04-17 15:24:30  can0  18FF1610#55 TX
2018-04-17 15:24:30  can0  18FF2500#297300540100FCFF RX
2018-04-17 15:24:30  can0  18FF1610#55 TX
2018-04-17 15:24:30  can0  18FF2400#4D0E0000F0FFFFFF RX
2018-04-17 15:24:30  can0  18FF1610#55 TX
2018-04-17 15:24:30  can0  18FF2500#297300540100FCFF RX
2018-04-17 15:24:30  can0  18FF1610#55 TX
2018-04-17 15:24:30  can0  18FF1720#21FFFFFFFFFFFFFF RX
2018-04-17 15:24:30  can0  18FF1610#55 TX
2018-04-17 15:24:30  can0  18FF2420#69180000F0FFFFFF RX
2018-04-17 15:24:30  can0  18FF1610#55 TX
2018-04-17 15:24:31  can0  18FF1720#21FFFFFFFFFFFFFF RX
2018-04-17 15:24:31  can0  18FF1610#55 TX
2018-04-17 15:24:31  can0  18FF2420#69180000F0FFFFFF RX
2018-04-17 15:24:31  can0  18FF1610#55 TX
2018-04-17 15:24:32  can0  18FF1720#21FFFFFFFFFFFFFF RX
2018-04-17 15:24:32  can0  18FF1610#55 TX
2018-04-17 15:24:32  can0  18FF2420#69180000F0FFFFFF RX
2018-04-17 15:24:32  can0  18FF1610#55 TX
2018-04-17 15:24:33  can0  18FF1720#21FFFFFFFFFFFFFF RX
2018-04-17 15:24:33  can0  18FF1610#55 TX
2018-04-17 15:24:33  can0  18FF2420#69180000F0FFFFFF RX
2018-04-17 15:24:33  can0  18FF1610#55 TX
2018-04-17 15:24:34  can0  18FF1720#21FFFFFFFFFFFFFF RX
2018-04-17 15:24:34  can0  18FF1610#55 TX
2018-04-17 15:24:34  can0  18FF2420#69180000F0FFFFFF RX
2018-04-17 15:24:34  can0  18FF1610#55 TX
2018-04-17 15:24:35  can0  18FF2500#297300440100FCFF RX
2018-04-17 15:24:35  can0  18FF1610#55 TX
2018-04-17 15:24:35  can0  18FF2400#69180000F0FFFFFF RX
2018-04-17 15:24:35  can0  18FF1610#55 TX
2018-04-17 15:24:36  can0  18FF2500#297300540100FCFF RX
2018-04-17 15:24:36  can0  18FF1610#55 TX
2018-04-17 15:24:36  can0  18FF2400#69180000F0FFFFFF RX
2018-04-17 15:24:36  can0  18FF1610#55 TX
2018-04-17 15:24:37  can0  18FF1610#55 TX
No response from generator
Time Out Error: CAN line might be disconnected or generator can interface is down
Resetting CAN interface on server
2018-04-17 15:24:38  can0  18FF2500#297300540100FCFF RX
2018-04-17 15:24:38  can0  18FF1610#55 TX
2018-04-17 15:24:38  can0  18FF2400#4D0E0000F0FFFFFF RX
2018-04-17 15:24:38  can0  18FF1610#55 TX
2018-04-17 15:24:39  can0  18FF2500#297300540100FCFF RX
2018-04-17 15:24:39  can0  18FF1610#55 TX
2018-04-17 15:24:39  can0  18FF2400#4D0E0000F0FFFFFF RX
2018-04-17 15:24:39  can0  18FF1610#55 TX
2018-04-17 15:24:39  can0  18FF2300#5D029700AD0300FF RX
2018-04-17 15:24:39  can0  18FF1610#55 TX
2018-04-17 15:24:40  can0  18FF2500#297300540100FCFF RX
